==> plan start_time=1774228407.522526
==> plan run_id=20260323_091327_ratio_sweep_ratio_70
==> plan experiment_type=主实验
==> plan target_hypotheses=H1,H2,H3
==> plan question=验证四个模型在 observation ratio 70 下对 future_neg_ratio 的预测表现。
==> plan success_criteria=affect_state_forecaster 在主要回归指标上稳定优于文本基线，并最好保持最优。
==> plan failure_criteria=如果 affect_state_forecaster 不能稳定领先，则转入诊断与消融实验。
==> plan dataset=/home/alexmhliu/affect-state-forecaster/data/processed/pheme_forecast_ratio_70_train.jsonl
==> plan ratio_labels=ratio_70_train
==> plan models=text_baseline,temporal_baseline,structure_baseline,affect_state_forecaster,patchtst_baseline,thread_transformer_baseline
==> plan python=asf311:/home/alexmhliu/auto_install/miniconda3/envs/asf311/bin/python
==> plan device=cuda
==> train model=text_baseline

$ /home/alexmhliu/auto_install/miniconda3/envs/asf311/bin/python src/train.py --train_path /home/alexmhliu/affect-state-forecaster/data/processed/pheme_forecast_ratio_70_train.jsonl --model text_baseline --device cuda --epochs 5 --batch_size 16 --seed 42 --capacity_group default --output_dir runs/20260323_091327_ratio_sweep_ratio_70/text_baseline/artifacts --val_path /home/alexmhliu/affect-state-forecaster/data/processed/pheme_forecast_ratio_70_val.jsonl

epoch 1/5:   0%|          | 0/10 [00:00<?, ?it/s]
epoch 1/5:  10%|█         | 1/10 [00:00<00:02,  3.76it/s]
epoch 1/5:  50%|█████     | 5/10 [00:00<00:00, 16.30it/s]
epoch 1/5:  90%|█████████ | 9/10 [00:00<00:00, 23.88it/s]
epoch 1/5: 100%|██████████| 10/10 [00:00<00:00, 20.87it/s]
epoch=1 train_loss=0.2552 val_loss=0.1829 val_mae=0.2113 val_rmse=0.2494 val_pearson=-0.0440 val_spearman=-0.0438 val_majority_sentiment_accuracy=0.9138 val_majority_sentiment_macro_f1=0.3183 val_majority_sentiment_weighted_f1=0.8726

epoch 2/5:   0%|          | 0/10 [00:00<?, ?it/s]
epoch 2/5:  40%|████      | 4/10 [00:00<00:00, 36.92it/s]
epoch 2/5:  80%|████████  | 8/10 [00:00<00:00, 37.80it/s]
epoch 2/5: 100%|██████████| 10/10 [00:00<00:00, 41.99it/s]
epoch=2 train_loss=0.1386 val_loss=0.1431 val_mae=0.2278 val_rmse=0.2612 val_pearson=-0.0164 val_spearman=-0.0325 val_majority_sentiment_accuracy=0.9138 val_majority_sentiment_macro_f1=0.3183 val_majority_sentiment_weighted_f1=0.8726

epoch 3/5:   0%|          | 0/10 [00:00<?, ?it/s]
epoch 3/5:  40%|████      | 4/10 [00:00<00:00, 34.17it/s]
epoch 3/5:  90%|█████████ | 9/10 [00:00<00:00, 39.70it/s]
epoch 3/5: 100%|██████████| 10/10 [00:00<00:00, 41.98it/s]
epoch=3 train_loss=0.1007 val_loss=0.1113 val_mae=0.1859 val_rmse=0.2183 val_pearson=0.0183 val_spearman=0.0041 val_majority_sentiment_accuracy=0.9138 val_majority_sentiment_macro_f1=0.3183 val_majority_sentiment_weighted_f1=0.8726

epoch 4/5:   0%|          | 0/10 [00:00<?, ?it/s]
epoch 4/5:  40%|████      | 4/10 [00:00<00:00, 34.06it/s]
epoch 4/5:  90%|█████████ | 9/10 [00:00<00:00, 40.52it/s]
epoch 4/5: 100%|██████████| 10/10 [00:00<00:00, 42.07it/s]
epoch=4 train_loss=0.0931 val_loss=0.1255 val_mae=0.2138 val_rmse=0.2484 val_pearson=0.0052 val_spearman=-0.0193 val_majority_sentiment_accuracy=0.9138 val_majority_sentiment_macro_f1=0.3183 val_majority_sentiment_weighted_f1=0.8726

epoch 5/5:   0%|          | 0/10 [00:00<?, ?it/s]
epoch 5/5:  40%|████      | 4/10 [00:00<00:00, 37.86it/s]
epoch 5/5:  80%|████████  | 8/10 [00:00<00:00, 37.62it/s]
epoch 5/5: 100%|██████████| 10/10 [00:00<00:00, 42.18it/s]
epoch=5 train_loss=0.0836 val_loss=0.1326 val_mae=0.2236 val_rmse=0.2590 val_pearson=0.0233 val_spearman=0.0362 val_majority_sentiment_accuracy=0.9138 val_majority_sentiment_macro_f1=0.3183 val_majority_sentiment_weighted_f1=0.8726
saved_model=runs/20260323_091327_ratio_sweep_ratio_70/text_baseline/artifacts/text_baseline_pheme_forecast_ratio_70_train.pt
saved_config=runs/20260323_091327_ratio_sweep_ratio_70/text_baseline/artifacts/text_baseline_pheme_forecast_ratio_70_train.json
saved_summary=runs/20260323_091327_ratio_sweep_ratio_70/text_baseline/artifacts/text_baseline_pheme_forecast_ratio_70_train_summary.json
param_count=2577284
==> command_exit command=/home/alexmhliu/auto_install/miniconda3/envs/asf311/bin/python src/train.py --train_path /home/alexmhliu/affect-state-forecaster/data/processed/pheme_forecast_ratio_70_train.jsonl --model text_baseline --device cuda --epochs 5 --batch_size 16 --seed 42 --capacity_group default --output_dir runs/20260323_091327_ratio_sweep_ratio_70/text_baseline/artifacts --val_path /home/alexmhliu/affect-state-forecaster/data/processed/pheme_forecast_ratio_70_val.jsonl returncode=0
==> command_duration_seconds 5.69
==> evaluate model=text_baseline

$ /home/alexmhliu/auto_install/miniconda3/envs/asf311/bin/python src/evaluate.py --data_path /home/alexmhliu/affect-state-forecaster/data/processed/pheme_forecast_ratio_70_test.jsonl --model text_baseline --model_path runs/20260323_091327_ratio_sweep_ratio_70/text_baseline/artifacts/text_baseline_pheme_forecast_ratio_70_train.pt --config_path runs/20260323_091327_ratio_sweep_ratio_70/text_baseline/artifacts/text_baseline_pheme_forecast_ratio_70_train.json --device cuda --output_dir runs/20260323_091327_ratio_sweep_ratio_70/text_baseline/eval
/tmp/asf_main_clean/src/evaluate.py:254: FutureWarning: You are using `torch.load` with `weights_only=False` (the current default value), which uses the default pickle module implicitly. It is possible to construct malicious pickle data which will execute arbitrary code during unpickling (See https://github.com/pytorch/pytorch/blob/main/SECURITY.md#untrusted-models for more details). In a future release, the default value for `weights_only` will be flipped to `True`. This limits the functions that could be executed during unpickling. Arbitrary objects will no longer be allowed to be loaded via this mode unless they are explicitly allowlisted by the user via `torch.serialization.add_safe_globals`. We recommend you start setting `weights_only=True` for any use case where you don't have full control of the loaded file. Please open an issue on GitHub for any issues related to this experimental feature.
  state = torch.load(args.model_path, map_location=args.device)
group=overall value=all num_threads=92 mae=0.1722 rmse=0.2361
group=split value=test num_threads=92 mae=0.1722 rmse=0.2361
group=observation_ratio value=0.7 num_threads=92 mae=0.1722 rmse=0.2361
group=event value=prince-toronto num_threads=12 mae=0.1534 rmse=0.1781
group=event value=putinmissing num_threads=9 mae=0.1225 rmse=0.1479
group=event value=sydneysiege num_threads=71 mae=0.1816 rmse=0.2531
saved_predictions=runs/20260323_091327_ratio_sweep_ratio_70/text_baseline/eval/predictions.jsonl
saved_summary=runs/20260323_091327_ratio_sweep_ratio_70/text_baseline/eval/results_summary.csv
saved_event_errors=runs/20260323_091327_ratio_sweep_ratio_70/text_baseline/eval/error_analysis_by_event.csv
==> command_exit command=/home/alexmhliu/auto_install/miniconda3/envs/asf311/bin/python src/evaluate.py --data_path /home/alexmhliu/affect-state-forecaster/data/processed/pheme_forecast_ratio_70_test.jsonl --model text_baseline --model_path runs/20260323_091327_ratio_sweep_ratio_70/text_baseline/artifacts/text_baseline_pheme_forecast_ratio_70_train.pt --config_path runs/20260323_091327_ratio_sweep_ratio_70/text_baseline/artifacts/text_baseline_pheme_forecast_ratio_70_train.json --device cuda --output_dir runs/20260323_091327_ratio_sweep_ratio_70/text_baseline/eval returncode=0
==> command_duration_seconds 3.09
==> train model=temporal_baseline

$ /home/alexmhliu/auto_install/miniconda3/envs/asf311/bin/python src/train.py --train_path /home/alexmhliu/affect-state-forecaster/data/processed/pheme_forecast_ratio_70_train.jsonl --model temporal_baseline --device cuda --epochs 5 --batch_size 16 --seed 42 --capacity_group default --output_dir runs/20260323_091327_ratio_sweep_ratio_70/temporal_baseline/artifacts --val_path /home/alexmhliu/affect-state-forecaster/data/processed/pheme_forecast_ratio_70_val.jsonl

epoch 1/5:   0%|          | 0/10 [00:00<?, ?it/s]
epoch 1/5:  10%|█         | 1/10 [00:00<00:03,  2.72it/s]
epoch 1/5:  40%|████      | 4/10 [00:00<00:00, 10.01it/s]
epoch 1/5:  70%|███████   | 7/10 [00:00<00:00, 14.68it/s]
epoch 1/5: 100%|██████████| 10/10 [00:00<00:00, 14.39it/s]
epoch=1 train_loss=0.2717 val_loss=0.1547 val_mae=0.1570 val_rmse=0.2097 val_pearson=-0.0279 val_spearman=-0.0472 val_majority_sentiment_accuracy=0.9138 val_majority_sentiment_macro_f1=0.3183 val_majority_sentiment_weighted_f1=0.8726

epoch 2/5:   0%|          | 0/10 [00:00<?, ?it/s]
epoch 2/5:  30%|███       | 3/10 [00:00<00:00, 25.20it/s]
epoch 2/5:  60%|██████    | 6/10 [00:00<00:00, 24.30it/s]
epoch 2/5:  90%|█████████ | 9/10 [00:00<00:00, 25.24it/s]
epoch 2/5: 100%|██████████| 10/10 [00:00<00:00, 27.12it/s]
epoch=2 train_loss=0.1424 val_loss=0.1384 val_mae=0.2110 val_rmse=0.2445 val_pearson=0.0220 val_spearman=0.0307 val_majority_sentiment_accuracy=0.9138 val_majority_sentiment_macro_f1=0.3183 val_majority_sentiment_weighted_f1=0.8726

epoch 3/5:   0%|          | 0/10 [00:00<?, ?it/s]
epoch 3/5:  30%|███       | 3/10 [00:00<00:00, 23.92it/s]
epoch 3/5:  60%|██████    | 6/10 [00:00<00:00, 24.42it/s]
epoch 3/5:  90%|█████████ | 9/10 [00:00<00:00, 25.26it/s]
epoch 3/5: 100%|██████████| 10/10 [00:00<00:00, 26.89it/s]
epoch=3 train_loss=0.1223 val_loss=0.1217 val_mae=0.1783 val_rmse=0.2119 val_pearson=0.0189 val_spearman=0.0438 val_majority_sentiment_accuracy=0.9138 val_majority_sentiment_macro_f1=0.3183 val_majority_sentiment_weighted_f1=0.8726

epoch 4/5:   0%|          | 0/10 [00:00<?, ?it/s]
epoch 4/5:  30%|███       | 3/10 [00:00<00:00, 24.51it/s]
epoch 4/5:  60%|██████    | 6/10 [00:00<00:00, 24.89it/s]
epoch 4/5:  90%|█████████ | 9/10 [00:00<00:00, 24.79it/s]
epoch 4/5: 100%|██████████| 10/10 [00:00<00:00, 26.77it/s]
epoch=4 train_loss=0.0886 val_loss=0.1201 val_mae=0.1597 val_rmse=0.1963 val_pearson=-0.0251 val_spearman=-0.0503 val_majority_sentiment_accuracy=0.9138 val_majority_sentiment_macro_f1=0.3183 val_majority_sentiment_weighted_f1=0.8726

epoch 5/5:   0%|          | 0/10 [00:00<?, ?it/s]
epoch 5/5:  30%|███       | 3/10 [00:00<00:00, 27.46it/s]
epoch 5/5:  60%|██████    | 6/10 [00:00<00:00, 23.30it/s]
epoch 5/5:  90%|█████████ | 9/10 [00:00<00:00, 25.04it/s]
epoch 5/5: 100%|██████████| 10/10 [00:00<00:00, 27.02it/s]
epoch=5 train_loss=0.0802 val_loss=0.1499 val_mae=0.2311 val_rmse=0.2613 val_pearson=-0.0519 val_spearman=-0.0330 val_majority_sentiment_accuracy=0.9138 val_majority_sentiment_macro_f1=0.3183 val_majority_sentiment_weighted_f1=0.8726
saved_model=runs/20260323_091327_ratio_sweep_ratio_70/temporal_baseline/artifacts/temporal_baseline_pheme_forecast_ratio_70_train.pt
saved_config=runs/20260323_091327_ratio_sweep_ratio_70/temporal_baseline/artifacts/temporal_baseline_pheme_forecast_ratio_70_train.json
saved_summary=runs/20260323_091327_ratio_sweep_ratio_70/temporal_baseline/artifacts/temporal_baseline_pheme_forecast_ratio_70_train_summary.json
param_count=2709380
==> command_exit command=/home/alexmhliu/auto_install/miniconda3/envs/asf311/bin/python src/train.py --train_path /home/alexmhliu/affect-state-forecaster/data/processed/pheme_forecast_ratio_70_train.jsonl --model temporal_baseline --device cuda --epochs 5 --batch_size 16 --seed 42 --capacity_group default --output_dir runs/20260323_091327_ratio_sweep_ratio_70/temporal_baseline/artifacts --val_path /home/alexmhliu/affect-state-forecaster/data/processed/pheme_forecast_ratio_70_val.jsonl returncode=0
==> command_duration_seconds 6.52
==> evaluate model=temporal_baseline

$ /home/alexmhliu/auto_install/miniconda3/envs/asf311/bin/python src/evaluate.py --data_path /home/alexmhliu/affect-state-forecaster/data/processed/pheme_forecast_ratio_70_test.jsonl --model temporal_baseline --model_path runs/20260323_091327_ratio_sweep_ratio_70/temporal_baseline/artifacts/temporal_baseline_pheme_forecast_ratio_70_train.pt --config_path runs/20260323_091327_ratio_sweep_ratio_70/temporal_baseline/artifacts/temporal_baseline_pheme_forecast_ratio_70_train.json --device cuda --output_dir runs/20260323_091327_ratio_sweep_ratio_70/temporal_baseline/eval
/tmp/asf_main_clean/src/evaluate.py:254: FutureWarning: You are using `torch.load` with `weights_only=False` (the current default value), which uses the default pickle module implicitly. It is possible to construct malicious pickle data which will execute arbitrary code during unpickling (See https://github.com/pytorch/pytorch/blob/main/SECURITY.md#untrusted-models for more details). In a future release, the default value for `weights_only` will be flipped to `True`. This limits the functions that could be executed during unpickling. Arbitrary objects will no longer be allowed to be loaded via this mode unless they are explicitly allowlisted by the user via `torch.serialization.add_safe_globals`. We recommend you start setting `weights_only=True` for any use case where you don't have full control of the loaded file. Please open an issue on GitHub for any issues related to this experimental feature.
  state = torch.load(args.model_path, map_location=args.device)
group=overall value=all num_threads=92 mae=0.1508 rmse=0.2256
group=split value=test num_threads=92 mae=0.1508 rmse=0.2256
group=observation_ratio value=0.7 num_threads=92 mae=0.1508 rmse=0.2256
group=event value=prince-toronto num_threads=12 mae=0.1146 rmse=0.1351
group=event value=putinmissing num_threads=9 mae=0.1242 rmse=0.1455
group=event value=sydneysiege num_threads=71 mae=0.1603 rmse=0.2453
saved_predictions=runs/20260323_091327_ratio_sweep_ratio_70/temporal_baseline/eval/predictions.jsonl
saved_summary=runs/20260323_091327_ratio_sweep_ratio_70/temporal_baseline/eval/results_summary.csv
saved_event_errors=runs/20260323_091327_ratio_sweep_ratio_70/temporal_baseline/eval/error_analysis_by_event.csv
==> command_exit command=/home/alexmhliu/auto_install/miniconda3/envs/asf311/bin/python src/evaluate.py --data_path /home/alexmhliu/affect-state-forecaster/data/processed/pheme_forecast_ratio_70_test.jsonl --model temporal_baseline --model_path runs/20260323_091327_ratio_sweep_ratio_70/temporal_baseline/artifacts/temporal_baseline_pheme_forecast_ratio_70_train.pt --config_path runs/20260323_091327_ratio_sweep_ratio_70/temporal_baseline/artifacts/temporal_baseline_pheme_forecast_ratio_70_train.json --device cuda --output_dir runs/20260323_091327_ratio_sweep_ratio_70/temporal_baseline/eval returncode=0
==> command_duration_seconds 3.21
==> train model=structure_baseline

$ /home/alexmhliu/auto_install/miniconda3/envs/asf311/bin/python src/train.py --train_path /home/alexmhliu/affect-state-forecaster/data/processed/pheme_forecast_ratio_70_train.jsonl --model structure_baseline --device cuda --epochs 5 --batch_size 16 --seed 42 --capacity_group default --output_dir runs/20260323_091327_ratio_sweep_ratio_70/structure_baseline/artifacts --val_path /home/alexmhliu/affect-state-forecaster/data/processed/pheme_forecast_ratio_70_val.jsonl

epoch 1/5:   0%|          | 0/10 [00:00<?, ?it/s]
epoch 1/5:  10%|█         | 1/10 [00:00<00:02,  3.65it/s]
epoch 1/5:  50%|█████     | 5/10 [00:00<00:00, 15.53it/s]
epoch 1/5:  90%|█████████ | 9/10 [00:00<00:00, 23.15it/s]
epoch 1/5: 100%|██████████| 10/10 [00:00<00:00, 20.23it/s]
epoch=1 train_loss=0.2128 val_loss=0.1070 val_mae=0.1672 val_rmse=0.1861 val_pearson=-0.0417 val_spearman=-0.0535 val_majority_sentiment_accuracy=0.9138 val_majority_sentiment_macro_f1=0.3183 val_majority_sentiment_weighted_f1=0.8726

epoch 2/5:   0%|          | 0/10 [00:00<?, ?it/s]
epoch 2/5:  40%|████      | 4/10 [00:00<00:00, 38.05it/s]
epoch 2/5:  80%|████████  | 8/10 [00:00<00:00, 36.01it/s]
epoch 2/5: 100%|██████████| 10/10 [00:00<00:00, 40.38it/s]
epoch=2 train_loss=0.1379 val_loss=0.1086 val_mae=0.1877 val_rmse=0.2032 val_pearson=-0.0969 val_spearman=-0.1955 val_majority_sentiment_accuracy=0.9138 val_majority_sentiment_macro_f1=0.3183 val_majority_sentiment_weighted_f1=0.8726

epoch 3/5:   0%|          | 0/10 [00:00<?, ?it/s]
epoch 3/5:  40%|████      | 4/10 [00:00<00:00, 36.37it/s]
epoch 3/5:  80%|████████  | 8/10 [00:00<00:00, 36.07it/s]
epoch 3/5: 100%|██████████| 10/10 [00:00<00:00, 40.59it/s]
epoch=3 train_loss=0.1245 val_loss=0.1125 val_mae=0.1958 val_rmse=0.2093 val_pearson=-0.0293 val_spearman=-0.0793 val_majority_sentiment_accuracy=0.9138 val_majority_sentiment_macro_f1=0.3183 val_majority_sentiment_weighted_f1=0.8726

epoch 4/5:   0%|          | 0/10 [00:00<?, ?it/s]
epoch 4/5:  40%|████      | 4/10 [00:00<00:00, 38.49it/s]
epoch 4/5:  80%|████████  | 8/10 [00:00<00:00, 37.76it/s]
epoch 4/5: 100%|██████████| 10/10 [00:00<00:00, 40.59it/s]
epoch=4 train_loss=0.1162 val_loss=0.1083 val_mae=0.1775 val_rmse=0.1921 val_pearson=0.0084 val_spearman=0.0445 val_majority_sentiment_accuracy=0.9138 val_majority_sentiment_macro_f1=0.3183 val_majority_sentiment_weighted_f1=0.8726

epoch 5/5:   0%|          | 0/10 [00:00<?, ?it/s]
epoch 5/5:  40%|████      | 4/10 [00:00<00:00, 35.54it/s]
epoch 5/5:  80%|████████  | 8/10 [00:00<00:00, 37.47it/s]
epoch 5/5: 100%|██████████| 10/10 [00:00<00:00, 40.21it/s]
epoch=5 train_loss=0.1147 val_loss=0.1145 val_mae=0.1912 val_rmse=0.2037 val_pearson=0.0015 val_spearman=0.0214 val_majority_sentiment_accuracy=0.9138 val_majority_sentiment_macro_f1=0.3183 val_majority_sentiment_weighted_f1=0.8726
saved_model=runs/20260323_091327_ratio_sweep_ratio_70/structure_baseline/artifacts/structure_baseline_pheme_forecast_ratio_70_train.pt
saved_config=runs/20260323_091327_ratio_sweep_ratio_70/structure_baseline/artifacts/structure_baseline_pheme_forecast_ratio_70_train.json
saved_summary=runs/20260323_091327_ratio_sweep_ratio_70/structure_baseline/artifacts/structure_baseline_pheme_forecast_ratio_70_train_summary.json
param_count=2595076
==> command_exit command=/home/alexmhliu/auto_install/miniconda3/envs/asf311/bin/python src/train.py --train_path /home/alexmhliu/affect-state-forecaster/data/processed/pheme_forecast_ratio_70_train.jsonl --model structure_baseline --device cuda --epochs 5 --batch_size 16 --seed 42 --capacity_group default --output_dir runs/20260323_091327_ratio_sweep_ratio_70/structure_baseline/artifacts --val_path /home/alexmhliu/affect-state-forecaster/data/processed/pheme_forecast_ratio_70_val.jsonl returncode=0
==> command_duration_seconds 5.7
==> evaluate model=structure_baseline

$ /home/alexmhliu/auto_install/miniconda3/envs/asf311/bin/python src/evaluate.py --data_path /home/alexmhliu/affect-state-forecaster/data/processed/pheme_forecast_ratio_70_test.jsonl --model structure_baseline --model_path runs/20260323_091327_ratio_sweep_ratio_70/structure_baseline/artifacts/structure_baseline_pheme_forecast_ratio_70_train.pt --config_path runs/20260323_091327_ratio_sweep_ratio_70/structure_baseline/artifacts/structure_baseline_pheme_forecast_ratio_70_train.json --device cuda --output_dir runs/20260323_091327_ratio_sweep_ratio_70/structure_baseline/eval
/tmp/asf_main_clean/src/evaluate.py:254: FutureWarning: You are using `torch.load` with `weights_only=False` (the current default value), which uses the default pickle module implicitly. It is possible to construct malicious pickle data which will execute arbitrary code during unpickling (See https://github.com/pytorch/pytorch/blob/main/SECURITY.md#untrusted-models for more details). In a future release, the default value for `weights_only` will be flipped to `True`. This limits the functions that could be executed during unpickling. Arbitrary objects will no longer be allowed to be loaded via this mode unless they are explicitly allowlisted by the user via `torch.serialization.add_safe_globals`. We recommend you start setting `weights_only=True` for any use case where you don't have full control of the loaded file. Please open an issue on GitHub for any issues related to this experimental feature.
  state = torch.load(args.model_path, map_location=args.device)
group=overall value=all num_threads=92 mae=0.1723 rmse=0.2248
group=split value=test num_threads=92 mae=0.1723 rmse=0.2248
group=observation_ratio value=0.7 num_threads=92 mae=0.1723 rmse=0.2248
group=event value=prince-toronto num_threads=12 mae=0.1579 rmse=0.1719
group=event value=putinmissing num_threads=9 mae=0.1346 rmse=0.1552
group=event value=sydneysiege num_threads=71 mae=0.1795 rmse=0.2397
saved_predictions=runs/20260323_091327_ratio_sweep_ratio_70/structure_baseline/eval/predictions.jsonl
saved_summary=runs/20260323_091327_ratio_sweep_ratio_70/structure_baseline/eval/results_summary.csv
saved_event_errors=runs/20260323_091327_ratio_sweep_ratio_70/structure_baseline/eval/error_analysis_by_event.csv
==> command_exit command=/home/alexmhliu/auto_install/miniconda3/envs/asf311/bin/python src/evaluate.py --data_path /home/alexmhliu/affect-state-forecaster/data/processed/pheme_forecast_ratio_70_test.jsonl --model structure_baseline --model_path runs/20260323_091327_ratio_sweep_ratio_70/structure_baseline/artifacts/structure_baseline_pheme_forecast_ratio_70_train.pt --config_path runs/20260323_091327_ratio_sweep_ratio_70/structure_baseline/artifacts/structure_baseline_pheme_forecast_ratio_70_train.json --device cuda --output_dir runs/20260323_091327_ratio_sweep_ratio_70/structure_baseline/eval returncode=0
==> command_duration_seconds 3.07
==> train model=affect_state_forecaster

$ /home/alexmhliu/auto_install/miniconda3/envs/asf311/bin/python src/train.py --train_path /home/alexmhliu/affect-state-forecaster/data/processed/pheme_forecast_ratio_70_train.jsonl --model affect_state_forecaster --device cuda --epochs 5 --batch_size 16 --seed 42 --capacity_group default --output_dir runs/20260323_091327_ratio_sweep_ratio_70/affect_state_forecaster/artifacts --val_path /home/alexmhliu/affect-state-forecaster/data/processed/pheme_forecast_ratio_70_val.jsonl

epoch 1/5:   0%|          | 0/10 [00:00<?, ?it/s]
epoch 1/5:  10%|█         | 1/10 [00:00<00:03,  2.72it/s]
epoch 1/5:  40%|████      | 4/10 [00:00<00:00,  9.37it/s]
epoch 1/5:  70%|███████   | 7/10 [00:00<00:00, 14.44it/s]
epoch 1/5:  90%|█████████ | 9/10 [00:00<00:00, 15.94it/s]
epoch 1/5: 100%|██████████| 10/10 [00:00<00:00, 13.74it/s]
epoch=1 train_loss=0.2267 val_loss=0.1291 val_mae=0.2073 val_rmse=0.2180 val_pearson=-0.1385 val_spearman=-0.3267 val_majority_sentiment_accuracy=0.9138 val_majority_sentiment_macro_f1=0.3183 val_majority_sentiment_weighted_f1=0.8726

epoch 2/5:   0%|          | 0/10 [00:00<?, ?it/s]
epoch 2/5:  30%|███       | 3/10 [00:00<00:00, 22.17it/s]
epoch 2/5:  60%|██████    | 6/10 [00:00<00:00, 24.36it/s]
epoch 2/5:  90%|█████████ | 9/10 [00:00<00:00, 24.47it/s]
epoch 2/5: 100%|██████████| 10/10 [00:00<00:00, 25.30it/s]
epoch=2 train_loss=0.1336 val_loss=0.1098 val_mae=0.1958 val_rmse=0.2066 val_pearson=-0.1479 val_spearman=-0.3150 val_majority_sentiment_accuracy=0.9138 val_majority_sentiment_macro_f1=0.3183 val_majority_sentiment_weighted_f1=0.8726

epoch 3/5:   0%|          | 0/10 [00:00<?, ?it/s]
epoch 3/5:  30%|███       | 3/10 [00:00<00:00, 23.61it/s]
epoch 3/5:  60%|██████    | 6/10 [00:00<00:00, 23.16it/s]
epoch 3/5:  90%|█████████ | 9/10 [00:00<00:00, 23.41it/s]
epoch 3/5: 100%|██████████| 10/10 [00:00<00:00, 25.23it/s]
epoch=3 train_loss=0.1228 val_loss=0.0878 val_mae=0.1226 val_rmse=0.1471 val_pearson=-0.1503 val_spearman=-0.3047 val_majority_sentiment_accuracy=0.9138 val_majority_sentiment_macro_f1=0.3183 val_majority_sentiment_weighted_f1=0.8726

epoch 4/5:   0%|          | 0/10 [00:00<?, ?it/s]
epoch 4/5:  30%|███       | 3/10 [00:00<00:00, 21.74it/s]
epoch 4/5:  60%|██████    | 6/10 [00:00<00:00, 23.28it/s]
epoch 4/5:  90%|█████████ | 9/10 [00:00<00:00, 23.47it/s]
epoch 4/5: 100%|██████████| 10/10 [00:00<00:00, 25.12it/s]
epoch=4 train_loss=0.1354 val_loss=0.1130 val_mae=0.1976 val_rmse=0.2083 val_pearson=-0.0521 val_spearman=-0.2099 val_majority_sentiment_accuracy=0.9138 val_majority_sentiment_macro_f1=0.3183 val_majority_sentiment_weighted_f1=0.8726

epoch 5/5:   0%|          | 0/10 [00:00<?, ?it/s]
epoch 5/5:  30%|███       | 3/10 [00:00<00:00, 24.81it/s]
epoch 5/5:  60%|██████    | 6/10 [00:00<00:00, 21.80it/s]
epoch 5/5:  90%|█████████ | 9/10 [00:00<00:00, 24.09it/s]
epoch 5/5: 100%|██████████| 10/10 [00:00<00:00, 25.58it/s]
epoch=5 train_loss=0.1292 val_loss=0.0967 val_mae=0.1239 val_rmse=0.1473 val_pearson=-0.1255 val_spearman=-0.2891 val_majority_sentiment_accuracy=0.9138 val_majority_sentiment_macro_f1=0.3183 val_majority_sentiment_weighted_f1=0.8726
saved_model=runs/20260323_091327_ratio_sweep_ratio_70/affect_state_forecaster/artifacts/affect_state_forecaster_pheme_forecast_ratio_70_train.pt
saved_config=runs/20260323_091327_ratio_sweep_ratio_70/affect_state_forecaster/artifacts/affect_state_forecaster_pheme_forecast_ratio_70_train.json
saved_summary=runs/20260323_091327_ratio_sweep_ratio_70/affect_state_forecaster/artifacts/affect_state_forecaster_pheme_forecast_ratio_70_train_summary.json
param_count=5417259
==> command_exit command=/home/alexmhliu/auto_install/miniconda3/envs/asf311/bin/python src/train.py --train_path /home/alexmhliu/affect-state-forecaster/data/processed/pheme_forecast_ratio_70_train.jsonl --model affect_state_forecaster --device cuda --epochs 5 --batch_size 16 --seed 42 --capacity_group default --output_dir runs/20260323_091327_ratio_sweep_ratio_70/affect_state_forecaster/artifacts --val_path /home/alexmhliu/affect-state-forecaster/data/processed/pheme_forecast_ratio_70_val.jsonl returncode=0
==> command_duration_seconds 6.83
==> evaluate model=affect_state_forecaster

$ /home/alexmhliu/auto_install/miniconda3/envs/asf311/bin/python src/evaluate.py --data_path /home/alexmhliu/affect-state-forecaster/data/processed/pheme_forecast_ratio_70_test.jsonl --model affect_state_forecaster --model_path runs/20260323_091327_ratio_sweep_ratio_70/affect_state_forecaster/artifacts/affect_state_forecaster_pheme_forecast_ratio_70_train.pt --config_path runs/20260323_091327_ratio_sweep_ratio_70/affect_state_forecaster/artifacts/affect_state_forecaster_pheme_forecast_ratio_70_train.json --device cuda --output_dir runs/20260323_091327_ratio_sweep_ratio_70/affect_state_forecaster/eval
/tmp/asf_main_clean/src/evaluate.py:254: FutureWarning: You are using `torch.load` with `weights_only=False` (the current default value), which uses the default pickle module implicitly. It is possible to construct malicious pickle data which will execute arbitrary code during unpickling (See https://github.com/pytorch/pytorch/blob/main/SECURITY.md#untrusted-models for more details). In a future release, the default value for `weights_only` will be flipped to `True`. This limits the functions that could be executed during unpickling. Arbitrary objects will no longer be allowed to be loaded via this mode unless they are explicitly allowlisted by the user via `torch.serialization.add_safe_globals`. We recommend you start setting `weights_only=True` for any use case where you don't have full control of the loaded file. Please open an issue on GitHub for any issues related to this experimental feature.
  state = torch.load(args.model_path, map_location=args.device)
group=overall value=all num_threads=92 mae=0.1340 rmse=0.1890
group=split value=test num_threads=92 mae=0.1340 rmse=0.1890
group=observation_ratio value=0.7 num_threads=92 mae=0.1340 rmse=0.1890
group=event value=prince-toronto num_threads=12 mae=0.1140 rmse=0.1196
group=event value=putinmissing num_threads=9 mae=0.1025 rmse=0.1044
group=event value=sydneysiege num_threads=71 mae=0.1414 rmse=0.2061
saved_predictions=runs/20260323_091327_ratio_sweep_ratio_70/affect_state_forecaster/eval/predictions.jsonl
saved_summary=runs/20260323_091327_ratio_sweep_ratio_70/affect_state_forecaster/eval/results_summary.csv
saved_event_errors=runs/20260323_091327_ratio_sweep_ratio_70/affect_state_forecaster/eval/error_analysis_by_event.csv
==> command_exit command=/home/alexmhliu/auto_install/miniconda3/envs/asf311/bin/python src/evaluate.py --data_path /home/alexmhliu/affect-state-forecaster/data/processed/pheme_forecast_ratio_70_test.jsonl --model affect_state_forecaster --model_path runs/20260323_091327_ratio_sweep_ratio_70/affect_state_forecaster/artifacts/affect_state_forecaster_pheme_forecast_ratio_70_train.pt --config_path runs/20260323_091327_ratio_sweep_ratio_70/affect_state_forecaster/artifacts/affect_state_forecaster_pheme_forecast_ratio_70_train.json --device cuda --output_dir runs/20260323_091327_ratio_sweep_ratio_70/affect_state_forecaster/eval returncode=0
==> command_duration_seconds 3.27
==> train model=patchtst_baseline

$ /home/alexmhliu/auto_install/miniconda3/envs/asf311/bin/python src/train.py --train_path /home/alexmhliu/affect-state-forecaster/data/processed/pheme_forecast_ratio_70_train.jsonl --model patchtst_baseline --device cuda --epochs 5 --batch_size 16 --seed 42 --capacity_group default --output_dir runs/20260323_091327_ratio_sweep_ratio_70/patchtst_baseline/artifacts --val_path /home/alexmhliu/affect-state-forecaster/data/processed/pheme_forecast_ratio_70_val.jsonl

epoch 1/5:   0%|          | 0/10 [00:00<?, ?it/s]
epoch 1/5:  10%|█         | 1/10 [00:00<00:02,  3.92it/s]
epoch 1/5:  50%|█████     | 5/10 [00:00<00:00, 16.69it/s]
epoch 1/5:  90%|█████████ | 9/10 [00:00<00:00, 24.39it/s]
epoch 1/5: 100%|██████████| 10/10 [00:00<00:00, 21.28it/s]
epoch=1 train_loss=0.3327 val_loss=0.1095 val_mae=0.1703 val_rmse=0.1818 val_pearson=0.2457 val_spearman=0.3980 val_majority_sentiment_accuracy=0.9138 val_majority_sentiment_macro_f1=0.3183 val_majority_sentiment_weighted_f1=0.8726

epoch 2/5:   0%|          | 0/10 [00:00<?, ?it/s]
epoch 2/5:  50%|█████     | 5/10 [00:00<00:00, 41.56it/s]
epoch 2/5: 100%|██████████| 10/10 [00:00<00:00, 41.51it/s]
epoch 2/5: 100%|██████████| 10/10 [00:00<00:00, 41.48it/s]
epoch=2 train_loss=0.1394 val_loss=0.0919 val_mae=0.0622 val_rmse=0.1424 val_pearson=0.2332 val_spearman=0.3743 val_majority_sentiment_accuracy=0.9138 val_majority_sentiment_macro_f1=0.3183 val_majority_sentiment_weighted_f1=0.8726

epoch 3/5:   0%|          | 0/10 [00:00<?, ?it/s]
epoch 3/5:  40%|████      | 4/10 [00:00<00:00, 35.17it/s]
epoch 3/5:  90%|█████████ | 9/10 [00:00<00:00, 40.14it/s]
epoch 3/5: 100%|██████████| 10/10 [00:00<00:00, 41.42it/s]
epoch=3 train_loss=0.1181 val_loss=0.1011 val_mae=0.1722 val_rmse=0.1836 val_pearson=0.2255 val_spearman=0.3538 val_majority_sentiment_accuracy=0.9138 val_majority_sentiment_macro_f1=0.3183 val_majority_sentiment_weighted_f1=0.8726

epoch 4/5:   0%|          | 0/10 [00:00<?, ?it/s]
epoch 4/5:  40%|████      | 4/10 [00:00<00:00, 36.12it/s]
epoch 4/5:  90%|█████████ | 9/10 [00:00<00:00, 39.02it/s]
epoch 4/5: 100%|██████████| 10/10 [00:00<00:00, 41.57it/s]
epoch=4 train_loss=0.1117 val_loss=0.0897 val_mae=0.1206 val_rmse=0.1440 val_pearson=0.2230 val_spearman=0.3590 val_majority_sentiment_accuracy=0.9138 val_majority_sentiment_macro_f1=0.3183 val_majority_sentiment_weighted_f1=0.8726

epoch 5/5:   0%|          | 0/10 [00:00<?, ?it/s]
epoch 5/5:  40%|████      | 4/10 [00:00<00:00, 34.60it/s]
epoch 5/5:  90%|█████████ | 9/10 [00:00<00:00, 39.18it/s]
epoch 5/5: 100%|██████████| 10/10 [00:00<00:00, 41.20it/s]
epoch=5 train_loss=0.1239 val_loss=0.0987 val_mae=0.1457 val_rmse=0.1614 val_pearson=0.2211 val_spearman=0.3521 val_majority_sentiment_accuracy=0.9138 val_majority_sentiment_macro_f1=0.3183 val_majority_sentiment_weighted_f1=0.8726
saved_model=runs/20260323_091327_ratio_sweep_ratio_70/patchtst_baseline/artifacts/patchtst_baseline_pheme_forecast_ratio_70_train.pt
saved_config=runs/20260323_091327_ratio_sweep_ratio_70/patchtst_baseline/artifacts/patchtst_baseline_pheme_forecast_ratio_70_train.json
saved_summary=runs/20260323_091327_ratio_sweep_ratio_70/patchtst_baseline/artifacts/patchtst_baseline_pheme_forecast_ratio_70_train_summary.json
param_count=1205508
==> command_exit command=/home/alexmhliu/auto_install/miniconda3/envs/asf311/bin/python src/train.py --train_path /home/alexmhliu/affect-state-forecaster/data/processed/pheme_forecast_ratio_70_train.jsonl --model patchtst_baseline --device cuda --epochs 5 --batch_size 16 --seed 42 --capacity_group default --output_dir runs/20260323_091327_ratio_sweep_ratio_70/patchtst_baseline/artifacts --val_path /home/alexmhliu/affect-state-forecaster/data/processed/pheme_forecast_ratio_70_val.jsonl returncode=0
==> command_duration_seconds 5.61
==> evaluate model=patchtst_baseline

$ /home/alexmhliu/auto_install/miniconda3/envs/asf311/bin/python src/evaluate.py --data_path /home/alexmhliu/affect-state-forecaster/data/processed/pheme_forecast_ratio_70_test.jsonl --model patchtst_baseline --model_path runs/20260323_091327_ratio_sweep_ratio_70/patchtst_baseline/artifacts/patchtst_baseline_pheme_forecast_ratio_70_train.pt --config_path runs/20260323_091327_ratio_sweep_ratio_70/patchtst_baseline/artifacts/patchtst_baseline_pheme_forecast_ratio_70_train.json --device cuda --output_dir runs/20260323_091327_ratio_sweep_ratio_70/patchtst_baseline/eval
/tmp/asf_main_clean/src/evaluate.py:254: FutureWarning: You are using `torch.load` with `weights_only=False` (the current default value), which uses the default pickle module implicitly. It is possible to construct malicious pickle data which will execute arbitrary code during unpickling (See https://github.com/pytorch/pytorch/blob/main/SECURITY.md#untrusted-models for more details). In a future release, the default value for `weights_only` will be flipped to `True`. This limits the functions that could be executed during unpickling. Arbitrary objects will no longer be allowed to be loaded via this mode unless they are explicitly allowlisted by the user via `torch.serialization.add_safe_globals`. We recommend you start setting `weights_only=True` for any use case where you don't have full control of the loaded file. Please open an issue on GitHub for any issues related to this experimental feature.
  state = torch.load(args.model_path, map_location=args.device)
group=overall value=all num_threads=92 mae=0.1366 rmse=0.1887
group=split value=test num_threads=92 mae=0.1366 rmse=0.1887
group=observation_ratio value=0.7 num_threads=92 mae=0.1366 rmse=0.1887
group=event value=prince-toronto num_threads=12 mae=0.1144 rmse=0.1196
group=event value=putinmissing num_threads=9 mae=0.1014 rmse=0.1019
group=event value=sydneysiege num_threads=71 mae=0.1449 rmse=0.2059
saved_predictions=runs/20260323_091327_ratio_sweep_ratio_70/patchtst_baseline/eval/predictions.jsonl
saved_summary=runs/20260323_091327_ratio_sweep_ratio_70/patchtst_baseline/eval/results_summary.csv
saved_event_errors=runs/20260323_091327_ratio_sweep_ratio_70/patchtst_baseline/eval/error_analysis_by_event.csv
==> command_exit command=/home/alexmhliu/auto_install/miniconda3/envs/asf311/bin/python src/evaluate.py --data_path /home/alexmhliu/affect-state-forecaster/data/processed/pheme_forecast_ratio_70_test.jsonl --model patchtst_baseline --model_path runs/20260323_091327_ratio_sweep_ratio_70/patchtst_baseline/artifacts/patchtst_baseline_pheme_forecast_ratio_70_train.pt --config_path runs/20260323_091327_ratio_sweep_ratio_70/patchtst_baseline/artifacts/patchtst_baseline_pheme_forecast_ratio_70_train.json --device cuda --output_dir runs/20260323_091327_ratio_sweep_ratio_70/patchtst_baseline/eval returncode=0
==> command_duration_seconds 3.1
==> train model=thread_transformer_baseline

$ /home/alexmhliu/auto_install/miniconda3/envs/asf311/bin/python src/train.py --train_path /home/alexmhliu/affect-state-forecaster/data/processed/pheme_forecast_ratio_70_train.jsonl --model thread_transformer_baseline --device cuda --epochs 5 --batch_size 16 --seed 42 --capacity_group default --output_dir runs/20260323_091327_ratio_sweep_ratio_70/thread_transformer_baseline/artifacts --val_path /home/alexmhliu/affect-state-forecaster/data/processed/pheme_forecast_ratio_70_val.jsonl

epoch 1/5:   0%|          | 0/10 [00:00<?, ?it/s]
epoch 1/5:  10%|█         | 1/10 [00:00<00:03,  2.63it/s]
epoch 1/5:  30%|███       | 3/10 [00:00<00:00,  7.32it/s]
epoch 1/5:  60%|██████    | 6/10 [00:00<00:00, 11.94it/s]
epoch 1/5:  80%|████████  | 8/10 [00:00<00:00, 13.91it/s]
epoch 1/5: 100%|██████████| 10/10 [00:00<00:00, 12.23it/s]
/home/alexmhliu/auto_install/miniconda3/envs/asf311/lib/python3.11/site-packages/torch/nn/modules/transformer.py:502: UserWarning: The PyTorch API of nested tensors is in prototype stage and will change in the near future. (Triggered internally at ../aten/src/ATen/NestedTensorImpl.cpp:178.)
  output = torch._nested_tensor_from_mask(
epoch=1 train_loss=0.2430 val_loss=0.0934 val_mae=0.1132 val_rmse=0.1415 val_pearson=0.1961 val_spearman=0.3329 val_majority_sentiment_accuracy=0.9138 val_majority_sentiment_macro_f1=0.3183 val_majority_sentiment_weighted_f1=0.8726

epoch 2/5:   0%|          | 0/10 [00:00<?, ?it/s]
epoch 2/5:  30%|███       | 3/10 [00:00<00:00, 21.27it/s]
epoch 2/5:  60%|██████    | 6/10 [00:00<00:00, 18.62it/s]
epoch 2/5:  80%|████████  | 8/10 [00:00<00:00, 18.70it/s]
epoch 2/5: 100%|██████████| 10/10 [00:00<00:00, 20.93it/s]
epoch=2 train_loss=0.1560 val_loss=0.1758 val_mae=0.3179 val_rmse=0.3293 val_pearson=0.0557 val_spearman=0.1220 val_majority_sentiment_accuracy=0.9138 val_majority_sentiment_macro_f1=0.3183 val_majority_sentiment_weighted_f1=0.8726

epoch 3/5:   0%|          | 0/10 [00:00<?, ?it/s]
epoch 3/5:  20%|██        | 2/10 [00:00<00:00, 18.52it/s]
epoch 3/5:  50%|█████     | 5/10 [00:00<00:00, 21.27it/s]
epoch 3/5:  80%|████████  | 8/10 [00:00<00:00, 20.63it/s]
epoch 3/5: 100%|██████████| 10/10 [00:00<00:00, 21.15it/s]
epoch=3 train_loss=0.1430 val_loss=0.1005 val_mae=0.0791 val_rmse=0.1567 val_pearson=0.2042 val_spearman=0.2359 val_majority_sentiment_accuracy=0.9138 val_majority_sentiment_macro_f1=0.3183 val_majority_sentiment_weighted_f1=0.8726

epoch 4/5:   0%|          | 0/10 [00:00<?, ?it/s]
epoch 4/5:  30%|███       | 3/10 [00:00<00:00, 21.85it/s]
epoch 4/5:  60%|██████    | 6/10 [00:00<00:00, 20.05it/s]
epoch 4/5:  90%|█████████ | 9/10 [00:00<00:00, 19.76it/s]
epoch 4/5: 100%|██████████| 10/10 [00:00<00:00, 21.13it/s]
epoch=4 train_loss=0.1396 val_loss=0.1055 val_mae=0.1782 val_rmse=0.1893 val_pearson=0.1985 val_spearman=0.1488 val_majority_sentiment_accuracy=0.9138 val_majority_sentiment_macro_f1=0.3183 val_majority_sentiment_weighted_f1=0.8726

epoch 5/5:   0%|          | 0/10 [00:00<?, ?it/s]
epoch 5/5:  20%|██        | 2/10 [00:00<00:00, 18.80it/s]
epoch 5/5:  50%|█████     | 5/10 [00:00<00:00, 20.24it/s]
epoch 5/5:  80%|████████  | 8/10 [00:00<00:00, 19.45it/s]
epoch 5/5: 100%|██████████| 10/10 [00:00<00:00, 21.19it/s]
epoch=5 train_loss=0.1491 val_loss=0.0963 val_mae=0.1488 val_rmse=0.1642 val_pearson=0.1256 val_spearman=0.0009 val_majority_sentiment_accuracy=0.9138 val_majority_sentiment_macro_f1=0.3183 val_majority_sentiment_weighted_f1=0.8726
saved_model=runs/20260323_091327_ratio_sweep_ratio_70/thread_transformer_baseline/artifacts/thread_transformer_baseline_pheme_forecast_ratio_70_train.pt
saved_config=runs/20260323_091327_ratio_sweep_ratio_70/thread_transformer_baseline/artifacts/thread_transformer_baseline_pheme_forecast_ratio_70_train.json
saved_summary=runs/20260323_091327_ratio_sweep_ratio_70/thread_transformer_baseline/artifacts/thread_transformer_baseline_pheme_forecast_ratio_70_train_summary.json
param_count=6332420
==> command_exit command=/home/alexmhliu/auto_install/miniconda3/envs/asf311/bin/python src/train.py --train_path /home/alexmhliu/affect-state-forecaster/data/processed/pheme_forecast_ratio_70_train.jsonl --model thread_transformer_baseline --device cuda --epochs 5 --batch_size 16 --seed 42 --capacity_group default --output_dir runs/20260323_091327_ratio_sweep_ratio_70/thread_transformer_baseline/artifacts --val_path /home/alexmhliu/affect-state-forecaster/data/processed/pheme_forecast_ratio_70_val.jsonl returncode=0
==> command_duration_seconds 7.17
==> evaluate model=thread_transformer_baseline

$ /home/alexmhliu/auto_install/miniconda3/envs/asf311/bin/python src/evaluate.py --data_path /home/alexmhliu/affect-state-forecaster/data/processed/pheme_forecast_ratio_70_test.jsonl --model thread_transformer_baseline --model_path runs/20260323_091327_ratio_sweep_ratio_70/thread_transformer_baseline/artifacts/thread_transformer_baseline_pheme_forecast_ratio_70_train.pt --config_path runs/20260323_091327_ratio_sweep_ratio_70/thread_transformer_baseline/artifacts/thread_transformer_baseline_pheme_forecast_ratio_70_train.json --device cuda --output_dir runs/20260323_091327_ratio_sweep_ratio_70/thread_transformer_baseline/eval
/tmp/asf_main_clean/src/evaluate.py:254: FutureWarning: You are using `torch.load` with `weights_only=False` (the current default value), which uses the default pickle module implicitly. It is possible to construct malicious pickle data which will execute arbitrary code during unpickling (See https://github.com/pytorch/pytorch/blob/main/SECURITY.md#untrusted-models for more details). In a future release, the default value for `weights_only` will be flipped to `True`. This limits the functions that could be executed during unpickling. Arbitrary objects will no longer be allowed to be loaded via this mode unless they are explicitly allowlisted by the user via `torch.serialization.add_safe_globals`. We recommend you start setting `weights_only=True` for any use case where you don't have full control of the loaded file. Please open an issue on GitHub for any issues related to this experimental feature.
  state = torch.load(args.model_path, map_location=args.device)
/home/alexmhliu/auto_install/miniconda3/envs/asf311/lib/python3.11/site-packages/torch/nn/modules/transformer.py:502: UserWarning: The PyTorch API of nested tensors is in prototype stage and will change in the near future. (Triggered internally at ../aten/src/ATen/NestedTensorImpl.cpp:178.)
  output = torch._nested_tensor_from_mask(
group=overall value=all num_threads=92 mae=0.1297 rmse=0.1930
group=split value=test num_threads=92 mae=0.1297 rmse=0.1930
group=observation_ratio value=0.7 num_threads=92 mae=0.1297 rmse=0.1930
group=event value=prince-toronto num_threads=12 mae=0.0995 rmse=0.1112
group=event value=putinmissing num_threads=9 mae=0.0799 rmse=0.0843
group=event value=sydneysiege num_threads=71 mae=0.1411 rmse=0.2128
saved_predictions=runs/20260323_091327_ratio_sweep_ratio_70/thread_transformer_baseline/eval/predictions.jsonl
saved_summary=runs/20260323_091327_ratio_sweep_ratio_70/thread_transformer_baseline/eval/results_summary.csv
saved_event_errors=runs/20260323_091327_ratio_sweep_ratio_70/thread_transformer_baseline/eval/error_analysis_by_event.csv
==> command_exit command=/home/alexmhliu/auto_install/miniconda3/envs/asf311/bin/python src/evaluate.py --data_path /home/alexmhliu/affect-state-forecaster/data/processed/pheme_forecast_ratio_70_test.jsonl --model thread_transformer_baseline --model_path runs/20260323_091327_ratio_sweep_ratio_70/thread_transformer_baseline/artifacts/thread_transformer_baseline_pheme_forecast_ratio_70_train.pt --config_path runs/20260323_091327_ratio_sweep_ratio_70/thread_transformer_baseline/artifacts/thread_transformer_baseline_pheme_forecast_ratio_70_train.json --device cuda --output_dir runs/20260323_091327_ratio_sweep_ratio_70/thread_transformer_baseline/eval returncode=0
==> command_duration_seconds 3.34
==> summarize completed
==> anomaly affect_state_forecaster 的 Accuracy 远高于 Macro-F1。
==> anomaly patchtst_baseline 的 Accuracy 远高于 Macro-F1。
==> anomaly structure_baseline 的 Accuracy 远高于 Macro-F1。
==> anomaly temporal_baseline 的 Accuracy 远高于 Macro-F1。
==> anomaly text_baseline 的 Accuracy 远高于 Macro-F1。
==> anomaly thread_transformer_baseline 的 Accuracy 远高于 Macro-F1。
==> summarize end_time=1774228464.1266074
