==> plan start_time=1774229081.1014328
==> plan run_id=20260323_092441_seed_sweep_seed_13
==> plan experiment_type=主实验
==> plan target_hypotheses=H1,H2,H3
==> plan question=验证固定数据设置下 seed=13 时主实验结果是否稳定。
==> plan success_criteria=affect_state_forecaster 的领先关系在不同随机种子下保持一致。
==> plan failure_criteria=若不同 seed 下排序波动明显，则先做稳健性分析。
==> plan dataset=/home/alexmhliu/affect-state-forecaster/data/processed/pheme_forecast_ratio_50_train.jsonl
==> plan ratio_labels=ratio_50_train
==> plan models=text_baseline,temporal_baseline,structure_baseline,affect_state_forecaster,patchtst_baseline,thread_transformer_baseline
==> plan python=asf311:/home/alexmhliu/auto_install/miniconda3/envs/asf311/bin/python
==> plan device=cuda
==> train model=text_baseline

$ /home/alexmhliu/auto_install/miniconda3/envs/asf311/bin/python src/train.py --train_path /home/alexmhliu/affect-state-forecaster/data/processed/pheme_forecast_ratio_50_train.jsonl --model text_baseline --device cuda --epochs 5 --batch_size 16 --seed 13 --capacity_group default --output_dir runs/20260323_092441_seed_sweep_seed_13/text_baseline/artifacts --val_path /home/alexmhliu/affect-state-forecaster/data/processed/pheme_forecast_ratio_50_val.jsonl

epoch 1/5:   0%|          | 0/10 [00:00<?, ?it/s]
epoch 1/5:  10%|█         | 1/10 [00:00<00:02,  3.84it/s]
epoch 1/5:  60%|██████    | 6/10 [00:00<00:00, 19.95it/s]
epoch 1/5: 100%|██████████| 10/10 [00:00<00:00, 22.91it/s]
epoch=1 train_loss=0.2245 val_loss=0.1638 val_mae=0.1515 val_rmse=0.2103 val_pearson=-0.0358 val_spearman=0.0028 val_majority_sentiment_accuracy=0.8966 val_majority_sentiment_macro_f1=0.3152 val_majority_sentiment_weighted_f1=0.8476

epoch 2/5:   0%|          | 0/10 [00:00<?, ?it/s]
epoch 2/5:  50%|█████     | 5/10 [00:00<00:00, 46.66it/s]
epoch 2/5: 100%|██████████| 10/10 [00:00<00:00, 51.59it/s]
epoch=2 train_loss=0.1326 val_loss=0.1369 val_mae=0.1823 val_rmse=0.2312 val_pearson=-0.0284 val_spearman=0.0612 val_majority_sentiment_accuracy=0.8966 val_majority_sentiment_macro_f1=0.3152 val_majority_sentiment_weighted_f1=0.8476

epoch 3/5:   0%|          | 0/10 [00:00<?, ?it/s]
epoch 3/5:  50%|█████     | 5/10 [00:00<00:00, 44.99it/s]
epoch 3/5: 100%|██████████| 10/10 [00:00<00:00, 51.36it/s]
epoch=3 train_loss=0.1117 val_loss=0.1214 val_mae=0.1557 val_rmse=0.2138 val_pearson=-0.0097 val_spearman=0.1105 val_majority_sentiment_accuracy=0.8966 val_majority_sentiment_macro_f1=0.3152 val_majority_sentiment_weighted_f1=0.8476

epoch 4/5:   0%|          | 0/10 [00:00<?, ?it/s]
epoch 4/5:  50%|█████     | 5/10 [00:00<00:00, 48.97it/s]
epoch 4/5: 100%|██████████| 10/10 [00:00<00:00, 50.99it/s]
epoch=4 train_loss=0.0862 val_loss=0.1179 val_mae=0.1410 val_rmse=0.2028 val_pearson=0.0164 val_spearman=0.1519 val_majority_sentiment_accuracy=0.8966 val_majority_sentiment_macro_f1=0.3152 val_majority_sentiment_weighted_f1=0.8476

epoch 5/5:   0%|          | 0/10 [00:00<?, ?it/s]
epoch 5/5:  50%|█████     | 5/10 [00:00<00:00, 49.68it/s]
epoch 5/5: 100%|██████████| 10/10 [00:00<00:00, 51.40it/s]
epoch=5 train_loss=0.0928 val_loss=0.1248 val_mae=0.1576 val_rmse=0.2130 val_pearson=0.0024 val_spearman=0.1527 val_majority_sentiment_accuracy=0.8966 val_majority_sentiment_macro_f1=0.3152 val_majority_sentiment_weighted_f1=0.8476
saved_model=runs/20260323_092441_seed_sweep_seed_13/text_baseline/artifacts/text_baseline_pheme_forecast_ratio_50_train.pt
saved_config=runs/20260323_092441_seed_sweep_seed_13/text_baseline/artifacts/text_baseline_pheme_forecast_ratio_50_train.json
saved_summary=runs/20260323_092441_seed_sweep_seed_13/text_baseline/artifacts/text_baseline_pheme_forecast_ratio_50_train_summary.json
param_count=2577284
==> command_exit command=/home/alexmhliu/auto_install/miniconda3/envs/asf311/bin/python src/train.py --train_path /home/alexmhliu/affect-state-forecaster/data/processed/pheme_forecast_ratio_50_train.jsonl --model text_baseline --device cuda --epochs 5 --batch_size 16 --seed 13 --capacity_group default --output_dir runs/20260323_092441_seed_sweep_seed_13/text_baseline/artifacts --val_path /home/alexmhliu/affect-state-forecaster/data/processed/pheme_forecast_ratio_50_val.jsonl returncode=0
==> command_duration_seconds 5.43
==> evaluate model=text_baseline

$ /home/alexmhliu/auto_install/miniconda3/envs/asf311/bin/python src/evaluate.py --data_path /home/alexmhliu/affect-state-forecaster/data/processed/pheme_forecast_ratio_50_test.jsonl --model text_baseline --model_path runs/20260323_092441_seed_sweep_seed_13/text_baseline/artifacts/text_baseline_pheme_forecast_ratio_50_train.pt --config_path runs/20260323_092441_seed_sweep_seed_13/text_baseline/artifacts/text_baseline_pheme_forecast_ratio_50_train.json --device cuda --output_dir runs/20260323_092441_seed_sweep_seed_13/text_baseline/eval
/tmp/asf_main_clean/src/evaluate.py:254: FutureWarning: You are using `torch.load` with `weights_only=False` (the current default value), which uses the default pickle module implicitly. It is possible to construct malicious pickle data which will execute arbitrary code during unpickling (See https://github.com/pytorch/pytorch/blob/main/SECURITY.md#untrusted-models for more details). In a future release, the default value for `weights_only` will be flipped to `True`. This limits the functions that could be executed during unpickling. Arbitrary objects will no longer be allowed to be loaded via this mode unless they are explicitly allowlisted by the user via `torch.serialization.add_safe_globals`. We recommend you start setting `weights_only=True` for any use case where you don't have full control of the loaded file. Please open an issue on GitHub for any issues related to this experimental feature.
  state = torch.load(args.model_path, map_location=args.device)
group=overall value=all num_threads=92 mae=0.1319 rmse=0.2047
group=split value=test num_threads=92 mae=0.1319 rmse=0.2047
group=observation_ratio value=0.5 num_threads=92 mae=0.1319 rmse=0.2047
group=event value=prince-toronto num_threads=12 mae=0.1209 rmse=0.1453
group=event value=putinmissing num_threads=9 mae=0.1336 rmse=0.1702
group=event value=sydneysiege num_threads=71 mae=0.1336 rmse=0.2170
saved_predictions=runs/20260323_092441_seed_sweep_seed_13/text_baseline/eval/predictions.jsonl
saved_summary=runs/20260323_092441_seed_sweep_seed_13/text_baseline/eval/results_summary.csv
saved_event_errors=runs/20260323_092441_seed_sweep_seed_13/text_baseline/eval/error_analysis_by_event.csv
==> command_exit command=/home/alexmhliu/auto_install/miniconda3/envs/asf311/bin/python src/evaluate.py --data_path /home/alexmhliu/affect-state-forecaster/data/processed/pheme_forecast_ratio_50_test.jsonl --model text_baseline --model_path runs/20260323_092441_seed_sweep_seed_13/text_baseline/artifacts/text_baseline_pheme_forecast_ratio_50_train.pt --config_path runs/20260323_092441_seed_sweep_seed_13/text_baseline/artifacts/text_baseline_pheme_forecast_ratio_50_train.json --device cuda --output_dir runs/20260323_092441_seed_sweep_seed_13/text_baseline/eval returncode=0
==> command_duration_seconds 3.05
==> train model=temporal_baseline

$ /home/alexmhliu/auto_install/miniconda3/envs/asf311/bin/python src/train.py --train_path /home/alexmhliu/affect-state-forecaster/data/processed/pheme_forecast_ratio_50_train.jsonl --model temporal_baseline --device cuda --epochs 5 --batch_size 16 --seed 13 --capacity_group default --output_dir runs/20260323_092441_seed_sweep_seed_13/temporal_baseline/artifacts --val_path /home/alexmhliu/affect-state-forecaster/data/processed/pheme_forecast_ratio_50_val.jsonl

epoch 1/5:   0%|          | 0/10 [00:00<?, ?it/s]
epoch 1/5:  10%|█         | 1/10 [00:00<00:03,  2.81it/s]
epoch 1/5:  50%|█████     | 5/10 [00:00<00:00, 12.80it/s]
epoch 1/5:  80%|████████  | 8/10 [00:00<00:00, 17.56it/s]
epoch 1/5: 100%|██████████| 10/10 [00:00<00:00, 16.20it/s]
epoch=1 train_loss=0.2078 val_loss=0.1461 val_mae=0.1629 val_rmse=0.2328 val_pearson=-0.2893 val_spearman=-0.2266 val_majority_sentiment_accuracy=0.8966 val_majority_sentiment_macro_f1=0.3152 val_majority_sentiment_weighted_f1=0.8476

epoch 2/5:   0%|          | 0/10 [00:00<?, ?it/s]
epoch 2/5:  40%|████      | 4/10 [00:00<00:00, 33.27it/s]
epoch 2/5:  80%|████████  | 8/10 [00:00<00:00, 30.43it/s]
epoch 2/5: 100%|██████████| 10/10 [00:00<00:00, 34.45it/s]
epoch=2 train_loss=0.1033 val_loss=0.1336 val_mae=0.1485 val_rmse=0.2291 val_pearson=-0.2278 val_spearman=-0.0809 val_majority_sentiment_accuracy=0.8966 val_majority_sentiment_macro_f1=0.3152 val_majority_sentiment_weighted_f1=0.8476

epoch 3/5:   0%|          | 0/10 [00:00<?, ?it/s]
epoch 3/5:  30%|███       | 3/10 [00:00<00:00, 29.20it/s]
epoch 3/5:  60%|██████    | 6/10 [00:00<00:00, 29.32it/s]
epoch 3/5: 100%|██████████| 10/10 [00:00<00:00, 34.46it/s]
epoch=3 train_loss=0.0991 val_loss=0.1317 val_mae=0.1576 val_rmse=0.2218 val_pearson=-0.1589 val_spearman=-0.0028 val_majority_sentiment_accuracy=0.8966 val_majority_sentiment_macro_f1=0.3152 val_majority_sentiment_weighted_f1=0.8476

epoch 4/5:   0%|          | 0/10 [00:00<?, ?it/s]
epoch 4/5:  40%|████      | 4/10 [00:00<00:00, 32.08it/s]
epoch 4/5:  80%|████████  | 8/10 [00:00<00:00, 31.92it/s]
epoch 4/5: 100%|██████████| 10/10 [00:00<00:00, 34.19it/s]
epoch=4 train_loss=0.0909 val_loss=0.1355 val_mae=0.1705 val_rmse=0.2266 val_pearson=-0.2117 val_spearman=0.0140 val_majority_sentiment_accuracy=0.8966 val_majority_sentiment_macro_f1=0.3152 val_majority_sentiment_weighted_f1=0.8476

epoch 5/5:   0%|          | 0/10 [00:00<?, ?it/s]
epoch 5/5:  40%|████      | 4/10 [00:00<00:00, 31.49it/s]
epoch 5/5:  80%|████████  | 8/10 [00:00<00:00, 31.98it/s]
epoch 5/5: 100%|██████████| 10/10 [00:00<00:00, 34.77it/s]
epoch=5 train_loss=0.0805 val_loss=0.1322 val_mae=0.1353 val_rmse=0.2143 val_pearson=-0.3350 val_spearman=-0.1051 val_majority_sentiment_accuracy=0.8966 val_majority_sentiment_macro_f1=0.3152 val_majority_sentiment_weighted_f1=0.8476
saved_model=runs/20260323_092441_seed_sweep_seed_13/temporal_baseline/artifacts/temporal_baseline_pheme_forecast_ratio_50_train.pt
saved_config=runs/20260323_092441_seed_sweep_seed_13/temporal_baseline/artifacts/temporal_baseline_pheme_forecast_ratio_50_train.json
saved_summary=runs/20260323_092441_seed_sweep_seed_13/temporal_baseline/artifacts/temporal_baseline_pheme_forecast_ratio_50_train_summary.json
param_count=2709380
==> command_exit command=/home/alexmhliu/auto_install/miniconda3/envs/asf311/bin/python src/train.py --train_path /home/alexmhliu/affect-state-forecaster/data/processed/pheme_forecast_ratio_50_train.jsonl --model temporal_baseline --device cuda --epochs 5 --batch_size 16 --seed 13 --capacity_group default --output_dir runs/20260323_092441_seed_sweep_seed_13/temporal_baseline/artifacts --val_path /home/alexmhliu/affect-state-forecaster/data/processed/pheme_forecast_ratio_50_val.jsonl returncode=0
==> command_duration_seconds 6.0
==> evaluate model=temporal_baseline

$ /home/alexmhliu/auto_install/miniconda3/envs/asf311/bin/python src/evaluate.py --data_path /home/alexmhliu/affect-state-forecaster/data/processed/pheme_forecast_ratio_50_test.jsonl --model temporal_baseline --model_path runs/20260323_092441_seed_sweep_seed_13/temporal_baseline/artifacts/temporal_baseline_pheme_forecast_ratio_50_train.pt --config_path runs/20260323_092441_seed_sweep_seed_13/temporal_baseline/artifacts/temporal_baseline_pheme_forecast_ratio_50_train.json --device cuda --output_dir runs/20260323_092441_seed_sweep_seed_13/temporal_baseline/eval
/tmp/asf_main_clean/src/evaluate.py:254: FutureWarning: You are using `torch.load` with `weights_only=False` (the current default value), which uses the default pickle module implicitly. It is possible to construct malicious pickle data which will execute arbitrary code during unpickling (See https://github.com/pytorch/pytorch/blob/main/SECURITY.md#untrusted-models for more details). In a future release, the default value for `weights_only` will be flipped to `True`. This limits the functions that could be executed during unpickling. Arbitrary objects will no longer be allowed to be loaded via this mode unless they are explicitly allowlisted by the user via `torch.serialization.add_safe_globals`. We recommend you start setting `weights_only=True` for any use case where you don't have full control of the loaded file. Please open an issue on GitHub for any issues related to this experimental feature.
  state = torch.load(args.model_path, map_location=args.device)
group=overall value=all num_threads=92 mae=0.1504 rmse=0.2187
group=split value=test num_threads=92 mae=0.1504 rmse=0.2187
group=observation_ratio value=0.5 num_threads=92 mae=0.1504 rmse=0.2187
group=event value=prince-toronto num_threads=12 mae=0.1527 rmse=0.1716
group=event value=putinmissing num_threads=9 mae=0.1405 rmse=0.2094
group=event value=sydneysiege num_threads=71 mae=0.1513 rmse=0.2268
saved_predictions=runs/20260323_092441_seed_sweep_seed_13/temporal_baseline/eval/predictions.jsonl
saved_summary=runs/20260323_092441_seed_sweep_seed_13/temporal_baseline/eval/results_summary.csv
saved_event_errors=runs/20260323_092441_seed_sweep_seed_13/temporal_baseline/eval/error_analysis_by_event.csv
==> command_exit command=/home/alexmhliu/auto_install/miniconda3/envs/asf311/bin/python src/evaluate.py --data_path /home/alexmhliu/affect-state-forecaster/data/processed/pheme_forecast_ratio_50_test.jsonl --model temporal_baseline --model_path runs/20260323_092441_seed_sweep_seed_13/temporal_baseline/artifacts/temporal_baseline_pheme_forecast_ratio_50_train.pt --config_path runs/20260323_092441_seed_sweep_seed_13/temporal_baseline/artifacts/temporal_baseline_pheme_forecast_ratio_50_train.json --device cuda --output_dir runs/20260323_092441_seed_sweep_seed_13/temporal_baseline/eval returncode=0
==> command_duration_seconds 3.18
==> train model=structure_baseline

$ /home/alexmhliu/auto_install/miniconda3/envs/asf311/bin/python src/train.py --train_path /home/alexmhliu/affect-state-forecaster/data/processed/pheme_forecast_ratio_50_train.jsonl --model structure_baseline --device cuda --epochs 5 --batch_size 16 --seed 13 --capacity_group default --output_dir runs/20260323_092441_seed_sweep_seed_13/structure_baseline/artifacts --val_path /home/alexmhliu/affect-state-forecaster/data/processed/pheme_forecast_ratio_50_val.jsonl

epoch 1/5:   0%|          | 0/10 [00:00<?, ?it/s]
epoch 1/5:  10%|█         | 1/10 [00:00<00:02,  3.81it/s]
epoch 1/5:  60%|██████    | 6/10 [00:00<00:00, 20.09it/s]
epoch 1/5: 100%|██████████| 10/10 [00:00<00:00, 22.81it/s]
epoch=1 train_loss=0.1802 val_loss=0.1126 val_mae=0.1648 val_rmse=0.1968 val_pearson=0.1176 val_spearman=0.2469 val_majority_sentiment_accuracy=0.8966 val_majority_sentiment_macro_f1=0.3152 val_majority_sentiment_weighted_f1=0.8476

epoch 2/5:   0%|          | 0/10 [00:00<?, ?it/s]
epoch 2/5:  50%|█████     | 5/10 [00:00<00:00, 43.86it/s]
epoch 2/5: 100%|██████████| 10/10 [00:00<00:00, 50.82it/s]
epoch=2 train_loss=0.1095 val_loss=0.1076 val_mae=0.1007 val_rmse=0.1800 val_pearson=0.0259 val_spearman=0.2097 val_majority_sentiment_accuracy=0.8966 val_majority_sentiment_macro_f1=0.3152 val_majority_sentiment_weighted_f1=0.8476

epoch 3/5:   0%|          | 0/10 [00:00<?, ?it/s]
epoch 3/5:  60%|██████    | 6/10 [00:00<00:00, 50.78it/s]
epoch 3/5: 100%|██████████| 10/10 [00:00<00:00, 50.71it/s]
epoch=3 train_loss=0.1130 val_loss=0.1140 val_mae=0.1135 val_rmse=0.1959 val_pearson=0.0124 val_spearman=0.1178 val_majority_sentiment_accuracy=0.8966 val_majority_sentiment_macro_f1=0.3152 val_majority_sentiment_weighted_f1=0.8476

epoch 4/5:   0%|          | 0/10 [00:00<?, ?it/s]
epoch 4/5:  50%|█████     | 5/10 [00:00<00:00, 45.36it/s]
epoch 4/5: 100%|██████████| 10/10 [00:00<00:00, 50.87it/s]
epoch=4 train_loss=0.1067 val_loss=0.1068 val_mae=0.1177 val_rmse=0.1711 val_pearson=0.0541 val_spearman=0.2624 val_majority_sentiment_accuracy=0.8966 val_majority_sentiment_macro_f1=0.3152 val_majority_sentiment_weighted_f1=0.8476

epoch 5/5:   0%|          | 0/10 [00:00<?, ?it/s]
epoch 5/5:  50%|█████     | 5/10 [00:00<00:00, 46.36it/s]
epoch 5/5: 100%|██████████| 10/10 [00:00<00:00, 50.62it/s]
epoch=5 train_loss=0.0991 val_loss=0.1071 val_mae=0.1205 val_rmse=0.1698 val_pearson=0.0019 val_spearman=0.2105 val_majority_sentiment_accuracy=0.8966 val_majority_sentiment_macro_f1=0.3152 val_majority_sentiment_weighted_f1=0.8476
saved_model=runs/20260323_092441_seed_sweep_seed_13/structure_baseline/artifacts/structure_baseline_pheme_forecast_ratio_50_train.pt
saved_config=runs/20260323_092441_seed_sweep_seed_13/structure_baseline/artifacts/structure_baseline_pheme_forecast_ratio_50_train.json
saved_summary=runs/20260323_092441_seed_sweep_seed_13/structure_baseline/artifacts/structure_baseline_pheme_forecast_ratio_50_train_summary.json
param_count=2595076
==> command_exit command=/home/alexmhliu/auto_install/miniconda3/envs/asf311/bin/python src/train.py --train_path /home/alexmhliu/affect-state-forecaster/data/processed/pheme_forecast_ratio_50_train.jsonl --model structure_baseline --device cuda --epochs 5 --batch_size 16 --seed 13 --capacity_group default --output_dir runs/20260323_092441_seed_sweep_seed_13/structure_baseline/artifacts --val_path /home/alexmhliu/affect-state-forecaster/data/processed/pheme_forecast_ratio_50_val.jsonl returncode=0
==> command_duration_seconds 5.39
==> evaluate model=structure_baseline

$ /home/alexmhliu/auto_install/miniconda3/envs/asf311/bin/python src/evaluate.py --data_path /home/alexmhliu/affect-state-forecaster/data/processed/pheme_forecast_ratio_50_test.jsonl --model structure_baseline --model_path runs/20260323_092441_seed_sweep_seed_13/structure_baseline/artifacts/structure_baseline_pheme_forecast_ratio_50_train.pt --config_path runs/20260323_092441_seed_sweep_seed_13/structure_baseline/artifacts/structure_baseline_pheme_forecast_ratio_50_train.json --device cuda --output_dir runs/20260323_092441_seed_sweep_seed_13/structure_baseline/eval
/tmp/asf_main_clean/src/evaluate.py:254: FutureWarning: You are using `torch.load` with `weights_only=False` (the current default value), which uses the default pickle module implicitly. It is possible to construct malicious pickle data which will execute arbitrary code during unpickling (See https://github.com/pytorch/pytorch/blob/main/SECURITY.md#untrusted-models for more details). In a future release, the default value for `weights_only` will be flipped to `True`. This limits the functions that could be executed during unpickling. Arbitrary objects will no longer be allowed to be loaded via this mode unless they are explicitly allowlisted by the user via `torch.serialization.add_safe_globals`. We recommend you start setting `weights_only=True` for any use case where you don't have full control of the loaded file. Please open an issue on GitHub for any issues related to this experimental feature.
  state = torch.load(args.model_path, map_location=args.device)
group=overall value=all num_threads=92 mae=0.1202 rmse=0.1883
group=split value=test num_threads=92 mae=0.1202 rmse=0.1883
group=observation_ratio value=0.5 num_threads=92 mae=0.1202 rmse=0.1883
group=event value=prince-toronto num_threads=12 mae=0.0886 rmse=0.0996
group=event value=putinmissing num_threads=9 mae=0.1162 rmse=0.1467
group=event value=sydneysiege num_threads=71 mae=0.1261 rmse=0.2038
saved_predictions=runs/20260323_092441_seed_sweep_seed_13/structure_baseline/eval/predictions.jsonl
saved_summary=runs/20260323_092441_seed_sweep_seed_13/structure_baseline/eval/results_summary.csv
saved_event_errors=runs/20260323_092441_seed_sweep_seed_13/structure_baseline/eval/error_analysis_by_event.csv
==> command_exit command=/home/alexmhliu/auto_install/miniconda3/envs/asf311/bin/python src/evaluate.py --data_path /home/alexmhliu/affect-state-forecaster/data/processed/pheme_forecast_ratio_50_test.jsonl --model structure_baseline --model_path runs/20260323_092441_seed_sweep_seed_13/structure_baseline/artifacts/structure_baseline_pheme_forecast_ratio_50_train.pt --config_path runs/20260323_092441_seed_sweep_seed_13/structure_baseline/artifacts/structure_baseline_pheme_forecast_ratio_50_train.json --device cuda --output_dir runs/20260323_092441_seed_sweep_seed_13/structure_baseline/eval returncode=0
==> command_duration_seconds 3.04
==> train model=affect_state_forecaster

$ /home/alexmhliu/auto_install/miniconda3/envs/asf311/bin/python src/train.py --train_path /home/alexmhliu/affect-state-forecaster/data/processed/pheme_forecast_ratio_50_train.jsonl --model affect_state_forecaster --device cuda --epochs 5 --batch_size 16 --seed 13 --capacity_group default --output_dir runs/20260323_092441_seed_sweep_seed_13/affect_state_forecaster/artifacts --val_path /home/alexmhliu/affect-state-forecaster/data/processed/pheme_forecast_ratio_50_val.jsonl

epoch 1/5:   0%|          | 0/10 [00:00<?, ?it/s]
epoch 1/5:  10%|█         | 1/10 [00:00<00:03,  2.82it/s]
epoch 1/5:  40%|████      | 4/10 [00:00<00:00, 10.21it/s]
epoch 1/5:  70%|███████   | 7/10 [00:00<00:00, 15.64it/s]
epoch 1/5: 100%|██████████| 10/10 [00:00<00:00, 15.52it/s]
epoch=1 train_loss=0.1907 val_loss=0.1059 val_mae=0.0948 val_rmse=0.1735 val_pearson=-0.0106 val_spearman=-0.1886 val_majority_sentiment_accuracy=0.8966 val_majority_sentiment_macro_f1=0.3152 val_majority_sentiment_weighted_f1=0.8476

epoch 2/5:   0%|          | 0/10 [00:00<?, ?it/s]
epoch 2/5:  30%|███       | 3/10 [00:00<00:00, 26.44it/s]
epoch 2/5:  70%|███████   | 7/10 [00:00<00:00, 30.50it/s]
epoch 2/5: 100%|██████████| 10/10 [00:00<00:00, 31.67it/s]
epoch=2 train_loss=0.1150 val_loss=0.1114 val_mae=0.1570 val_rmse=0.1850 val_pearson=0.1067 val_spearman=0.0676 val_majority_sentiment_accuracy=0.8966 val_majority_sentiment_macro_f1=0.3152 val_majority_sentiment_weighted_f1=0.8476

epoch 3/5:   0%|          | 0/10 [00:00<?, ?it/s]
epoch 3/5:  30%|███       | 3/10 [00:00<00:00, 28.50it/s]
epoch 3/5:  70%|███████   | 7/10 [00:00<00:00, 30.52it/s]
epoch 3/5: 100%|██████████| 10/10 [00:00<00:00, 31.85it/s]
epoch=3 train_loss=0.1053 val_loss=0.1142 val_mae=0.1602 val_rmse=0.1879 val_pearson=-0.0671 val_spearman=-0.0740 val_majority_sentiment_accuracy=0.8966 val_majority_sentiment_macro_f1=0.3152 val_majority_sentiment_weighted_f1=0.8476

epoch 4/5:   0%|          | 0/10 [00:00<?, ?it/s]
epoch 4/5:  30%|███       | 3/10 [00:00<00:00, 26.71it/s]
epoch 4/5:  70%|███████   | 7/10 [00:00<00:00, 29.25it/s]
epoch 4/5: 100%|██████████| 10/10 [00:00<00:00, 31.82it/s]
epoch=4 train_loss=0.1391 val_loss=0.1081 val_mae=0.1362 val_rmse=0.1703 val_pearson=-0.1606 val_spearman=-0.0066 val_majority_sentiment_accuracy=0.8966 val_majority_sentiment_macro_f1=0.3152 val_majority_sentiment_weighted_f1=0.8476

epoch 5/5:   0%|          | 0/10 [00:00<?, ?it/s]
epoch 5/5:  40%|████      | 4/10 [00:00<00:00, 30.97it/s]
epoch 5/5:  80%|████████  | 8/10 [00:00<00:00, 29.42it/s]
epoch 5/5: 100%|██████████| 10/10 [00:00<00:00, 31.89it/s]
epoch=5 train_loss=0.1106 val_loss=0.1127 val_mae=0.1447 val_rmse=0.1760 val_pearson=-0.1381 val_spearman=-0.1446 val_majority_sentiment_accuracy=0.8966 val_majority_sentiment_macro_f1=0.3152 val_majority_sentiment_weighted_f1=0.8476
saved_model=runs/20260323_092441_seed_sweep_seed_13/affect_state_forecaster/artifacts/affect_state_forecaster_pheme_forecast_ratio_50_train.pt
saved_config=runs/20260323_092441_seed_sweep_seed_13/affect_state_forecaster/artifacts/affect_state_forecaster_pheme_forecast_ratio_50_train.json
saved_summary=runs/20260323_092441_seed_sweep_seed_13/affect_state_forecaster/artifacts/affect_state_forecaster_pheme_forecast_ratio_50_train_summary.json
param_count=5417259
==> command_exit command=/home/alexmhliu/auto_install/miniconda3/envs/asf311/bin/python src/train.py --train_path /home/alexmhliu/affect-state-forecaster/data/processed/pheme_forecast_ratio_50_train.jsonl --model affect_state_forecaster --device cuda --epochs 5 --batch_size 16 --seed 13 --capacity_group default --output_dir runs/20260323_092441_seed_sweep_seed_13/affect_state_forecaster/artifacts --val_path /home/alexmhliu/affect-state-forecaster/data/processed/pheme_forecast_ratio_50_val.jsonl returncode=0
==> command_duration_seconds 6.16
==> evaluate model=affect_state_forecaster

$ /home/alexmhliu/auto_install/miniconda3/envs/asf311/bin/python src/evaluate.py --data_path /home/alexmhliu/affect-state-forecaster/data/processed/pheme_forecast_ratio_50_test.jsonl --model affect_state_forecaster --model_path runs/20260323_092441_seed_sweep_seed_13/affect_state_forecaster/artifacts/affect_state_forecaster_pheme_forecast_ratio_50_train.pt --config_path runs/20260323_092441_seed_sweep_seed_13/affect_state_forecaster/artifacts/affect_state_forecaster_pheme_forecast_ratio_50_train.json --device cuda --output_dir runs/20260323_092441_seed_sweep_seed_13/affect_state_forecaster/eval
/tmp/asf_main_clean/src/evaluate.py:254: FutureWarning: You are using `torch.load` with `weights_only=False` (the current default value), which uses the default pickle module implicitly. It is possible to construct malicious pickle data which will execute arbitrary code during unpickling (See https://github.com/pytorch/pytorch/blob/main/SECURITY.md#untrusted-models for more details). In a future release, the default value for `weights_only` will be flipped to `True`. This limits the functions that could be executed during unpickling. Arbitrary objects will no longer be allowed to be loaded via this mode unless they are explicitly allowlisted by the user via `torch.serialization.add_safe_globals`. We recommend you start setting `weights_only=True` for any use case where you don't have full control of the loaded file. Please open an issue on GitHub for any issues related to this experimental feature.
  state = torch.load(args.model_path, map_location=args.device)
group=overall value=all num_threads=92 mae=0.0919 rmse=0.1778
group=split value=test num_threads=92 mae=0.0919 rmse=0.1778
group=observation_ratio value=0.5 num_threads=92 mae=0.0919 rmse=0.1778
group=event value=prince-toronto num_threads=12 mae=0.0505 rmse=0.0756
group=event value=putinmissing num_threads=9 mae=0.0714 rmse=0.1069
group=event value=sydneysiege num_threads=71 mae=0.1015 rmse=0.1964
saved_predictions=runs/20260323_092441_seed_sweep_seed_13/affect_state_forecaster/eval/predictions.jsonl
saved_summary=runs/20260323_092441_seed_sweep_seed_13/affect_state_forecaster/eval/results_summary.csv
saved_event_errors=runs/20260323_092441_seed_sweep_seed_13/affect_state_forecaster/eval/error_analysis_by_event.csv
==> command_exit command=/home/alexmhliu/auto_install/miniconda3/envs/asf311/bin/python src/evaluate.py --data_path /home/alexmhliu/affect-state-forecaster/data/processed/pheme_forecast_ratio_50_test.jsonl --model affect_state_forecaster --model_path runs/20260323_092441_seed_sweep_seed_13/affect_state_forecaster/artifacts/affect_state_forecaster_pheme_forecast_ratio_50_train.pt --config_path runs/20260323_092441_seed_sweep_seed_13/affect_state_forecaster/artifacts/affect_state_forecaster_pheme_forecast_ratio_50_train.json --device cuda --output_dir runs/20260323_092441_seed_sweep_seed_13/affect_state_forecaster/eval returncode=0
==> command_duration_seconds 3.19
==> train model=patchtst_baseline

$ /home/alexmhliu/auto_install/miniconda3/envs/asf311/bin/python src/train.py --train_path /home/alexmhliu/affect-state-forecaster/data/processed/pheme_forecast_ratio_50_train.jsonl --model patchtst_baseline --device cuda --epochs 5 --batch_size 16 --seed 13 --capacity_group default --output_dir runs/20260323_092441_seed_sweep_seed_13/patchtst_baseline/artifacts --val_path /home/alexmhliu/affect-state-forecaster/data/processed/pheme_forecast_ratio_50_val.jsonl

epoch 1/5:   0%|          | 0/10 [00:00<?, ?it/s]
epoch 1/5:  10%|█         | 1/10 [00:00<00:02,  4.08it/s]
epoch 1/5:  60%|██████    | 6/10 [00:00<00:00, 20.38it/s]
epoch 1/5: 100%|██████████| 10/10 [00:00<00:00, 23.19it/s]
epoch=1 train_loss=0.3661 val_loss=0.1622 val_mae=0.2348 val_rmse=0.2513 val_pearson=0.1492 val_spearman=0.2385 val_majority_sentiment_accuracy=0.8966 val_majority_sentiment_macro_f1=0.3152 val_majority_sentiment_weighted_f1=0.8476

epoch 2/5:   0%|          | 0/10 [00:00<?, ?it/s]
epoch 2/5:  50%|█████     | 5/10 [00:00<00:00, 46.91it/s]
epoch 2/5: 100%|██████████| 10/10 [00:00<00:00, 49.42it/s]
epoch=2 train_loss=0.1135 val_loss=0.1021 val_mae=0.1218 val_rmse=0.1638 val_pearson=0.1880 val_spearman=0.4868 val_majority_sentiment_accuracy=0.8966 val_majority_sentiment_macro_f1=0.3152 val_majority_sentiment_weighted_f1=0.8476

epoch 3/5:   0%|          | 0/10 [00:00<?, ?it/s]
epoch 3/5:  50%|█████     | 5/10 [00:00<00:00, 46.37it/s]
epoch 3/5: 100%|██████████| 10/10 [00:00<00:00, 49.11it/s]
epoch=3 train_loss=0.1040 val_loss=0.1052 val_mae=0.1293 val_rmse=0.1660 val_pearson=0.2163 val_spearman=0.4791 val_majority_sentiment_accuracy=0.8966 val_majority_sentiment_macro_f1=0.3152 val_majority_sentiment_weighted_f1=0.8476

epoch 4/5:   0%|          | 0/10 [00:00<?, ?it/s]
epoch 4/5:  50%|█████     | 5/10 [00:00<00:00, 47.49it/s]
epoch 4/5: 100%|██████████| 10/10 [00:00<00:00, 49.52it/s]
epoch=4 train_loss=0.1219 val_loss=0.1116 val_mae=0.1516 val_rmse=0.1811 val_pearson=0.1998 val_spearman=0.4854 val_majority_sentiment_accuracy=0.8966 val_majority_sentiment_macro_f1=0.3152 val_majority_sentiment_weighted_f1=0.8476

epoch 5/5:   0%|          | 0/10 [00:00<?, ?it/s]
epoch 5/5:  50%|█████     | 5/10 [00:00<00:00, 49.66it/s]
epoch 5/5: 100%|██████████| 10/10 [00:00<00:00, 49.66it/s]
epoch 5/5: 100%|██████████| 10/10 [00:00<00:00, 49.62it/s]
epoch=5 train_loss=0.1193 val_loss=0.1114 val_mae=0.1443 val_rmse=0.1758 val_pearson=0.1998 val_spearman=0.4830 val_majority_sentiment_accuracy=0.8966 val_majority_sentiment_macro_f1=0.3152 val_majority_sentiment_weighted_f1=0.8476
saved_model=runs/20260323_092441_seed_sweep_seed_13/patchtst_baseline/artifacts/patchtst_baseline_pheme_forecast_ratio_50_train.pt
saved_config=runs/20260323_092441_seed_sweep_seed_13/patchtst_baseline/artifacts/patchtst_baseline_pheme_forecast_ratio_50_train.json
saved_summary=runs/20260323_092441_seed_sweep_seed_13/patchtst_baseline/artifacts/patchtst_baseline_pheme_forecast_ratio_50_train_summary.json
param_count=1205508
==> command_exit command=/home/alexmhliu/auto_install/miniconda3/envs/asf311/bin/python src/train.py --train_path /home/alexmhliu/affect-state-forecaster/data/processed/pheme_forecast_ratio_50_train.jsonl --model patchtst_baseline --device cuda --epochs 5 --batch_size 16 --seed 13 --capacity_group default --output_dir runs/20260323_092441_seed_sweep_seed_13/patchtst_baseline/artifacts --val_path /home/alexmhliu/affect-state-forecaster/data/processed/pheme_forecast_ratio_50_val.jsonl returncode=0
==> command_duration_seconds 5.32
==> evaluate model=patchtst_baseline

$ /home/alexmhliu/auto_install/miniconda3/envs/asf311/bin/python src/evaluate.py --data_path /home/alexmhliu/affect-state-forecaster/data/processed/pheme_forecast_ratio_50_test.jsonl --model patchtst_baseline --model_path runs/20260323_092441_seed_sweep_seed_13/patchtst_baseline/artifacts/patchtst_baseline_pheme_forecast_ratio_50_train.pt --config_path runs/20260323_092441_seed_sweep_seed_13/patchtst_baseline/artifacts/patchtst_baseline_pheme_forecast_ratio_50_train.json --device cuda --output_dir runs/20260323_092441_seed_sweep_seed_13/patchtst_baseline/eval
/tmp/asf_main_clean/src/evaluate.py:254: FutureWarning: You are using `torch.load` with `weights_only=False` (the current default value), which uses the default pickle module implicitly. It is possible to construct malicious pickle data which will execute arbitrary code during unpickling (See https://github.com/pytorch/pytorch/blob/main/SECURITY.md#untrusted-models for more details). In a future release, the default value for `weights_only` will be flipped to `True`. This limits the functions that could be executed during unpickling. Arbitrary objects will no longer be allowed to be loaded via this mode unless they are explicitly allowlisted by the user via `torch.serialization.add_safe_globals`. We recommend you start setting `weights_only=True` for any use case where you don't have full control of the loaded file. Please open an issue on GitHub for any issues related to this experimental feature.
  state = torch.load(args.model_path, map_location=args.device)
group=overall value=all num_threads=92 mae=0.1232 rmse=0.1819
group=split value=test num_threads=92 mae=0.1232 rmse=0.1819
group=observation_ratio value=0.5 num_threads=92 mae=0.1232 rmse=0.1819
group=event value=prince-toronto num_threads=12 mae=0.1138 rmse=0.1176
group=event value=putinmissing num_threads=9 mae=0.1015 rmse=0.1197
group=event value=sydneysiege num_threads=71 mae=0.1276 rmse=0.1967
saved_predictions=runs/20260323_092441_seed_sweep_seed_13/patchtst_baseline/eval/predictions.jsonl
saved_summary=runs/20260323_092441_seed_sweep_seed_13/patchtst_baseline/eval/results_summary.csv
saved_event_errors=runs/20260323_092441_seed_sweep_seed_13/patchtst_baseline/eval/error_analysis_by_event.csv
==> command_exit command=/home/alexmhliu/auto_install/miniconda3/envs/asf311/bin/python src/evaluate.py --data_path /home/alexmhliu/affect-state-forecaster/data/processed/pheme_forecast_ratio_50_test.jsonl --model patchtst_baseline --model_path runs/20260323_092441_seed_sweep_seed_13/patchtst_baseline/artifacts/patchtst_baseline_pheme_forecast_ratio_50_train.pt --config_path runs/20260323_092441_seed_sweep_seed_13/patchtst_baseline/artifacts/patchtst_baseline_pheme_forecast_ratio_50_train.json --device cuda --output_dir runs/20260323_092441_seed_sweep_seed_13/patchtst_baseline/eval returncode=0
==> command_duration_seconds 3.06
==> train model=thread_transformer_baseline

$ /home/alexmhliu/auto_install/miniconda3/envs/asf311/bin/python src/train.py --train_path /home/alexmhliu/affect-state-forecaster/data/processed/pheme_forecast_ratio_50_train.jsonl --model thread_transformer_baseline --device cuda --epochs 5 --batch_size 16 --seed 13 --capacity_group default --output_dir runs/20260323_092441_seed_sweep_seed_13/thread_transformer_baseline/artifacts --val_path /home/alexmhliu/affect-state-forecaster/data/processed/pheme_forecast_ratio_50_val.jsonl

epoch 1/5:   0%|          | 0/10 [00:00<?, ?it/s]
epoch 1/5:  10%|█         | 1/10 [00:00<00:03,  2.67it/s]
epoch 1/5:  40%|████      | 4/10 [00:00<00:00,  9.62it/s]
epoch 1/5:  70%|███████   | 7/10 [00:00<00:00, 14.31it/s]
epoch 1/5: 100%|██████████| 10/10 [00:00<00:00, 18.22it/s]
epoch 1/5: 100%|██████████| 10/10 [00:00<00:00, 13.80it/s]
/home/alexmhliu/auto_install/miniconda3/envs/asf311/lib/python3.11/site-packages/torch/nn/modules/transformer.py:502: UserWarning: The PyTorch API of nested tensors is in prototype stage and will change in the near future. (Triggered internally at ../aten/src/ATen/NestedTensorImpl.cpp:178.)
  output = torch._nested_tensor_from_mask(
epoch=1 train_loss=0.3449 val_loss=0.1265 val_mae=0.1814 val_rmse=0.2066 val_pearson=-0.0424 val_spearman=-0.2845 val_majority_sentiment_accuracy=0.8966 val_majority_sentiment_macro_f1=0.3152 val_majority_sentiment_weighted_f1=0.8476

epoch 2/5:   0%|          | 0/10 [00:00<?, ?it/s]
epoch 2/5:  30%|███       | 3/10 [00:00<00:00, 23.03it/s]
epoch 2/5:  60%|██████    | 6/10 [00:00<00:00, 22.72it/s]
epoch 2/5:  90%|█████████ | 9/10 [00:00<00:00, 24.63it/s]
epoch 2/5: 100%|██████████| 10/10 [00:00<00:00, 25.85it/s]
epoch=2 train_loss=0.1319 val_loss=0.1293 val_mae=0.2075 val_rmse=0.2290 val_pearson=-0.0183 val_spearman=-0.3288 val_majority_sentiment_accuracy=0.8966 val_majority_sentiment_macro_f1=0.3152 val_majority_sentiment_weighted_f1=0.8476

epoch 3/5:   0%|          | 0/10 [00:00<?, ?it/s]
epoch 3/5:  30%|███       | 3/10 [00:00<00:00, 26.19it/s]
epoch 3/5:  60%|██████    | 6/10 [00:00<00:00, 23.96it/s]
epoch 3/5:  90%|█████████ | 9/10 [00:00<00:00, 24.00it/s]
epoch 3/5: 100%|██████████| 10/10 [00:00<00:00, 25.93it/s]
epoch=3 train_loss=0.1300 val_loss=0.1029 val_mae=0.1167 val_rmse=0.1626 val_pearson=0.0945 val_spearman=-0.0143 val_majority_sentiment_accuracy=0.8966 val_majority_sentiment_macro_f1=0.3152 val_majority_sentiment_weighted_f1=0.8476

epoch 4/5:   0%|          | 0/10 [00:00<?, ?it/s]
epoch 4/5:  30%|███       | 3/10 [00:00<00:00, 21.96it/s]
epoch 4/5:  60%|██████    | 6/10 [00:00<00:00, 24.90it/s]
epoch 4/5:  90%|█████████ | 9/10 [00:00<00:00, 24.43it/s]
epoch 4/5: 100%|██████████| 10/10 [00:00<00:00, 26.01it/s]
epoch=4 train_loss=0.1040 val_loss=0.1140 val_mae=0.1571 val_rmse=0.1858 val_pearson=0.1637 val_spearman=0.2385 val_majority_sentiment_accuracy=0.8966 val_majority_sentiment_macro_f1=0.3152 val_majority_sentiment_weighted_f1=0.8476

epoch 5/5:   0%|          | 0/10 [00:00<?, ?it/s]
epoch 5/5:  30%|███       | 3/10 [00:00<00:00, 22.40it/s]
epoch 5/5:  60%|██████    | 6/10 [00:00<00:00, 23.27it/s]
epoch 5/5:  90%|█████████ | 9/10 [00:00<00:00, 24.94it/s]
epoch 5/5: 100%|██████████| 10/10 [00:00<00:00, 26.35it/s]
epoch=5 train_loss=0.0991 val_loss=0.1060 val_mae=0.1262 val_rmse=0.1651 val_pearson=0.1624 val_spearman=0.3594 val_majority_sentiment_accuracy=0.8966 val_majority_sentiment_macro_f1=0.3152 val_majority_sentiment_weighted_f1=0.8476
saved_model=runs/20260323_092441_seed_sweep_seed_13/thread_transformer_baseline/artifacts/thread_transformer_baseline_pheme_forecast_ratio_50_train.pt
saved_config=runs/20260323_092441_seed_sweep_seed_13/thread_transformer_baseline/artifacts/thread_transformer_baseline_pheme_forecast_ratio_50_train.json
saved_summary=runs/20260323_092441_seed_sweep_seed_13/thread_transformer_baseline/artifacts/thread_transformer_baseline_pheme_forecast_ratio_50_train_summary.json
param_count=6332420
==> command_exit command=/home/alexmhliu/auto_install/miniconda3/envs/asf311/bin/python src/train.py --train_path /home/alexmhliu/affect-state-forecaster/data/processed/pheme_forecast_ratio_50_train.jsonl --model thread_transformer_baseline --device cuda --epochs 5 --batch_size 16 --seed 13 --capacity_group default --output_dir runs/20260323_092441_seed_sweep_seed_13/thread_transformer_baseline/artifacts --val_path /home/alexmhliu/affect-state-forecaster/data/processed/pheme_forecast_ratio_50_val.jsonl returncode=0
==> command_duration_seconds 6.71
==> evaluate model=thread_transformer_baseline

$ /home/alexmhliu/auto_install/miniconda3/envs/asf311/bin/python src/evaluate.py --data_path /home/alexmhliu/affect-state-forecaster/data/processed/pheme_forecast_ratio_50_test.jsonl --model thread_transformer_baseline --model_path runs/20260323_092441_seed_sweep_seed_13/thread_transformer_baseline/artifacts/thread_transformer_baseline_pheme_forecast_ratio_50_train.pt --config_path runs/20260323_092441_seed_sweep_seed_13/thread_transformer_baseline/artifacts/thread_transformer_baseline_pheme_forecast_ratio_50_train.json --device cuda --output_dir runs/20260323_092441_seed_sweep_seed_13/thread_transformer_baseline/eval
/tmp/asf_main_clean/src/evaluate.py:254: FutureWarning: You are using `torch.load` with `weights_only=False` (the current default value), which uses the default pickle module implicitly. It is possible to construct malicious pickle data which will execute arbitrary code during unpickling (See https://github.com/pytorch/pytorch/blob/main/SECURITY.md#untrusted-models for more details). In a future release, the default value for `weights_only` will be flipped to `True`. This limits the functions that could be executed during unpickling. Arbitrary objects will no longer be allowed to be loaded via this mode unless they are explicitly allowlisted by the user via `torch.serialization.add_safe_globals`. We recommend you start setting `weights_only=True` for any use case where you don't have full control of the loaded file. Please open an issue on GitHub for any issues related to this experimental feature.
  state = torch.load(args.model_path, map_location=args.device)
/home/alexmhliu/auto_install/miniconda3/envs/asf311/lib/python3.11/site-packages/torch/nn/modules/transformer.py:502: UserWarning: The PyTorch API of nested tensors is in prototype stage and will change in the near future. (Triggered internally at ../aten/src/ATen/NestedTensorImpl.cpp:178.)
  output = torch._nested_tensor_from_mask(
group=overall value=all num_threads=92 mae=0.1126 rmse=0.1711
group=split value=test num_threads=92 mae=0.1126 rmse=0.1711
group=observation_ratio value=0.5 num_threads=92 mae=0.1126 rmse=0.1711
group=event value=prince-toronto num_threads=12 mae=0.0983 rmse=0.0997
group=event value=putinmissing num_threads=9 mae=0.1077 rmse=0.1181
group=event value=sydneysiege num_threads=71 mae=0.1156 rmse=0.1857
saved_predictions=runs/20260323_092441_seed_sweep_seed_13/thread_transformer_baseline/eval/predictions.jsonl
saved_summary=runs/20260323_092441_seed_sweep_seed_13/thread_transformer_baseline/eval/results_summary.csv
saved_event_errors=runs/20260323_092441_seed_sweep_seed_13/thread_transformer_baseline/eval/error_analysis_by_event.csv
==> command_exit command=/home/alexmhliu/auto_install/miniconda3/envs/asf311/bin/python src/evaluate.py --data_path /home/alexmhliu/affect-state-forecaster/data/processed/pheme_forecast_ratio_50_test.jsonl --model thread_transformer_baseline --model_path runs/20260323_092441_seed_sweep_seed_13/thread_transformer_baseline/artifacts/thread_transformer_baseline_pheme_forecast_ratio_50_train.pt --config_path runs/20260323_092441_seed_sweep_seed_13/thread_transformer_baseline/artifacts/thread_transformer_baseline_pheme_forecast_ratio_50_train.json --device cuda --output_dir runs/20260323_092441_seed_sweep_seed_13/thread_transformer_baseline/eval returncode=0
==> command_duration_seconds 3.3
==> summarize completed
==> anomaly temporal_baseline 未优于 text_baseline。
==> anomaly affect_state_forecaster 的 Accuracy 远高于 Macro-F1。
==> anomaly patchtst_baseline 的 Accuracy 远高于 Macro-F1。
==> anomaly structure_baseline 的 Accuracy 远高于 Macro-F1。
==> anomaly temporal_baseline 的 Accuracy 远高于 Macro-F1。
==> anomaly text_baseline 的 Accuracy 远高于 Macro-F1。
==> anomaly thread_transformer_baseline 的 Accuracy 远高于 Macro-F1。
==> summarize end_time=1774229134.9471242
