==> plan start_time=1774228851.2534504
==> plan run_id=20260323_092051_cross_event_putinmissing
==> plan experiment_type=主实验
==> plan target_hypotheses=H1,H2,H3
==> plan question=验证 held-out event=putinmissing 时各模型的 cross-event 泛化能力。
==> plan success_criteria=affect_state_forecaster 在 held-out event 上保持与主实验一致的领先趋势。
==> plan failure_criteria=若 held-out event 掉点显著，则后续优先做泛化与正则化。
==> plan dataset=/tmp/pheme_cross_event_8j60zwfh/putinmissing_train.jsonl
==> plan ratio_labels=putinmissing_train
==> plan models=text_baseline,temporal_baseline,structure_baseline,affect_state_forecaster,patchtst_baseline,thread_transformer_baseline
==> plan python=asf311:/home/alexmhliu/auto_install/miniconda3/envs/asf311/bin/python
==> plan device=cuda
==> train model=text_baseline

$ /home/alexmhliu/auto_install/miniconda3/envs/asf311/bin/python src/train.py --train_path /tmp/pheme_cross_event_8j60zwfh/putinmissing_train.jsonl --model text_baseline --device cuda --epochs 5 --batch_size 16 --seed 42 --capacity_group default --output_dir runs/20260323_092051_cross_event_putinmissing/text_baseline/artifacts --val_path /tmp/pheme_cross_event_8j60zwfh/putinmissing_val.jsonl

epoch 1/5:   0%|          | 0/14 [00:00<?, ?it/s]
epoch 1/5:   7%|▋         | 1/14 [00:00<00:03,  3.93it/s]
epoch 1/5:  50%|█████     | 7/14 [00:00<00:00, 22.91it/s]
epoch 1/5:  93%|█████████▎| 13/14 [00:00<00:00, 34.17it/s]
epoch 1/5: 100%|██████████| 14/14 [00:00<00:00, 28.43it/s]
epoch=1 train_loss=0.2098 val_loss=0.1369 val_mae=0.1869 val_rmse=0.2627 val_pearson=-0.2794 val_spearman=-0.1861 val_majority_sentiment_accuracy=0.9577 val_majority_sentiment_macro_f1=0.3261 val_majority_sentiment_weighted_f1=0.9371

epoch 2/5:   0%|          | 0/14 [00:00<?, ?it/s]
epoch 2/5:  36%|███▌      | 5/14 [00:00<00:00, 49.54it/s]
epoch 2/5:  79%|███████▊  | 11/14 [00:00<00:00, 53.60it/s]
epoch 2/5: 100%|██████████| 14/14 [00:00<00:00, 55.38it/s]
epoch=2 train_loss=0.1112 val_loss=0.1017 val_mae=0.1546 val_rmse=0.2406 val_pearson=-0.2163 val_spearman=-0.0986 val_majority_sentiment_accuracy=0.9577 val_majority_sentiment_macro_f1=0.3261 val_majority_sentiment_weighted_f1=0.9371

epoch 3/5:   0%|          | 0/14 [00:00<?, ?it/s]
epoch 3/5:  43%|████▎     | 6/14 [00:00<00:00, 54.83it/s]
epoch 3/5:  86%|████████▌ | 12/14 [00:00<00:00, 51.53it/s]
epoch 3/5: 100%|██████████| 14/14 [00:00<00:00, 55.14it/s]
epoch=3 train_loss=0.0996 val_loss=0.1010 val_mae=0.1754 val_rmse=0.2425 val_pearson=-0.2000 val_spearman=-0.0500 val_majority_sentiment_accuracy=0.9577 val_majority_sentiment_macro_f1=0.3261 val_majority_sentiment_weighted_f1=0.9371

epoch 4/5:   0%|          | 0/14 [00:00<?, ?it/s]
epoch 4/5:  36%|███▌      | 5/14 [00:00<00:00, 47.80it/s]
epoch 4/5:  79%|███████▊  | 11/14 [00:00<00:00, 52.06it/s]
epoch 4/5: 100%|██████████| 14/14 [00:00<00:00, 54.82it/s]
epoch=4 train_loss=0.0853 val_loss=0.1050 val_mae=0.1790 val_rmse=0.2454 val_pearson=-0.2542 val_spearman=-0.0828 val_majority_sentiment_accuracy=0.9577 val_majority_sentiment_macro_f1=0.3261 val_majority_sentiment_weighted_f1=0.9371

epoch 5/5:   0%|          | 0/14 [00:00<?, ?it/s]
epoch 5/5:  43%|████▎     | 6/14 [00:00<00:00, 50.67it/s]
epoch 5/5:  86%|████████▌ | 12/14 [00:00<00:00, 53.38it/s]
epoch 5/5: 100%|██████████| 14/14 [00:00<00:00, 55.23it/s]
epoch=5 train_loss=0.0758 val_loss=0.1034 val_mae=0.1551 val_rmse=0.2346 val_pearson=-0.2579 val_spearman=-0.0829 val_majority_sentiment_accuracy=0.9577 val_majority_sentiment_macro_f1=0.3261 val_majority_sentiment_weighted_f1=0.9371
saved_model=runs/20260323_092051_cross_event_putinmissing/text_baseline/artifacts/text_baseline_putinmissing_train.pt
saved_config=runs/20260323_092051_cross_event_putinmissing/text_baseline/artifacts/text_baseline_putinmissing_train.json
saved_summary=runs/20260323_092051_cross_event_putinmissing/text_baseline/artifacts/text_baseline_putinmissing_train_summary.json
param_count=2577284
==> command_exit command=/home/alexmhliu/auto_install/miniconda3/envs/asf311/bin/python src/train.py --train_path /tmp/pheme_cross_event_8j60zwfh/putinmissing_train.jsonl --model text_baseline --device cuda --epochs 5 --batch_size 16 --seed 42 --capacity_group default --output_dir runs/20260323_092051_cross_event_putinmissing/text_baseline/artifacts --val_path /tmp/pheme_cross_event_8j60zwfh/putinmissing_val.jsonl returncode=0
==> command_duration_seconds 5.82
==> evaluate model=text_baseline

$ /home/alexmhliu/auto_install/miniconda3/envs/asf311/bin/python src/evaluate.py --data_path /tmp/pheme_cross_event_8j60zwfh/putinmissing_test.jsonl --model text_baseline --model_path runs/20260323_092051_cross_event_putinmissing/text_baseline/artifacts/text_baseline_putinmissing_train.pt --config_path runs/20260323_092051_cross_event_putinmissing/text_baseline/artifacts/text_baseline_putinmissing_train.json --device cuda --output_dir runs/20260323_092051_cross_event_putinmissing/text_baseline/eval
/tmp/asf_main_clean/src/evaluate.py:254: FutureWarning: You are using `torch.load` with `weights_only=False` (the current default value), which uses the default pickle module implicitly. It is possible to construct malicious pickle data which will execute arbitrary code during unpickling (See https://github.com/pytorch/pytorch/blob/main/SECURITY.md#untrusted-models for more details). In a future release, the default value for `weights_only` will be flipped to `True`. This limits the functions that could be executed during unpickling. Arbitrary objects will no longer be allowed to be loaded via this mode unless they are explicitly allowlisted by the user via `torch.serialization.add_safe_globals`. We recommend you start setting `weights_only=True` for any use case where you don't have full control of the loaded file. Please open an issue on GitHub for any issues related to this experimental feature.
  state = torch.load(args.model_path, map_location=args.device)
group=overall value=all num_threads=9 mae=0.0965 rmse=0.1291
group=split value=test num_threads=9 mae=0.0965 rmse=0.1291
group=observation_ratio value=0.5 num_threads=9 mae=0.0965 rmse=0.1291
group=event value=putinmissing num_threads=9 mae=0.0965 rmse=0.1291
saved_predictions=runs/20260323_092051_cross_event_putinmissing/text_baseline/eval/predictions.jsonl
saved_summary=runs/20260323_092051_cross_event_putinmissing/text_baseline/eval/results_summary.csv
saved_event_errors=runs/20260323_092051_cross_event_putinmissing/text_baseline/eval/error_analysis_by_event.csv
==> command_exit command=/home/alexmhliu/auto_install/miniconda3/envs/asf311/bin/python src/evaluate.py --data_path /tmp/pheme_cross_event_8j60zwfh/putinmissing_test.jsonl --model text_baseline --model_path runs/20260323_092051_cross_event_putinmissing/text_baseline/artifacts/text_baseline_putinmissing_train.pt --config_path runs/20260323_092051_cross_event_putinmissing/text_baseline/artifacts/text_baseline_putinmissing_train.json --device cuda --output_dir runs/20260323_092051_cross_event_putinmissing/text_baseline/eval returncode=0
==> command_duration_seconds 2.92
==> train model=temporal_baseline

$ /home/alexmhliu/auto_install/miniconda3/envs/asf311/bin/python src/train.py --train_path /tmp/pheme_cross_event_8j60zwfh/putinmissing_train.jsonl --model temporal_baseline --device cuda --epochs 5 --batch_size 16 --seed 42 --capacity_group default --output_dir runs/20260323_092051_cross_event_putinmissing/temporal_baseline/artifacts --val_path /tmp/pheme_cross_event_8j60zwfh/putinmissing_val.jsonl

epoch 1/5:   0%|          | 0/14 [00:00<?, ?it/s]
epoch 1/5:   7%|▋         | 1/14 [00:00<00:04,  2.73it/s]
epoch 1/5:  36%|███▌      | 5/14 [00:00<00:00, 12.56it/s]
epoch 1/5:  64%|██████▍   | 9/14 [00:00<00:00, 19.82it/s]
epoch 1/5:  93%|█████████▎| 13/14 [00:00<00:00, 24.59it/s]
epoch 1/5: 100%|██████████| 14/14 [00:00<00:00, 19.41it/s]
epoch=1 train_loss=0.2226 val_loss=0.1255 val_mae=0.1691 val_rmse=0.2542 val_pearson=-0.1900 val_spearman=-0.0114 val_majority_sentiment_accuracy=0.9577 val_majority_sentiment_macro_f1=0.3261 val_majority_sentiment_weighted_f1=0.9371

epoch 2/5:   0%|          | 0/14 [00:00<?, ?it/s]
epoch 2/5:  29%|██▊       | 4/14 [00:00<00:00, 35.33it/s]
epoch 2/5:  57%|█████▋    | 8/14 [00:00<00:00, 36.51it/s]
epoch 2/5:  86%|████████▌ | 12/14 [00:00<00:00, 33.77it/s]
epoch 2/5: 100%|██████████| 14/14 [00:00<00:00, 35.57it/s]
epoch=2 train_loss=0.1153 val_loss=0.0879 val_mae=0.1368 val_rmse=0.2204 val_pearson=-0.1845 val_spearman=-0.0409 val_majority_sentiment_accuracy=0.9577 val_majority_sentiment_macro_f1=0.3261 val_majority_sentiment_weighted_f1=0.9371

epoch 3/5:   0%|          | 0/14 [00:00<?, ?it/s]
epoch 3/5:  29%|██▊       | 4/14 [00:00<00:00, 31.20it/s]
epoch 3/5:  57%|█████▋    | 8/14 [00:00<00:00, 33.56it/s]
epoch 3/5:  86%|████████▌ | 12/14 [00:00<00:00, 34.37it/s]
epoch 3/5: 100%|██████████| 14/14 [00:00<00:00, 35.53it/s]
epoch=3 train_loss=0.0949 val_loss=0.0900 val_mae=0.1364 val_rmse=0.2153 val_pearson=-0.0985 val_spearman=-0.0383 val_majority_sentiment_accuracy=0.9577 val_majority_sentiment_macro_f1=0.3261 val_majority_sentiment_weighted_f1=0.9371

epoch 4/5:   0%|          | 0/14 [00:00<?, ?it/s]
epoch 4/5:  29%|██▊       | 4/14 [00:00<00:00, 35.99it/s]
epoch 4/5:  64%|██████▍   | 9/14 [00:00<00:00, 38.29it/s]
epoch 4/5:  93%|█████████▎| 13/14 [00:00<00:00, 34.59it/s]
epoch 4/5: 100%|██████████| 14/14 [00:00<00:00, 35.61it/s]
epoch=4 train_loss=0.0776 val_loss=0.0970 val_mae=0.1596 val_rmse=0.2272 val_pearson=-0.1235 val_spearman=-0.0391 val_majority_sentiment_accuracy=0.9577 val_majority_sentiment_macro_f1=0.3261 val_majority_sentiment_weighted_f1=0.9371

epoch 5/5:   0%|          | 0/14 [00:00<?, ?it/s]
epoch 5/5:  29%|██▊       | 4/14 [00:00<00:00, 36.29it/s]
epoch 5/5:  57%|█████▋    | 8/14 [00:00<00:00, 35.41it/s]
epoch 5/5:  86%|████████▌ | 12/14 [00:00<00:00, 33.64it/s]
epoch 5/5: 100%|██████████| 14/14 [00:00<00:00, 35.91it/s]
epoch=5 train_loss=0.0663 val_loss=0.1068 val_mae=0.1959 val_rmse=0.2566 val_pearson=-0.2175 val_spearman=-0.1113 val_majority_sentiment_accuracy=0.9577 val_majority_sentiment_macro_f1=0.3261 val_majority_sentiment_weighted_f1=0.9371
saved_model=runs/20260323_092051_cross_event_putinmissing/temporal_baseline/artifacts/temporal_baseline_putinmissing_train.pt
saved_config=runs/20260323_092051_cross_event_putinmissing/temporal_baseline/artifacts/temporal_baseline_putinmissing_train.json
saved_summary=runs/20260323_092051_cross_event_putinmissing/temporal_baseline/artifacts/temporal_baseline_putinmissing_train_summary.json
param_count=2709380
==> command_exit command=/home/alexmhliu/auto_install/miniconda3/envs/asf311/bin/python src/train.py --train_path /tmp/pheme_cross_event_8j60zwfh/putinmissing_train.jsonl --model temporal_baseline --device cuda --epochs 5 --batch_size 16 --seed 42 --capacity_group default --output_dir runs/20260323_092051_cross_event_putinmissing/temporal_baseline/artifacts --val_path /tmp/pheme_cross_event_8j60zwfh/putinmissing_val.jsonl returncode=0
==> command_duration_seconds 6.65
==> evaluate model=temporal_baseline

$ /home/alexmhliu/auto_install/miniconda3/envs/asf311/bin/python src/evaluate.py --data_path /tmp/pheme_cross_event_8j60zwfh/putinmissing_test.jsonl --model temporal_baseline --model_path runs/20260323_092051_cross_event_putinmissing/temporal_baseline/artifacts/temporal_baseline_putinmissing_train.pt --config_path runs/20260323_092051_cross_event_putinmissing/temporal_baseline/artifacts/temporal_baseline_putinmissing_train.json --device cuda --output_dir runs/20260323_092051_cross_event_putinmissing/temporal_baseline/eval
/tmp/asf_main_clean/src/evaluate.py:254: FutureWarning: You are using `torch.load` with `weights_only=False` (the current default value), which uses the default pickle module implicitly. It is possible to construct malicious pickle data which will execute arbitrary code during unpickling (See https://github.com/pytorch/pytorch/blob/main/SECURITY.md#untrusted-models for more details). In a future release, the default value for `weights_only` will be flipped to `True`. This limits the functions that could be executed during unpickling. Arbitrary objects will no longer be allowed to be loaded via this mode unless they are explicitly allowlisted by the user via `torch.serialization.add_safe_globals`. We recommend you start setting `weights_only=True` for any use case where you don't have full control of the loaded file. Please open an issue on GitHub for any issues related to this experimental feature.
  state = torch.load(args.model_path, map_location=args.device)
group=overall value=all num_threads=9 mae=0.1010 rmse=0.1295
group=split value=test num_threads=9 mae=0.1010 rmse=0.1295
group=observation_ratio value=0.5 num_threads=9 mae=0.1010 rmse=0.1295
group=event value=putinmissing num_threads=9 mae=0.1010 rmse=0.1295
saved_predictions=runs/20260323_092051_cross_event_putinmissing/temporal_baseline/eval/predictions.jsonl
saved_summary=runs/20260323_092051_cross_event_putinmissing/temporal_baseline/eval/results_summary.csv
saved_event_errors=runs/20260323_092051_cross_event_putinmissing/temporal_baseline/eval/error_analysis_by_event.csv
==> command_exit command=/home/alexmhliu/auto_install/miniconda3/envs/asf311/bin/python src/evaluate.py --data_path /tmp/pheme_cross_event_8j60zwfh/putinmissing_test.jsonl --model temporal_baseline --model_path runs/20260323_092051_cross_event_putinmissing/temporal_baseline/artifacts/temporal_baseline_putinmissing_train.pt --config_path runs/20260323_092051_cross_event_putinmissing/temporal_baseline/artifacts/temporal_baseline_putinmissing_train.json --device cuda --output_dir runs/20260323_092051_cross_event_putinmissing/temporal_baseline/eval returncode=0
==> command_duration_seconds 3.04
==> train model=structure_baseline

$ /home/alexmhliu/auto_install/miniconda3/envs/asf311/bin/python src/train.py --train_path /tmp/pheme_cross_event_8j60zwfh/putinmissing_train.jsonl --model structure_baseline --device cuda --epochs 5 --batch_size 16 --seed 42 --capacity_group default --output_dir runs/20260323_092051_cross_event_putinmissing/structure_baseline/artifacts --val_path /tmp/pheme_cross_event_8j60zwfh/putinmissing_val.jsonl

epoch 1/5:   0%|          | 0/14 [00:00<?, ?it/s]
epoch 1/5:   7%|▋         | 1/14 [00:00<00:03,  3.85it/s]
epoch 1/5:  43%|████▎     | 6/14 [00:00<00:00, 20.23it/s]
epoch 1/5:  86%|████████▌ | 12/14 [00:00<00:00, 32.05it/s]
epoch 1/5: 100%|██████████| 14/14 [00:00<00:00, 27.09it/s]
epoch=1 train_loss=0.1587 val_loss=0.0911 val_mae=0.1346 val_rmse=0.2130 val_pearson=-0.3694 val_spearman=-0.1533 val_majority_sentiment_accuracy=0.9577 val_majority_sentiment_macro_f1=0.3261 val_majority_sentiment_weighted_f1=0.9371

epoch 2/5:   0%|          | 0/14 [00:00<?, ?it/s]
epoch 2/5:  43%|████▎     | 6/14 [00:00<00:00, 52.07it/s]
epoch 2/5:  86%|████████▌ | 12/14 [00:00<00:00, 49.43it/s]
epoch 2/5: 100%|██████████| 14/14 [00:00<00:00, 51.52it/s]
epoch=2 train_loss=0.1171 val_loss=0.0948 val_mae=0.1286 val_rmse=0.2195 val_pearson=-0.3140 val_spearman=0.0585 val_majority_sentiment_accuracy=0.9577 val_majority_sentiment_macro_f1=0.3261 val_majority_sentiment_weighted_f1=0.9371

epoch 3/5:   0%|          | 0/14 [00:00<?, ?it/s]
epoch 3/5:  36%|███▌      | 5/14 [00:00<00:00, 48.40it/s]
epoch 3/5:  79%|███████▊  | 11/14 [00:00<00:00, 51.50it/s]
epoch 3/5: 100%|██████████| 14/14 [00:00<00:00, 51.77it/s]
epoch=3 train_loss=0.1099 val_loss=0.0971 val_mae=0.1646 val_rmse=0.2203 val_pearson=-0.3058 val_spearman=0.1988 val_majority_sentiment_accuracy=0.9577 val_majority_sentiment_macro_f1=0.3261 val_majority_sentiment_weighted_f1=0.9371

epoch 4/5:   0%|          | 0/14 [00:00<?, ?it/s]
epoch 4/5:  36%|███▌      | 5/14 [00:00<00:00, 44.39it/s]
epoch 4/5:  79%|███████▊  | 11/14 [00:00<00:00, 50.99it/s]
epoch 4/5: 100%|██████████| 14/14 [00:00<00:00, 51.79it/s]
epoch=4 train_loss=0.1070 val_loss=0.0887 val_mae=0.1201 val_rmse=0.2002 val_pearson=-0.4303 val_spearman=-0.0157 val_majority_sentiment_accuracy=0.9577 val_majority_sentiment_macro_f1=0.3261 val_majority_sentiment_weighted_f1=0.9371

epoch 5/5:   0%|          | 0/14 [00:00<?, ?it/s]
epoch 5/5:  43%|████▎     | 6/14 [00:00<00:00, 52.47it/s]
epoch 5/5:  86%|████████▌ | 12/14 [00:00<00:00, 48.37it/s]
epoch 5/5: 100%|██████████| 14/14 [00:00<00:00, 51.13it/s]
epoch=5 train_loss=0.1023 val_loss=0.0957 val_mae=0.1584 val_rmse=0.2172 val_pearson=-0.4353 val_spearman=0.0476 val_majority_sentiment_accuracy=0.9577 val_majority_sentiment_macro_f1=0.3261 val_majority_sentiment_weighted_f1=0.9371
saved_model=runs/20260323_092051_cross_event_putinmissing/structure_baseline/artifacts/structure_baseline_putinmissing_train.pt
saved_config=runs/20260323_092051_cross_event_putinmissing/structure_baseline/artifacts/structure_baseline_putinmissing_train.json
saved_summary=runs/20260323_092051_cross_event_putinmissing/structure_baseline/artifacts/structure_baseline_putinmissing_train_summary.json
param_count=2595076
==> command_exit command=/home/alexmhliu/auto_install/miniconda3/envs/asf311/bin/python src/train.py --train_path /tmp/pheme_cross_event_8j60zwfh/putinmissing_train.jsonl --model structure_baseline --device cuda --epochs 5 --batch_size 16 --seed 42 --capacity_group default --output_dir runs/20260323_092051_cross_event_putinmissing/structure_baseline/artifacts --val_path /tmp/pheme_cross_event_8j60zwfh/putinmissing_val.jsonl returncode=0
==> command_duration_seconds 5.92
==> evaluate model=structure_baseline

$ /home/alexmhliu/auto_install/miniconda3/envs/asf311/bin/python src/evaluate.py --data_path /tmp/pheme_cross_event_8j60zwfh/putinmissing_test.jsonl --model structure_baseline --model_path runs/20260323_092051_cross_event_putinmissing/structure_baseline/artifacts/structure_baseline_putinmissing_train.pt --config_path runs/20260323_092051_cross_event_putinmissing/structure_baseline/artifacts/structure_baseline_putinmissing_train.json --device cuda --output_dir runs/20260323_092051_cross_event_putinmissing/structure_baseline/eval
/tmp/asf_main_clean/src/evaluate.py:254: FutureWarning: You are using `torch.load` with `weights_only=False` (the current default value), which uses the default pickle module implicitly. It is possible to construct malicious pickle data which will execute arbitrary code during unpickling (See https://github.com/pytorch/pytorch/blob/main/SECURITY.md#untrusted-models for more details). In a future release, the default value for `weights_only` will be flipped to `True`. This limits the functions that could be executed during unpickling. Arbitrary objects will no longer be allowed to be loaded via this mode unless they are explicitly allowlisted by the user via `torch.serialization.add_safe_globals`. We recommend you start setting `weights_only=True` for any use case where you don't have full control of the loaded file. Please open an issue on GitHub for any issues related to this experimental feature.
  state = torch.load(args.model_path, map_location=args.device)
group=overall value=all num_threads=9 mae=0.1053 rmse=0.1265
group=split value=test num_threads=9 mae=0.1053 rmse=0.1265
group=observation_ratio value=0.5 num_threads=9 mae=0.1053 rmse=0.1265
group=event value=putinmissing num_threads=9 mae=0.1053 rmse=0.1265
saved_predictions=runs/20260323_092051_cross_event_putinmissing/structure_baseline/eval/predictions.jsonl
saved_summary=runs/20260323_092051_cross_event_putinmissing/structure_baseline/eval/results_summary.csv
saved_event_errors=runs/20260323_092051_cross_event_putinmissing/structure_baseline/eval/error_analysis_by_event.csv
==> command_exit command=/home/alexmhliu/auto_install/miniconda3/envs/asf311/bin/python src/evaluate.py --data_path /tmp/pheme_cross_event_8j60zwfh/putinmissing_test.jsonl --model structure_baseline --model_path runs/20260323_092051_cross_event_putinmissing/structure_baseline/artifacts/structure_baseline_putinmissing_train.pt --config_path runs/20260323_092051_cross_event_putinmissing/structure_baseline/artifacts/structure_baseline_putinmissing_train.json --device cuda --output_dir runs/20260323_092051_cross_event_putinmissing/structure_baseline/eval returncode=0
==> command_duration_seconds 2.95
==> train model=affect_state_forecaster

$ /home/alexmhliu/auto_install/miniconda3/envs/asf311/bin/python src/train.py --train_path /tmp/pheme_cross_event_8j60zwfh/putinmissing_train.jsonl --model affect_state_forecaster --device cuda --epochs 5 --batch_size 16 --seed 42 --capacity_group default --output_dir runs/20260323_092051_cross_event_putinmissing/affect_state_forecaster/artifacts --val_path /tmp/pheme_cross_event_8j60zwfh/putinmissing_val.jsonl

epoch 1/5:   0%|          | 0/14 [00:00<?, ?it/s]
epoch 1/5:   7%|▋         | 1/14 [00:00<00:04,  2.80it/s]
epoch 1/5:  36%|███▌      | 5/14 [00:00<00:00, 12.90it/s]
epoch 1/5:  64%|██████▍   | 9/14 [00:00<00:00, 19.63it/s]
epoch 1/5:  86%|████████▌ | 12/14 [00:00<00:00, 21.93it/s]
epoch 1/5: 100%|██████████| 14/14 [00:00<00:00, 18.42it/s]
epoch=1 train_loss=0.1937 val_loss=0.0941 val_mae=0.1594 val_rmse=0.2087 val_pearson=-0.4194 val_spearman=-0.2154 val_majority_sentiment_accuracy=0.9577 val_majority_sentiment_macro_f1=0.3261 val_majority_sentiment_weighted_f1=0.9371

epoch 2/5:   0%|          | 0/14 [00:00<?, ?it/s]
epoch 2/5:  29%|██▊       | 4/14 [00:00<00:00, 30.75it/s]
epoch 2/5:  57%|█████▋    | 8/14 [00:00<00:00, 32.02it/s]
epoch 2/5:  86%|████████▌ | 12/14 [00:00<00:00, 32.99it/s]
epoch 2/5: 100%|██████████| 14/14 [00:00<00:00, 32.90it/s]
epoch=2 train_loss=0.1190 val_loss=0.0858 val_mae=0.1033 val_rmse=0.1914 val_pearson=0.0838 val_spearman=0.1699 val_majority_sentiment_accuracy=0.9577 val_majority_sentiment_macro_f1=0.3261 val_majority_sentiment_weighted_f1=0.9371

epoch 3/5:   0%|          | 0/14 [00:00<?, ?it/s]
epoch 3/5:  29%|██▊       | 4/14 [00:00<00:00, 31.97it/s]
epoch 3/5:  57%|█████▋    | 8/14 [00:00<00:00, 32.23it/s]
epoch 3/5:  86%|████████▌ | 12/14 [00:00<00:00, 31.86it/s]
epoch 3/5: 100%|██████████| 14/14 [00:00<00:00, 32.81it/s]
epoch=3 train_loss=0.1118 val_loss=0.0835 val_mae=0.1237 val_rmse=0.1883 val_pearson=-0.1638 val_spearman=0.0979 val_majority_sentiment_accuracy=0.9577 val_majority_sentiment_macro_f1=0.3261 val_majority_sentiment_weighted_f1=0.9371

epoch 4/5:   0%|          | 0/14 [00:00<?, ?it/s]
epoch 4/5:  29%|██▊       | 4/14 [00:00<00:00, 29.76it/s]
epoch 4/5:  57%|█████▋    | 8/14 [00:00<00:00, 32.36it/s]
epoch 4/5:  86%|████████▌ | 12/14 [00:00<00:00, 31.99it/s]
epoch 4/5: 100%|██████████| 14/14 [00:00<00:00, 32.87it/s]
epoch=4 train_loss=0.1131 val_loss=0.0878 val_mae=0.1421 val_rmse=0.1971 val_pearson=-0.2528 val_spearman=0.0086 val_majority_sentiment_accuracy=0.9577 val_majority_sentiment_macro_f1=0.3261 val_majority_sentiment_weighted_f1=0.9371

epoch 5/5:   0%|          | 0/14 [00:00<?, ?it/s]
epoch 5/5:  21%|██▏       | 3/14 [00:00<00:00, 29.84it/s]
epoch 5/5:  50%|█████     | 7/14 [00:00<00:00, 32.10it/s]
epoch 5/5:  79%|███████▊  | 11/14 [00:00<00:00, 31.96it/s]
epoch 5/5: 100%|██████████| 14/14 [00:00<00:00, 33.00it/s]
epoch=5 train_loss=0.1090 val_loss=0.0894 val_mae=0.1202 val_rmse=0.1900 val_pearson=-0.2488 val_spearman=0.0145 val_majority_sentiment_accuracy=0.9577 val_majority_sentiment_macro_f1=0.3261 val_majority_sentiment_weighted_f1=0.9371
saved_model=runs/20260323_092051_cross_event_putinmissing/affect_state_forecaster/artifacts/affect_state_forecaster_putinmissing_train.pt
saved_config=runs/20260323_092051_cross_event_putinmissing/affect_state_forecaster/artifacts/affect_state_forecaster_putinmissing_train.json
saved_summary=runs/20260323_092051_cross_event_putinmissing/affect_state_forecaster/artifacts/affect_state_forecaster_putinmissing_train_summary.json
param_count=5417259
==> command_exit command=/home/alexmhliu/auto_install/miniconda3/envs/asf311/bin/python src/train.py --train_path /tmp/pheme_cross_event_8j60zwfh/putinmissing_train.jsonl --model affect_state_forecaster --device cuda --epochs 5 --batch_size 16 --seed 42 --capacity_group default --output_dir runs/20260323_092051_cross_event_putinmissing/affect_state_forecaster/artifacts --val_path /tmp/pheme_cross_event_8j60zwfh/putinmissing_val.jsonl returncode=0
==> command_duration_seconds 7.02
==> evaluate model=affect_state_forecaster

$ /home/alexmhliu/auto_install/miniconda3/envs/asf311/bin/python src/evaluate.py --data_path /tmp/pheme_cross_event_8j60zwfh/putinmissing_test.jsonl --model affect_state_forecaster --model_path runs/20260323_092051_cross_event_putinmissing/affect_state_forecaster/artifacts/affect_state_forecaster_putinmissing_train.pt --config_path runs/20260323_092051_cross_event_putinmissing/affect_state_forecaster/artifacts/affect_state_forecaster_putinmissing_train.json --device cuda --output_dir runs/20260323_092051_cross_event_putinmissing/affect_state_forecaster/eval
/tmp/asf_main_clean/src/evaluate.py:254: FutureWarning: You are using `torch.load` with `weights_only=False` (the current default value), which uses the default pickle module implicitly. It is possible to construct malicious pickle data which will execute arbitrary code during unpickling (See https://github.com/pytorch/pytorch/blob/main/SECURITY.md#untrusted-models for more details). In a future release, the default value for `weights_only` will be flipped to `True`. This limits the functions that could be executed during unpickling. Arbitrary objects will no longer be allowed to be loaded via this mode unless they are explicitly allowlisted by the user via `torch.serialization.add_safe_globals`. We recommend you start setting `weights_only=True` for any use case where you don't have full control of the loaded file. Please open an issue on GitHub for any issues related to this experimental feature.
  state = torch.load(args.model_path, map_location=args.device)
group=overall value=all num_threads=9 mae=0.1171 rmse=0.1276
group=split value=test num_threads=9 mae=0.1171 rmse=0.1276
group=observation_ratio value=0.5 num_threads=9 mae=0.1171 rmse=0.1276
group=event value=putinmissing num_threads=9 mae=0.1171 rmse=0.1276
saved_predictions=runs/20260323_092051_cross_event_putinmissing/affect_state_forecaster/eval/predictions.jsonl
saved_summary=runs/20260323_092051_cross_event_putinmissing/affect_state_forecaster/eval/results_summary.csv
saved_event_errors=runs/20260323_092051_cross_event_putinmissing/affect_state_forecaster/eval/error_analysis_by_event.csv
==> command_exit command=/home/alexmhliu/auto_install/miniconda3/envs/asf311/bin/python src/evaluate.py --data_path /tmp/pheme_cross_event_8j60zwfh/putinmissing_test.jsonl --model affect_state_forecaster --model_path runs/20260323_092051_cross_event_putinmissing/affect_state_forecaster/artifacts/affect_state_forecaster_putinmissing_train.pt --config_path runs/20260323_092051_cross_event_putinmissing/affect_state_forecaster/artifacts/affect_state_forecaster_putinmissing_train.json --device cuda --output_dir runs/20260323_092051_cross_event_putinmissing/affect_state_forecaster/eval returncode=0
==> command_duration_seconds 3.1
==> train model=patchtst_baseline

$ /home/alexmhliu/auto_install/miniconda3/envs/asf311/bin/python src/train.py --train_path /tmp/pheme_cross_event_8j60zwfh/putinmissing_train.jsonl --model patchtst_baseline --device cuda --epochs 5 --batch_size 16 --seed 42 --capacity_group default --output_dir runs/20260323_092051_cross_event_putinmissing/patchtst_baseline/artifacts --val_path /tmp/pheme_cross_event_8j60zwfh/putinmissing_val.jsonl

epoch 1/5:   0%|          | 0/14 [00:00<?, ?it/s]
epoch 1/5:   7%|▋         | 1/14 [00:00<00:03,  4.10it/s]
epoch 1/5:  43%|████▎     | 6/14 [00:00<00:00, 20.45it/s]
epoch 1/5:  86%|████████▌ | 12/14 [00:00<00:00, 31.96it/s]
epoch 1/5: 100%|██████████| 14/14 [00:00<00:00, 27.79it/s]
epoch=1 train_loss=0.2146 val_loss=0.0895 val_mae=0.0970 val_rmse=0.2029 val_pearson=-0.1079 val_spearman=0.3058 val_majority_sentiment_accuracy=0.9577 val_majority_sentiment_macro_f1=0.3261 val_majority_sentiment_weighted_f1=0.9371

epoch 2/5:   0%|          | 0/14 [00:00<?, ?it/s]
epoch 2/5:  36%|███▌      | 5/14 [00:00<00:00, 49.47it/s]
epoch 2/5:  79%|███████▊  | 11/14 [00:00<00:00, 50.85it/s]
epoch 2/5: 100%|██████████| 14/14 [00:00<00:00, 51.05it/s]
epoch=2 train_loss=0.1134 val_loss=0.0852 val_mae=0.0994 val_rmse=0.1931 val_pearson=-0.1254 val_spearman=0.2890 val_majority_sentiment_accuracy=0.9577 val_majority_sentiment_macro_f1=0.3261 val_majority_sentiment_weighted_f1=0.9371

epoch 3/5:   0%|          | 0/14 [00:00<?, ?it/s]
epoch 3/5:  43%|████▎     | 6/14 [00:00<00:00, 51.56it/s]
epoch 3/5:  86%|████████▌ | 12/14 [00:00<00:00, 50.63it/s]
epoch 3/5: 100%|██████████| 14/14 [00:00<00:00, 50.86it/s]
epoch=3 train_loss=0.1045 val_loss=0.0869 val_mae=0.1086 val_rmse=0.1902 val_pearson=-0.1334 val_spearman=0.2850 val_majority_sentiment_accuracy=0.9577 val_majority_sentiment_macro_f1=0.3261 val_majority_sentiment_weighted_f1=0.9371

epoch 4/5:   0%|          | 0/14 [00:00<?, ?it/s]
epoch 4/5:  36%|███▌      | 5/14 [00:00<00:00, 45.78it/s]
epoch 4/5:  79%|███████▊  | 11/14 [00:00<00:00, 48.59it/s]
epoch 4/5: 100%|██████████| 14/14 [00:00<00:00, 50.93it/s]
epoch=4 train_loss=0.1026 val_loss=0.0866 val_mae=0.1215 val_rmse=0.1944 val_pearson=-0.1348 val_spearman=0.2818 val_majority_sentiment_accuracy=0.9577 val_majority_sentiment_macro_f1=0.3261 val_majority_sentiment_weighted_f1=0.9371

epoch 5/5:   0%|          | 0/14 [00:00<?, ?it/s]
epoch 5/5:  36%|███▌      | 5/14 [00:00<00:00, 49.07it/s]
epoch 5/5:  79%|███████▊  | 11/14 [00:00<00:00, 50.06it/s]
epoch 5/5: 100%|██████████| 14/14 [00:00<00:00, 51.11it/s]
epoch=5 train_loss=0.1052 val_loss=0.0870 val_mae=0.1322 val_rmse=0.1983 val_pearson=-0.1353 val_spearman=0.2670 val_majority_sentiment_accuracy=0.9577 val_majority_sentiment_macro_f1=0.3261 val_majority_sentiment_weighted_f1=0.9371
saved_model=runs/20260323_092051_cross_event_putinmissing/patchtst_baseline/artifacts/patchtst_baseline_putinmissing_train.pt
saved_config=runs/20260323_092051_cross_event_putinmissing/patchtst_baseline/artifacts/patchtst_baseline_putinmissing_train.json
saved_summary=runs/20260323_092051_cross_event_putinmissing/patchtst_baseline/artifacts/patchtst_baseline_putinmissing_train_summary.json
param_count=1205508
==> command_exit command=/home/alexmhliu/auto_install/miniconda3/envs/asf311/bin/python src/train.py --train_path /tmp/pheme_cross_event_8j60zwfh/putinmissing_train.jsonl --model patchtst_baseline --device cuda --epochs 5 --batch_size 16 --seed 42 --capacity_group default --output_dir runs/20260323_092051_cross_event_putinmissing/patchtst_baseline/artifacts --val_path /tmp/pheme_cross_event_8j60zwfh/putinmissing_val.jsonl returncode=0
==> command_duration_seconds 5.82
==> evaluate model=patchtst_baseline

$ /home/alexmhliu/auto_install/miniconda3/envs/asf311/bin/python src/evaluate.py --data_path /tmp/pheme_cross_event_8j60zwfh/putinmissing_test.jsonl --model patchtst_baseline --model_path runs/20260323_092051_cross_event_putinmissing/patchtst_baseline/artifacts/patchtst_baseline_putinmissing_train.pt --config_path runs/20260323_092051_cross_event_putinmissing/patchtst_baseline/artifacts/patchtst_baseline_putinmissing_train.json --device cuda --output_dir runs/20260323_092051_cross_event_putinmissing/patchtst_baseline/eval
/tmp/asf_main_clean/src/evaluate.py:254: FutureWarning: You are using `torch.load` with `weights_only=False` (the current default value), which uses the default pickle module implicitly. It is possible to construct malicious pickle data which will execute arbitrary code during unpickling (See https://github.com/pytorch/pytorch/blob/main/SECURITY.md#untrusted-models for more details). In a future release, the default value for `weights_only` will be flipped to `True`. This limits the functions that could be executed during unpickling. Arbitrary objects will no longer be allowed to be loaded via this mode unless they are explicitly allowlisted by the user via `torch.serialization.add_safe_globals`. We recommend you start setting `weights_only=True` for any use case where you don't have full control of the loaded file. Please open an issue on GitHub for any issues related to this experimental feature.
  state = torch.load(args.model_path, map_location=args.device)
group=overall value=all num_threads=9 mae=0.0681 rmse=0.1096
group=split value=test num_threads=9 mae=0.0681 rmse=0.1096
group=observation_ratio value=0.5 num_threads=9 mae=0.0681 rmse=0.1096
group=event value=putinmissing num_threads=9 mae=0.0681 rmse=0.1096
saved_predictions=runs/20260323_092051_cross_event_putinmissing/patchtst_baseline/eval/predictions.jsonl
saved_summary=runs/20260323_092051_cross_event_putinmissing/patchtst_baseline/eval/results_summary.csv
saved_event_errors=runs/20260323_092051_cross_event_putinmissing/patchtst_baseline/eval/error_analysis_by_event.csv
==> command_exit command=/home/alexmhliu/auto_install/miniconda3/envs/asf311/bin/python src/evaluate.py --data_path /tmp/pheme_cross_event_8j60zwfh/putinmissing_test.jsonl --model patchtst_baseline --model_path runs/20260323_092051_cross_event_putinmissing/patchtst_baseline/artifacts/patchtst_baseline_putinmissing_train.pt --config_path runs/20260323_092051_cross_event_putinmissing/patchtst_baseline/artifacts/patchtst_baseline_putinmissing_train.json --device cuda --output_dir runs/20260323_092051_cross_event_putinmissing/patchtst_baseline/eval returncode=0
==> command_duration_seconds 2.98
==> train model=thread_transformer_baseline

$ /home/alexmhliu/auto_install/miniconda3/envs/asf311/bin/python src/train.py --train_path /tmp/pheme_cross_event_8j60zwfh/putinmissing_train.jsonl --model thread_transformer_baseline --device cuda --epochs 5 --batch_size 16 --seed 42 --capacity_group default --output_dir runs/20260323_092051_cross_event_putinmissing/thread_transformer_baseline/artifacts --val_path /tmp/pheme_cross_event_8j60zwfh/putinmissing_val.jsonl

epoch 1/5:   0%|          | 0/14 [00:00<?, ?it/s]
epoch 1/5:   7%|▋         | 1/14 [00:00<00:04,  2.64it/s]
epoch 1/5:  29%|██▊       | 4/14 [00:00<00:01,  9.89it/s]
epoch 1/5:  50%|█████     | 7/14 [00:00<00:00, 14.67it/s]
epoch 1/5:  71%|███████▏  | 10/14 [00:00<00:00, 17.93it/s]
epoch 1/5:  93%|█████████▎| 13/14 [00:00<00:00, 20.84it/s]
epoch 1/5: 100%|██████████| 14/14 [00:00<00:00, 16.37it/s]
/home/alexmhliu/auto_install/miniconda3/envs/asf311/lib/python3.11/site-packages/torch/nn/modules/transformer.py:502: UserWarning: The PyTorch API of nested tensors is in prototype stage and will change in the near future. (Triggered internally at ../aten/src/ATen/NestedTensorImpl.cpp:178.)
  output = torch._nested_tensor_from_mask(
epoch=1 train_loss=0.2176 val_loss=0.0950 val_mae=0.1742 val_rmse=0.2178 val_pearson=-0.1505 val_spearman=0.2731 val_majority_sentiment_accuracy=0.9577 val_majority_sentiment_macro_f1=0.3261 val_majority_sentiment_weighted_f1=0.9371

epoch 2/5:   0%|          | 0/14 [00:00<?, ?it/s]
epoch 2/5:  21%|██▏       | 3/14 [00:00<00:00, 27.70it/s]
epoch 2/5:  43%|████▎     | 6/14 [00:00<00:00, 26.80it/s]
epoch 2/5:  64%|██████▍   | 9/14 [00:00<00:00, 27.80it/s]
epoch 2/5:  86%|████████▌ | 12/14 [00:00<00:00, 26.50it/s]
epoch 2/5: 100%|██████████| 14/14 [00:00<00:00, 27.12it/s]
epoch=2 train_loss=0.1086 val_loss=0.0853 val_mae=0.1066 val_rmse=0.1914 val_pearson=-0.1729 val_spearman=0.2773 val_majority_sentiment_accuracy=0.9577 val_majority_sentiment_macro_f1=0.3261 val_majority_sentiment_weighted_f1=0.9371

epoch 3/5:   0%|          | 0/14 [00:00<?, ?it/s]
epoch 3/5:  21%|██▏       | 3/14 [00:00<00:00, 25.14it/s]
epoch 3/5:  50%|█████     | 7/14 [00:00<00:00, 26.13it/s]
epoch 3/5:  71%|███████▏  | 10/14 [00:00<00:00, 25.61it/s]
epoch 3/5:  93%|█████████▎| 13/14 [00:00<00:00, 26.89it/s]
epoch 3/5: 100%|██████████| 14/14 [00:00<00:00, 27.03it/s]
epoch=3 train_loss=0.1044 val_loss=0.0850 val_mae=0.1000 val_rmse=0.1941 val_pearson=-0.1745 val_spearman=0.2551 val_majority_sentiment_accuracy=0.9577 val_majority_sentiment_macro_f1=0.3261 val_majority_sentiment_weighted_f1=0.9371

epoch 4/5:   0%|          | 0/14 [00:00<?, ?it/s]
epoch 4/5:  21%|██▏       | 3/14 [00:00<00:00, 25.06it/s]
epoch 4/5:  43%|████▎     | 6/14 [00:00<00:00, 26.65it/s]
epoch 4/5:  64%|██████▍   | 9/14 [00:00<00:00, 25.16it/s]
epoch 4/5:  86%|████████▌ | 12/14 [00:00<00:00, 25.96it/s]
epoch 4/5: 100%|██████████| 14/14 [00:00<00:00, 27.13it/s]
epoch=4 train_loss=0.1108 val_loss=0.0899 val_mae=0.0981 val_rmse=0.1979 val_pearson=-0.1676 val_spearman=0.2481 val_majority_sentiment_accuracy=0.9577 val_majority_sentiment_macro_f1=0.3261 val_majority_sentiment_weighted_f1=0.9371

epoch 5/5:   0%|          | 0/14 [00:00<?, ?it/s]
epoch 5/5:  21%|██▏       | 3/14 [00:00<00:00, 24.52it/s]
epoch 5/5:  43%|████▎     | 6/14 [00:00<00:00, 26.18it/s]
epoch 5/5:  64%|██████▍   | 9/14 [00:00<00:00, 26.15it/s]
epoch 5/5:  86%|████████▌ | 12/14 [00:00<00:00, 26.84it/s]
epoch 5/5: 100%|██████████| 14/14 [00:00<00:00, 27.33it/s]
epoch=5 train_loss=0.1081 val_loss=0.0870 val_mae=0.1068 val_rmse=0.1905 val_pearson=-0.1669 val_spearman=0.2379 val_majority_sentiment_accuracy=0.9577 val_majority_sentiment_macro_f1=0.3261 val_majority_sentiment_weighted_f1=0.9371
saved_model=runs/20260323_092051_cross_event_putinmissing/thread_transformer_baseline/artifacts/thread_transformer_baseline_putinmissing_train.pt
saved_config=runs/20260323_092051_cross_event_putinmissing/thread_transformer_baseline/artifacts/thread_transformer_baseline_putinmissing_train.json
saved_summary=runs/20260323_092051_cross_event_putinmissing/thread_transformer_baseline/artifacts/thread_transformer_baseline_putinmissing_train_summary.json
param_count=6332420
==> command_exit command=/home/alexmhliu/auto_install/miniconda3/envs/asf311/bin/python src/train.py --train_path /tmp/pheme_cross_event_8j60zwfh/putinmissing_train.jsonl --model thread_transformer_baseline --device cuda --epochs 5 --batch_size 16 --seed 42 --capacity_group default --output_dir runs/20260323_092051_cross_event_putinmissing/thread_transformer_baseline/artifacts --val_path /tmp/pheme_cross_event_8j60zwfh/putinmissing_val.jsonl returncode=0
==> command_duration_seconds 7.62
==> evaluate model=thread_transformer_baseline

$ /home/alexmhliu/auto_install/miniconda3/envs/asf311/bin/python src/evaluate.py --data_path /tmp/pheme_cross_event_8j60zwfh/putinmissing_test.jsonl --model thread_transformer_baseline --model_path runs/20260323_092051_cross_event_putinmissing/thread_transformer_baseline/artifacts/thread_transformer_baseline_putinmissing_train.pt --config_path runs/20260323_092051_cross_event_putinmissing/thread_transformer_baseline/artifacts/thread_transformer_baseline_putinmissing_train.json --device cuda --output_dir runs/20260323_092051_cross_event_putinmissing/thread_transformer_baseline/eval
/tmp/asf_main_clean/src/evaluate.py:254: FutureWarning: You are using `torch.load` with `weights_only=False` (the current default value), which uses the default pickle module implicitly. It is possible to construct malicious pickle data which will execute arbitrary code during unpickling (See https://github.com/pytorch/pytorch/blob/main/SECURITY.md#untrusted-models for more details). In a future release, the default value for `weights_only` will be flipped to `True`. This limits the functions that could be executed during unpickling. Arbitrary objects will no longer be allowed to be loaded via this mode unless they are explicitly allowlisted by the user via `torch.serialization.add_safe_globals`. We recommend you start setting `weights_only=True` for any use case where you don't have full control of the loaded file. Please open an issue on GitHub for any issues related to this experimental feature.
  state = torch.load(args.model_path, map_location=args.device)
/home/alexmhliu/auto_install/miniconda3/envs/asf311/lib/python3.11/site-packages/torch/nn/modules/transformer.py:502: UserWarning: The PyTorch API of nested tensors is in prototype stage and will change in the near future. (Triggered internally at ../aten/src/ATen/NestedTensorImpl.cpp:178.)
  output = torch._nested_tensor_from_mask(
group=overall value=all num_threads=9 mae=0.0661 rmse=0.1080
group=split value=test num_threads=9 mae=0.0661 rmse=0.1080
group=observation_ratio value=0.5 num_threads=9 mae=0.0661 rmse=0.1080
group=event value=putinmissing num_threads=9 mae=0.0661 rmse=0.1080
saved_predictions=runs/20260323_092051_cross_event_putinmissing/thread_transformer_baseline/eval/predictions.jsonl
saved_summary=runs/20260323_092051_cross_event_putinmissing/thread_transformer_baseline/eval/results_summary.csv
saved_event_errors=runs/20260323_092051_cross_event_putinmissing/thread_transformer_baseline/eval/error_analysis_by_event.csv
==> command_exit command=/home/alexmhliu/auto_install/miniconda3/envs/asf311/bin/python src/evaluate.py --data_path /tmp/pheme_cross_event_8j60zwfh/putinmissing_test.jsonl --model thread_transformer_baseline --model_path runs/20260323_092051_cross_event_putinmissing/thread_transformer_baseline/artifacts/thread_transformer_baseline_putinmissing_train.pt --config_path runs/20260323_092051_cross_event_putinmissing/thread_transformer_baseline/artifacts/thread_transformer_baseline_putinmissing_train.json --device cuda --output_dir runs/20260323_092051_cross_event_putinmissing/thread_transformer_baseline/eval returncode=0
==> command_duration_seconds 3.19
==> summarize completed
==> anomaly Affect-State Forecaster 的 MAE 明显差于 structure_baseline。
==> anomaly temporal_baseline 未优于 text_baseline。
==> summarize end_time=1774228908.2756398
