==> plan start_time=1773912735.872446
==> plan run_id=20260319_173215_seed_sweep_seed_13
==> plan experiment_type=主实验
==> plan target_hypotheses=H1,H2,H3
==> plan question=验证固定数据设置下 seed=13 时主实验结果是否稳定。
==> plan success_criteria=affect_state_forecaster 的领先关系在不同随机种子下保持一致。
==> plan failure_criteria=若不同 seed 下排序波动明显，则先做稳健性分析。
==> plan dataset=data/processed/pheme_forecast_ratio_50_train.jsonl
==> plan ratio_labels=ratio_50_train
==> plan models=text_baseline,temporal_baseline,structure_baseline,affect_state_forecaster
==> plan python=base:/home/alexmhliu/affect-state-forecaster/.venv/bin/python
==> plan device=cuda
==> train model=text_baseline

$ /home/alexmhliu/affect-state-forecaster/.venv/bin/python src/train.py --train_path data/processed/pheme_forecast_ratio_50_train.jsonl --model text_baseline --device cuda --epochs 5 --batch_size 16 --seed 13 --output_dir runs/20260319_173215_seed_sweep_seed_13/text_baseline/artifacts --val_path data/processed/pheme_forecast_ratio_50_val.jsonl

epoch 1/5:   0%|          | 0/10 [00:00<?, ?it/s]
epoch 1/5:  10%|█         | 1/10 [00:00<00:02,  3.72it/s]
epoch 1/5: 100%|██████████| 10/10 [00:00<00:00, 31.83it/s]
epoch=1 train_loss=0.2245 val_loss=0.1638 val_mae=0.1515 val_rmse=0.2103 val_pearson=-0.0358 val_spearman=0.0028 val_majority_sentiment_accuracy=0.8966 val_majority_sentiment_macro_f1=0.3152 val_majority_sentiment_weighted_f1=0.8476

epoch 2/5:   0%|          | 0/10 [00:00<?, ?it/s]
epoch 2/5: 100%|██████████| 10/10 [00:00<00:00, 204.51it/s]
epoch=2 train_loss=0.1326 val_loss=0.1369 val_mae=0.1823 val_rmse=0.2312 val_pearson=-0.0284 val_spearman=0.0612 val_majority_sentiment_accuracy=0.8966 val_majority_sentiment_macro_f1=0.3152 val_majority_sentiment_weighted_f1=0.8476

epoch 3/5:   0%|          | 0/10 [00:00<?, ?it/s]
epoch 3/5: 100%|██████████| 10/10 [00:00<00:00, 205.63it/s]
epoch=3 train_loss=0.1117 val_loss=0.1214 val_mae=0.1557 val_rmse=0.2138 val_pearson=-0.0097 val_spearman=0.1105 val_majority_sentiment_accuracy=0.8966 val_majority_sentiment_macro_f1=0.3152 val_majority_sentiment_weighted_f1=0.8476

epoch 4/5:   0%|          | 0/10 [00:00<?, ?it/s]
epoch 4/5: 100%|██████████| 10/10 [00:00<00:00, 199.28it/s]
epoch=4 train_loss=0.0862 val_loss=0.1179 val_mae=0.1410 val_rmse=0.2028 val_pearson=0.0164 val_spearman=0.1519 val_majority_sentiment_accuracy=0.8966 val_majority_sentiment_macro_f1=0.3152 val_majority_sentiment_weighted_f1=0.8476

epoch 5/5:   0%|          | 0/10 [00:00<?, ?it/s]
epoch 5/5: 100%|██████████| 10/10 [00:00<00:00, 198.82it/s]
epoch=5 train_loss=0.0928 val_loss=0.1248 val_mae=0.1576 val_rmse=0.2130 val_pearson=0.0024 val_spearman=0.1527 val_majority_sentiment_accuracy=0.8966 val_majority_sentiment_macro_f1=0.3152 val_majority_sentiment_weighted_f1=0.8476
saved_model=runs/20260319_173215_seed_sweep_seed_13/text_baseline/artifacts/text_baseline_pheme_forecast_ratio_50_train.pt
saved_config=runs/20260319_173215_seed_sweep_seed_13/text_baseline/artifacts/text_baseline_pheme_forecast_ratio_50_train.json
saved_summary=runs/20260319_173215_seed_sweep_seed_13/text_baseline/artifacts/text_baseline_pheme_forecast_ratio_50_train_summary.json
==> command_exit command=/home/alexmhliu/affect-state-forecaster/.venv/bin/python src/train.py --train_path data/processed/pheme_forecast_ratio_50_train.jsonl --model text_baseline --device cuda --epochs 5 --batch_size 16 --seed 13 --output_dir runs/20260319_173215_seed_sweep_seed_13/text_baseline/artifacts --val_path data/processed/pheme_forecast_ratio_50_val.jsonl returncode=0
==> command_duration_seconds 4.58
==> evaluate model=text_baseline

$ /home/alexmhliu/affect-state-forecaster/.venv/bin/python src/evaluate.py --data_path data/processed/pheme_forecast_ratio_50_test.jsonl --model text_baseline --model_path runs/20260319_173215_seed_sweep_seed_13/text_baseline/artifacts/text_baseline_pheme_forecast_ratio_50_train.pt --config_path runs/20260319_173215_seed_sweep_seed_13/text_baseline/artifacts/text_baseline_pheme_forecast_ratio_50_train.json --device cuda --output_dir runs/20260319_173215_seed_sweep_seed_13/text_baseline/eval
group=overall value=all num_threads=92 mae=0.1319 rmse=0.2047
group=split value=test num_threads=92 mae=0.1319 rmse=0.2047
group=observation_ratio value=0.5 num_threads=92 mae=0.1319 rmse=0.2047
group=event value=prince-toronto num_threads=12 mae=0.1209 rmse=0.1453
group=event value=putinmissing num_threads=9 mae=0.1336 rmse=0.1702
group=event value=sydneysiege num_threads=71 mae=0.1336 rmse=0.2170
saved_predictions=runs/20260319_173215_seed_sweep_seed_13/text_baseline/eval/predictions.jsonl
saved_summary=runs/20260319_173215_seed_sweep_seed_13/text_baseline/eval/results_summary.csv
saved_event_errors=runs/20260319_173215_seed_sweep_seed_13/text_baseline/eval/error_analysis_by_event.csv
==> command_exit command=/home/alexmhliu/affect-state-forecaster/.venv/bin/python src/evaluate.py --data_path data/processed/pheme_forecast_ratio_50_test.jsonl --model text_baseline --model_path runs/20260319_173215_seed_sweep_seed_13/text_baseline/artifacts/text_baseline_pheme_forecast_ratio_50_train.pt --config_path runs/20260319_173215_seed_sweep_seed_13/text_baseline/artifacts/text_baseline_pheme_forecast_ratio_50_train.json --device cuda --output_dir runs/20260319_173215_seed_sweep_seed_13/text_baseline/eval returncode=0
==> command_duration_seconds 3.01
==> train model=temporal_baseline

$ /home/alexmhliu/affect-state-forecaster/.venv/bin/python src/train.py --train_path data/processed/pheme_forecast_ratio_50_train.jsonl --model temporal_baseline --device cuda --epochs 5 --batch_size 16 --seed 13 --output_dir runs/20260319_173215_seed_sweep_seed_13/temporal_baseline/artifacts --val_path data/processed/pheme_forecast_ratio_50_val.jsonl

epoch 1/5:   0%|          | 0/10 [00:00<?, ?it/s]
epoch 1/5:  10%|█         | 1/10 [00:00<00:03,  2.74it/s]
epoch 1/5:  80%|████████  | 8/10 [00:00<00:00, 21.03it/s]
epoch 1/5: 100%|██████████| 10/10 [00:00<00:00, 19.84it/s]
epoch=1 train_loss=0.2078 val_loss=0.1461 val_mae=0.1629 val_rmse=0.2328 val_pearson=-0.2893 val_spearman=-0.2266 val_majority_sentiment_accuracy=0.8966 val_majority_sentiment_macro_f1=0.3152 val_majority_sentiment_weighted_f1=0.8476

epoch 2/5:   0%|          | 0/10 [00:00<?, ?it/s]
epoch 2/5:  70%|███████   | 7/10 [00:00<00:00, 60.30it/s]
epoch 2/5: 100%|██████████| 10/10 [00:00<00:00, 67.26it/s]
epoch=2 train_loss=0.1033 val_loss=0.1336 val_mae=0.1485 val_rmse=0.2291 val_pearson=-0.2278 val_spearman=-0.0809 val_majority_sentiment_accuracy=0.8966 val_majority_sentiment_macro_f1=0.3152 val_majority_sentiment_weighted_f1=0.8476

epoch 3/5:   0%|          | 0/10 [00:00<?, ?it/s]
epoch 3/5:  60%|██████    | 6/10 [00:00<00:00, 55.91it/s]
epoch 3/5: 100%|██████████| 10/10 [00:00<00:00, 65.75it/s]
epoch=3 train_loss=0.0991 val_loss=0.1317 val_mae=0.1576 val_rmse=0.2218 val_pearson=-0.1589 val_spearman=-0.0028 val_majority_sentiment_accuracy=0.8966 val_majority_sentiment_macro_f1=0.3152 val_majority_sentiment_weighted_f1=0.8476

epoch 4/5:   0%|          | 0/10 [00:00<?, ?it/s]
epoch 4/5:  70%|███████   | 7/10 [00:00<00:00, 61.46it/s]
epoch 4/5: 100%|██████████| 10/10 [00:00<00:00, 66.74it/s]
epoch=4 train_loss=0.0909 val_loss=0.1355 val_mae=0.1705 val_rmse=0.2266 val_pearson=-0.2117 val_spearman=0.0140 val_majority_sentiment_accuracy=0.8966 val_majority_sentiment_macro_f1=0.3152 val_majority_sentiment_weighted_f1=0.8476

epoch 5/5:   0%|          | 0/10 [00:00<?, ?it/s]
epoch 5/5:  70%|███████   | 7/10 [00:00<00:00, 64.26it/s]
epoch 5/5: 100%|██████████| 10/10 [00:00<00:00, 69.02it/s]
epoch=5 train_loss=0.0805 val_loss=0.1322 val_mae=0.1353 val_rmse=0.2143 val_pearson=-0.3350 val_spearman=-0.1051 val_majority_sentiment_accuracy=0.8966 val_majority_sentiment_macro_f1=0.3152 val_majority_sentiment_weighted_f1=0.8476
saved_model=runs/20260319_173215_seed_sweep_seed_13/temporal_baseline/artifacts/temporal_baseline_pheme_forecast_ratio_50_train.pt
saved_config=runs/20260319_173215_seed_sweep_seed_13/temporal_baseline/artifacts/temporal_baseline_pheme_forecast_ratio_50_train.json
saved_summary=runs/20260319_173215_seed_sweep_seed_13/temporal_baseline/artifacts/temporal_baseline_pheme_forecast_ratio_50_train_summary.json
==> command_exit command=/home/alexmhliu/affect-state-forecaster/.venv/bin/python src/train.py --train_path data/processed/pheme_forecast_ratio_50_train.jsonl --model temporal_baseline --device cuda --epochs 5 --batch_size 16 --seed 13 --output_dir runs/20260319_173215_seed_sweep_seed_13/temporal_baseline/artifacts --val_path data/processed/pheme_forecast_ratio_50_val.jsonl returncode=0
==> command_duration_seconds 5.28
==> evaluate model=temporal_baseline

$ /home/alexmhliu/affect-state-forecaster/.venv/bin/python src/evaluate.py --data_path data/processed/pheme_forecast_ratio_50_test.jsonl --model temporal_baseline --model_path runs/20260319_173215_seed_sweep_seed_13/temporal_baseline/artifacts/temporal_baseline_pheme_forecast_ratio_50_train.pt --config_path runs/20260319_173215_seed_sweep_seed_13/temporal_baseline/artifacts/temporal_baseline_pheme_forecast_ratio_50_train.json --device cuda --output_dir runs/20260319_173215_seed_sweep_seed_13/temporal_baseline/eval
group=overall value=all num_threads=92 mae=0.1504 rmse=0.2187
group=split value=test num_threads=92 mae=0.1504 rmse=0.2187
group=observation_ratio value=0.5 num_threads=92 mae=0.1504 rmse=0.2187
group=event value=prince-toronto num_threads=12 mae=0.1527 rmse=0.1716
group=event value=putinmissing num_threads=9 mae=0.1405 rmse=0.2094
group=event value=sydneysiege num_threads=71 mae=0.1513 rmse=0.2268
saved_predictions=runs/20260319_173215_seed_sweep_seed_13/temporal_baseline/eval/predictions.jsonl
saved_summary=runs/20260319_173215_seed_sweep_seed_13/temporal_baseline/eval/results_summary.csv
saved_event_errors=runs/20260319_173215_seed_sweep_seed_13/temporal_baseline/eval/error_analysis_by_event.csv
==> command_exit command=/home/alexmhliu/affect-state-forecaster/.venv/bin/python src/evaluate.py --data_path data/processed/pheme_forecast_ratio_50_test.jsonl --model temporal_baseline --model_path runs/20260319_173215_seed_sweep_seed_13/temporal_baseline/artifacts/temporal_baseline_pheme_forecast_ratio_50_train.pt --config_path runs/20260319_173215_seed_sweep_seed_13/temporal_baseline/artifacts/temporal_baseline_pheme_forecast_ratio_50_train.json --device cuda --output_dir runs/20260319_173215_seed_sweep_seed_13/temporal_baseline/eval returncode=0
==> command_duration_seconds 3.08
==> train model=structure_baseline

$ /home/alexmhliu/affect-state-forecaster/.venv/bin/python src/train.py --train_path data/processed/pheme_forecast_ratio_50_train.jsonl --model structure_baseline --device cuda --epochs 5 --batch_size 16 --seed 13 --output_dir runs/20260319_173215_seed_sweep_seed_13/structure_baseline/artifacts --val_path data/processed/pheme_forecast_ratio_50_val.jsonl

epoch 1/5:   0%|          | 0/10 [00:00<?, ?it/s]
epoch 1/5:  10%|█         | 1/10 [00:00<00:02,  3.62it/s]
epoch 1/5: 100%|██████████| 10/10 [00:00<00:00, 30.41it/s]
epoch=1 train_loss=0.1802 val_loss=0.1126 val_mae=0.1648 val_rmse=0.1968 val_pearson=0.1176 val_spearman=0.2469 val_majority_sentiment_accuracy=0.8966 val_majority_sentiment_macro_f1=0.3152 val_majority_sentiment_weighted_f1=0.8476

epoch 2/5:   0%|          | 0/10 [00:00<?, ?it/s]
epoch 2/5: 100%|██████████| 10/10 [00:00<00:00, 176.19it/s]
epoch=2 train_loss=0.1095 val_loss=0.1076 val_mae=0.1007 val_rmse=0.1800 val_pearson=0.0259 val_spearman=0.2097 val_majority_sentiment_accuracy=0.8966 val_majority_sentiment_macro_f1=0.3152 val_majority_sentiment_weighted_f1=0.8476

epoch 3/5:   0%|          | 0/10 [00:00<?, ?it/s]
epoch 3/5: 100%|██████████| 10/10 [00:00<00:00, 175.18it/s]
epoch=3 train_loss=0.1130 val_loss=0.1140 val_mae=0.1135 val_rmse=0.1959 val_pearson=0.0124 val_spearman=0.1178 val_majority_sentiment_accuracy=0.8966 val_majority_sentiment_macro_f1=0.3152 val_majority_sentiment_weighted_f1=0.8476

epoch 4/5:   0%|          | 0/10 [00:00<?, ?it/s]
epoch 4/5: 100%|██████████| 10/10 [00:00<00:00, 178.98it/s]
epoch=4 train_loss=0.1067 val_loss=0.1068 val_mae=0.1177 val_rmse=0.1711 val_pearson=0.0541 val_spearman=0.2624 val_majority_sentiment_accuracy=0.8966 val_majority_sentiment_macro_f1=0.3152 val_majority_sentiment_weighted_f1=0.8476

epoch 5/5:   0%|          | 0/10 [00:00<?, ?it/s]
epoch 5/5: 100%|██████████| 10/10 [00:00<00:00, 172.99it/s]
epoch=5 train_loss=0.0991 val_loss=0.1071 val_mae=0.1205 val_rmse=0.1698 val_pearson=0.0019 val_spearman=0.2105 val_majority_sentiment_accuracy=0.8966 val_majority_sentiment_macro_f1=0.3152 val_majority_sentiment_weighted_f1=0.8476
saved_model=runs/20260319_173215_seed_sweep_seed_13/structure_baseline/artifacts/structure_baseline_pheme_forecast_ratio_50_train.pt
saved_config=runs/20260319_173215_seed_sweep_seed_13/structure_baseline/artifacts/structure_baseline_pheme_forecast_ratio_50_train.json
saved_summary=runs/20260319_173215_seed_sweep_seed_13/structure_baseline/artifacts/structure_baseline_pheme_forecast_ratio_50_train_summary.json
==> command_exit command=/home/alexmhliu/affect-state-forecaster/.venv/bin/python src/train.py --train_path data/processed/pheme_forecast_ratio_50_train.jsonl --model structure_baseline --device cuda --epochs 5 --batch_size 16 --seed 13 --output_dir runs/20260319_173215_seed_sweep_seed_13/structure_baseline/artifacts --val_path data/processed/pheme_forecast_ratio_50_val.jsonl returncode=0
==> command_duration_seconds 4.62
==> evaluate model=structure_baseline

$ /home/alexmhliu/affect-state-forecaster/.venv/bin/python src/evaluate.py --data_path data/processed/pheme_forecast_ratio_50_test.jsonl --model structure_baseline --model_path runs/20260319_173215_seed_sweep_seed_13/structure_baseline/artifacts/structure_baseline_pheme_forecast_ratio_50_train.pt --config_path runs/20260319_173215_seed_sweep_seed_13/structure_baseline/artifacts/structure_baseline_pheme_forecast_ratio_50_train.json --device cuda --output_dir runs/20260319_173215_seed_sweep_seed_13/structure_baseline/eval
group=overall value=all num_threads=92 mae=0.1202 rmse=0.1883
group=split value=test num_threads=92 mae=0.1202 rmse=0.1883
group=observation_ratio value=0.5 num_threads=92 mae=0.1202 rmse=0.1883
group=event value=prince-toronto num_threads=12 mae=0.0886 rmse=0.0996
group=event value=putinmissing num_threads=9 mae=0.1162 rmse=0.1467
group=event value=sydneysiege num_threads=71 mae=0.1261 rmse=0.2038
saved_predictions=runs/20260319_173215_seed_sweep_seed_13/structure_baseline/eval/predictions.jsonl
saved_summary=runs/20260319_173215_seed_sweep_seed_13/structure_baseline/eval/results_summary.csv
saved_event_errors=runs/20260319_173215_seed_sweep_seed_13/structure_baseline/eval/error_analysis_by_event.csv
==> command_exit command=/home/alexmhliu/affect-state-forecaster/.venv/bin/python src/evaluate.py --data_path data/processed/pheme_forecast_ratio_50_test.jsonl --model structure_baseline --model_path runs/20260319_173215_seed_sweep_seed_13/structure_baseline/artifacts/structure_baseline_pheme_forecast_ratio_50_train.pt --config_path runs/20260319_173215_seed_sweep_seed_13/structure_baseline/artifacts/structure_baseline_pheme_forecast_ratio_50_train.json --device cuda --output_dir runs/20260319_173215_seed_sweep_seed_13/structure_baseline/eval returncode=0
==> command_duration_seconds 3.03
==> train model=affect_state_forecaster

$ /home/alexmhliu/affect-state-forecaster/.venv/bin/python src/train.py --train_path data/processed/pheme_forecast_ratio_50_train.jsonl --model affect_state_forecaster --device cuda --epochs 5 --batch_size 16 --seed 13 --output_dir runs/20260319_173215_seed_sweep_seed_13/affect_state_forecaster/artifacts --val_path data/processed/pheme_forecast_ratio_50_val.jsonl

epoch 1/5:   0%|          | 0/10 [00:00<?, ?it/s]
epoch 1/5:  10%|█         | 1/10 [00:00<00:03,  2.66it/s]
epoch 1/5:  70%|███████   | 7/10 [00:00<00:00, 17.67it/s]
epoch 1/5: 100%|██████████| 10/10 [00:00<00:00, 18.81it/s]
epoch=1 train_loss=0.2246 val_loss=0.1184 val_mae=0.1629 val_rmse=0.1905 val_pearson=0.0234 val_spearman=-0.0924 val_majority_sentiment_accuracy=0.8966 val_majority_sentiment_macro_f1=0.3152 val_majority_sentiment_weighted_f1=0.8476

epoch 2/5:   0%|          | 0/10 [00:00<?, ?it/s]
epoch 2/5:  60%|██████    | 6/10 [00:00<00:00, 51.30it/s]
epoch 2/5: 100%|██████████| 10/10 [00:00<00:00, 57.92it/s]
epoch=2 train_loss=0.1227 val_loss=0.1046 val_mae=0.1293 val_rmse=0.1669 val_pearson=0.0837 val_spearman=0.2556 val_majority_sentiment_accuracy=0.8966 val_majority_sentiment_macro_f1=0.3152 val_majority_sentiment_weighted_f1=0.8476

epoch 3/5:   0%|          | 0/10 [00:00<?, ?it/s]
epoch 3/5:  60%|██████    | 6/10 [00:00<00:00, 58.75it/s]
epoch 3/5: 100%|██████████| 10/10 [00:00<00:00, 57.75it/s]
epoch=3 train_loss=0.1035 val_loss=0.1128 val_mae=0.1510 val_rmse=0.1809 val_pearson=0.0777 val_spearman=0.3194 val_majority_sentiment_accuracy=0.8966 val_majority_sentiment_macro_f1=0.3152 val_majority_sentiment_weighted_f1=0.8476

epoch 4/5:   0%|          | 0/10 [00:00<?, ?it/s]
epoch 4/5:  60%|██████    | 6/10 [00:00<00:00, 53.81it/s]
epoch 4/5: 100%|██████████| 10/10 [00:00<00:00, 58.52it/s]
epoch=4 train_loss=0.1009 val_loss=0.1126 val_mae=0.1441 val_rmse=0.1768 val_pearson=0.0630 val_spearman=0.3372 val_majority_sentiment_accuracy=0.8966 val_majority_sentiment_macro_f1=0.3152 val_majority_sentiment_weighted_f1=0.8476

epoch 5/5:   0%|          | 0/10 [00:00<?, ?it/s]
epoch 5/5:  60%|██████    | 6/10 [00:00<00:00, 59.17it/s]
epoch 5/5: 100%|██████████| 10/10 [00:00<00:00, 59.16it/s]
epoch=5 train_loss=0.1048 val_loss=0.1201 val_mae=0.1699 val_rmse=0.1961 val_pearson=0.0595 val_spearman=0.3235 val_majority_sentiment_accuracy=0.8966 val_majority_sentiment_macro_f1=0.3152 val_majority_sentiment_weighted_f1=0.8476
saved_model=runs/20260319_173215_seed_sweep_seed_13/affect_state_forecaster/artifacts/affect_state_forecaster_pheme_forecast_ratio_50_train.pt
saved_config=runs/20260319_173215_seed_sweep_seed_13/affect_state_forecaster/artifacts/affect_state_forecaster_pheme_forecast_ratio_50_train.json
saved_summary=runs/20260319_173215_seed_sweep_seed_13/affect_state_forecaster/artifacts/affect_state_forecaster_pheme_forecast_ratio_50_train_summary.json
==> command_exit command=/home/alexmhliu/affect-state-forecaster/.venv/bin/python src/train.py --train_path data/processed/pheme_forecast_ratio_50_train.jsonl --model affect_state_forecaster --device cuda --epochs 5 --batch_size 16 --seed 13 --output_dir runs/20260319_173215_seed_sweep_seed_13/affect_state_forecaster/artifacts --val_path data/processed/pheme_forecast_ratio_50_val.jsonl returncode=0
==> command_duration_seconds 5.43
==> evaluate model=affect_state_forecaster

$ /home/alexmhliu/affect-state-forecaster/.venv/bin/python src/evaluate.py --data_path data/processed/pheme_forecast_ratio_50_test.jsonl --model affect_state_forecaster --model_path runs/20260319_173215_seed_sweep_seed_13/affect_state_forecaster/artifacts/affect_state_forecaster_pheme_forecast_ratio_50_train.pt --config_path runs/20260319_173215_seed_sweep_seed_13/affect_state_forecaster/artifacts/affect_state_forecaster_pheme_forecast_ratio_50_train.json --device cuda --output_dir runs/20260319_173215_seed_sweep_seed_13/affect_state_forecaster/eval
group=overall value=all num_threads=92 mae=0.1251 rmse=0.1768
group=split value=test num_threads=92 mae=0.1251 rmse=0.1768
group=observation_ratio value=0.5 num_threads=92 mae=0.1251 rmse=0.1768
group=event value=prince-toronto num_threads=12 mae=0.1194 rmse=0.1198
group=event value=putinmissing num_threads=9 mae=0.1225 rmse=0.1322
group=event value=sydneysiege num_threads=71 mae=0.1264 rmse=0.1893
saved_predictions=runs/20260319_173215_seed_sweep_seed_13/affect_state_forecaster/eval/predictions.jsonl
saved_summary=runs/20260319_173215_seed_sweep_seed_13/affect_state_forecaster/eval/results_summary.csv
saved_event_errors=runs/20260319_173215_seed_sweep_seed_13/affect_state_forecaster/eval/error_analysis_by_event.csv
==> command_exit command=/home/alexmhliu/affect-state-forecaster/.venv/bin/python src/evaluate.py --data_path data/processed/pheme_forecast_ratio_50_test.jsonl --model affect_state_forecaster --model_path runs/20260319_173215_seed_sweep_seed_13/affect_state_forecaster/artifacts/affect_state_forecaster_pheme_forecast_ratio_50_train.pt --config_path runs/20260319_173215_seed_sweep_seed_13/affect_state_forecaster/artifacts/affect_state_forecaster_pheme_forecast_ratio_50_train.json --device cuda --output_dir runs/20260319_173215_seed_sweep_seed_13/affect_state_forecaster/eval returncode=0
==> command_duration_seconds 3.14
==> summarize completed
==> anomaly temporal_baseline 未优于 text_baseline。
==> anomaly affect_state_forecaster 的 Accuracy 远高于 Macro-F1。
==> anomaly structure_baseline 的 Accuracy 远高于 Macro-F1。
==> anomaly temporal_baseline 的 Accuracy 远高于 Macro-F1。
==> anomaly text_baseline 的 Accuracy 远高于 Macro-F1。
==> summarize end_time=1773912768.0562208
