==> plan start_time=1774228736.9342797
==> plan run_id=20260323_091856_cross_event_ottawashooting
==> plan experiment_type=主实验
==> plan target_hypotheses=H1,H2,H3
==> plan question=验证 held-out event=ottawashooting 时各模型的 cross-event 泛化能力。
==> plan success_criteria=affect_state_forecaster 在 held-out event 上保持与主实验一致的领先趋势。
==> plan failure_criteria=若 held-out event 掉点显著，则后续优先做泛化与正则化。
==> plan dataset=/tmp/pheme_cross_event_8j60zwfh/ottawashooting_train.jsonl
==> plan ratio_labels=ottawashooting_train
==> plan models=text_baseline,temporal_baseline,structure_baseline,affect_state_forecaster,patchtst_baseline,thread_transformer_baseline
==> plan python=asf311:/home/alexmhliu/auto_install/miniconda3/envs/asf311/bin/python
==> plan device=cuda
==> train model=text_baseline

$ /home/alexmhliu/auto_install/miniconda3/envs/asf311/bin/python src/train.py --train_path /tmp/pheme_cross_event_8j60zwfh/ottawashooting_train.jsonl --model text_baseline --device cuda --epochs 5 --batch_size 16 --seed 42 --capacity_group default --output_dir runs/20260323_091856_cross_event_ottawashooting/text_baseline/artifacts --val_path /tmp/pheme_cross_event_8j60zwfh/ottawashooting_val.jsonl

epoch 1/5:   0%|          | 0/11 [00:00<?, ?it/s]
epoch 1/5:   9%|▉         | 1/11 [00:00<00:02,  3.96it/s]
epoch 1/5:  64%|██████▎   | 7/11 [00:00<00:00, 23.13it/s]
epoch 1/5: 100%|██████████| 11/11 [00:00<00:00, 25.13it/s]
epoch=1 train_loss=0.2189 val_loss=0.1565 val_mae=0.2007 val_rmse=0.2727 val_pearson=-0.3242 val_spearman=-0.2520 val_majority_sentiment_accuracy=0.9577 val_majority_sentiment_macro_f1=0.3261 val_majority_sentiment_weighted_f1=0.9371

epoch 2/5:   0%|          | 0/11 [00:00<?, ?it/s]
epoch 2/5:  45%|████▌     | 5/11 [00:00<00:00, 49.07it/s]
epoch 2/5: 100%|██████████| 11/11 [00:00<00:00, 55.07it/s]
epoch=2 train_loss=0.1205 val_loss=0.1068 val_mae=0.1627 val_rmse=0.2476 val_pearson=-0.2946 val_spearman=-0.1424 val_majority_sentiment_accuracy=0.9577 val_majority_sentiment_macro_f1=0.3261 val_majority_sentiment_weighted_f1=0.9371

epoch 3/5:   0%|          | 0/11 [00:00<?, ?it/s]
epoch 3/5:  55%|█████▍    | 6/11 [00:00<00:00, 53.87it/s]
epoch 3/5: 100%|██████████| 11/11 [00:00<00:00, 54.84it/s]
epoch=3 train_loss=0.0977 val_loss=0.0925 val_mae=0.1524 val_rmse=0.2266 val_pearson=-0.0511 val_spearman=0.0899 val_majority_sentiment_accuracy=0.9577 val_majority_sentiment_macro_f1=0.3261 val_majority_sentiment_weighted_f1=0.9371

epoch 4/5:   0%|          | 0/11 [00:00<?, ?it/s]
epoch 4/5:  55%|█████▍    | 6/11 [00:00<00:00, 51.54it/s]
epoch 4/5: 100%|██████████| 11/11 [00:00<00:00, 54.87it/s]
epoch=4 train_loss=0.0891 val_loss=0.0942 val_mae=0.1395 val_rmse=0.2253 val_pearson=-0.1370 val_spearman=-0.0798 val_majority_sentiment_accuracy=0.9577 val_majority_sentiment_macro_f1=0.3261 val_majority_sentiment_weighted_f1=0.9371

epoch 5/5:   0%|          | 0/11 [00:00<?, ?it/s]
epoch 5/5:  55%|█████▍    | 6/11 [00:00<00:00, 54.17it/s]
epoch 5/5: 100%|██████████| 11/11 [00:00<00:00, 55.16it/s]
epoch=5 train_loss=0.0766 val_loss=0.1013 val_mae=0.1610 val_rmse=0.2370 val_pearson=-0.2274 val_spearman=-0.0894 val_majority_sentiment_accuracy=0.9577 val_majority_sentiment_macro_f1=0.3261 val_majority_sentiment_weighted_f1=0.9371
saved_model=runs/20260323_091856_cross_event_ottawashooting/text_baseline/artifacts/text_baseline_ottawashooting_train.pt
saved_config=runs/20260323_091856_cross_event_ottawashooting/text_baseline/artifacts/text_baseline_ottawashooting_train.json
saved_summary=runs/20260323_091856_cross_event_ottawashooting/text_baseline/artifacts/text_baseline_ottawashooting_train_summary.json
param_count=2577284
==> command_exit command=/home/alexmhliu/auto_install/miniconda3/envs/asf311/bin/python src/train.py --train_path /tmp/pheme_cross_event_8j60zwfh/ottawashooting_train.jsonl --model text_baseline --device cuda --epochs 5 --batch_size 16 --seed 42 --capacity_group default --output_dir runs/20260323_091856_cross_event_ottawashooting/text_baseline/artifacts --val_path /tmp/pheme_cross_event_8j60zwfh/ottawashooting_val.jsonl returncode=0
==> command_duration_seconds 5.52
==> evaluate model=text_baseline

$ /home/alexmhliu/auto_install/miniconda3/envs/asf311/bin/python src/evaluate.py --data_path /tmp/pheme_cross_event_8j60zwfh/ottawashooting_test.jsonl --model text_baseline --model_path runs/20260323_091856_cross_event_ottawashooting/text_baseline/artifacts/text_baseline_ottawashooting_train.pt --config_path runs/20260323_091856_cross_event_ottawashooting/text_baseline/artifacts/text_baseline_ottawashooting_train.json --device cuda --output_dir runs/20260323_091856_cross_event_ottawashooting/text_baseline/eval
/tmp/asf_main_clean/src/evaluate.py:254: FutureWarning: You are using `torch.load` with `weights_only=False` (the current default value), which uses the default pickle module implicitly. It is possible to construct malicious pickle data which will execute arbitrary code during unpickling (See https://github.com/pytorch/pytorch/blob/main/SECURITY.md#untrusted-models for more details). In a future release, the default value for `weights_only` will be flipped to `True`. This limits the functions that could be executed during unpickling. Arbitrary objects will no longer be allowed to be loaded via this mode unless they are explicitly allowlisted by the user via `torch.serialization.add_safe_globals`. We recommend you start setting `weights_only=True` for any use case where you don't have full control of the loaded file. Please open an issue on GitHub for any issues related to this experimental feature.
  state = torch.load(args.model_path, map_location=args.device)
group=overall value=all num_threads=58 mae=0.1787 rmse=0.2241
group=split value=test num_threads=58 mae=0.1787 rmse=0.2241
group=observation_ratio value=0.5 num_threads=58 mae=0.1787 rmse=0.2241
group=event value=ottawashooting num_threads=58 mae=0.1787 rmse=0.2241
saved_predictions=runs/20260323_091856_cross_event_ottawashooting/text_baseline/eval/predictions.jsonl
saved_summary=runs/20260323_091856_cross_event_ottawashooting/text_baseline/eval/results_summary.csv
saved_event_errors=runs/20260323_091856_cross_event_ottawashooting/text_baseline/eval/error_analysis_by_event.csv
==> command_exit command=/home/alexmhliu/auto_install/miniconda3/envs/asf311/bin/python src/evaluate.py --data_path /tmp/pheme_cross_event_8j60zwfh/ottawashooting_test.jsonl --model text_baseline --model_path runs/20260323_091856_cross_event_ottawashooting/text_baseline/artifacts/text_baseline_ottawashooting_train.pt --config_path runs/20260323_091856_cross_event_ottawashooting/text_baseline/artifacts/text_baseline_ottawashooting_train.json --device cuda --output_dir runs/20260323_091856_cross_event_ottawashooting/text_baseline/eval returncode=0
==> command_duration_seconds 3.0
==> train model=temporal_baseline

$ /home/alexmhliu/auto_install/miniconda3/envs/asf311/bin/python src/train.py --train_path /tmp/pheme_cross_event_8j60zwfh/ottawashooting_train.jsonl --model temporal_baseline --device cuda --epochs 5 --batch_size 16 --seed 42 --capacity_group default --output_dir runs/20260323_091856_cross_event_ottawashooting/temporal_baseline/artifacts --val_path /tmp/pheme_cross_event_8j60zwfh/ottawashooting_val.jsonl

epoch 1/5:   0%|          | 0/11 [00:00<?, ?it/s]
epoch 1/5:   9%|▉         | 1/11 [00:00<00:03,  2.88it/s]
epoch 1/5:  45%|████▌     | 5/11 [00:00<00:00, 12.47it/s]
epoch 1/5:  82%|████████▏ | 9/11 [00:00<00:00, 19.36it/s]
epoch 1/5: 100%|██████████| 11/11 [00:00<00:00, 17.33it/s]
epoch=1 train_loss=0.2651 val_loss=0.1564 val_mae=0.1867 val_rmse=0.2664 val_pearson=-0.0169 val_spearman=0.0182 val_majority_sentiment_accuracy=0.9577 val_majority_sentiment_macro_f1=0.3261 val_majority_sentiment_weighted_f1=0.9371

epoch 2/5:   0%|          | 0/11 [00:00<?, ?it/s]
epoch 2/5:  36%|███▋      | 4/11 [00:00<00:00, 35.08it/s]
epoch 2/5:  73%|███████▎  | 8/11 [00:00<00:00, 33.01it/s]
epoch 2/5: 100%|██████████| 11/11 [00:00<00:00, 35.45it/s]
epoch=2 train_loss=0.1142 val_loss=0.1270 val_mae=0.2361 val_rmse=0.2926 val_pearson=-0.2660 val_spearman=-0.1325 val_majority_sentiment_accuracy=0.9577 val_majority_sentiment_macro_f1=0.3261 val_majority_sentiment_weighted_f1=0.9371

epoch 3/5:   0%|          | 0/11 [00:00<?, ?it/s]
epoch 3/5:  36%|███▋      | 4/11 [00:00<00:00, 32.36it/s]
epoch 3/5:  73%|███████▎  | 8/11 [00:00<00:00, 34.04it/s]
epoch 3/5: 100%|██████████| 11/11 [00:00<00:00, 35.50it/s]
epoch=3 train_loss=0.0970 val_loss=0.0992 val_mae=0.1835 val_rmse=0.2492 val_pearson=-0.1968 val_spearman=-0.0075 val_majority_sentiment_accuracy=0.9577 val_majority_sentiment_macro_f1=0.3261 val_majority_sentiment_weighted_f1=0.9371

epoch 4/5:   0%|          | 0/11 [00:00<?, ?it/s]
epoch 4/5:  36%|███▋      | 4/11 [00:00<00:00, 32.59it/s]
epoch 4/5:  73%|███████▎  | 8/11 [00:00<00:00, 34.91it/s]
epoch 4/5: 100%|██████████| 11/11 [00:00<00:00, 35.48it/s]
epoch=4 train_loss=0.0770 val_loss=0.0971 val_mae=0.1473 val_rmse=0.2324 val_pearson=-0.1923 val_spearman=-0.1068 val_majority_sentiment_accuracy=0.9577 val_majority_sentiment_macro_f1=0.3261 val_majority_sentiment_weighted_f1=0.9371

epoch 5/5:   0%|          | 0/11 [00:00<?, ?it/s]
epoch 5/5:  36%|███▋      | 4/11 [00:00<00:00, 34.21it/s]
epoch 5/5:  73%|███████▎  | 8/11 [00:00<00:00, 34.02it/s]
epoch 5/5: 100%|██████████| 11/11 [00:00<00:00, 35.35it/s]
epoch=5 train_loss=0.0682 val_loss=0.1042 val_mae=0.1828 val_rmse=0.2469 val_pearson=-0.1960 val_spearman=-0.0924 val_majority_sentiment_accuracy=0.9577 val_majority_sentiment_macro_f1=0.3261 val_majority_sentiment_weighted_f1=0.9371
saved_model=runs/20260323_091856_cross_event_ottawashooting/temporal_baseline/artifacts/temporal_baseline_ottawashooting_train.pt
saved_config=runs/20260323_091856_cross_event_ottawashooting/temporal_baseline/artifacts/temporal_baseline_ottawashooting_train.json
saved_summary=runs/20260323_091856_cross_event_ottawashooting/temporal_baseline/artifacts/temporal_baseline_ottawashooting_train_summary.json
param_count=2709380
==> command_exit command=/home/alexmhliu/auto_install/miniconda3/envs/asf311/bin/python src/train.py --train_path /tmp/pheme_cross_event_8j60zwfh/ottawashooting_train.jsonl --model temporal_baseline --device cuda --epochs 5 --batch_size 16 --seed 42 --capacity_group default --output_dir runs/20260323_091856_cross_event_ottawashooting/temporal_baseline/artifacts --val_path /tmp/pheme_cross_event_8j60zwfh/ottawashooting_val.jsonl returncode=0
==> command_duration_seconds 6.26
==> evaluate model=temporal_baseline

$ /home/alexmhliu/auto_install/miniconda3/envs/asf311/bin/python src/evaluate.py --data_path /tmp/pheme_cross_event_8j60zwfh/ottawashooting_test.jsonl --model temporal_baseline --model_path runs/20260323_091856_cross_event_ottawashooting/temporal_baseline/artifacts/temporal_baseline_ottawashooting_train.pt --config_path runs/20260323_091856_cross_event_ottawashooting/temporal_baseline/artifacts/temporal_baseline_ottawashooting_train.json --device cuda --output_dir runs/20260323_091856_cross_event_ottawashooting/temporal_baseline/eval
/tmp/asf_main_clean/src/evaluate.py:254: FutureWarning: You are using `torch.load` with `weights_only=False` (the current default value), which uses the default pickle module implicitly. It is possible to construct malicious pickle data which will execute arbitrary code during unpickling (See https://github.com/pytorch/pytorch/blob/main/SECURITY.md#untrusted-models for more details). In a future release, the default value for `weights_only` will be flipped to `True`. This limits the functions that could be executed during unpickling. Arbitrary objects will no longer be allowed to be loaded via this mode unless they are explicitly allowlisted by the user via `torch.serialization.add_safe_globals`. We recommend you start setting `weights_only=True` for any use case where you don't have full control of the loaded file. Please open an issue on GitHub for any issues related to this experimental feature.
  state = torch.load(args.model_path, map_location=args.device)
group=overall value=all num_threads=58 mae=0.1284 rmse=0.1743
group=split value=test num_threads=58 mae=0.1284 rmse=0.1743
group=observation_ratio value=0.5 num_threads=58 mae=0.1284 rmse=0.1743
group=event value=ottawashooting num_threads=58 mae=0.1284 rmse=0.1743
saved_predictions=runs/20260323_091856_cross_event_ottawashooting/temporal_baseline/eval/predictions.jsonl
saved_summary=runs/20260323_091856_cross_event_ottawashooting/temporal_baseline/eval/results_summary.csv
saved_event_errors=runs/20260323_091856_cross_event_ottawashooting/temporal_baseline/eval/error_analysis_by_event.csv
==> command_exit command=/home/alexmhliu/auto_install/miniconda3/envs/asf311/bin/python src/evaluate.py --data_path /tmp/pheme_cross_event_8j60zwfh/ottawashooting_test.jsonl --model temporal_baseline --model_path runs/20260323_091856_cross_event_ottawashooting/temporal_baseline/artifacts/temporal_baseline_ottawashooting_train.pt --config_path runs/20260323_091856_cross_event_ottawashooting/temporal_baseline/artifacts/temporal_baseline_ottawashooting_train.json --device cuda --output_dir runs/20260323_091856_cross_event_ottawashooting/temporal_baseline/eval returncode=0
==> command_duration_seconds 3.1
==> train model=structure_baseline

$ /home/alexmhliu/auto_install/miniconda3/envs/asf311/bin/python src/train.py --train_path /tmp/pheme_cross_event_8j60zwfh/ottawashooting_train.jsonl --model structure_baseline --device cuda --epochs 5 --batch_size 16 --seed 42 --capacity_group default --output_dir runs/20260323_091856_cross_event_ottawashooting/structure_baseline/artifacts --val_path /tmp/pheme_cross_event_8j60zwfh/ottawashooting_val.jsonl

epoch 1/5:   0%|          | 0/11 [00:00<?, ?it/s]
epoch 1/5:   9%|▉         | 1/11 [00:00<00:02,  3.80it/s]
epoch 1/5:  64%|██████▎   | 7/11 [00:00<00:00, 22.12it/s]
epoch 1/5: 100%|██████████| 11/11 [00:00<00:00, 23.92it/s]
epoch=1 train_loss=0.1833 val_loss=0.1108 val_mae=0.2046 val_rmse=0.2500 val_pearson=-0.3933 val_spearman=0.0296 val_majority_sentiment_accuracy=0.9577 val_majority_sentiment_macro_f1=0.3261 val_majority_sentiment_weighted_f1=0.9371

epoch 2/5:   0%|          | 0/11 [00:00<?, ?it/s]
epoch 2/5:  45%|████▌     | 5/11 [00:00<00:00, 48.29it/s]
epoch 2/5:  91%|█████████ | 10/11 [00:00<00:00, 48.60it/s]
epoch 2/5: 100%|██████████| 11/11 [00:00<00:00, 51.10it/s]
epoch=2 train_loss=0.1278 val_loss=0.0900 val_mae=0.1432 val_rmse=0.2078 val_pearson=-0.4340 val_spearman=0.0050 val_majority_sentiment_accuracy=0.9577 val_majority_sentiment_macro_f1=0.3261 val_majority_sentiment_weighted_f1=0.9371

epoch 3/5:   0%|          | 0/11 [00:00<?, ?it/s]
epoch 3/5:  45%|████▌     | 5/11 [00:00<00:00, 47.44it/s]
epoch 3/5: 100%|██████████| 11/11 [00:00<00:00, 51.36it/s]
epoch 3/5: 100%|██████████| 11/11 [00:00<00:00, 50.74it/s]
epoch=3 train_loss=0.1049 val_loss=0.0958 val_mae=0.1667 val_rmse=0.2181 val_pearson=-0.3593 val_spearman=0.1090 val_majority_sentiment_accuracy=0.9577 val_majority_sentiment_macro_f1=0.3261 val_majority_sentiment_weighted_f1=0.9371

epoch 4/5:   0%|          | 0/11 [00:00<?, ?it/s]
epoch 4/5:  55%|█████▍    | 6/11 [00:00<00:00, 49.43it/s]
epoch 4/5: 100%|██████████| 11/11 [00:00<00:00, 51.36it/s]
epoch=4 train_loss=0.0979 val_loss=0.1153 val_mae=0.2179 val_rmse=0.2584 val_pearson=-0.3822 val_spearman=0.1301 val_majority_sentiment_accuracy=0.9577 val_majority_sentiment_macro_f1=0.3261 val_majority_sentiment_weighted_f1=0.9371

epoch 5/5:   0%|          | 0/11 [00:00<?, ?it/s]
epoch 5/5:  45%|████▌     | 5/11 [00:00<00:00, 45.22it/s]
epoch 5/5: 100%|██████████| 11/11 [00:00<00:00, 52.59it/s]
epoch 5/5: 100%|██████████| 11/11 [00:00<00:00, 51.40it/s]
epoch=5 train_loss=0.1010 val_loss=0.0947 val_mae=0.1530 val_rmse=0.2140 val_pearson=-0.2946 val_spearman=0.0987 val_majority_sentiment_accuracy=0.9577 val_majority_sentiment_macro_f1=0.3261 val_majority_sentiment_weighted_f1=0.9371
saved_model=runs/20260323_091856_cross_event_ottawashooting/structure_baseline/artifacts/structure_baseline_ottawashooting_train.pt
saved_config=runs/20260323_091856_cross_event_ottawashooting/structure_baseline/artifacts/structure_baseline_ottawashooting_train.json
saved_summary=runs/20260323_091856_cross_event_ottawashooting/structure_baseline/artifacts/structure_baseline_ottawashooting_train_summary.json
param_count=2595076
==> command_exit command=/home/alexmhliu/auto_install/miniconda3/envs/asf311/bin/python src/train.py --train_path /tmp/pheme_cross_event_8j60zwfh/ottawashooting_train.jsonl --model structure_baseline --device cuda --epochs 5 --batch_size 16 --seed 42 --capacity_group default --output_dir runs/20260323_091856_cross_event_ottawashooting/structure_baseline/artifacts --val_path /tmp/pheme_cross_event_8j60zwfh/ottawashooting_val.jsonl returncode=0
==> command_duration_seconds 5.61
==> evaluate model=structure_baseline

$ /home/alexmhliu/auto_install/miniconda3/envs/asf311/bin/python src/evaluate.py --data_path /tmp/pheme_cross_event_8j60zwfh/ottawashooting_test.jsonl --model structure_baseline --model_path runs/20260323_091856_cross_event_ottawashooting/structure_baseline/artifacts/structure_baseline_ottawashooting_train.pt --config_path runs/20260323_091856_cross_event_ottawashooting/structure_baseline/artifacts/structure_baseline_ottawashooting_train.json --device cuda --output_dir runs/20260323_091856_cross_event_ottawashooting/structure_baseline/eval
/tmp/asf_main_clean/src/evaluate.py:254: FutureWarning: You are using `torch.load` with `weights_only=False` (the current default value), which uses the default pickle module implicitly. It is possible to construct malicious pickle data which will execute arbitrary code during unpickling (See https://github.com/pytorch/pytorch/blob/main/SECURITY.md#untrusted-models for more details). In a future release, the default value for `weights_only` will be flipped to `True`. This limits the functions that could be executed during unpickling. Arbitrary objects will no longer be allowed to be loaded via this mode unless they are explicitly allowlisted by the user via `torch.serialization.add_safe_globals`. We recommend you start setting `weights_only=True` for any use case where you don't have full control of the loaded file. Please open an issue on GitHub for any issues related to this experimental feature.
  state = torch.load(args.model_path, map_location=args.device)
group=overall value=all num_threads=58 mae=0.1323 rmse=0.1740
group=split value=test num_threads=58 mae=0.1323 rmse=0.1740
group=observation_ratio value=0.5 num_threads=58 mae=0.1323 rmse=0.1740
group=event value=ottawashooting num_threads=58 mae=0.1323 rmse=0.1740
saved_predictions=runs/20260323_091856_cross_event_ottawashooting/structure_baseline/eval/predictions.jsonl
saved_summary=runs/20260323_091856_cross_event_ottawashooting/structure_baseline/eval/results_summary.csv
saved_event_errors=runs/20260323_091856_cross_event_ottawashooting/structure_baseline/eval/error_analysis_by_event.csv
==> command_exit command=/home/alexmhliu/auto_install/miniconda3/envs/asf311/bin/python src/evaluate.py --data_path /tmp/pheme_cross_event_8j60zwfh/ottawashooting_test.jsonl --model structure_baseline --model_path runs/20260323_091856_cross_event_ottawashooting/structure_baseline/artifacts/structure_baseline_ottawashooting_train.pt --config_path runs/20260323_091856_cross_event_ottawashooting/structure_baseline/artifacts/structure_baseline_ottawashooting_train.json --device cuda --output_dir runs/20260323_091856_cross_event_ottawashooting/structure_baseline/eval returncode=0
==> command_duration_seconds 2.99
==> train model=affect_state_forecaster

$ /home/alexmhliu/auto_install/miniconda3/envs/asf311/bin/python src/train.py --train_path /tmp/pheme_cross_event_8j60zwfh/ottawashooting_train.jsonl --model affect_state_forecaster --device cuda --epochs 5 --batch_size 16 --seed 42 --capacity_group default --output_dir runs/20260323_091856_cross_event_ottawashooting/affect_state_forecaster/artifacts --val_path /tmp/pheme_cross_event_8j60zwfh/ottawashooting_val.jsonl

epoch 1/5:   0%|          | 0/11 [00:00<?, ?it/s]
epoch 1/5:   9%|▉         | 1/11 [00:00<00:03,  2.78it/s]
epoch 1/5:  36%|███▋      | 4/11 [00:00<00:00, 10.25it/s]
epoch 1/5:  73%|███████▎  | 8/11 [00:00<00:00, 17.41it/s]
epoch 1/5: 100%|██████████| 11/11 [00:00<00:00, 16.40it/s]
epoch=1 train_loss=0.1996 val_loss=0.0968 val_mae=0.1437 val_rmse=0.1936 val_pearson=0.1235 val_spearman=0.3158 val_majority_sentiment_accuracy=0.9577 val_majority_sentiment_macro_f1=0.3261 val_majority_sentiment_weighted_f1=0.9371

epoch 2/5:   0%|          | 0/11 [00:00<?, ?it/s]
epoch 2/5:  36%|███▋      | 4/11 [00:00<00:00, 33.32it/s]
epoch 2/5:  73%|███████▎  | 8/11 [00:00<00:00, 29.85it/s]
epoch 2/5: 100%|██████████| 11/11 [00:00<00:00, 31.37it/s]
epoch=2 train_loss=0.1115 val_loss=0.0891 val_mae=0.1595 val_rmse=0.2075 val_pearson=-0.1251 val_spearman=0.2321 val_majority_sentiment_accuracy=0.9577 val_majority_sentiment_macro_f1=0.3261 val_majority_sentiment_weighted_f1=0.9371

epoch 3/5:   0%|          | 0/11 [00:00<?, ?it/s]
epoch 3/5:  36%|███▋      | 4/11 [00:00<00:00, 34.25it/s]
epoch 3/5:  73%|███████▎  | 8/11 [00:00<00:00, 32.23it/s]
epoch 3/5: 100%|██████████| 11/11 [00:00<00:00, 31.96it/s]
epoch=3 train_loss=0.1061 val_loss=0.0961 val_mae=0.1803 val_rmse=0.2210 val_pearson=-0.1652 val_spearman=0.1736 val_majority_sentiment_accuracy=0.9577 val_majority_sentiment_macro_f1=0.3261 val_majority_sentiment_weighted_f1=0.9371

epoch 4/5:   0%|          | 0/11 [00:00<?, ?it/s]
epoch 4/5:  36%|███▋      | 4/11 [00:00<00:00, 29.60it/s]
epoch 4/5:  73%|███████▎  | 8/11 [00:00<00:00, 31.47it/s]
epoch 4/5: 100%|██████████| 11/11 [00:00<00:00, 32.52it/s]
epoch=4 train_loss=0.1065 val_loss=0.0872 val_mae=0.1125 val_rmse=0.1906 val_pearson=-0.2146 val_spearman=0.0932 val_majority_sentiment_accuracy=0.9577 val_majority_sentiment_macro_f1=0.3261 val_majority_sentiment_weighted_f1=0.9371

epoch 5/5:   0%|          | 0/11 [00:00<?, ?it/s]
epoch 5/5:  27%|██▋       | 3/11 [00:00<00:00, 27.59it/s]
epoch 5/5:  64%|██████▎   | 7/11 [00:00<00:00, 29.68it/s]
epoch 5/5: 100%|██████████| 11/11 [00:00<00:00, 33.68it/s]
epoch 5/5: 100%|██████████| 11/11 [00:00<00:00, 32.35it/s]
epoch=5 train_loss=0.1023 val_loss=0.0892 val_mae=0.1287 val_rmse=0.1953 val_pearson=-0.2621 val_spearman=-0.0026 val_majority_sentiment_accuracy=0.9577 val_majority_sentiment_macro_f1=0.3261 val_majority_sentiment_weighted_f1=0.9371
saved_model=runs/20260323_091856_cross_event_ottawashooting/affect_state_forecaster/artifacts/affect_state_forecaster_ottawashooting_train.pt
saved_config=runs/20260323_091856_cross_event_ottawashooting/affect_state_forecaster/artifacts/affect_state_forecaster_ottawashooting_train.json
saved_summary=runs/20260323_091856_cross_event_ottawashooting/affect_state_forecaster/artifacts/affect_state_forecaster_ottawashooting_train_summary.json
param_count=5417259
==> command_exit command=/home/alexmhliu/auto_install/miniconda3/envs/asf311/bin/python src/train.py --train_path /tmp/pheme_cross_event_8j60zwfh/ottawashooting_train.jsonl --model affect_state_forecaster --device cuda --epochs 5 --batch_size 16 --seed 42 --capacity_group default --output_dir runs/20260323_091856_cross_event_ottawashooting/affect_state_forecaster/artifacts --val_path /tmp/pheme_cross_event_8j60zwfh/ottawashooting_val.jsonl returncode=0
==> command_duration_seconds 6.6
==> evaluate model=affect_state_forecaster

$ /home/alexmhliu/auto_install/miniconda3/envs/asf311/bin/python src/evaluate.py --data_path /tmp/pheme_cross_event_8j60zwfh/ottawashooting_test.jsonl --model affect_state_forecaster --model_path runs/20260323_091856_cross_event_ottawashooting/affect_state_forecaster/artifacts/affect_state_forecaster_ottawashooting_train.pt --config_path runs/20260323_091856_cross_event_ottawashooting/affect_state_forecaster/artifacts/affect_state_forecaster_ottawashooting_train.json --device cuda --output_dir runs/20260323_091856_cross_event_ottawashooting/affect_state_forecaster/eval
/tmp/asf_main_clean/src/evaluate.py:254: FutureWarning: You are using `torch.load` with `weights_only=False` (the current default value), which uses the default pickle module implicitly. It is possible to construct malicious pickle data which will execute arbitrary code during unpickling (See https://github.com/pytorch/pytorch/blob/main/SECURITY.md#untrusted-models for more details). In a future release, the default value for `weights_only` will be flipped to `True`. This limits the functions that could be executed during unpickling. Arbitrary objects will no longer be allowed to be loaded via this mode unless they are explicitly allowlisted by the user via `torch.serialization.add_safe_globals`. We recommend you start setting `weights_only=True` for any use case where you don't have full control of the loaded file. Please open an issue on GitHub for any issues related to this experimental feature.
  state = torch.load(args.model_path, map_location=args.device)
group=overall value=all num_threads=58 mae=0.1133 rmse=0.1630
group=split value=test num_threads=58 mae=0.1133 rmse=0.1630
group=observation_ratio value=0.5 num_threads=58 mae=0.1133 rmse=0.1630
group=event value=ottawashooting num_threads=58 mae=0.1133 rmse=0.1630
saved_predictions=runs/20260323_091856_cross_event_ottawashooting/affect_state_forecaster/eval/predictions.jsonl
saved_summary=runs/20260323_091856_cross_event_ottawashooting/affect_state_forecaster/eval/results_summary.csv
saved_event_errors=runs/20260323_091856_cross_event_ottawashooting/affect_state_forecaster/eval/error_analysis_by_event.csv
==> command_exit command=/home/alexmhliu/auto_install/miniconda3/envs/asf311/bin/python src/evaluate.py --data_path /tmp/pheme_cross_event_8j60zwfh/ottawashooting_test.jsonl --model affect_state_forecaster --model_path runs/20260323_091856_cross_event_ottawashooting/affect_state_forecaster/artifacts/affect_state_forecaster_ottawashooting_train.pt --config_path runs/20260323_091856_cross_event_ottawashooting/affect_state_forecaster/artifacts/affect_state_forecaster_ottawashooting_train.json --device cuda --output_dir runs/20260323_091856_cross_event_ottawashooting/affect_state_forecaster/eval returncode=0
==> command_duration_seconds 3.16
==> train model=patchtst_baseline

$ /home/alexmhliu/auto_install/miniconda3/envs/asf311/bin/python src/train.py --train_path /tmp/pheme_cross_event_8j60zwfh/ottawashooting_train.jsonl --model patchtst_baseline --device cuda --epochs 5 --batch_size 16 --seed 42 --capacity_group default --output_dir runs/20260323_091856_cross_event_ottawashooting/patchtst_baseline/artifacts --val_path /tmp/pheme_cross_event_8j60zwfh/ottawashooting_val.jsonl

epoch 1/5:   0%|          | 0/11 [00:00<?, ?it/s]
epoch 1/5:   9%|▉         | 1/11 [00:00<00:02,  4.18it/s]
epoch 1/5:  55%|█████▍    | 6/11 [00:00<00:00, 20.79it/s]
epoch 1/5: 100%|██████████| 11/11 [00:00<00:00, 30.67it/s]
epoch 1/5: 100%|██████████| 11/11 [00:00<00:00, 24.59it/s]
epoch=1 train_loss=0.1597 val_loss=0.0854 val_mae=0.1311 val_rmse=0.1897 val_pearson=-0.1120 val_spearman=0.2763 val_majority_sentiment_accuracy=0.9577 val_majority_sentiment_macro_f1=0.3261 val_majority_sentiment_weighted_f1=0.9371

epoch 2/5:   0%|          | 0/11 [00:00<?, ?it/s]
epoch 2/5:  45%|████▌     | 5/11 [00:00<00:00, 47.85it/s]
epoch 2/5:  91%|█████████ | 10/11 [00:00<00:00, 47.81it/s]
epoch 2/5: 100%|██████████| 11/11 [00:00<00:00, 50.24it/s]
epoch=2 train_loss=0.1001 val_loss=0.0849 val_mae=0.1322 val_rmse=0.1910 val_pearson=-0.1252 val_spearman=0.2708 val_majority_sentiment_accuracy=0.9577 val_majority_sentiment_macro_f1=0.3261 val_majority_sentiment_weighted_f1=0.9371

epoch 3/5:   0%|          | 0/11 [00:00<?, ?it/s]
epoch 3/5:  55%|█████▍    | 6/11 [00:00<00:00, 50.27it/s]
epoch 3/5: 100%|██████████| 11/11 [00:00<00:00, 50.10it/s]
epoch=3 train_loss=0.0963 val_loss=0.0909 val_mae=0.1466 val_rmse=0.1994 val_pearson=-0.1304 val_spearman=0.2835 val_majority_sentiment_accuracy=0.9577 val_majority_sentiment_macro_f1=0.3261 val_majority_sentiment_weighted_f1=0.9371

epoch 4/5:   0%|          | 0/11 [00:00<?, ?it/s]
epoch 4/5:  45%|████▌     | 5/11 [00:00<00:00, 49.76it/s]
epoch 4/5:  91%|█████████ | 10/11 [00:00<00:00, 49.80it/s]
epoch 4/5: 100%|██████████| 11/11 [00:00<00:00, 50.49it/s]
epoch=4 train_loss=0.1008 val_loss=0.0928 val_mae=0.1448 val_rmse=0.2000 val_pearson=-0.1323 val_spearman=0.2781 val_majority_sentiment_accuracy=0.9577 val_majority_sentiment_macro_f1=0.3261 val_majority_sentiment_weighted_f1=0.9371

epoch 5/5:   0%|          | 0/11 [00:00<?, ?it/s]
epoch 5/5:  45%|████▌     | 5/11 [00:00<00:00, 47.13it/s]
epoch 5/5: 100%|██████████| 11/11 [00:00<00:00, 51.09it/s]
epoch 5/5: 100%|██████████| 11/11 [00:00<00:00, 50.47it/s]
epoch=5 train_loss=0.0981 val_loss=0.0951 val_mae=0.1552 val_rmse=0.2072 val_pearson=-0.1326 val_spearman=0.2649 val_majority_sentiment_accuracy=0.9577 val_majority_sentiment_macro_f1=0.3261 val_majority_sentiment_weighted_f1=0.9371
saved_model=runs/20260323_091856_cross_event_ottawashooting/patchtst_baseline/artifacts/patchtst_baseline_ottawashooting_train.pt
saved_config=runs/20260323_091856_cross_event_ottawashooting/patchtst_baseline/artifacts/patchtst_baseline_ottawashooting_train.json
saved_summary=runs/20260323_091856_cross_event_ottawashooting/patchtst_baseline/artifacts/patchtst_baseline_ottawashooting_train_summary.json
param_count=1205508
==> command_exit command=/home/alexmhliu/auto_install/miniconda3/envs/asf311/bin/python src/train.py --train_path /tmp/pheme_cross_event_8j60zwfh/ottawashooting_train.jsonl --model patchtst_baseline --device cuda --epochs 5 --batch_size 16 --seed 42 --capacity_group default --output_dir runs/20260323_091856_cross_event_ottawashooting/patchtst_baseline/artifacts --val_path /tmp/pheme_cross_event_8j60zwfh/ottawashooting_val.jsonl returncode=0
==> command_duration_seconds 5.55
==> evaluate model=patchtst_baseline

$ /home/alexmhliu/auto_install/miniconda3/envs/asf311/bin/python src/evaluate.py --data_path /tmp/pheme_cross_event_8j60zwfh/ottawashooting_test.jsonl --model patchtst_baseline --model_path runs/20260323_091856_cross_event_ottawashooting/patchtst_baseline/artifacts/patchtst_baseline_ottawashooting_train.pt --config_path runs/20260323_091856_cross_event_ottawashooting/patchtst_baseline/artifacts/patchtst_baseline_ottawashooting_train.json --device cuda --output_dir runs/20260323_091856_cross_event_ottawashooting/patchtst_baseline/eval
/tmp/asf_main_clean/src/evaluate.py:254: FutureWarning: You are using `torch.load` with `weights_only=False` (the current default value), which uses the default pickle module implicitly. It is possible to construct malicious pickle data which will execute arbitrary code during unpickling (See https://github.com/pytorch/pytorch/blob/main/SECURITY.md#untrusted-models for more details). In a future release, the default value for `weights_only` will be flipped to `True`. This limits the functions that could be executed during unpickling. Arbitrary objects will no longer be allowed to be loaded via this mode unless they are explicitly allowlisted by the user via `torch.serialization.add_safe_globals`. We recommend you start setting `weights_only=True` for any use case where you don't have full control of the loaded file. Please open an issue on GitHub for any issues related to this experimental feature.
  state = torch.load(args.model_path, map_location=args.device)
group=overall value=all num_threads=58 mae=0.1318 rmse=0.1674
group=split value=test num_threads=58 mae=0.1318 rmse=0.1674
group=observation_ratio value=0.5 num_threads=58 mae=0.1318 rmse=0.1674
group=event value=ottawashooting num_threads=58 mae=0.1318 rmse=0.1674
saved_predictions=runs/20260323_091856_cross_event_ottawashooting/patchtst_baseline/eval/predictions.jsonl
saved_summary=runs/20260323_091856_cross_event_ottawashooting/patchtst_baseline/eval/results_summary.csv
saved_event_errors=runs/20260323_091856_cross_event_ottawashooting/patchtst_baseline/eval/error_analysis_by_event.csv
==> command_exit command=/home/alexmhliu/auto_install/miniconda3/envs/asf311/bin/python src/evaluate.py --data_path /tmp/pheme_cross_event_8j60zwfh/ottawashooting_test.jsonl --model patchtst_baseline --model_path runs/20260323_091856_cross_event_ottawashooting/patchtst_baseline/artifacts/patchtst_baseline_ottawashooting_train.pt --config_path runs/20260323_091856_cross_event_ottawashooting/patchtst_baseline/artifacts/patchtst_baseline_ottawashooting_train.json --device cuda --output_dir runs/20260323_091856_cross_event_ottawashooting/patchtst_baseline/eval returncode=0
==> command_duration_seconds 3.03
==> train model=thread_transformer_baseline

$ /home/alexmhliu/auto_install/miniconda3/envs/asf311/bin/python src/train.py --train_path /tmp/pheme_cross_event_8j60zwfh/ottawashooting_train.jsonl --model thread_transformer_baseline --device cuda --epochs 5 --batch_size 16 --seed 42 --capacity_group default --output_dir runs/20260323_091856_cross_event_ottawashooting/thread_transformer_baseline/artifacts --val_path /tmp/pheme_cross_event_8j60zwfh/ottawashooting_val.jsonl

epoch 1/5:   0%|          | 0/11 [00:00<?, ?it/s]
epoch 1/5:   9%|▉         | 1/11 [00:00<00:03,  2.62it/s]
epoch 1/5:  27%|██▋       | 3/11 [00:00<00:01,  7.27it/s]
epoch 1/5:  55%|█████▍    | 6/11 [00:00<00:00, 13.56it/s]
epoch 1/5:  82%|████████▏ | 9/11 [00:00<00:00, 17.70it/s]
epoch 1/5: 100%|██████████| 11/11 [00:00<00:00, 14.61it/s]
/home/alexmhliu/auto_install/miniconda3/envs/asf311/lib/python3.11/site-packages/torch/nn/modules/transformer.py:502: UserWarning: The PyTorch API of nested tensors is in prototype stage and will change in the near future. (Triggered internally at ../aten/src/ATen/NestedTensorImpl.cpp:178.)
  output = torch._nested_tensor_from_mask(
epoch=1 train_loss=0.2000 val_loss=0.0885 val_mae=0.1051 val_rmse=0.1906 val_pearson=-0.1979 val_spearman=0.1294 val_majority_sentiment_accuracy=0.9577 val_majority_sentiment_macro_f1=0.3261 val_majority_sentiment_weighted_f1=0.9371

epoch 2/5:   0%|          | 0/11 [00:00<?, ?it/s]
epoch 2/5:  27%|██▋       | 3/11 [00:00<00:00, 26.15it/s]
epoch 2/5:  55%|█████▍    | 6/11 [00:00<00:00, 26.32it/s]
epoch 2/5:  82%|████████▏ | 9/11 [00:00<00:00, 25.62it/s]
epoch 2/5: 100%|██████████| 11/11 [00:00<00:00, 26.97it/s]
epoch=2 train_loss=0.1010 val_loss=0.0854 val_mae=0.1106 val_rmse=0.1973 val_pearson=-0.2354 val_spearman=0.1072 val_majority_sentiment_accuracy=0.9577 val_majority_sentiment_macro_f1=0.3261 val_majority_sentiment_weighted_f1=0.9371

epoch 3/5:   0%|          | 0/11 [00:00<?, ?it/s]
epoch 3/5:  27%|██▋       | 3/11 [00:00<00:00, 25.05it/s]
epoch 3/5:  55%|█████▍    | 6/11 [00:00<00:00, 24.72it/s]
epoch 3/5:  82%|████████▏ | 9/11 [00:00<00:00, 25.91it/s]
epoch 3/5: 100%|██████████| 11/11 [00:00<00:00, 26.86it/s]
epoch=3 train_loss=0.0985 val_loss=0.0990 val_mae=0.1758 val_rmse=0.2274 val_pearson=-0.2259 val_spearman=0.2223 val_majority_sentiment_accuracy=0.9577 val_majority_sentiment_macro_f1=0.3261 val_majority_sentiment_weighted_f1=0.9371

epoch 4/5:   0%|          | 0/11 [00:00<?, ?it/s]
epoch 4/5:  18%|█▊        | 2/11 [00:00<00:00, 19.41it/s]
epoch 4/5:  55%|█████▍    | 6/11 [00:00<00:00, 26.19it/s]
epoch 4/5:  82%|████████▏ | 9/11 [00:00<00:00, 26.21it/s]
epoch 4/5: 100%|██████████| 11/11 [00:00<00:00, 27.09it/s]
epoch=4 train_loss=0.0986 val_loss=0.0910 val_mae=0.1308 val_rmse=0.1971 val_pearson=-0.2183 val_spearman=0.1520 val_majority_sentiment_accuracy=0.9577 val_majority_sentiment_macro_f1=0.3261 val_majority_sentiment_weighted_f1=0.9371

epoch 5/5:   0%|          | 0/11 [00:00<?, ?it/s]
epoch 5/5:  27%|██▋       | 3/11 [00:00<00:00, 27.66it/s]
epoch 5/5:  55%|█████▍    | 6/11 [00:00<00:00, 27.39it/s]
epoch 5/5:  82%|████████▏ | 9/11 [00:00<00:00, 25.60it/s]
epoch 5/5: 100%|██████████| 11/11 [00:00<00:00, 27.04it/s]
epoch=5 train_loss=0.0974 val_loss=0.0885 val_mae=0.1186 val_rmse=0.1977 val_pearson=-0.2118 val_spearman=0.1690 val_majority_sentiment_accuracy=0.9577 val_majority_sentiment_macro_f1=0.3261 val_majority_sentiment_weighted_f1=0.9371
saved_model=runs/20260323_091856_cross_event_ottawashooting/thread_transformer_baseline/artifacts/thread_transformer_baseline_ottawashooting_train.pt
saved_config=runs/20260323_091856_cross_event_ottawashooting/thread_transformer_baseline/artifacts/thread_transformer_baseline_ottawashooting_train.json
saved_summary=runs/20260323_091856_cross_event_ottawashooting/thread_transformer_baseline/artifacts/thread_transformer_baseline_ottawashooting_train_summary.json
param_count=6332420
==> command_exit command=/home/alexmhliu/auto_install/miniconda3/envs/asf311/bin/python src/train.py --train_path /tmp/pheme_cross_event_8j60zwfh/ottawashooting_train.jsonl --model thread_transformer_baseline --device cuda --epochs 5 --batch_size 16 --seed 42 --capacity_group default --output_dir runs/20260323_091856_cross_event_ottawashooting/thread_transformer_baseline/artifacts --val_path /tmp/pheme_cross_event_8j60zwfh/ottawashooting_val.jsonl returncode=0
==> command_duration_seconds 6.98
==> evaluate model=thread_transformer_baseline

$ /home/alexmhliu/auto_install/miniconda3/envs/asf311/bin/python src/evaluate.py --data_path /tmp/pheme_cross_event_8j60zwfh/ottawashooting_test.jsonl --model thread_transformer_baseline --model_path runs/20260323_091856_cross_event_ottawashooting/thread_transformer_baseline/artifacts/thread_transformer_baseline_ottawashooting_train.pt --config_path runs/20260323_091856_cross_event_ottawashooting/thread_transformer_baseline/artifacts/thread_transformer_baseline_ottawashooting_train.json --device cuda --output_dir runs/20260323_091856_cross_event_ottawashooting/thread_transformer_baseline/eval
/tmp/asf_main_clean/src/evaluate.py:254: FutureWarning: You are using `torch.load` with `weights_only=False` (the current default value), which uses the default pickle module implicitly. It is possible to construct malicious pickle data which will execute arbitrary code during unpickling (See https://github.com/pytorch/pytorch/blob/main/SECURITY.md#untrusted-models for more details). In a future release, the default value for `weights_only` will be flipped to `True`. This limits the functions that could be executed during unpickling. Arbitrary objects will no longer be allowed to be loaded via this mode unless they are explicitly allowlisted by the user via `torch.serialization.add_safe_globals`. We recommend you start setting `weights_only=True` for any use case where you don't have full control of the loaded file. Please open an issue on GitHub for any issues related to this experimental feature.
  state = torch.load(args.model_path, map_location=args.device)
/home/alexmhliu/auto_install/miniconda3/envs/asf311/lib/python3.11/site-packages/torch/nn/modules/transformer.py:502: UserWarning: The PyTorch API of nested tensors is in prototype stage and will change in the near future. (Triggered internally at ../aten/src/ATen/NestedTensorImpl.cpp:178.)
  output = torch._nested_tensor_from_mask(
group=overall value=all num_threads=58 mae=0.1050 rmse=0.1622
group=split value=test num_threads=58 mae=0.1050 rmse=0.1622
group=observation_ratio value=0.5 num_threads=58 mae=0.1050 rmse=0.1622
group=event value=ottawashooting num_threads=58 mae=0.1050 rmse=0.1622
saved_predictions=runs/20260323_091856_cross_event_ottawashooting/thread_transformer_baseline/eval/predictions.jsonl
saved_summary=runs/20260323_091856_cross_event_ottawashooting/thread_transformer_baseline/eval/results_summary.csv
saved_event_errors=runs/20260323_091856_cross_event_ottawashooting/thread_transformer_baseline/eval/error_analysis_by_event.csv
==> command_exit command=/home/alexmhliu/auto_install/miniconda3/envs/asf311/bin/python src/evaluate.py --data_path /tmp/pheme_cross_event_8j60zwfh/ottawashooting_test.jsonl --model thread_transformer_baseline --model_path runs/20260323_091856_cross_event_ottawashooting/thread_transformer_baseline/artifacts/thread_transformer_baseline_ottawashooting_train.pt --config_path runs/20260323_091856_cross_event_ottawashooting/thread_transformer_baseline/artifacts/thread_transformer_baseline_ottawashooting_train.json --device cuda --output_dir runs/20260323_091856_cross_event_ottawashooting/thread_transformer_baseline/eval returncode=0
==> command_duration_seconds 3.23
==> summarize completed
==> anomaly affect_state_forecaster 的 Accuracy 远高于 Macro-F1。
==> anomaly patchtst_baseline 的 Accuracy 远高于 Macro-F1。
==> anomaly structure_baseline 的 Accuracy 远高于 Macro-F1。
==> anomaly temporal_baseline 的 Accuracy 远高于 Macro-F1。
==> anomaly text_baseline 的 Accuracy 远高于 Macro-F1。
==> anomaly thread_transformer_baseline 的 Accuracy 远高于 Macro-F1。
==> summarize end_time=1774228791.973736
