==> plan start_time=1773912802.2039685
==> plan run_id=20260319_173322_seed_sweep_seed_77
==> plan experiment_type=主实验
==> plan target_hypotheses=H1,H2,H3
==> plan question=验证固定数据设置下 seed=77 时主实验结果是否稳定。
==> plan success_criteria=affect_state_forecaster 的领先关系在不同随机种子下保持一致。
==> plan failure_criteria=若不同 seed 下排序波动明显，则先做稳健性分析。
==> plan dataset=data/processed/pheme_forecast_ratio_50_train.jsonl
==> plan ratio_labels=ratio_50_train
==> plan models=text_baseline,temporal_baseline,structure_baseline,affect_state_forecaster
==> plan python=base:/home/alexmhliu/affect-state-forecaster/.venv/bin/python
==> plan device=cuda
==> train model=text_baseline

$ /home/alexmhliu/affect-state-forecaster/.venv/bin/python src/train.py --train_path data/processed/pheme_forecast_ratio_50_train.jsonl --model text_baseline --device cuda --epochs 5 --batch_size 16 --seed 77 --output_dir runs/20260319_173322_seed_sweep_seed_77/text_baseline/artifacts --val_path data/processed/pheme_forecast_ratio_50_val.jsonl

epoch 1/5:   0%|          | 0/10 [00:00<?, ?it/s]
epoch 1/5:  10%|█         | 1/10 [00:00<00:02,  3.77it/s]
epoch 1/5: 100%|██████████| 10/10 [00:00<00:00, 32.31it/s]
epoch=1 train_loss=0.2857 val_loss=0.2036 val_mae=0.1968 val_rmse=0.2403 val_pearson=0.0104 val_spearman=0.1420 val_majority_sentiment_accuracy=0.8966 val_majority_sentiment_macro_f1=0.3152 val_majority_sentiment_weighted_f1=0.8476

epoch 2/5:   0%|          | 0/10 [00:00<?, ?it/s]
epoch 2/5: 100%|██████████| 10/10 [00:00<00:00, 198.79it/s]
epoch=2 train_loss=0.1545 val_loss=0.1385 val_mae=0.1478 val_rmse=0.2050 val_pearson=-0.0529 val_spearman=-0.0621 val_majority_sentiment_accuracy=0.8966 val_majority_sentiment_macro_f1=0.3152 val_majority_sentiment_weighted_f1=0.8476

epoch 3/5:   0%|          | 0/10 [00:00<?, ?it/s]
epoch 3/5: 100%|██████████| 10/10 [00:00<00:00, 204.43it/s]
epoch=3 train_loss=0.1084 val_loss=0.1318 val_mae=0.1879 val_rmse=0.2347 val_pearson=-0.0788 val_spearman=-0.0763 val_majority_sentiment_accuracy=0.8966 val_majority_sentiment_macro_f1=0.3152 val_majority_sentiment_weighted_f1=0.8476

epoch 4/5:   0%|          | 0/10 [00:00<?, ?it/s]
epoch 4/5: 100%|██████████| 10/10 [00:00<00:00, 204.80it/s]
epoch=4 train_loss=0.0901 val_loss=0.1173 val_mae=0.1598 val_rmse=0.2137 val_pearson=-0.1039 val_spearman=-0.1165 val_majority_sentiment_accuracy=0.8966 val_majority_sentiment_macro_f1=0.3152 val_majority_sentiment_weighted_f1=0.8476

epoch 5/5:   0%|          | 0/10 [00:00<?, ?it/s]
epoch 5/5: 100%|██████████| 10/10 [00:00<00:00, 201.28it/s]
epoch=5 train_loss=0.1062 val_loss=0.1204 val_mae=0.1712 val_rmse=0.2221 val_pearson=-0.1038 val_spearman=-0.0853 val_majority_sentiment_accuracy=0.8966 val_majority_sentiment_macro_f1=0.3152 val_majority_sentiment_weighted_f1=0.8476
saved_model=runs/20260319_173322_seed_sweep_seed_77/text_baseline/artifacts/text_baseline_pheme_forecast_ratio_50_train.pt
saved_config=runs/20260319_173322_seed_sweep_seed_77/text_baseline/artifacts/text_baseline_pheme_forecast_ratio_50_train.json
saved_summary=runs/20260319_173322_seed_sweep_seed_77/text_baseline/artifacts/text_baseline_pheme_forecast_ratio_50_train_summary.json
==> command_exit command=/home/alexmhliu/affect-state-forecaster/.venv/bin/python src/train.py --train_path data/processed/pheme_forecast_ratio_50_train.jsonl --model text_baseline --device cuda --epochs 5 --batch_size 16 --seed 77 --output_dir runs/20260319_173322_seed_sweep_seed_77/text_baseline/artifacts --val_path data/processed/pheme_forecast_ratio_50_val.jsonl returncode=0
==> command_duration_seconds 4.61
==> evaluate model=text_baseline

$ /home/alexmhliu/affect-state-forecaster/.venv/bin/python src/evaluate.py --data_path data/processed/pheme_forecast_ratio_50_test.jsonl --model text_baseline --model_path runs/20260319_173322_seed_sweep_seed_77/text_baseline/artifacts/text_baseline_pheme_forecast_ratio_50_train.pt --config_path runs/20260319_173322_seed_sweep_seed_77/text_baseline/artifacts/text_baseline_pheme_forecast_ratio_50_train.json --device cuda --output_dir runs/20260319_173322_seed_sweep_seed_77/text_baseline/eval
group=overall value=all num_threads=92 mae=0.1447 rmse=0.2134
group=split value=test num_threads=92 mae=0.1447 rmse=0.2134
group=observation_ratio value=0.5 num_threads=92 mae=0.1447 rmse=0.2134
group=event value=prince-toronto num_threads=12 mae=0.1099 rmse=0.1447
group=event value=putinmissing num_threads=9 mae=0.1388 rmse=0.1734
group=event value=sydneysiege num_threads=71 mae=0.1513 rmse=0.2273
saved_predictions=runs/20260319_173322_seed_sweep_seed_77/text_baseline/eval/predictions.jsonl
saved_summary=runs/20260319_173322_seed_sweep_seed_77/text_baseline/eval/results_summary.csv
saved_event_errors=runs/20260319_173322_seed_sweep_seed_77/text_baseline/eval/error_analysis_by_event.csv
==> command_exit command=/home/alexmhliu/affect-state-forecaster/.venv/bin/python src/evaluate.py --data_path data/processed/pheme_forecast_ratio_50_test.jsonl --model text_baseline --model_path runs/20260319_173322_seed_sweep_seed_77/text_baseline/artifacts/text_baseline_pheme_forecast_ratio_50_train.pt --config_path runs/20260319_173322_seed_sweep_seed_77/text_baseline/artifacts/text_baseline_pheme_forecast_ratio_50_train.json --device cuda --output_dir runs/20260319_173322_seed_sweep_seed_77/text_baseline/eval returncode=0
==> command_duration_seconds 3.02
==> train model=temporal_baseline

$ /home/alexmhliu/affect-state-forecaster/.venv/bin/python src/train.py --train_path data/processed/pheme_forecast_ratio_50_train.jsonl --model temporal_baseline --device cuda --epochs 5 --batch_size 16 --seed 77 --output_dir runs/20260319_173322_seed_sweep_seed_77/temporal_baseline/artifacts --val_path data/processed/pheme_forecast_ratio_50_val.jsonl

epoch 1/5:   0%|          | 0/10 [00:00<?, ?it/s]
epoch 1/5:  10%|█         | 1/10 [00:00<00:03,  2.81it/s]
epoch 1/5:  80%|████████  | 8/10 [00:00<00:00, 21.08it/s]
epoch 1/5: 100%|██████████| 10/10 [00:00<00:00, 20.22it/s]
epoch=1 train_loss=0.1937 val_loss=0.1346 val_mae=0.1674 val_rmse=0.2176 val_pearson=-0.0670 val_spearman=-0.0730 val_majority_sentiment_accuracy=0.8966 val_majority_sentiment_macro_f1=0.3152 val_majority_sentiment_weighted_f1=0.8476

epoch 2/5:   0%|          | 0/10 [00:00<?, ?it/s]
epoch 2/5:  70%|███████   | 7/10 [00:00<00:00, 60.61it/s]
epoch 2/5: 100%|██████████| 10/10 [00:00<00:00, 67.71it/s]
epoch=2 train_loss=0.1036 val_loss=0.1228 val_mae=0.1534 val_rmse=0.2108 val_pearson=-0.1451 val_spearman=-0.1905 val_majority_sentiment_accuracy=0.8966 val_majority_sentiment_macro_f1=0.3152 val_majority_sentiment_weighted_f1=0.8476

epoch 3/5:   0%|          | 0/10 [00:00<?, ?it/s]
epoch 3/5:  70%|███████   | 7/10 [00:00<00:00, 62.83it/s]
epoch 3/5: 100%|██████████| 10/10 [00:00<00:00, 67.49it/s]
epoch=3 train_loss=0.0914 val_loss=0.1303 val_mae=0.1715 val_rmse=0.2263 val_pearson=-0.0844 val_spearman=-0.0853 val_majority_sentiment_accuracy=0.8966 val_majority_sentiment_macro_f1=0.3152 val_majority_sentiment_weighted_f1=0.8476

epoch 4/5:   0%|          | 0/10 [00:00<?, ?it/s]
epoch 4/5:  70%|███████   | 7/10 [00:00<00:00, 66.33it/s]
epoch 4/5: 100%|██████████| 10/10 [00:00<00:00, 67.49it/s]
epoch=4 train_loss=0.0866 val_loss=0.1369 val_mae=0.2002 val_rmse=0.2413 val_pearson=-0.0238 val_spearman=-0.0474 val_majority_sentiment_accuracy=0.8966 val_majority_sentiment_macro_f1=0.3152 val_majority_sentiment_weighted_f1=0.8476

epoch 5/5:   0%|          | 0/10 [00:00<?, ?it/s]
epoch 5/5:  70%|███████   | 7/10 [00:00<00:00, 61.68it/s]
epoch 5/5: 100%|██████████| 10/10 [00:00<00:00, 68.38it/s]
epoch=5 train_loss=0.0730 val_loss=0.1205 val_mae=0.1394 val_rmse=0.2013 val_pearson=-0.0845 val_spearman=-0.1365 val_majority_sentiment_accuracy=0.8966 val_majority_sentiment_macro_f1=0.3152 val_majority_sentiment_weighted_f1=0.8476
saved_model=runs/20260319_173322_seed_sweep_seed_77/temporal_baseline/artifacts/temporal_baseline_pheme_forecast_ratio_50_train.pt
saved_config=runs/20260319_173322_seed_sweep_seed_77/temporal_baseline/artifacts/temporal_baseline_pheme_forecast_ratio_50_train.json
saved_summary=runs/20260319_173322_seed_sweep_seed_77/temporal_baseline/artifacts/temporal_baseline_pheme_forecast_ratio_50_train_summary.json
==> command_exit command=/home/alexmhliu/affect-state-forecaster/.venv/bin/python src/train.py --train_path data/processed/pheme_forecast_ratio_50_train.jsonl --model temporal_baseline --device cuda --epochs 5 --batch_size 16 --seed 77 --output_dir runs/20260319_173322_seed_sweep_seed_77/temporal_baseline/artifacts --val_path data/processed/pheme_forecast_ratio_50_val.jsonl returncode=0
==> command_duration_seconds 5.19
==> evaluate model=temporal_baseline

$ /home/alexmhliu/affect-state-forecaster/.venv/bin/python src/evaluate.py --data_path data/processed/pheme_forecast_ratio_50_test.jsonl --model temporal_baseline --model_path runs/20260319_173322_seed_sweep_seed_77/temporal_baseline/artifacts/temporal_baseline_pheme_forecast_ratio_50_train.pt --config_path runs/20260319_173322_seed_sweep_seed_77/temporal_baseline/artifacts/temporal_baseline_pheme_forecast_ratio_50_train.json --device cuda --output_dir runs/20260319_173322_seed_sweep_seed_77/temporal_baseline/eval
group=overall value=all num_threads=92 mae=0.1275 rmse=0.2044
group=split value=test num_threads=92 mae=0.1275 rmse=0.2044
group=observation_ratio value=0.5 num_threads=92 mae=0.1275 rmse=0.2044
group=event value=prince-toronto num_threads=12 mae=0.1214 rmse=0.1458
group=event value=putinmissing num_threads=9 mae=0.0944 rmse=0.1268
group=event value=sydneysiege num_threads=71 mae=0.1327 rmse=0.2202
saved_predictions=runs/20260319_173322_seed_sweep_seed_77/temporal_baseline/eval/predictions.jsonl
saved_summary=runs/20260319_173322_seed_sweep_seed_77/temporal_baseline/eval/results_summary.csv
saved_event_errors=runs/20260319_173322_seed_sweep_seed_77/temporal_baseline/eval/error_analysis_by_event.csv
==> command_exit command=/home/alexmhliu/affect-state-forecaster/.venv/bin/python src/evaluate.py --data_path data/processed/pheme_forecast_ratio_50_test.jsonl --model temporal_baseline --model_path runs/20260319_173322_seed_sweep_seed_77/temporal_baseline/artifacts/temporal_baseline_pheme_forecast_ratio_50_train.pt --config_path runs/20260319_173322_seed_sweep_seed_77/temporal_baseline/artifacts/temporal_baseline_pheme_forecast_ratio_50_train.json --device cuda --output_dir runs/20260319_173322_seed_sweep_seed_77/temporal_baseline/eval returncode=0
==> command_duration_seconds 3.06
==> train model=structure_baseline

$ /home/alexmhliu/affect-state-forecaster/.venv/bin/python src/train.py --train_path data/processed/pheme_forecast_ratio_50_train.jsonl --model structure_baseline --device cuda --epochs 5 --batch_size 16 --seed 77 --output_dir runs/20260319_173322_seed_sweep_seed_77/structure_baseline/artifacts --val_path data/processed/pheme_forecast_ratio_50_val.jsonl

epoch 1/5:   0%|          | 0/10 [00:00<?, ?it/s]
epoch 1/5:  10%|█         | 1/10 [00:00<00:02,  3.70it/s]
epoch 1/5: 100%|██████████| 10/10 [00:00<00:00, 30.97it/s]
epoch=1 train_loss=0.2431 val_loss=0.1271 val_mae=0.1137 val_rmse=0.1986 val_pearson=-0.2180 val_spearman=-0.2278 val_majority_sentiment_accuracy=0.8966 val_majority_sentiment_macro_f1=0.3152 val_majority_sentiment_weighted_f1=0.8476

epoch 2/5:   0%|          | 0/10 [00:00<?, ?it/s]
epoch 2/5: 100%|██████████| 10/10 [00:00<00:00, 179.07it/s]
epoch=2 train_loss=0.1526 val_loss=0.1126 val_mae=0.1544 val_rmse=0.1885 val_pearson=-0.0746 val_spearman=-0.0452 val_majority_sentiment_accuracy=0.8966 val_majority_sentiment_macro_f1=0.3152 val_majority_sentiment_weighted_f1=0.8476

epoch 3/5:   0%|          | 0/10 [00:00<?, ?it/s]
epoch 3/5: 100%|██████████| 10/10 [00:00<00:00, 174.90it/s]
epoch=3 train_loss=0.1076 val_loss=0.1075 val_mae=0.1109 val_rmse=0.1721 val_pearson=-0.1531 val_spearman=-0.0867 val_majority_sentiment_accuracy=0.8966 val_majority_sentiment_macro_f1=0.3152 val_majority_sentiment_weighted_f1=0.8476

epoch 4/5:   0%|          | 0/10 [00:00<?, ?it/s]
epoch 4/5: 100%|██████████| 10/10 [00:00<00:00, 175.72it/s]
epoch=4 train_loss=0.1339 val_loss=0.1079 val_mae=0.1220 val_rmse=0.1722 val_pearson=-0.1671 val_spearman=-0.1560 val_majority_sentiment_accuracy=0.8966 val_majority_sentiment_macro_f1=0.3152 val_majority_sentiment_weighted_f1=0.8476

epoch 5/5:   0%|          | 0/10 [00:00<?, ?it/s]
epoch 5/5: 100%|██████████| 10/10 [00:00<00:00, 180.82it/s]
epoch=5 train_loss=0.1020 val_loss=0.1106 val_mae=0.1279 val_rmse=0.1762 val_pearson=-0.0300 val_spearman=0.2310 val_majority_sentiment_accuracy=0.8966 val_majority_sentiment_macro_f1=0.3152 val_majority_sentiment_weighted_f1=0.8476
saved_model=runs/20260319_173322_seed_sweep_seed_77/structure_baseline/artifacts/structure_baseline_pheme_forecast_ratio_50_train.pt
saved_config=runs/20260319_173322_seed_sweep_seed_77/structure_baseline/artifacts/structure_baseline_pheme_forecast_ratio_50_train.json
saved_summary=runs/20260319_173322_seed_sweep_seed_77/structure_baseline/artifacts/structure_baseline_pheme_forecast_ratio_50_train_summary.json
==> command_exit command=/home/alexmhliu/affect-state-forecaster/.venv/bin/python src/train.py --train_path data/processed/pheme_forecast_ratio_50_train.jsonl --model structure_baseline --device cuda --epochs 5 --batch_size 16 --seed 77 --output_dir runs/20260319_173322_seed_sweep_seed_77/structure_baseline/artifacts --val_path data/processed/pheme_forecast_ratio_50_val.jsonl returncode=0
==> command_duration_seconds 4.64
==> evaluate model=structure_baseline

$ /home/alexmhliu/affect-state-forecaster/.venv/bin/python src/evaluate.py --data_path data/processed/pheme_forecast_ratio_50_test.jsonl --model structure_baseline --model_path runs/20260319_173322_seed_sweep_seed_77/structure_baseline/artifacts/structure_baseline_pheme_forecast_ratio_50_train.pt --config_path runs/20260319_173322_seed_sweep_seed_77/structure_baseline/artifacts/structure_baseline_pheme_forecast_ratio_50_train.json --device cuda --output_dir runs/20260319_173322_seed_sweep_seed_77/structure_baseline/eval
group=overall value=all num_threads=92 mae=0.1118 rmse=0.1831
group=split value=test num_threads=92 mae=0.1118 rmse=0.1831
group=observation_ratio value=0.5 num_threads=92 mae=0.1118 rmse=0.1831
group=event value=prince-toronto num_threads=12 mae=0.0888 rmse=0.1041
group=event value=putinmissing num_threads=9 mae=0.0934 rmse=0.1004
group=event value=sydneysiege num_threads=71 mae=0.1180 rmse=0.2008
saved_predictions=runs/20260319_173322_seed_sweep_seed_77/structure_baseline/eval/predictions.jsonl
saved_summary=runs/20260319_173322_seed_sweep_seed_77/structure_baseline/eval/results_summary.csv
saved_event_errors=runs/20260319_173322_seed_sweep_seed_77/structure_baseline/eval/error_analysis_by_event.csv
==> command_exit command=/home/alexmhliu/affect-state-forecaster/.venv/bin/python src/evaluate.py --data_path data/processed/pheme_forecast_ratio_50_test.jsonl --model structure_baseline --model_path runs/20260319_173322_seed_sweep_seed_77/structure_baseline/artifacts/structure_baseline_pheme_forecast_ratio_50_train.pt --config_path runs/20260319_173322_seed_sweep_seed_77/structure_baseline/artifacts/structure_baseline_pheme_forecast_ratio_50_train.json --device cuda --output_dir runs/20260319_173322_seed_sweep_seed_77/structure_baseline/eval returncode=0
==> command_duration_seconds 3.02
==> train model=affect_state_forecaster

$ /home/alexmhliu/affect-state-forecaster/.venv/bin/python src/train.py --train_path data/processed/pheme_forecast_ratio_50_train.jsonl --model affect_state_forecaster --device cuda --epochs 5 --batch_size 16 --seed 77 --output_dir runs/20260319_173322_seed_sweep_seed_77/affect_state_forecaster/artifacts --val_path data/processed/pheme_forecast_ratio_50_val.jsonl

epoch 1/5:   0%|          | 0/10 [00:00<?, ?it/s]
epoch 1/5:  10%|█         | 1/10 [00:00<00:03,  2.63it/s]
epoch 1/5:  70%|███████   | 7/10 [00:00<00:00, 17.68it/s]
epoch 1/5: 100%|██████████| 10/10 [00:00<00:00, 18.51it/s]
epoch=1 train_loss=0.1443 val_loss=0.1057 val_mae=0.1384 val_rmse=0.1736 val_pearson=-0.1157 val_spearman=0.2396 val_majority_sentiment_accuracy=0.8966 val_majority_sentiment_macro_f1=0.3152 val_majority_sentiment_weighted_f1=0.8476

epoch 2/5:   0%|          | 0/10 [00:00<?, ?it/s]
epoch 2/5:  60%|██████    | 6/10 [00:00<00:00, 53.12it/s]
epoch 2/5: 100%|██████████| 10/10 [00:00<00:00, 57.85it/s]
epoch=2 train_loss=0.1069 val_loss=0.1054 val_mae=0.1366 val_rmse=0.1716 val_pearson=-0.0326 val_spearman=0.1742 val_majority_sentiment_accuracy=0.8966 val_majority_sentiment_macro_f1=0.3152 val_majority_sentiment_weighted_f1=0.8476

epoch 3/5:   0%|          | 0/10 [00:00<?, ?it/s]
epoch 3/5:  60%|██████    | 6/10 [00:00<00:00, 55.60it/s]
epoch 3/5: 100%|██████████| 10/10 [00:00<00:00, 57.73it/s]
epoch=3 train_loss=0.1078 val_loss=0.1208 val_mae=0.1810 val_rmse=0.2055 val_pearson=-0.0781 val_spearman=0.0923 val_majority_sentiment_accuracy=0.8966 val_majority_sentiment_macro_f1=0.3152 val_majority_sentiment_weighted_f1=0.8476

epoch 4/5:   0%|          | 0/10 [00:00<?, ?it/s]
epoch 4/5:  60%|██████    | 6/10 [00:00<00:00, 54.89it/s]
epoch 4/5: 100%|██████████| 10/10 [00:00<00:00, 58.91it/s]
epoch=4 train_loss=0.1049 val_loss=0.1205 val_mae=0.1752 val_rmse=0.2006 val_pearson=-0.0599 val_spearman=0.1536 val_majority_sentiment_accuracy=0.8966 val_majority_sentiment_macro_f1=0.3152 val_majority_sentiment_weighted_f1=0.8476

epoch 5/5:   0%|          | 0/10 [00:00<?, ?it/s]
epoch 5/5:  60%|██████    | 6/10 [00:00<00:00, 54.65it/s]
epoch 5/5: 100%|██████████| 10/10 [00:00<00:00, 58.65it/s]
epoch=5 train_loss=0.0996 val_loss=0.1087 val_mae=0.1298 val_rmse=0.1674 val_pearson=-0.0260 val_spearman=0.1924 val_majority_sentiment_accuracy=0.8966 val_majority_sentiment_macro_f1=0.3152 val_majority_sentiment_weighted_f1=0.8476
saved_model=runs/20260319_173322_seed_sweep_seed_77/affect_state_forecaster/artifacts/affect_state_forecaster_pheme_forecast_ratio_50_train.pt
saved_config=runs/20260319_173322_seed_sweep_seed_77/affect_state_forecaster/artifacts/affect_state_forecaster_pheme_forecast_ratio_50_train.json
saved_summary=runs/20260319_173322_seed_sweep_seed_77/affect_state_forecaster/artifacts/affect_state_forecaster_pheme_forecast_ratio_50_train_summary.json
==> command_exit command=/home/alexmhliu/affect-state-forecaster/.venv/bin/python src/train.py --train_path data/processed/pheme_forecast_ratio_50_train.jsonl --model affect_state_forecaster --device cuda --epochs 5 --batch_size 16 --seed 77 --output_dir runs/20260319_173322_seed_sweep_seed_77/affect_state_forecaster/artifacts --val_path data/processed/pheme_forecast_ratio_50_val.jsonl returncode=0
==> command_duration_seconds 5.45
==> evaluate model=affect_state_forecaster

$ /home/alexmhliu/affect-state-forecaster/.venv/bin/python src/evaluate.py --data_path data/processed/pheme_forecast_ratio_50_test.jsonl --model affect_state_forecaster --model_path runs/20260319_173322_seed_sweep_seed_77/affect_state_forecaster/artifacts/affect_state_forecaster_pheme_forecast_ratio_50_train.pt --config_path runs/20260319_173322_seed_sweep_seed_77/affect_state_forecaster/artifacts/affect_state_forecaster_pheme_forecast_ratio_50_train.json --device cuda --output_dir runs/20260319_173322_seed_sweep_seed_77/affect_state_forecaster/eval
group=overall value=all num_threads=92 mae=0.1326 rmse=0.1789
group=split value=test num_threads=92 mae=0.1326 rmse=0.1789
group=observation_ratio value=0.5 num_threads=92 mae=0.1326 rmse=0.1789
group=event value=prince-toronto num_threads=12 mae=0.1327 rmse=0.1332
group=event value=putinmissing num_threads=9 mae=0.1256 rmse=0.1347
group=event value=sydneysiege num_threads=71 mae=0.1335 rmse=0.1902
saved_predictions=runs/20260319_173322_seed_sweep_seed_77/affect_state_forecaster/eval/predictions.jsonl
saved_summary=runs/20260319_173322_seed_sweep_seed_77/affect_state_forecaster/eval/results_summary.csv
saved_event_errors=runs/20260319_173322_seed_sweep_seed_77/affect_state_forecaster/eval/error_analysis_by_event.csv
==> command_exit command=/home/alexmhliu/affect-state-forecaster/.venv/bin/python src/evaluate.py --data_path data/processed/pheme_forecast_ratio_50_test.jsonl --model affect_state_forecaster --model_path runs/20260319_173322_seed_sweep_seed_77/affect_state_forecaster/artifacts/affect_state_forecaster_pheme_forecast_ratio_50_train.pt --config_path runs/20260319_173322_seed_sweep_seed_77/affect_state_forecaster/artifacts/affect_state_forecaster_pheme_forecast_ratio_50_train.json --device cuda --output_dir runs/20260319_173322_seed_sweep_seed_77/affect_state_forecaster/eval returncode=0
==> command_duration_seconds 3.12
==> summarize completed
==> anomaly Affect-State Forecaster 的 MAE 明显差于 structure_baseline。
==> anomaly affect_state_forecaster 的 Accuracy 远高于 Macro-F1。
==> anomaly structure_baseline 的 Accuracy 远高于 Macro-F1。
==> anomaly temporal_baseline 的 Accuracy 远高于 Macro-F1。
==> anomaly text_baseline 的 Accuracy 远高于 Macro-F1。
==> summarize end_time=1773912834.3170877
