==> plan start_time=1773912835.653378
==> plan run_id=20260319_173355_labeler_lexicon_v1_ratio_50
==> plan experiment_type=主实验
==> plan target_hypotheses=H1,H2,H3
==> plan question=比较 weak labeler=lexicon_v1 时主实验结果是否稳定。
==> plan success_criteria=主结论对不同弱标注策略保持一致。
==> plan failure_criteria=若主结论随 labeler 明显波动，则需要先修正弱标注策略。
==> plan dataset=data/processed/robustness/lexicon_v1/pheme_forecast_ratio_50_train.jsonl
==> plan ratio_labels=ratio_50_train
==> plan models=text_baseline,temporal_baseline,structure_baseline,affect_state_forecaster
==> plan python=base:/home/alexmhliu/affect-state-forecaster/.venv/bin/python
==> plan device=cuda
==> train model=text_baseline

$ /home/alexmhliu/affect-state-forecaster/.venv/bin/python src/train.py --train_path data/processed/robustness/lexicon_v1/pheme_forecast_ratio_50_train.jsonl --model text_baseline --device cuda --epochs 5 --batch_size 16 --seed 42 --output_dir runs/20260319_173355_labeler_lexicon_v1_ratio_50/text_baseline/artifacts --val_path data/processed/robustness/lexicon_v1/pheme_forecast_ratio_50_val.jsonl
Traceback (most recent call last):
  File "/home/alexmhliu/affect-state-forecaster/src/train.py", line 371, in <module>
    main()
  File "/home/alexmhliu/affect-state-forecaster/src/train.py", line 254, in main
    train_dataset = PHEMEForecastDataset(args.train_path)
                    ^^^^^^^^^^^^^^^^^^^^^^^^^^^^^^^^^^^^^
  File "/home/alexmhliu/affect-state-forecaster/src/datasets/pheme_forecast_dataset.py", line 41, in __init__
    self.samples = self._load(self.path)
                   ^^^^^^^^^^^^^^^^^^^^^
  File "/home/alexmhliu/affect-state-forecaster/src/datasets/pheme_forecast_dataset.py", line 45, in _load
    raise FileNotFoundError(f"Dataset not found: {path}")
FileNotFoundError: Dataset not found: data/processed/robustness/lexicon_v1/pheme_forecast_ratio_50_train.jsonl
==> command_exit command=/home/alexmhliu/affect-state-forecaster/.venv/bin/python src/train.py --train_path data/processed/robustness/lexicon_v1/pheme_forecast_ratio_50_train.jsonl --model text_baseline --device cuda --epochs 5 --batch_size 16 --seed 42 --output_dir runs/20260319_173355_labeler_lexicon_v1_ratio_50/text_baseline/artifacts --val_path data/processed/robustness/lexicon_v1/pheme_forecast_ratio_50_val.jsonl returncode=1
==> command_duration_seconds 2.68
