==> plan start_time=1773912601.0010228
==> plan run_id=20260319_173001_cross_event_ottawashooting
==> plan experiment_type=主实验
==> plan target_hypotheses=H1,H2,H3
==> plan question=验证 held-out event=ottawashooting 时各模型的 cross-event 泛化能力。
==> plan success_criteria=affect_state_forecaster 在 held-out event 上保持与主实验一致的领先趋势。
==> plan failure_criteria=若 held-out event 掉点显著，则后续优先做泛化与正则化。
==> plan dataset=/tmp/pheme_cross_event_nzz5m343/ottawashooting_train.jsonl
==> plan ratio_labels=ottawashooting_train
==> plan models=text_baseline,temporal_baseline,structure_baseline,affect_state_forecaster
==> plan python=base:/home/alexmhliu/affect-state-forecaster/.venv/bin/python
==> plan device=cuda
==> train model=text_baseline

$ /home/alexmhliu/affect-state-forecaster/.venv/bin/python src/train.py --train_path /tmp/pheme_cross_event_nzz5m343/ottawashooting_train.jsonl --model text_baseline --device cuda --epochs 5 --batch_size 16 --seed 42 --output_dir runs/20260319_173001_cross_event_ottawashooting/text_baseline/artifacts --val_path /tmp/pheme_cross_event_nzz5m343/ottawashooting_val.jsonl

epoch 1/5:   0%|          | 0/11 [00:00<?, ?it/s]
epoch 1/5:   9%|▉         | 1/11 [00:00<00:02,  3.88it/s]
epoch 1/5: 100%|██████████| 11/11 [00:00<00:00, 35.94it/s]
epoch=1 train_loss=0.2189 val_loss=0.1565 val_mae=0.2007 val_rmse=0.2727 val_pearson=-0.3242 val_spearman=-0.2520 val_majority_sentiment_accuracy=0.9577 val_majority_sentiment_macro_f1=0.3261 val_majority_sentiment_weighted_f1=0.9371

epoch 2/5:   0%|          | 0/11 [00:00<?, ?it/s]
epoch 2/5: 100%|██████████| 11/11 [00:00<00:00, 213.64it/s]
epoch=2 train_loss=0.1205 val_loss=0.1068 val_mae=0.1627 val_rmse=0.2476 val_pearson=-0.2946 val_spearman=-0.1424 val_majority_sentiment_accuracy=0.9577 val_majority_sentiment_macro_f1=0.3261 val_majority_sentiment_weighted_f1=0.9371

epoch 3/5:   0%|          | 0/11 [00:00<?, ?it/s]
epoch 3/5: 100%|██████████| 11/11 [00:00<00:00, 199.35it/s]
epoch=3 train_loss=0.0977 val_loss=0.0925 val_mae=0.1524 val_rmse=0.2266 val_pearson=-0.0511 val_spearman=0.0899 val_majority_sentiment_accuracy=0.9577 val_majority_sentiment_macro_f1=0.3261 val_majority_sentiment_weighted_f1=0.9371

epoch 4/5:   0%|          | 0/11 [00:00<?, ?it/s]
epoch 4/5: 100%|██████████| 11/11 [00:00<00:00, 205.80it/s]
epoch=4 train_loss=0.0891 val_loss=0.0942 val_mae=0.1395 val_rmse=0.2253 val_pearson=-0.1370 val_spearman=-0.0798 val_majority_sentiment_accuracy=0.9577 val_majority_sentiment_macro_f1=0.3261 val_majority_sentiment_weighted_f1=0.9371

epoch 5/5:   0%|          | 0/11 [00:00<?, ?it/s]
epoch 5/5: 100%|██████████| 11/11 [00:00<00:00, 212.21it/s]
epoch=5 train_loss=0.0766 val_loss=0.1013 val_mae=0.1610 val_rmse=0.2370 val_pearson=-0.2274 val_spearman=-0.0894 val_majority_sentiment_accuracy=0.9577 val_majority_sentiment_macro_f1=0.3261 val_majority_sentiment_weighted_f1=0.9371
saved_model=runs/20260319_173001_cross_event_ottawashooting/text_baseline/artifacts/text_baseline_ottawashooting_train.pt
saved_config=runs/20260319_173001_cross_event_ottawashooting/text_baseline/artifacts/text_baseline_ottawashooting_train.json
saved_summary=runs/20260319_173001_cross_event_ottawashooting/text_baseline/artifacts/text_baseline_ottawashooting_train_summary.json
==> command_exit command=/home/alexmhliu/affect-state-forecaster/.venv/bin/python src/train.py --train_path /tmp/pheme_cross_event_nzz5m343/ottawashooting_train.jsonl --model text_baseline --device cuda --epochs 5 --batch_size 16 --seed 42 --output_dir runs/20260319_173001_cross_event_ottawashooting/text_baseline/artifacts --val_path /tmp/pheme_cross_event_nzz5m343/ottawashooting_val.jsonl returncode=0
==> command_duration_seconds 4.6
==> evaluate model=text_baseline

$ /home/alexmhliu/affect-state-forecaster/.venv/bin/python src/evaluate.py --data_path /tmp/pheme_cross_event_nzz5m343/ottawashooting_test.jsonl --model text_baseline --model_path runs/20260319_173001_cross_event_ottawashooting/text_baseline/artifacts/text_baseline_ottawashooting_train.pt --config_path runs/20260319_173001_cross_event_ottawashooting/text_baseline/artifacts/text_baseline_ottawashooting_train.json --device cuda --output_dir runs/20260319_173001_cross_event_ottawashooting/text_baseline/eval
group=overall value=all num_threads=58 mae=0.1787 rmse=0.2241
group=split value=test num_threads=58 mae=0.1787 rmse=0.2241
group=observation_ratio value=0.5 num_threads=58 mae=0.1787 rmse=0.2241
group=event value=ottawashooting num_threads=58 mae=0.1787 rmse=0.2241
saved_predictions=runs/20260319_173001_cross_event_ottawashooting/text_baseline/eval/predictions.jsonl
saved_summary=runs/20260319_173001_cross_event_ottawashooting/text_baseline/eval/results_summary.csv
saved_event_errors=runs/20260319_173001_cross_event_ottawashooting/text_baseline/eval/error_analysis_by_event.csv
==> command_exit command=/home/alexmhliu/affect-state-forecaster/.venv/bin/python src/evaluate.py --data_path /tmp/pheme_cross_event_nzz5m343/ottawashooting_test.jsonl --model text_baseline --model_path runs/20260319_173001_cross_event_ottawashooting/text_baseline/artifacts/text_baseline_ottawashooting_train.pt --config_path runs/20260319_173001_cross_event_ottawashooting/text_baseline/artifacts/text_baseline_ottawashooting_train.json --device cuda --output_dir runs/20260319_173001_cross_event_ottawashooting/text_baseline/eval returncode=0
==> command_duration_seconds 3.0
==> train model=temporal_baseline

$ /home/alexmhliu/affect-state-forecaster/.venv/bin/python src/train.py --train_path /tmp/pheme_cross_event_nzz5m343/ottawashooting_train.jsonl --model temporal_baseline --device cuda --epochs 5 --batch_size 16 --seed 42 --output_dir runs/20260319_173001_cross_event_ottawashooting/temporal_baseline/artifacts --val_path /tmp/pheme_cross_event_nzz5m343/ottawashooting_val.jsonl

epoch 1/5:   0%|          | 0/11 [00:00<?, ?it/s]
epoch 1/5:   9%|▉         | 1/11 [00:00<00:03,  2.80it/s]
epoch 1/5:  73%|███████▎  | 8/11 [00:00<00:00, 21.39it/s]
epoch 1/5: 100%|██████████| 11/11 [00:00<00:00, 21.86it/s]
epoch=1 train_loss=0.2651 val_loss=0.1564 val_mae=0.1867 val_rmse=0.2664 val_pearson=-0.0169 val_spearman=0.0182 val_majority_sentiment_accuracy=0.9577 val_majority_sentiment_macro_f1=0.3261 val_majority_sentiment_weighted_f1=0.9371

epoch 2/5:   0%|          | 0/11 [00:00<?, ?it/s]
epoch 2/5:  64%|██████▎   | 7/11 [00:00<00:00, 67.57it/s]
epoch 2/5: 100%|██████████| 11/11 [00:00<00:00, 69.94it/s]
epoch=2 train_loss=0.1142 val_loss=0.1270 val_mae=0.2361 val_rmse=0.2926 val_pearson=-0.2660 val_spearman=-0.1325 val_majority_sentiment_accuracy=0.9577 val_majority_sentiment_macro_f1=0.3261 val_majority_sentiment_weighted_f1=0.9371

epoch 3/5:   0%|          | 0/11 [00:00<?, ?it/s]
epoch 3/5:  64%|██████▎   | 7/11 [00:00<00:00, 66.81it/s]
epoch 3/5: 100%|██████████| 11/11 [00:00<00:00, 70.36it/s]
epoch=3 train_loss=0.0970 val_loss=0.0992 val_mae=0.1835 val_rmse=0.2492 val_pearson=-0.1968 val_spearman=-0.0075 val_majority_sentiment_accuracy=0.9577 val_majority_sentiment_macro_f1=0.3261 val_majority_sentiment_weighted_f1=0.9371

epoch 4/5:   0%|          | 0/11 [00:00<?, ?it/s]
epoch 4/5:  64%|██████▎   | 7/11 [00:00<00:00, 69.65it/s]
epoch 4/5: 100%|██████████| 11/11 [00:00<00:00, 69.75it/s]
epoch=4 train_loss=0.0770 val_loss=0.0971 val_mae=0.1473 val_rmse=0.2324 val_pearson=-0.1923 val_spearman=-0.1068 val_majority_sentiment_accuracy=0.9577 val_majority_sentiment_macro_f1=0.3261 val_majority_sentiment_weighted_f1=0.9371

epoch 5/5:   0%|          | 0/11 [00:00<?, ?it/s]
epoch 5/5:  64%|██████▎   | 7/11 [00:00<00:00, 66.38it/s]
epoch 5/5: 100%|██████████| 11/11 [00:00<00:00, 69.50it/s]
epoch=5 train_loss=0.0682 val_loss=0.1042 val_mae=0.1828 val_rmse=0.2469 val_pearson=-0.1960 val_spearman=-0.0924 val_majority_sentiment_accuracy=0.9577 val_majority_sentiment_macro_f1=0.3261 val_majority_sentiment_weighted_f1=0.9371
saved_model=runs/20260319_173001_cross_event_ottawashooting/temporal_baseline/artifacts/temporal_baseline_ottawashooting_train.pt
saved_config=runs/20260319_173001_cross_event_ottawashooting/temporal_baseline/artifacts/temporal_baseline_ottawashooting_train.json
saved_summary=runs/20260319_173001_cross_event_ottawashooting/temporal_baseline/artifacts/temporal_baseline_ottawashooting_train_summary.json
==> command_exit command=/home/alexmhliu/affect-state-forecaster/.venv/bin/python src/train.py --train_path /tmp/pheme_cross_event_nzz5m343/ottawashooting_train.jsonl --model temporal_baseline --device cuda --epochs 5 --batch_size 16 --seed 42 --output_dir runs/20260319_173001_cross_event_ottawashooting/temporal_baseline/artifacts --val_path /tmp/pheme_cross_event_nzz5m343/ottawashooting_val.jsonl returncode=0
==> command_duration_seconds 5.28
==> evaluate model=temporal_baseline

$ /home/alexmhliu/affect-state-forecaster/.venv/bin/python src/evaluate.py --data_path /tmp/pheme_cross_event_nzz5m343/ottawashooting_test.jsonl --model temporal_baseline --model_path runs/20260319_173001_cross_event_ottawashooting/temporal_baseline/artifacts/temporal_baseline_ottawashooting_train.pt --config_path runs/20260319_173001_cross_event_ottawashooting/temporal_baseline/artifacts/temporal_baseline_ottawashooting_train.json --device cuda --output_dir runs/20260319_173001_cross_event_ottawashooting/temporal_baseline/eval
group=overall value=all num_threads=58 mae=0.1284 rmse=0.1743
group=split value=test num_threads=58 mae=0.1284 rmse=0.1743
group=observation_ratio value=0.5 num_threads=58 mae=0.1284 rmse=0.1743
group=event value=ottawashooting num_threads=58 mae=0.1284 rmse=0.1743
saved_predictions=runs/20260319_173001_cross_event_ottawashooting/temporal_baseline/eval/predictions.jsonl
saved_summary=runs/20260319_173001_cross_event_ottawashooting/temporal_baseline/eval/results_summary.csv
saved_event_errors=runs/20260319_173001_cross_event_ottawashooting/temporal_baseline/eval/error_analysis_by_event.csv
==> command_exit command=/home/alexmhliu/affect-state-forecaster/.venv/bin/python src/evaluate.py --data_path /tmp/pheme_cross_event_nzz5m343/ottawashooting_test.jsonl --model temporal_baseline --model_path runs/20260319_173001_cross_event_ottawashooting/temporal_baseline/artifacts/temporal_baseline_ottawashooting_train.pt --config_path runs/20260319_173001_cross_event_ottawashooting/temporal_baseline/artifacts/temporal_baseline_ottawashooting_train.json --device cuda --output_dir runs/20260319_173001_cross_event_ottawashooting/temporal_baseline/eval returncode=0
==> command_duration_seconds 3.05
==> train model=structure_baseline

$ /home/alexmhliu/affect-state-forecaster/.venv/bin/python src/train.py --train_path /tmp/pheme_cross_event_nzz5m343/ottawashooting_train.jsonl --model structure_baseline --device cuda --epochs 5 --batch_size 16 --seed 42 --output_dir runs/20260319_173001_cross_event_ottawashooting/structure_baseline/artifacts --val_path /tmp/pheme_cross_event_nzz5m343/ottawashooting_val.jsonl

epoch 1/5:   0%|          | 0/11 [00:00<?, ?it/s]
epoch 1/5:   9%|▉         | 1/11 [00:00<00:02,  3.73it/s]
epoch 1/5: 100%|██████████| 11/11 [00:00<00:00, 33.78it/s]
epoch=1 train_loss=0.1833 val_loss=0.1108 val_mae=0.2046 val_rmse=0.2500 val_pearson=-0.3933 val_spearman=0.0296 val_majority_sentiment_accuracy=0.9577 val_majority_sentiment_macro_f1=0.3261 val_majority_sentiment_weighted_f1=0.9371

epoch 2/5:   0%|          | 0/11 [00:00<?, ?it/s]
epoch 2/5: 100%|██████████| 11/11 [00:00<00:00, 179.79it/s]
epoch=2 train_loss=0.1278 val_loss=0.0900 val_mae=0.1432 val_rmse=0.2078 val_pearson=-0.4340 val_spearman=0.0050 val_majority_sentiment_accuracy=0.9577 val_majority_sentiment_macro_f1=0.3261 val_majority_sentiment_weighted_f1=0.9371

epoch 3/5:   0%|          | 0/11 [00:00<?, ?it/s]
epoch 3/5: 100%|██████████| 11/11 [00:00<00:00, 176.54it/s]
epoch=3 train_loss=0.1049 val_loss=0.0958 val_mae=0.1667 val_rmse=0.2181 val_pearson=-0.3593 val_spearman=0.1090 val_majority_sentiment_accuracy=0.9577 val_majority_sentiment_macro_f1=0.3261 val_majority_sentiment_weighted_f1=0.9371

epoch 4/5:   0%|          | 0/11 [00:00<?, ?it/s]
epoch 4/5: 100%|██████████| 11/11 [00:00<00:00, 182.17it/s]
epoch=4 train_loss=0.0979 val_loss=0.1153 val_mae=0.2179 val_rmse=0.2584 val_pearson=-0.3822 val_spearman=0.1301 val_majority_sentiment_accuracy=0.9577 val_majority_sentiment_macro_f1=0.3261 val_majority_sentiment_weighted_f1=0.9371

epoch 5/5:   0%|          | 0/11 [00:00<?, ?it/s]
epoch 5/5: 100%|██████████| 11/11 [00:00<00:00, 183.13it/s]
epoch=5 train_loss=0.1010 val_loss=0.0947 val_mae=0.1530 val_rmse=0.2140 val_pearson=-0.2946 val_spearman=0.0987 val_majority_sentiment_accuracy=0.9577 val_majority_sentiment_macro_f1=0.3261 val_majority_sentiment_weighted_f1=0.9371
saved_model=runs/20260319_173001_cross_event_ottawashooting/structure_baseline/artifacts/structure_baseline_ottawashooting_train.pt
saved_config=runs/20260319_173001_cross_event_ottawashooting/structure_baseline/artifacts/structure_baseline_ottawashooting_train.json
saved_summary=runs/20260319_173001_cross_event_ottawashooting/structure_baseline/artifacts/structure_baseline_ottawashooting_train_summary.json
==> command_exit command=/home/alexmhliu/affect-state-forecaster/.venv/bin/python src/train.py --train_path /tmp/pheme_cross_event_nzz5m343/ottawashooting_train.jsonl --model structure_baseline --device cuda --epochs 5 --batch_size 16 --seed 42 --output_dir runs/20260319_173001_cross_event_ottawashooting/structure_baseline/artifacts --val_path /tmp/pheme_cross_event_nzz5m343/ottawashooting_val.jsonl returncode=0
==> command_duration_seconds 4.63
==> evaluate model=structure_baseline

$ /home/alexmhliu/affect-state-forecaster/.venv/bin/python src/evaluate.py --data_path /tmp/pheme_cross_event_nzz5m343/ottawashooting_test.jsonl --model structure_baseline --model_path runs/20260319_173001_cross_event_ottawashooting/structure_baseline/artifacts/structure_baseline_ottawashooting_train.pt --config_path runs/20260319_173001_cross_event_ottawashooting/structure_baseline/artifacts/structure_baseline_ottawashooting_train.json --device cuda --output_dir runs/20260319_173001_cross_event_ottawashooting/structure_baseline/eval
group=overall value=all num_threads=58 mae=0.1323 rmse=0.1740
group=split value=test num_threads=58 mae=0.1323 rmse=0.1740
group=observation_ratio value=0.5 num_threads=58 mae=0.1323 rmse=0.1740
group=event value=ottawashooting num_threads=58 mae=0.1323 rmse=0.1740
saved_predictions=runs/20260319_173001_cross_event_ottawashooting/structure_baseline/eval/predictions.jsonl
saved_summary=runs/20260319_173001_cross_event_ottawashooting/structure_baseline/eval/results_summary.csv
saved_event_errors=runs/20260319_173001_cross_event_ottawashooting/structure_baseline/eval/error_analysis_by_event.csv
==> command_exit command=/home/alexmhliu/affect-state-forecaster/.venv/bin/python src/evaluate.py --data_path /tmp/pheme_cross_event_nzz5m343/ottawashooting_test.jsonl --model structure_baseline --model_path runs/20260319_173001_cross_event_ottawashooting/structure_baseline/artifacts/structure_baseline_ottawashooting_train.pt --config_path runs/20260319_173001_cross_event_ottawashooting/structure_baseline/artifacts/structure_baseline_ottawashooting_train.json --device cuda --output_dir runs/20260319_173001_cross_event_ottawashooting/structure_baseline/eval returncode=0
==> command_duration_seconds 2.99
==> train model=affect_state_forecaster

$ /home/alexmhliu/affect-state-forecaster/.venv/bin/python src/train.py --train_path /tmp/pheme_cross_event_nzz5m343/ottawashooting_train.jsonl --model affect_state_forecaster --device cuda --epochs 5 --batch_size 16 --seed 42 --output_dir runs/20260319_173001_cross_event_ottawashooting/affect_state_forecaster/artifacts --val_path /tmp/pheme_cross_event_nzz5m343/ottawashooting_val.jsonl

epoch 1/5:   0%|          | 0/11 [00:00<?, ?it/s]
epoch 1/5:   9%|▉         | 1/11 [00:00<00:03,  2.70it/s]
epoch 1/5:  55%|█████▍    | 6/11 [00:00<00:00, 15.82it/s]
epoch 1/5: 100%|██████████| 11/11 [00:00<00:00, 20.29it/s]
epoch=1 train_loss=0.2398 val_loss=0.0939 val_mae=0.1034 val_rmse=0.1858 val_pearson=0.1395 val_spearman=0.1515 val_majority_sentiment_accuracy=0.9577 val_majority_sentiment_macro_f1=0.3261 val_majority_sentiment_weighted_f1=0.9371

epoch 2/5:   0%|          | 0/11 [00:00<?, ?it/s]
epoch 2/5:  64%|██████▎   | 7/11 [00:00<00:00, 57.81it/s]
epoch 2/5: 100%|██████████| 11/11 [00:00<00:00, 58.68it/s]
epoch=2 train_loss=0.1109 val_loss=0.0835 val_mae=0.1309 val_rmse=0.1895 val_pearson=-0.0789 val_spearman=-0.0264 val_majority_sentiment_accuracy=0.9577 val_majority_sentiment_macro_f1=0.3261 val_majority_sentiment_weighted_f1=0.9371

epoch 3/5:   0%|          | 0/11 [00:00<?, ?it/s]
epoch 3/5:  55%|█████▍    | 6/11 [00:00<00:00, 59.70it/s]
epoch 3/5: 100%|██████████| 11/11 [00:00<00:00, 57.54it/s]
epoch=3 train_loss=0.0981 val_loss=0.0859 val_mae=0.1320 val_rmse=0.1917 val_pearson=-0.1931 val_spearman=0.0307 val_majority_sentiment_accuracy=0.9577 val_majority_sentiment_macro_f1=0.3261 val_majority_sentiment_weighted_f1=0.9371

epoch 4/5:   0%|          | 0/11 [00:00<?, ?it/s]
epoch 4/5:  55%|█████▍    | 6/11 [00:00<00:00, 59.47it/s]
epoch 4/5: 100%|██████████| 11/11 [00:00<00:00, 59.50it/s]
epoch=4 train_loss=0.0957 val_loss=0.0884 val_mae=0.1382 val_rmse=0.1942 val_pearson=-0.2289 val_spearman=0.0387 val_majority_sentiment_accuracy=0.9577 val_majority_sentiment_macro_f1=0.3261 val_majority_sentiment_weighted_f1=0.9371

epoch 5/5:   0%|          | 0/11 [00:00<?, ?it/s]
epoch 5/5:  55%|█████▍    | 6/11 [00:00<00:00, 57.22it/s]
epoch 5/5: 100%|██████████| 11/11 [00:00<00:00, 60.28it/s]
epoch=5 train_loss=0.0958 val_loss=0.0887 val_mae=0.1336 val_rmse=0.1929 val_pearson=-0.1755 val_spearman=0.2015 val_majority_sentiment_accuracy=0.9577 val_majority_sentiment_macro_f1=0.3261 val_majority_sentiment_weighted_f1=0.9371
saved_model=runs/20260319_173001_cross_event_ottawashooting/affect_state_forecaster/artifacts/affect_state_forecaster_ottawashooting_train.pt
saved_config=runs/20260319_173001_cross_event_ottawashooting/affect_state_forecaster/artifacts/affect_state_forecaster_ottawashooting_train.json
saved_summary=runs/20260319_173001_cross_event_ottawashooting/affect_state_forecaster/artifacts/affect_state_forecaster_ottawashooting_train_summary.json
==> command_exit command=/home/alexmhliu/affect-state-forecaster/.venv/bin/python src/train.py --train_path /tmp/pheme_cross_event_nzz5m343/ottawashooting_train.jsonl --model affect_state_forecaster --device cuda --epochs 5 --batch_size 16 --seed 42 --output_dir runs/20260319_173001_cross_event_ottawashooting/affect_state_forecaster/artifacts --val_path /tmp/pheme_cross_event_nzz5m343/ottawashooting_val.jsonl returncode=0
==> command_duration_seconds 5.56
==> evaluate model=affect_state_forecaster

$ /home/alexmhliu/affect-state-forecaster/.venv/bin/python src/evaluate.py --data_path /tmp/pheme_cross_event_nzz5m343/ottawashooting_test.jsonl --model affect_state_forecaster --model_path runs/20260319_173001_cross_event_ottawashooting/affect_state_forecaster/artifacts/affect_state_forecaster_ottawashooting_train.pt --config_path runs/20260319_173001_cross_event_ottawashooting/affect_state_forecaster/artifacts/affect_state_forecaster_ottawashooting_train.json --device cuda --output_dir runs/20260319_173001_cross_event_ottawashooting/affect_state_forecaster/eval
group=overall value=all num_threads=58 mae=0.1343 rmse=0.1694
group=split value=test num_threads=58 mae=0.1343 rmse=0.1694
group=observation_ratio value=0.5 num_threads=58 mae=0.1343 rmse=0.1694
group=event value=ottawashooting num_threads=58 mae=0.1343 rmse=0.1694
saved_predictions=runs/20260319_173001_cross_event_ottawashooting/affect_state_forecaster/eval/predictions.jsonl
saved_summary=runs/20260319_173001_cross_event_ottawashooting/affect_state_forecaster/eval/results_summary.csv
saved_event_errors=runs/20260319_173001_cross_event_ottawashooting/affect_state_forecaster/eval/error_analysis_by_event.csv
==> command_exit command=/home/alexmhliu/affect-state-forecaster/.venv/bin/python src/evaluate.py --data_path /tmp/pheme_cross_event_nzz5m343/ottawashooting_test.jsonl --model affect_state_forecaster --model_path runs/20260319_173001_cross_event_ottawashooting/affect_state_forecaster/artifacts/affect_state_forecaster_ottawashooting_train.pt --config_path runs/20260319_173001_cross_event_ottawashooting/affect_state_forecaster/artifacts/affect_state_forecaster_ottawashooting_train.json --device cuda --output_dir runs/20260319_173001_cross_event_ottawashooting/affect_state_forecaster/eval returncode=0
==> command_duration_seconds 3.13
==> summarize completed
==> anomaly affect_state_forecaster 的 Accuracy 远高于 Macro-F1。
==> anomaly structure_baseline 的 Accuracy 远高于 Macro-F1。
==> anomaly temporal_baseline 的 Accuracy 远高于 Macro-F1。
==> anomaly text_baseline 的 Accuracy 远高于 Macro-F1。
==> summarize end_time=1773912633.2524223
