==> plan start_time=1774228259.1756947
==> plan run_id=20260323_091059_main_plus_topconf
==> plan experiment_type=主实验+顶会Baseline
==> plan target_hypotheses=H1,H2,H3
==> plan question=统一训练设置下，现有方法与顶会可适配baseline的相对排序如何。
==> plan success_criteria=输出可直接进入论文主表的统一对比结果，并识别最强可复现baseline。
==> plan failure_criteria=若新增baseline训练不稳定或整体无增益，则回退到主实验配置。
==> plan dataset=/home/alexmhliu/affect-state-forecaster/data/processed/pheme_forecast_ratio_05_train.jsonl
==> plan ratio_labels=ratio_05_train
==> plan models=text_baseline,temporal_baseline,structure_baseline,affect_state_forecaster,patchtst_baseline,timesnet_baseline,thread_transformer_baseline
==> plan python=asf311:/home/alexmhliu/auto_install/miniconda3/envs/asf311/bin/python
==> plan device=cuda
==> train model=text_baseline

$ /home/alexmhliu/auto_install/miniconda3/envs/asf311/bin/python src/train.py --train_path /home/alexmhliu/affect-state-forecaster/data/processed/pheme_forecast_ratio_05_train.jsonl --model text_baseline --device cuda --epochs 5 --batch_size 16 --seed 42 --capacity_group default --output_dir runs/20260323_091059_main_plus_topconf/text_baseline/artifacts --val_path /home/alexmhliu/affect-state-forecaster/data/processed/pheme_forecast_ratio_05_val.jsonl

epoch 1/5:   0%|          | 0/10 [00:00<?, ?it/s]
epoch 1/5:  10%|█         | 1/10 [00:00<00:02,  3.80it/s]
epoch 1/5:  60%|██████    | 6/10 [00:00<00:00, 19.77it/s]
epoch 1/5: 100%|██████████| 10/10 [00:00<00:00, 22.97it/s]
epoch=1 train_loss=0.2494 val_loss=0.1831 val_mae=0.1977 val_rmse=0.2479 val_pearson=-0.0541 val_spearman=0.0761 val_majority_sentiment_accuracy=0.8966 val_majority_sentiment_macro_f1=0.3152 val_majority_sentiment_weighted_f1=0.8476

epoch 2/5:   0%|          | 0/10 [00:00<?, ?it/s]
epoch 2/5:  50%|█████     | 5/10 [00:00<00:00, 47.10it/s]
epoch 2/5: 100%|██████████| 10/10 [00:00<00:00, 52.54it/s]
epoch=2 train_loss=0.1311 val_loss=0.1435 val_mae=0.2031 val_rmse=0.2498 val_pearson=-0.0313 val_spearman=0.0699 val_majority_sentiment_accuracy=0.8966 val_majority_sentiment_macro_f1=0.3152 val_majority_sentiment_weighted_f1=0.8476

epoch 3/5:   0%|          | 0/10 [00:00<?, ?it/s]
epoch 3/5:  50%|█████     | 5/10 [00:00<00:00, 44.39it/s]
epoch 3/5: 100%|██████████| 10/10 [00:00<00:00, 52.15it/s]
epoch=3 train_loss=0.0987 val_loss=0.1197 val_mae=0.1566 val_rmse=0.2177 val_pearson=-0.0207 val_spearman=0.0763 val_majority_sentiment_accuracy=0.8966 val_majority_sentiment_macro_f1=0.3152 val_majority_sentiment_weighted_f1=0.8476

epoch 4/5:   0%|          | 0/10 [00:00<?, ?it/s]
epoch 4/5:  50%|█████     | 5/10 [00:00<00:00, 43.88it/s]
epoch 4/5: 100%|██████████| 10/10 [00:00<00:00, 51.12it/s]
epoch=4 train_loss=0.0904 val_loss=0.1374 val_mae=0.2057 val_rmse=0.2502 val_pearson=-0.0236 val_spearman=0.0994 val_majority_sentiment_accuracy=0.8966 val_majority_sentiment_macro_f1=0.3152 val_majority_sentiment_weighted_f1=0.8476

epoch 5/5:   0%|          | 0/10 [00:00<?, ?it/s]
epoch 5/5:  50%|█████     | 5/10 [00:00<00:00, 46.22it/s]
epoch 5/5: 100%|██████████| 10/10 [00:00<00:00, 52.81it/s]
epoch=5 train_loss=0.0809 val_loss=0.1315 val_mae=0.1869 val_rmse=0.2356 val_pearson=-0.0223 val_spearman=0.1267 val_majority_sentiment_accuracy=0.8966 val_majority_sentiment_macro_f1=0.3152 val_majority_sentiment_weighted_f1=0.8476
saved_model=runs/20260323_091059_main_plus_topconf/text_baseline/artifacts/text_baseline_pheme_forecast_ratio_05_train.pt
saved_config=runs/20260323_091059_main_plus_topconf/text_baseline/artifacts/text_baseline_pheme_forecast_ratio_05_train.json
saved_summary=runs/20260323_091059_main_plus_topconf/text_baseline/artifacts/text_baseline_pheme_forecast_ratio_05_train_summary.json
param_count=2577284
==> command_exit command=/home/alexmhliu/auto_install/miniconda3/envs/asf311/bin/python src/train.py --train_path /home/alexmhliu/affect-state-forecaster/data/processed/pheme_forecast_ratio_05_train.jsonl --model text_baseline --device cuda --epochs 5 --batch_size 16 --seed 42 --capacity_group default --output_dir runs/20260323_091059_main_plus_topconf/text_baseline/artifacts --val_path /home/alexmhliu/affect-state-forecaster/data/processed/pheme_forecast_ratio_05_val.jsonl returncode=0
==> command_duration_seconds 5.36
==> evaluate model=text_baseline

$ /home/alexmhliu/auto_install/miniconda3/envs/asf311/bin/python src/evaluate.py --data_path /home/alexmhliu/affect-state-forecaster/data/processed/pheme_forecast_ratio_05_test.jsonl --model text_baseline --model_path runs/20260323_091059_main_plus_topconf/text_baseline/artifacts/text_baseline_pheme_forecast_ratio_05_train.pt --config_path runs/20260323_091059_main_plus_topconf/text_baseline/artifacts/text_baseline_pheme_forecast_ratio_05_train.json --device cuda --output_dir runs/20260323_091059_main_plus_topconf/text_baseline/eval
/tmp/asf_main_clean/src/evaluate.py:254: FutureWarning: You are using `torch.load` with `weights_only=False` (the current default value), which uses the default pickle module implicitly. It is possible to construct malicious pickle data which will execute arbitrary code during unpickling (See https://github.com/pytorch/pytorch/blob/main/SECURITY.md#untrusted-models for more details). In a future release, the default value for `weights_only` will be flipped to `True`. This limits the functions that could be executed during unpickling. Arbitrary objects will no longer be allowed to be loaded via this mode unless they are explicitly allowlisted by the user via `torch.serialization.add_safe_globals`. We recommend you start setting `weights_only=True` for any use case where you don't have full control of the loaded file. Please open an issue on GitHub for any issues related to this experimental feature.
  state = torch.load(args.model_path, map_location=args.device)
group=overall value=all num_threads=92 mae=0.1523 rmse=0.2243
group=split value=test num_threads=92 mae=0.1523 rmse=0.2243
group=observation_ratio value=0.5 num_threads=92 mae=0.1523 rmse=0.2243
group=event value=prince-toronto num_threads=12 mae=0.1374 rmse=0.1622
group=event value=putinmissing num_threads=9 mae=0.1279 rmse=0.1504
group=event value=sydneysiege num_threads=71 mae=0.1580 rmse=0.2405
saved_predictions=runs/20260323_091059_main_plus_topconf/text_baseline/eval/predictions.jsonl
saved_summary=runs/20260323_091059_main_plus_topconf/text_baseline/eval/results_summary.csv
saved_event_errors=runs/20260323_091059_main_plus_topconf/text_baseline/eval/error_analysis_by_event.csv
==> command_exit command=/home/alexmhliu/auto_install/miniconda3/envs/asf311/bin/python src/evaluate.py --data_path /home/alexmhliu/affect-state-forecaster/data/processed/pheme_forecast_ratio_05_test.jsonl --model text_baseline --model_path runs/20260323_091059_main_plus_topconf/text_baseline/artifacts/text_baseline_pheme_forecast_ratio_05_train.pt --config_path runs/20260323_091059_main_plus_topconf/text_baseline/artifacts/text_baseline_pheme_forecast_ratio_05_train.json --device cuda --output_dir runs/20260323_091059_main_plus_topconf/text_baseline/eval returncode=0
==> command_duration_seconds 3.03
==> train model=temporal_baseline

$ /home/alexmhliu/auto_install/miniconda3/envs/asf311/bin/python src/train.py --train_path /home/alexmhliu/affect-state-forecaster/data/processed/pheme_forecast_ratio_05_train.jsonl --model temporal_baseline --device cuda --epochs 5 --batch_size 16 --seed 42 --capacity_group default --output_dir runs/20260323_091059_main_plus_topconf/temporal_baseline/artifacts --val_path /home/alexmhliu/affect-state-forecaster/data/processed/pheme_forecast_ratio_05_val.jsonl

epoch 1/5:   0%|          | 0/10 [00:00<?, ?it/s]
epoch 1/5:  10%|█         | 1/10 [00:00<00:03,  2.69it/s]
epoch 1/5:  50%|█████     | 5/10 [00:00<00:00, 12.50it/s]
epoch 1/5:  90%|█████████ | 9/10 [00:00<00:00, 18.43it/s]
epoch 1/5: 100%|██████████| 10/10 [00:00<00:00, 15.92it/s]
epoch=1 train_loss=0.2365 val_loss=0.1654 val_mae=0.1804 val_rmse=0.2350 val_pearson=0.1727 val_spearman=-0.0219 val_majority_sentiment_accuracy=0.8966 val_majority_sentiment_macro_f1=0.3152 val_majority_sentiment_weighted_f1=0.8476

epoch 2/5:   0%|          | 0/10 [00:00<?, ?it/s]
epoch 2/5:  40%|████      | 4/10 [00:00<00:00, 30.27it/s]
epoch 2/5:  80%|████████  | 8/10 [00:00<00:00, 32.54it/s]
epoch 2/5: 100%|██████████| 10/10 [00:00<00:00, 34.66it/s]
epoch=2 train_loss=0.1425 val_loss=0.1231 val_mae=0.1540 val_rmse=0.1870 val_pearson=0.2541 val_spearman=0.1067 val_majority_sentiment_accuracy=0.8966 val_majority_sentiment_macro_f1=0.3152 val_majority_sentiment_weighted_f1=0.8476

epoch 3/5:   0%|          | 0/10 [00:00<?, ?it/s]
epoch 3/5:  40%|████      | 4/10 [00:00<00:00, 31.86it/s]
epoch 3/5:  80%|████████  | 8/10 [00:00<00:00, 32.69it/s]
epoch 3/5: 100%|██████████| 10/10 [00:00<00:00, 34.80it/s]
epoch=3 train_loss=0.1076 val_loss=0.1220 val_mae=0.1530 val_rmse=0.1821 val_pearson=0.2720 val_spearman=0.1331 val_majority_sentiment_accuracy=0.8966 val_majority_sentiment_macro_f1=0.3152 val_majority_sentiment_weighted_f1=0.8476

epoch 4/5:   0%|          | 0/10 [00:00<?, ?it/s]
epoch 4/5:  40%|████      | 4/10 [00:00<00:00, 32.00it/s]
epoch 4/5:  80%|████████  | 8/10 [00:00<00:00, 32.54it/s]
epoch 4/5: 100%|██████████| 10/10 [00:00<00:00, 34.45it/s]
epoch=4 train_loss=0.0784 val_loss=0.1220 val_mae=0.1445 val_rmse=0.1802 val_pearson=0.1832 val_spearman=-0.0070 val_majority_sentiment_accuracy=0.8966 val_majority_sentiment_macro_f1=0.3152 val_majority_sentiment_weighted_f1=0.8476

epoch 5/5:   0%|          | 0/10 [00:00<?, ?it/s]
epoch 5/5:  40%|████      | 4/10 [00:00<00:00, 36.48it/s]
epoch 5/5:  80%|████████  | 8/10 [00:00<00:00, 31.95it/s]
epoch 5/5: 100%|██████████| 10/10 [00:00<00:00, 35.27it/s]
epoch=5 train_loss=0.0766 val_loss=0.1374 val_mae=0.1826 val_rmse=0.2151 val_pearson=0.2149 val_spearman=0.1071 val_majority_sentiment_accuracy=0.8966 val_majority_sentiment_macro_f1=0.3152 val_majority_sentiment_weighted_f1=0.8476
saved_model=runs/20260323_091059_main_plus_topconf/temporal_baseline/artifacts/temporal_baseline_pheme_forecast_ratio_05_train.pt
saved_config=runs/20260323_091059_main_plus_topconf/temporal_baseline/artifacts/temporal_baseline_pheme_forecast_ratio_05_train.json
saved_summary=runs/20260323_091059_main_plus_topconf/temporal_baseline/artifacts/temporal_baseline_pheme_forecast_ratio_05_train_summary.json
param_count=2709380
==> command_exit command=/home/alexmhliu/auto_install/miniconda3/envs/asf311/bin/python src/train.py --train_path /home/alexmhliu/affect-state-forecaster/data/processed/pheme_forecast_ratio_05_train.jsonl --model temporal_baseline --device cuda --epochs 5 --batch_size 16 --seed 42 --capacity_group default --output_dir runs/20260323_091059_main_plus_topconf/temporal_baseline/artifacts --val_path /home/alexmhliu/affect-state-forecaster/data/processed/pheme_forecast_ratio_05_val.jsonl returncode=0
==> command_duration_seconds 6.04
==> evaluate model=temporal_baseline

$ /home/alexmhliu/auto_install/miniconda3/envs/asf311/bin/python src/evaluate.py --data_path /home/alexmhliu/affect-state-forecaster/data/processed/pheme_forecast_ratio_05_test.jsonl --model temporal_baseline --model_path runs/20260323_091059_main_plus_topconf/temporal_baseline/artifacts/temporal_baseline_pheme_forecast_ratio_05_train.pt --config_path runs/20260323_091059_main_plus_topconf/temporal_baseline/artifacts/temporal_baseline_pheme_forecast_ratio_05_train.json --device cuda --output_dir runs/20260323_091059_main_plus_topconf/temporal_baseline/eval
/tmp/asf_main_clean/src/evaluate.py:254: FutureWarning: You are using `torch.load` with `weights_only=False` (the current default value), which uses the default pickle module implicitly. It is possible to construct malicious pickle data which will execute arbitrary code during unpickling (See https://github.com/pytorch/pytorch/blob/main/SECURITY.md#untrusted-models for more details). In a future release, the default value for `weights_only` will be flipped to `True`. This limits the functions that could be executed during unpickling. Arbitrary objects will no longer be allowed to be loaded via this mode unless they are explicitly allowlisted by the user via `torch.serialization.add_safe_globals`. We recommend you start setting `weights_only=True` for any use case where you don't have full control of the loaded file. Please open an issue on GitHub for any issues related to this experimental feature.
  state = torch.load(args.model_path, map_location=args.device)
group=overall value=all num_threads=92 mae=0.1762 rmse=0.2321
group=split value=test num_threads=92 mae=0.1762 rmse=0.2321
group=observation_ratio value=0.5 num_threads=92 mae=0.1762 rmse=0.2321
group=event value=prince-toronto num_threads=12 mae=0.1187 rmse=0.1451
group=event value=putinmissing num_threads=9 mae=0.1623 rmse=0.1774
group=event value=sydneysiege num_threads=71 mae=0.1877 rmse=0.2495
saved_predictions=runs/20260323_091059_main_plus_topconf/temporal_baseline/eval/predictions.jsonl
saved_summary=runs/20260323_091059_main_plus_topconf/temporal_baseline/eval/results_summary.csv
saved_event_errors=runs/20260323_091059_main_plus_topconf/temporal_baseline/eval/error_analysis_by_event.csv
==> command_exit command=/home/alexmhliu/auto_install/miniconda3/envs/asf311/bin/python src/evaluate.py --data_path /home/alexmhliu/affect-state-forecaster/data/processed/pheme_forecast_ratio_05_test.jsonl --model temporal_baseline --model_path runs/20260323_091059_main_plus_topconf/temporal_baseline/artifacts/temporal_baseline_pheme_forecast_ratio_05_train.pt --config_path runs/20260323_091059_main_plus_topconf/temporal_baseline/artifacts/temporal_baseline_pheme_forecast_ratio_05_train.json --device cuda --output_dir runs/20260323_091059_main_plus_topconf/temporal_baseline/eval returncode=0
==> command_duration_seconds 3.16
==> train model=structure_baseline

$ /home/alexmhliu/auto_install/miniconda3/envs/asf311/bin/python src/train.py --train_path /home/alexmhliu/affect-state-forecaster/data/processed/pheme_forecast_ratio_05_train.jsonl --model structure_baseline --device cuda --epochs 5 --batch_size 16 --seed 42 --capacity_group default --output_dir runs/20260323_091059_main_plus_topconf/structure_baseline/artifacts --val_path /home/alexmhliu/affect-state-forecaster/data/processed/pheme_forecast_ratio_05_val.jsonl

epoch 1/5:   0%|          | 0/10 [00:00<?, ?it/s]
epoch 1/5:  10%|█         | 1/10 [00:00<00:02,  3.69it/s]
epoch 1/5:  60%|██████    | 6/10 [00:00<00:00, 19.09it/s]
epoch 1/5: 100%|██████████| 10/10 [00:00<00:00, 22.34it/s]
epoch=1 train_loss=0.2089 val_loss=0.1228 val_mae=0.1793 val_rmse=0.2112 val_pearson=-0.0264 val_spearman=0.1520 val_majority_sentiment_accuracy=0.8966 val_majority_sentiment_macro_f1=0.3152 val_majority_sentiment_weighted_f1=0.8476

epoch 2/5:   0%|          | 0/10 [00:00<?, ?it/s]
epoch 2/5:  50%|█████     | 5/10 [00:00<00:00, 46.87it/s]
epoch 2/5: 100%|██████████| 10/10 [00:00<00:00, 50.46it/s]
epoch=2 train_loss=0.1239 val_loss=0.1160 val_mae=0.1532 val_rmse=0.1914 val_pearson=-0.0666 val_spearman=0.1572 val_majority_sentiment_accuracy=0.8966 val_majority_sentiment_macro_f1=0.3152 val_majority_sentiment_weighted_f1=0.8476

epoch 3/5:   0%|          | 0/10 [00:00<?, ?it/s]
epoch 3/5:  50%|█████     | 5/10 [00:00<00:00, 45.47it/s]
epoch 3/5: 100%|██████████| 10/10 [00:00<00:00, 50.33it/s]
epoch=3 train_loss=0.1082 val_loss=0.1181 val_mae=0.1552 val_rmse=0.1924 val_pearson=-0.0680 val_spearman=0.1405 val_majority_sentiment_accuracy=0.8966 val_majority_sentiment_macro_f1=0.3152 val_majority_sentiment_weighted_f1=0.8476

epoch 4/5:   0%|          | 0/10 [00:00<?, ?it/s]
epoch 4/5:  60%|██████    | 6/10 [00:00<00:00, 48.50it/s]
epoch 4/5: 100%|██████████| 10/10 [00:00<00:00, 50.85it/s]
epoch=4 train_loss=0.1036 val_loss=0.1102 val_mae=0.1315 val_rmse=0.1778 val_pearson=-0.0497 val_spearman=0.1936 val_majority_sentiment_accuracy=0.8966 val_majority_sentiment_macro_f1=0.3152 val_majority_sentiment_weighted_f1=0.8476

epoch 5/5:   0%|          | 0/10 [00:00<?, ?it/s]
epoch 5/5:  50%|█████     | 5/10 [00:00<00:00, 45.88it/s]
epoch 5/5: 100%|██████████| 10/10 [00:00<00:00, 50.27it/s]
epoch=5 train_loss=0.0977 val_loss=0.1274 val_mae=0.1900 val_rmse=0.2158 val_pearson=-0.0182 val_spearman=0.2377 val_majority_sentiment_accuracy=0.8966 val_majority_sentiment_macro_f1=0.3152 val_majority_sentiment_weighted_f1=0.8476
saved_model=runs/20260323_091059_main_plus_topconf/structure_baseline/artifacts/structure_baseline_pheme_forecast_ratio_05_train.pt
saved_config=runs/20260323_091059_main_plus_topconf/structure_baseline/artifacts/structure_baseline_pheme_forecast_ratio_05_train.json
saved_summary=runs/20260323_091059_main_plus_topconf/structure_baseline/artifacts/structure_baseline_pheme_forecast_ratio_05_train_summary.json
param_count=2595076
==> command_exit command=/home/alexmhliu/auto_install/miniconda3/envs/asf311/bin/python src/train.py --train_path /home/alexmhliu/affect-state-forecaster/data/processed/pheme_forecast_ratio_05_train.jsonl --model structure_baseline --device cuda --epochs 5 --batch_size 16 --seed 42 --capacity_group default --output_dir runs/20260323_091059_main_plus_topconf/structure_baseline/artifacts --val_path /home/alexmhliu/affect-state-forecaster/data/processed/pheme_forecast_ratio_05_val.jsonl returncode=0
==> command_duration_seconds 5.47
==> evaluate model=structure_baseline

$ /home/alexmhliu/auto_install/miniconda3/envs/asf311/bin/python src/evaluate.py --data_path /home/alexmhliu/affect-state-forecaster/data/processed/pheme_forecast_ratio_05_test.jsonl --model structure_baseline --model_path runs/20260323_091059_main_plus_topconf/structure_baseline/artifacts/structure_baseline_pheme_forecast_ratio_05_train.pt --config_path runs/20260323_091059_main_plus_topconf/structure_baseline/artifacts/structure_baseline_pheme_forecast_ratio_05_train.json --device cuda --output_dir runs/20260323_091059_main_plus_topconf/structure_baseline/eval
/tmp/asf_main_clean/src/evaluate.py:254: FutureWarning: You are using `torch.load` with `weights_only=False` (the current default value), which uses the default pickle module implicitly. It is possible to construct malicious pickle data which will execute arbitrary code during unpickling (See https://github.com/pytorch/pytorch/blob/main/SECURITY.md#untrusted-models for more details). In a future release, the default value for `weights_only` will be flipped to `True`. This limits the functions that could be executed during unpickling. Arbitrary objects will no longer be allowed to be loaded via this mode unless they are explicitly allowlisted by the user via `torch.serialization.add_safe_globals`. We recommend you start setting `weights_only=True` for any use case where you don't have full control of the loaded file. Please open an issue on GitHub for any issues related to this experimental feature.
  state = torch.load(args.model_path, map_location=args.device)
group=overall value=all num_threads=92 mae=0.1339 rmse=0.1948
group=split value=test num_threads=92 mae=0.1339 rmse=0.1948
group=observation_ratio value=0.5 num_threads=92 mae=0.1339 rmse=0.1948
group=event value=prince-toronto num_threads=12 mae=0.1214 rmse=0.1314
group=event value=putinmissing num_threads=9 mae=0.1179 rmse=0.1492
group=event value=sydneysiege num_threads=71 mae=0.1381 rmse=0.2084
saved_predictions=runs/20260323_091059_main_plus_topconf/structure_baseline/eval/predictions.jsonl
saved_summary=runs/20260323_091059_main_plus_topconf/structure_baseline/eval/results_summary.csv
saved_event_errors=runs/20260323_091059_main_plus_topconf/structure_baseline/eval/error_analysis_by_event.csv
==> command_exit command=/home/alexmhliu/auto_install/miniconda3/envs/asf311/bin/python src/evaluate.py --data_path /home/alexmhliu/affect-state-forecaster/data/processed/pheme_forecast_ratio_05_test.jsonl --model structure_baseline --model_path runs/20260323_091059_main_plus_topconf/structure_baseline/artifacts/structure_baseline_pheme_forecast_ratio_05_train.pt --config_path runs/20260323_091059_main_plus_topconf/structure_baseline/artifacts/structure_baseline_pheme_forecast_ratio_05_train.json --device cuda --output_dir runs/20260323_091059_main_plus_topconf/structure_baseline/eval returncode=0
==> command_duration_seconds 3.05
==> train model=affect_state_forecaster

$ /home/alexmhliu/auto_install/miniconda3/envs/asf311/bin/python src/train.py --train_path /home/alexmhliu/affect-state-forecaster/data/processed/pheme_forecast_ratio_05_train.jsonl --model affect_state_forecaster --device cuda --epochs 5 --batch_size 16 --seed 42 --capacity_group default --output_dir runs/20260323_091059_main_plus_topconf/affect_state_forecaster/artifacts --val_path /home/alexmhliu/affect-state-forecaster/data/processed/pheme_forecast_ratio_05_val.jsonl

epoch 1/5:   0%|          | 0/10 [00:00<?, ?it/s]
epoch 1/5:  10%|█         | 1/10 [00:00<00:03,  2.79it/s]
epoch 1/5:  40%|████      | 4/10 [00:00<00:00, 10.28it/s]
epoch 1/5:  80%|████████  | 8/10 [00:00<00:00, 17.20it/s]
epoch 1/5: 100%|██████████| 10/10 [00:00<00:00, 15.50it/s]
epoch=1 train_loss=0.2196 val_loss=0.1295 val_mae=0.1872 val_rmse=0.2106 val_pearson=0.1067 val_spearman=0.0888 val_majority_sentiment_accuracy=0.8966 val_majority_sentiment_macro_f1=0.3152 val_majority_sentiment_weighted_f1=0.8476

epoch 2/5:   0%|          | 0/10 [00:00<?, ?it/s]
epoch 2/5:  30%|███       | 3/10 [00:00<00:00, 28.34it/s]
epoch 2/5:  70%|███████   | 7/10 [00:00<00:00, 30.83it/s]
epoch 2/5: 100%|██████████| 10/10 [00:00<00:00, 31.94it/s]
epoch=2 train_loss=0.1178 val_loss=0.1281 val_mae=0.2089 val_rmse=0.2295 val_pearson=-0.0630 val_spearman=-0.1739 val_majority_sentiment_accuracy=0.8966 val_majority_sentiment_macro_f1=0.3152 val_majority_sentiment_weighted_f1=0.8476

epoch 3/5:   0%|          | 0/10 [00:00<?, ?it/s]
epoch 3/5:  30%|███       | 3/10 [00:00<00:00, 29.42it/s]
epoch 3/5:  60%|██████    | 6/10 [00:00<00:00, 28.88it/s]
epoch 3/5: 100%|██████████| 10/10 [00:00<00:00, 32.49it/s]
epoch 3/5: 100%|██████████| 10/10 [00:00<00:00, 31.57it/s]
epoch=3 train_loss=0.1102 val_loss=0.1034 val_mae=0.1110 val_rmse=0.1652 val_pearson=-0.0915 val_spearman=-0.0274 val_majority_sentiment_accuracy=0.8966 val_majority_sentiment_macro_f1=0.3152 val_majority_sentiment_weighted_f1=0.8476

epoch 4/5:   0%|          | 0/10 [00:00<?, ?it/s]
epoch 4/5:  30%|███       | 3/10 [00:00<00:00, 27.69it/s]
epoch 4/5:  70%|███████   | 7/10 [00:00<00:00, 28.78it/s]
epoch 4/5: 100%|██████████| 10/10 [00:00<00:00, 31.68it/s]
epoch=4 train_loss=0.1124 val_loss=0.1258 val_mae=0.1935 val_rmse=0.2161 val_pearson=-0.0357 val_spearman=0.0193 val_majority_sentiment_accuracy=0.8966 val_majority_sentiment_macro_f1=0.3152 val_majority_sentiment_weighted_f1=0.8476

epoch 5/5:   0%|          | 0/10 [00:00<?, ?it/s]
epoch 5/5:  40%|████      | 4/10 [00:00<00:00, 26.80it/s]
epoch 5/5:  70%|███████   | 7/10 [00:00<00:00, 28.29it/s]
epoch 5/5: 100%|██████████| 10/10 [00:00<00:00, 32.15it/s]
epoch=5 train_loss=0.1106 val_loss=0.1120 val_mae=0.1483 val_rmse=0.1808 val_pearson=-0.0163 val_spearman=0.1619 val_majority_sentiment_accuracy=0.8966 val_majority_sentiment_macro_f1=0.3152 val_majority_sentiment_weighted_f1=0.8476
saved_model=runs/20260323_091059_main_plus_topconf/affect_state_forecaster/artifacts/affect_state_forecaster_pheme_forecast_ratio_05_train.pt
saved_config=runs/20260323_091059_main_plus_topconf/affect_state_forecaster/artifacts/affect_state_forecaster_pheme_forecast_ratio_05_train.json
saved_summary=runs/20260323_091059_main_plus_topconf/affect_state_forecaster/artifacts/affect_state_forecaster_pheme_forecast_ratio_05_train_summary.json
param_count=5417259
==> command_exit command=/home/alexmhliu/auto_install/miniconda3/envs/asf311/bin/python src/train.py --train_path /home/alexmhliu/affect-state-forecaster/data/processed/pheme_forecast_ratio_05_train.jsonl --model affect_state_forecaster --device cuda --epochs 5 --batch_size 16 --seed 42 --capacity_group default --output_dir runs/20260323_091059_main_plus_topconf/affect_state_forecaster/artifacts --val_path /home/alexmhliu/affect-state-forecaster/data/processed/pheme_forecast_ratio_05_val.jsonl returncode=0
==> command_duration_seconds 6.29
==> evaluate model=affect_state_forecaster

$ /home/alexmhliu/auto_install/miniconda3/envs/asf311/bin/python src/evaluate.py --data_path /home/alexmhliu/affect-state-forecaster/data/processed/pheme_forecast_ratio_05_test.jsonl --model affect_state_forecaster --model_path runs/20260323_091059_main_plus_topconf/affect_state_forecaster/artifacts/affect_state_forecaster_pheme_forecast_ratio_05_train.pt --config_path runs/20260323_091059_main_plus_topconf/affect_state_forecaster/artifacts/affect_state_forecaster_pheme_forecast_ratio_05_train.json --device cuda --output_dir runs/20260323_091059_main_plus_topconf/affect_state_forecaster/eval
/tmp/asf_main_clean/src/evaluate.py:254: FutureWarning: You are using `torch.load` with `weights_only=False` (the current default value), which uses the default pickle module implicitly. It is possible to construct malicious pickle data which will execute arbitrary code during unpickling (See https://github.com/pytorch/pytorch/blob/main/SECURITY.md#untrusted-models for more details). In a future release, the default value for `weights_only` will be flipped to `True`. This limits the functions that could be executed during unpickling. Arbitrary objects will no longer be allowed to be loaded via this mode unless they are explicitly allowlisted by the user via `torch.serialization.add_safe_globals`. We recommend you start setting `weights_only=True` for any use case where you don't have full control of the loaded file. Please open an issue on GitHub for any issues related to this experimental feature.
  state = torch.load(args.model_path, map_location=args.device)
group=overall value=all num_threads=92 mae=0.1052 rmse=0.1745
group=split value=test num_threads=92 mae=0.1052 rmse=0.1745
group=observation_ratio value=0.5 num_threads=92 mae=0.1052 rmse=0.1745
group=event value=prince-toronto num_threads=12 mae=0.0810 rmse=0.0865
group=event value=putinmissing num_threads=9 mae=0.1019 rmse=0.1229
group=event value=sydneysiege num_threads=71 mae=0.1097 rmse=0.1905
saved_predictions=runs/20260323_091059_main_plus_topconf/affect_state_forecaster/eval/predictions.jsonl
saved_summary=runs/20260323_091059_main_plus_topconf/affect_state_forecaster/eval/results_summary.csv
saved_event_errors=runs/20260323_091059_main_plus_topconf/affect_state_forecaster/eval/error_analysis_by_event.csv
==> command_exit command=/home/alexmhliu/auto_install/miniconda3/envs/asf311/bin/python src/evaluate.py --data_path /home/alexmhliu/affect-state-forecaster/data/processed/pheme_forecast_ratio_05_test.jsonl --model affect_state_forecaster --model_path runs/20260323_091059_main_plus_topconf/affect_state_forecaster/artifacts/affect_state_forecaster_pheme_forecast_ratio_05_train.pt --config_path runs/20260323_091059_main_plus_topconf/affect_state_forecaster/artifacts/affect_state_forecaster_pheme_forecast_ratio_05_train.json --device cuda --output_dir runs/20260323_091059_main_plus_topconf/affect_state_forecaster/eval returncode=0
==> command_duration_seconds 3.22
==> train model=patchtst_baseline

$ /home/alexmhliu/auto_install/miniconda3/envs/asf311/bin/python src/train.py --train_path /home/alexmhliu/affect-state-forecaster/data/processed/pheme_forecast_ratio_05_train.jsonl --model patchtst_baseline --device cuda --epochs 5 --batch_size 16 --seed 42 --capacity_group default --output_dir runs/20260323_091059_main_plus_topconf/patchtst_baseline/artifacts --val_path /home/alexmhliu/affect-state-forecaster/data/processed/pheme_forecast_ratio_05_val.jsonl

epoch 1/5:   0%|          | 0/10 [00:00<?, ?it/s]
epoch 1/5:  10%|█         | 1/10 [00:00<00:02,  3.99it/s]
epoch 1/5:  60%|██████    | 6/10 [00:00<00:00, 20.09it/s]
epoch 1/5: 100%|██████████| 10/10 [00:00<00:00, 23.18it/s]
epoch=1 train_loss=0.2557 val_loss=0.1413 val_mae=0.2336 val_rmse=0.2494 val_pearson=0.1750 val_spearman=0.4606 val_majority_sentiment_accuracy=0.8966 val_majority_sentiment_macro_f1=0.3152 val_majority_sentiment_weighted_f1=0.8476

epoch 2/5:   0%|          | 0/10 [00:00<?, ?it/s]
epoch 2/5:  50%|█████     | 5/10 [00:00<00:00, 49.24it/s]
epoch 2/5: 100%|██████████| 10/10 [00:00<00:00, 49.36it/s]
epoch 2/5: 100%|██████████| 10/10 [00:00<00:00, 49.29it/s]
epoch=2 train_loss=0.1394 val_loss=0.1004 val_mae=0.1086 val_rmse=0.1605 val_pearson=0.1841 val_spearman=0.4660 val_majority_sentiment_accuracy=0.8966 val_majority_sentiment_macro_f1=0.3152 val_majority_sentiment_weighted_f1=0.8476

epoch 3/5:   0%|          | 0/10 [00:00<?, ?it/s]
epoch 3/5:  50%|█████     | 5/10 [00:00<00:00, 44.14it/s]
epoch 3/5: 100%|██████████| 10/10 [00:00<00:00, 48.99it/s]
epoch=3 train_loss=0.1092 val_loss=0.1026 val_mae=0.1041 val_rmse=0.1606 val_pearson=0.1914 val_spearman=0.4678 val_majority_sentiment_accuracy=0.8966 val_majority_sentiment_macro_f1=0.3152 val_majority_sentiment_weighted_f1=0.8476

epoch 4/5:   0%|          | 0/10 [00:00<?, ?it/s]
epoch 4/5:  50%|█████     | 5/10 [00:00<00:00, 43.53it/s]
epoch 4/5: 100%|██████████| 10/10 [00:00<00:00, 49.57it/s]
epoch=4 train_loss=0.1003 val_loss=0.1145 val_mae=0.1596 val_rmse=0.1872 val_pearson=0.1909 val_spearman=0.4739 val_majority_sentiment_accuracy=0.8966 val_majority_sentiment_macro_f1=0.3152 val_majority_sentiment_weighted_f1=0.8476

epoch 5/5:   0%|          | 0/10 [00:00<?, ?it/s]
epoch 5/5:  50%|█████     | 5/10 [00:00<00:00, 42.38it/s]
epoch 5/5: 100%|██████████| 10/10 [00:00<00:00, 49.57it/s]
epoch=5 train_loss=0.1114 val_loss=0.1076 val_mae=0.1281 val_rmse=0.1657 val_pearson=0.1921 val_spearman=0.4723 val_majority_sentiment_accuracy=0.8966 val_majority_sentiment_macro_f1=0.3152 val_majority_sentiment_weighted_f1=0.8476
saved_model=runs/20260323_091059_main_plus_topconf/patchtst_baseline/artifacts/patchtst_baseline_pheme_forecast_ratio_05_train.pt
saved_config=runs/20260323_091059_main_plus_topconf/patchtst_baseline/artifacts/patchtst_baseline_pheme_forecast_ratio_05_train.json
saved_summary=runs/20260323_091059_main_plus_topconf/patchtst_baseline/artifacts/patchtst_baseline_pheme_forecast_ratio_05_train_summary.json
param_count=1205508
==> command_exit command=/home/alexmhliu/auto_install/miniconda3/envs/asf311/bin/python src/train.py --train_path /home/alexmhliu/affect-state-forecaster/data/processed/pheme_forecast_ratio_05_train.jsonl --model patchtst_baseline --device cuda --epochs 5 --batch_size 16 --seed 42 --capacity_group default --output_dir runs/20260323_091059_main_plus_topconf/patchtst_baseline/artifacts --val_path /home/alexmhliu/affect-state-forecaster/data/processed/pheme_forecast_ratio_05_val.jsonl returncode=0
==> command_duration_seconds 5.37
==> evaluate model=patchtst_baseline

$ /home/alexmhliu/auto_install/miniconda3/envs/asf311/bin/python src/evaluate.py --data_path /home/alexmhliu/affect-state-forecaster/data/processed/pheme_forecast_ratio_05_test.jsonl --model patchtst_baseline --model_path runs/20260323_091059_main_plus_topconf/patchtst_baseline/artifacts/patchtst_baseline_pheme_forecast_ratio_05_train.pt --config_path runs/20260323_091059_main_plus_topconf/patchtst_baseline/artifacts/patchtst_baseline_pheme_forecast_ratio_05_train.json --device cuda --output_dir runs/20260323_091059_main_plus_topconf/patchtst_baseline/eval
/tmp/asf_main_clean/src/evaluate.py:254: FutureWarning: You are using `torch.load` with `weights_only=False` (the current default value), which uses the default pickle module implicitly. It is possible to construct malicious pickle data which will execute arbitrary code during unpickling (See https://github.com/pytorch/pytorch/blob/main/SECURITY.md#untrusted-models for more details). In a future release, the default value for `weights_only` will be flipped to `True`. This limits the functions that could be executed during unpickling. Arbitrary objects will no longer be allowed to be loaded via this mode unless they are explicitly allowlisted by the user via `torch.serialization.add_safe_globals`. We recommend you start setting `weights_only=True` for any use case where you don't have full control of the loaded file. Please open an issue on GitHub for any issues related to this experimental feature.
  state = torch.load(args.model_path, map_location=args.device)
group=overall value=all num_threads=92 mae=0.1055 rmse=0.1714
group=split value=test num_threads=92 mae=0.1055 rmse=0.1714
group=observation_ratio value=0.5 num_threads=92 mae=0.1055 rmse=0.1714
group=event value=prince-toronto num_threads=12 mae=0.0880 rmse=0.0924
group=event value=putinmissing num_threads=9 mae=0.0903 rmse=0.1101
group=event value=sydneysiege num_threads=71 mae=0.1103 rmse=0.1873
saved_predictions=runs/20260323_091059_main_plus_topconf/patchtst_baseline/eval/predictions.jsonl
saved_summary=runs/20260323_091059_main_plus_topconf/patchtst_baseline/eval/results_summary.csv
saved_event_errors=runs/20260323_091059_main_plus_topconf/patchtst_baseline/eval/error_analysis_by_event.csv
==> command_exit command=/home/alexmhliu/auto_install/miniconda3/envs/asf311/bin/python src/evaluate.py --data_path /home/alexmhliu/affect-state-forecaster/data/processed/pheme_forecast_ratio_05_test.jsonl --model patchtst_baseline --model_path runs/20260323_091059_main_plus_topconf/patchtst_baseline/artifacts/patchtst_baseline_pheme_forecast_ratio_05_train.pt --config_path runs/20260323_091059_main_plus_topconf/patchtst_baseline/artifacts/patchtst_baseline_pheme_forecast_ratio_05_train.json --device cuda --output_dir runs/20260323_091059_main_plus_topconf/patchtst_baseline/eval returncode=0
==> command_duration_seconds 3.07
==> train model=timesnet_baseline

$ /home/alexmhliu/auto_install/miniconda3/envs/asf311/bin/python src/train.py --train_path /home/alexmhliu/affect-state-forecaster/data/processed/pheme_forecast_ratio_05_train.jsonl --model timesnet_baseline --device cuda --epochs 5 --batch_size 16 --seed 42 --capacity_group default --output_dir runs/20260323_091059_main_plus_topconf/timesnet_baseline/artifacts --val_path /home/alexmhliu/affect-state-forecaster/data/processed/pheme_forecast_ratio_05_val.jsonl

epoch 1/5:   0%|          | 0/10 [00:00<?, ?it/s]
epoch 1/5:  10%|█         | 1/10 [00:00<00:03,  2.76it/s]
epoch 1/5:  70%|███████   | 7/10 [00:00<00:00, 17.36it/s]
epoch 1/5: 100%|██████████| 10/10 [00:00<00:00, 17.75it/s]
epoch=1 train_loss=0.2366 val_loss=0.1933 val_mae=0.3203 val_rmse=0.3308 val_pearson=0.1939 val_spearman=0.4831 val_majority_sentiment_accuracy=0.8966 val_majority_sentiment_macro_f1=0.3152 val_majority_sentiment_weighted_f1=0.8476

epoch 2/5:   0%|          | 0/10 [00:00<?, ?it/s]
epoch 2/5:  50%|█████     | 5/10 [00:00<00:00, 44.07it/s]
epoch 2/5: 100%|██████████| 10/10 [00:00<00:00, 50.00it/s]
epoch=2 train_loss=0.1272 val_loss=0.1024 val_mae=0.1301 val_rmse=0.1677 val_pearson=0.1703 val_spearman=0.4343 val_majority_sentiment_accuracy=0.8966 val_majority_sentiment_macro_f1=0.3152 val_majority_sentiment_weighted_f1=0.8476

epoch 3/5:   0%|          | 0/10 [00:00<?, ?it/s]
epoch 3/5:  50%|█████     | 5/10 [00:00<00:00, 46.23it/s]
epoch 3/5: 100%|██████████| 10/10 [00:00<00:00, 49.96it/s]
epoch=3 train_loss=0.0981 val_loss=0.1025 val_mae=0.1182 val_rmse=0.1630 val_pearson=0.1672 val_spearman=0.4480 val_majority_sentiment_accuracy=0.8966 val_majority_sentiment_macro_f1=0.3152 val_majority_sentiment_weighted_f1=0.8476

epoch 4/5:   0%|          | 0/10 [00:00<?, ?it/s]
epoch 4/5:  50%|█████     | 5/10 [00:00<00:00, 46.16it/s]
epoch 4/5: 100%|██████████| 10/10 [00:00<00:00, 50.07it/s]
epoch=4 train_loss=0.0994 val_loss=0.1145 val_mae=0.1619 val_rmse=0.1903 val_pearson=0.1727 val_spearman=0.4437 val_majority_sentiment_accuracy=0.8966 val_majority_sentiment_macro_f1=0.3152 val_majority_sentiment_weighted_f1=0.8476

epoch 5/5:   0%|          | 0/10 [00:00<?, ?it/s]
epoch 5/5:  50%|█████     | 5/10 [00:00<00:00, 46.41it/s]
epoch 5/5: 100%|██████████| 10/10 [00:00<00:00, 50.04it/s]
epoch=5 train_loss=0.0941 val_loss=0.1073 val_mae=0.1307 val_rmse=0.1699 val_pearson=0.1679 val_spearman=0.4415 val_majority_sentiment_accuracy=0.8966 val_majority_sentiment_macro_f1=0.3152 val_majority_sentiment_weighted_f1=0.8476
saved_model=runs/20260323_091059_main_plus_topconf/timesnet_baseline/artifacts/timesnet_baseline_pheme_forecast_ratio_05_train.pt
saved_config=runs/20260323_091059_main_plus_topconf/timesnet_baseline/artifacts/timesnet_baseline_pheme_forecast_ratio_05_train.json
saved_summary=runs/20260323_091059_main_plus_topconf/timesnet_baseline/artifacts/timesnet_baseline_pheme_forecast_ratio_05_train_summary.json
param_count=314628
==> command_exit command=/home/alexmhliu/auto_install/miniconda3/envs/asf311/bin/python src/train.py --train_path /home/alexmhliu/affect-state-forecaster/data/processed/pheme_forecast_ratio_05_train.jsonl --model timesnet_baseline --device cuda --epochs 5 --batch_size 16 --seed 42 --capacity_group default --output_dir runs/20260323_091059_main_plus_topconf/timesnet_baseline/artifacts --val_path /home/alexmhliu/affect-state-forecaster/data/processed/pheme_forecast_ratio_05_val.jsonl returncode=0
==> command_duration_seconds 5.48
==> evaluate model=timesnet_baseline

$ /home/alexmhliu/auto_install/miniconda3/envs/asf311/bin/python src/evaluate.py --data_path /home/alexmhliu/affect-state-forecaster/data/processed/pheme_forecast_ratio_05_test.jsonl --model timesnet_baseline --model_path runs/20260323_091059_main_plus_topconf/timesnet_baseline/artifacts/timesnet_baseline_pheme_forecast_ratio_05_train.pt --config_path runs/20260323_091059_main_plus_topconf/timesnet_baseline/artifacts/timesnet_baseline_pheme_forecast_ratio_05_train.json --device cuda --output_dir runs/20260323_091059_main_plus_topconf/timesnet_baseline/eval
/tmp/asf_main_clean/src/evaluate.py:254: FutureWarning: You are using `torch.load` with `weights_only=False` (the current default value), which uses the default pickle module implicitly. It is possible to construct malicious pickle data which will execute arbitrary code during unpickling (See https://github.com/pytorch/pytorch/blob/main/SECURITY.md#untrusted-models for more details). In a future release, the default value for `weights_only` will be flipped to `True`. This limits the functions that could be executed during unpickling. Arbitrary objects will no longer be allowed to be loaded via this mode unless they are explicitly allowlisted by the user via `torch.serialization.add_safe_globals`. We recommend you start setting `weights_only=True` for any use case where you don't have full control of the loaded file. Please open an issue on GitHub for any issues related to this experimental feature.
  state = torch.load(args.model_path, map_location=args.device)
group=overall value=all num_threads=92 mae=0.1320 rmse=0.1810
group=split value=test num_threads=92 mae=0.1320 rmse=0.1810
group=observation_ratio value=0.5 num_threads=92 mae=0.1320 rmse=0.1810
group=event value=prince-toronto num_threads=12 mae=0.1136 rmse=0.1159
group=event value=putinmissing num_threads=9 mae=0.1253 rmse=0.1377
group=event value=sydneysiege num_threads=71 mae=0.1360 rmse=0.1944
saved_predictions=runs/20260323_091059_main_plus_topconf/timesnet_baseline/eval/predictions.jsonl
saved_summary=runs/20260323_091059_main_plus_topconf/timesnet_baseline/eval/results_summary.csv
saved_event_errors=runs/20260323_091059_main_plus_topconf/timesnet_baseline/eval/error_analysis_by_event.csv
==> command_exit command=/home/alexmhliu/auto_install/miniconda3/envs/asf311/bin/python src/evaluate.py --data_path /home/alexmhliu/affect-state-forecaster/data/processed/pheme_forecast_ratio_05_test.jsonl --model timesnet_baseline --model_path runs/20260323_091059_main_plus_topconf/timesnet_baseline/artifacts/timesnet_baseline_pheme_forecast_ratio_05_train.pt --config_path runs/20260323_091059_main_plus_topconf/timesnet_baseline/artifacts/timesnet_baseline_pheme_forecast_ratio_05_train.json --device cuda --output_dir runs/20260323_091059_main_plus_topconf/timesnet_baseline/eval returncode=0
==> command_duration_seconds 3.22
==> train model=thread_transformer_baseline

$ /home/alexmhliu/auto_install/miniconda3/envs/asf311/bin/python src/train.py --train_path /home/alexmhliu/affect-state-forecaster/data/processed/pheme_forecast_ratio_05_train.jsonl --model thread_transformer_baseline --device cuda --epochs 5 --batch_size 16 --seed 42 --capacity_group default --output_dir runs/20260323_091059_main_plus_topconf/thread_transformer_baseline/artifacts --val_path /home/alexmhliu/affect-state-forecaster/data/processed/pheme_forecast_ratio_05_val.jsonl

epoch 1/5:   0%|          | 0/10 [00:00<?, ?it/s]
epoch 1/5:  10%|█         | 1/10 [00:00<00:03,  2.68it/s]
epoch 1/5:  40%|████      | 4/10 [00:00<00:00,  9.75it/s]
epoch 1/5:  70%|███████   | 7/10 [00:00<00:00, 14.12it/s]
epoch 1/5: 100%|██████████| 10/10 [00:00<00:00, 18.20it/s]
epoch 1/5: 100%|██████████| 10/10 [00:00<00:00, 13.81it/s]
/home/alexmhliu/auto_install/miniconda3/envs/asf311/lib/python3.11/site-packages/torch/nn/modules/transformer.py:502: UserWarning: The PyTorch API of nested tensors is in prototype stage and will change in the near future. (Triggered internally at ../aten/src/ATen/NestedTensorImpl.cpp:178.)
  output = torch._nested_tensor_from_mask(
epoch=1 train_loss=0.2420 val_loss=0.1047 val_mae=0.1217 val_rmse=0.1641 val_pearson=0.1252 val_spearman=0.3377 val_majority_sentiment_accuracy=0.8966 val_majority_sentiment_macro_f1=0.3152 val_majority_sentiment_weighted_f1=0.8476

epoch 2/5:   0%|          | 0/10 [00:00<?, ?it/s]
epoch 2/5:  30%|███       | 3/10 [00:00<00:00, 26.41it/s]
epoch 2/5:  60%|██████    | 6/10 [00:00<00:00, 22.83it/s]
epoch 2/5:  90%|█████████ | 9/10 [00:00<00:00, 23.85it/s]
epoch 2/5: 100%|██████████| 10/10 [00:00<00:00, 25.65it/s]
epoch=2 train_loss=0.1708 val_loss=0.1803 val_mae=0.3076 val_rmse=0.3208 val_pearson=0.0898 val_spearman=0.2197 val_majority_sentiment_accuracy=0.8966 val_majority_sentiment_macro_f1=0.3152 val_majority_sentiment_weighted_f1=0.8476

epoch 3/5:   0%|          | 0/10 [00:00<?, ?it/s]
epoch 3/5:  30%|███       | 3/10 [00:00<00:00, 24.92it/s]
epoch 3/5:  60%|██████    | 6/10 [00:00<00:00, 25.99it/s]
epoch 3/5:  90%|█████████ | 9/10 [00:00<00:00, 23.93it/s]
epoch 3/5: 100%|██████████| 10/10 [00:00<00:00, 26.19it/s]
epoch=3 train_loss=0.1432 val_loss=0.1240 val_mae=0.1155 val_rmse=0.1989 val_pearson=0.1223 val_spearman=0.4191 val_majority_sentiment_accuracy=0.8966 val_majority_sentiment_macro_f1=0.3152 val_majority_sentiment_weighted_f1=0.8476

epoch 4/5:   0%|          | 0/10 [00:00<?, ?it/s]
epoch 4/5:  30%|███       | 3/10 [00:00<00:00, 27.17it/s]
epoch 4/5:  60%|██████    | 6/10 [00:00<00:00, 25.04it/s]
epoch 4/5:  90%|█████████ | 9/10 [00:00<00:00, 24.61it/s]
epoch 4/5: 100%|██████████| 10/10 [00:00<00:00, 26.26it/s]
epoch=4 train_loss=0.1163 val_loss=0.1236 val_mae=0.1866 val_rmse=0.2100 val_pearson=0.1301 val_spearman=0.4234 val_majority_sentiment_accuracy=0.8966 val_majority_sentiment_macro_f1=0.3152 val_majority_sentiment_weighted_f1=0.8476

epoch 5/5:   0%|          | 0/10 [00:00<?, ?it/s]
epoch 5/5:  30%|███       | 3/10 [00:00<00:00, 24.56it/s]
epoch 5/5:  60%|██████    | 6/10 [00:00<00:00, 24.94it/s]
epoch 5/5:  90%|█████████ | 9/10 [00:00<00:00, 23.83it/s]
epoch 5/5: 100%|██████████| 10/10 [00:00<00:00, 25.90it/s]
epoch=5 train_loss=0.1257 val_loss=0.1066 val_mae=0.1269 val_rmse=0.1651 val_pearson=0.1653 val_spearman=0.3846 val_majority_sentiment_accuracy=0.8966 val_majority_sentiment_macro_f1=0.3152 val_majority_sentiment_weighted_f1=0.8476
saved_model=runs/20260323_091059_main_plus_topconf/thread_transformer_baseline/artifacts/thread_transformer_baseline_pheme_forecast_ratio_05_train.pt
saved_config=runs/20260323_091059_main_plus_topconf/thread_transformer_baseline/artifacts/thread_transformer_baseline_pheme_forecast_ratio_05_train.json
saved_summary=runs/20260323_091059_main_plus_topconf/thread_transformer_baseline/artifacts/thread_transformer_baseline_pheme_forecast_ratio_05_train_summary.json
param_count=6332420
==> command_exit command=/home/alexmhliu/auto_install/miniconda3/envs/asf311/bin/python src/train.py --train_path /home/alexmhliu/affect-state-forecaster/data/processed/pheme_forecast_ratio_05_train.jsonl --model thread_transformer_baseline --device cuda --epochs 5 --batch_size 16 --seed 42 --capacity_group default --output_dir runs/20260323_091059_main_plus_topconf/thread_transformer_baseline/artifacts --val_path /home/alexmhliu/affect-state-forecaster/data/processed/pheme_forecast_ratio_05_val.jsonl returncode=0
==> command_duration_seconds 6.72
==> evaluate model=thread_transformer_baseline

$ /home/alexmhliu/auto_install/miniconda3/envs/asf311/bin/python src/evaluate.py --data_path /home/alexmhliu/affect-state-forecaster/data/processed/pheme_forecast_ratio_05_test.jsonl --model thread_transformer_baseline --model_path runs/20260323_091059_main_plus_topconf/thread_transformer_baseline/artifacts/thread_transformer_baseline_pheme_forecast_ratio_05_train.pt --config_path runs/20260323_091059_main_plus_topconf/thread_transformer_baseline/artifacts/thread_transformer_baseline_pheme_forecast_ratio_05_train.json --device cuda --output_dir runs/20260323_091059_main_plus_topconf/thread_transformer_baseline/eval
/tmp/asf_main_clean/src/evaluate.py:254: FutureWarning: You are using `torch.load` with `weights_only=False` (the current default value), which uses the default pickle module implicitly. It is possible to construct malicious pickle data which will execute arbitrary code during unpickling (See https://github.com/pytorch/pytorch/blob/main/SECURITY.md#untrusted-models for more details). In a future release, the default value for `weights_only` will be flipped to `True`. This limits the functions that could be executed during unpickling. Arbitrary objects will no longer be allowed to be loaded via this mode unless they are explicitly allowlisted by the user via `torch.serialization.add_safe_globals`. We recommend you start setting `weights_only=True` for any use case where you don't have full control of the loaded file. Please open an issue on GitHub for any issues related to this experimental feature.
  state = torch.load(args.model_path, map_location=args.device)
/home/alexmhliu/auto_install/miniconda3/envs/asf311/lib/python3.11/site-packages/torch/nn/modules/transformer.py:502: UserWarning: The PyTorch API of nested tensors is in prototype stage and will change in the near future. (Triggered internally at ../aten/src/ATen/NestedTensorImpl.cpp:178.)
  output = torch._nested_tensor_from_mask(
group=overall value=all num_threads=92 mae=0.1184 rmse=0.1773
group=split value=test num_threads=92 mae=0.1184 rmse=0.1773
group=observation_ratio value=0.5 num_threads=92 mae=0.1184 rmse=0.1773
group=event value=prince-toronto num_threads=12 mae=0.1117 rmse=0.1138
group=event value=putinmissing num_threads=9 mae=0.0987 rmse=0.1125
group=event value=sydneysiege num_threads=71 mae=0.1220 rmse=0.1922
saved_predictions=runs/20260323_091059_main_plus_topconf/thread_transformer_baseline/eval/predictions.jsonl
saved_summary=runs/20260323_091059_main_plus_topconf/thread_transformer_baseline/eval/results_summary.csv
saved_event_errors=runs/20260323_091059_main_plus_topconf/thread_transformer_baseline/eval/error_analysis_by_event.csv
==> command_exit command=/home/alexmhliu/auto_install/miniconda3/envs/asf311/bin/python src/evaluate.py --data_path /home/alexmhliu/affect-state-forecaster/data/processed/pheme_forecast_ratio_05_test.jsonl --model thread_transformer_baseline --model_path runs/20260323_091059_main_plus_topconf/thread_transformer_baseline/artifacts/thread_transformer_baseline_pheme_forecast_ratio_05_train.pt --config_path runs/20260323_091059_main_plus_topconf/thread_transformer_baseline/artifacts/thread_transformer_baseline_pheme_forecast_ratio_05_train.json --device cuda --output_dir runs/20260323_091059_main_plus_topconf/thread_transformer_baseline/eval returncode=0
==> command_duration_seconds 3.34
==> summarize completed
==> anomaly temporal_baseline 未优于 text_baseline。
==> anomaly affect_state_forecaster 的 Accuracy 远高于 Macro-F1。
==> anomaly patchtst_baseline 的 Accuracy 远高于 Macro-F1。
==> anomaly structure_baseline 的 Accuracy 远高于 Macro-F1。
==> anomaly temporal_baseline 的 Accuracy 远高于 Macro-F1。
==> anomaly text_baseline 的 Accuracy 远高于 Macro-F1。
==> anomaly thread_transformer_baseline 的 Accuracy 远高于 Macro-F1。
==> anomaly timesnet_baseline 的 Accuracy 远高于 Macro-F1。
==> summarize end_time=1774228322.0288255
