==> plan start_time=1774228565.6056225
==> plan run_id=20260323_091605_cross_event_ebola_essien
==> plan experiment_type=主实验
==> plan target_hypotheses=H1,H2,H3
==> plan question=验证 held-out event=ebola-essien 时各模型的 cross-event 泛化能力。
==> plan success_criteria=affect_state_forecaster 在 held-out event 上保持与主实验一致的领先趋势。
==> plan failure_criteria=若 held-out event 掉点显著，则后续优先做泛化与正则化。
==> plan dataset=/tmp/pheme_cross_event_8j60zwfh/ebola-essien_train.jsonl
==> plan ratio_labels=ebola-essien_train
==> plan models=text_baseline,temporal_baseline,structure_baseline,affect_state_forecaster,patchtst_baseline,thread_transformer_baseline
==> plan python=asf311:/home/alexmhliu/auto_install/miniconda3/envs/asf311/bin/python
==> plan device=cuda
==> train model=text_baseline

$ /home/alexmhliu/auto_install/miniconda3/envs/asf311/bin/python src/train.py --train_path /tmp/pheme_cross_event_8j60zwfh/ebola-essien_train.jsonl --model text_baseline --device cuda --epochs 5 --batch_size 16 --seed 42 --capacity_group default --output_dir runs/20260323_091605_cross_event_ebola_essien/text_baseline/artifacts --val_path /tmp/pheme_cross_event_8j60zwfh/ebola-essien_val.jsonl

epoch 1/5:   0%|          | 0/14 [00:00<?, ?it/s]
epoch 1/5:   7%|▋         | 1/14 [00:00<00:03,  3.91it/s]
epoch 1/5:  43%|████▎     | 6/14 [00:00<00:00, 20.20it/s]
epoch 1/5:  86%|████████▌ | 12/14 [00:00<00:00, 33.03it/s]
epoch 1/5: 100%|██████████| 14/14 [00:00<00:00, 27.91it/s]
epoch=1 train_loss=0.2214 val_loss=0.1332 val_mae=0.1743 val_rmse=0.2499 val_pearson=-0.2335 val_spearman=-0.1828 val_majority_sentiment_accuracy=0.9577 val_majority_sentiment_macro_f1=0.3261 val_majority_sentiment_weighted_f1=0.9371

epoch 2/5:   0%|          | 0/14 [00:00<?, ?it/s]
epoch 2/5:  43%|████▎     | 6/14 [00:00<00:00, 56.42it/s]
epoch 2/5:  86%|████████▌ | 12/14 [00:00<00:00, 53.97it/s]
epoch 2/5: 100%|██████████| 14/14 [00:00<00:00, 53.80it/s]
epoch=2 train_loss=0.1182 val_loss=0.0982 val_mae=0.1587 val_rmse=0.2324 val_pearson=-0.2030 val_spearman=-0.0800 val_majority_sentiment_accuracy=0.9577 val_majority_sentiment_macro_f1=0.3261 val_majority_sentiment_weighted_f1=0.9371

epoch 3/5:   0%|          | 0/14 [00:00<?, ?it/s]
epoch 3/5:  43%|████▎     | 6/14 [00:00<00:00, 52.94it/s]
epoch 3/5:  86%|████████▌ | 12/14 [00:00<00:00, 54.53it/s]
epoch 3/5: 100%|██████████| 14/14 [00:00<00:00, 53.63it/s]
epoch=3 train_loss=0.0958 val_loss=0.0931 val_mae=0.1495 val_rmse=0.2246 val_pearson=-0.1648 val_spearman=0.0016 val_majority_sentiment_accuracy=0.9577 val_majority_sentiment_macro_f1=0.3261 val_majority_sentiment_weighted_f1=0.9371

epoch 4/5:   0%|          | 0/14 [00:00<?, ?it/s]
epoch 4/5:  43%|████▎     | 6/14 [00:00<00:00, 55.67it/s]
epoch 4/5:  86%|████████▌ | 12/14 [00:00<00:00, 53.35it/s]
epoch 4/5: 100%|██████████| 14/14 [00:00<00:00, 53.55it/s]
epoch=4 train_loss=0.0868 val_loss=0.0931 val_mae=0.1344 val_rmse=0.2162 val_pearson=-0.1433 val_spearman=-0.0074 val_majority_sentiment_accuracy=0.9577 val_majority_sentiment_macro_f1=0.3261 val_majority_sentiment_weighted_f1=0.9371

epoch 5/5:   0%|          | 0/14 [00:00<?, ?it/s]
epoch 5/5:  43%|████▎     | 6/14 [00:00<00:00, 53.68it/s]
epoch 5/5:  86%|████████▌ | 12/14 [00:00<00:00, 53.52it/s]
epoch 5/5: 100%|██████████| 14/14 [00:00<00:00, 53.88it/s]
epoch=5 train_loss=0.0761 val_loss=0.0970 val_mae=0.1585 val_rmse=0.2256 val_pearson=-0.1833 val_spearman=-0.0313 val_majority_sentiment_accuracy=0.9577 val_majority_sentiment_macro_f1=0.3261 val_majority_sentiment_weighted_f1=0.9371
saved_model=runs/20260323_091605_cross_event_ebola_essien/text_baseline/artifacts/text_baseline_ebola-essien_train.pt
saved_config=runs/20260323_091605_cross_event_ebola_essien/text_baseline/artifacts/text_baseline_ebola-essien_train.json
saved_summary=runs/20260323_091605_cross_event_ebola_essien/text_baseline/artifacts/text_baseline_ebola-essien_train_summary.json
param_count=2577284
==> command_exit command=/home/alexmhliu/auto_install/miniconda3/envs/asf311/bin/python src/train.py --train_path /tmp/pheme_cross_event_8j60zwfh/ebola-essien_train.jsonl --model text_baseline --device cuda --epochs 5 --batch_size 16 --seed 42 --capacity_group default --output_dir runs/20260323_091605_cross_event_ebola_essien/text_baseline/artifacts --val_path /tmp/pheme_cross_event_8j60zwfh/ebola-essien_val.jsonl returncode=0
==> command_duration_seconds 5.85
==> evaluate model=text_baseline

$ /home/alexmhliu/auto_install/miniconda3/envs/asf311/bin/python src/evaluate.py --data_path /tmp/pheme_cross_event_8j60zwfh/ebola-essien_test.jsonl --model text_baseline --model_path runs/20260323_091605_cross_event_ebola_essien/text_baseline/artifacts/text_baseline_ebola-essien_train.pt --config_path runs/20260323_091605_cross_event_ebola_essien/text_baseline/artifacts/text_baseline_ebola-essien_train.json --device cuda --output_dir runs/20260323_091605_cross_event_ebola_essien/text_baseline/eval
/tmp/asf_main_clean/src/evaluate.py:254: FutureWarning: You are using `torch.load` with `weights_only=False` (the current default value), which uses the default pickle module implicitly. It is possible to construct malicious pickle data which will execute arbitrary code during unpickling (See https://github.com/pytorch/pytorch/blob/main/SECURITY.md#untrusted-models for more details). In a future release, the default value for `weights_only` will be flipped to `True`. This limits the functions that could be executed during unpickling. Arbitrary objects will no longer be allowed to be loaded via this mode unless they are explicitly allowlisted by the user via `torch.serialization.add_safe_globals`. We recommend you start setting `weights_only=True` for any use case where you don't have full control of the loaded file. Please open an issue on GitHub for any issues related to this experimental feature.
  state = torch.load(args.model_path, map_location=args.device)
group=overall value=all num_threads=2 mae=0.3117 rmse=0.3416
group=split value=test num_threads=2 mae=0.3117 rmse=0.3416
group=observation_ratio value=0.5 num_threads=2 mae=0.3117 rmse=0.3416
group=event value=ebola-essien num_threads=2 mae=0.3117 rmse=0.3416
saved_predictions=runs/20260323_091605_cross_event_ebola_essien/text_baseline/eval/predictions.jsonl
saved_summary=runs/20260323_091605_cross_event_ebola_essien/text_baseline/eval/results_summary.csv
saved_event_errors=runs/20260323_091605_cross_event_ebola_essien/text_baseline/eval/error_analysis_by_event.csv
==> command_exit command=/home/alexmhliu/auto_install/miniconda3/envs/asf311/bin/python src/evaluate.py --data_path /tmp/pheme_cross_event_8j60zwfh/ebola-essien_test.jsonl --model text_baseline --model_path runs/20260323_091605_cross_event_ebola_essien/text_baseline/artifacts/text_baseline_ebola-essien_train.pt --config_path runs/20260323_091605_cross_event_ebola_essien/text_baseline/artifacts/text_baseline_ebola-essien_train.json --device cuda --output_dir runs/20260323_091605_cross_event_ebola_essien/text_baseline/eval returncode=0
==> command_duration_seconds 2.95
==> train model=temporal_baseline

$ /home/alexmhliu/auto_install/miniconda3/envs/asf311/bin/python src/train.py --train_path /tmp/pheme_cross_event_8j60zwfh/ebola-essien_train.jsonl --model temporal_baseline --device cuda --epochs 5 --batch_size 16 --seed 42 --capacity_group default --output_dir runs/20260323_091605_cross_event_ebola_essien/temporal_baseline/artifacts --val_path /tmp/pheme_cross_event_8j60zwfh/ebola-essien_val.jsonl

epoch 1/5:   0%|          | 0/14 [00:00<?, ?it/s]
epoch 1/5:   7%|▋         | 1/14 [00:00<00:04,  2.90it/s]
epoch 1/5:  36%|███▌      | 5/14 [00:00<00:00, 13.54it/s]
epoch 1/5:  64%|██████▍   | 9/14 [00:00<00:00, 20.44it/s]
epoch 1/5:  93%|█████████▎| 13/14 [00:00<00:00, 25.03it/s]
epoch 1/5: 100%|██████████| 14/14 [00:00<00:00, 19.55it/s]
epoch=1 train_loss=0.2174 val_loss=0.1171 val_mae=0.1881 val_rmse=0.2516 val_pearson=-0.1282 val_spearman=-0.0524 val_majority_sentiment_accuracy=0.9577 val_majority_sentiment_macro_f1=0.3261 val_majority_sentiment_weighted_f1=0.9371

epoch 2/5:   0%|          | 0/14 [00:00<?, ?it/s]
epoch 2/5:  29%|██▊       | 4/14 [00:00<00:00, 38.85it/s]
epoch 2/5:  57%|█████▋    | 8/14 [00:00<00:00, 35.92it/s]
epoch 2/5:  86%|████████▌ | 12/14 [00:00<00:00, 34.44it/s]
epoch 2/5: 100%|██████████| 14/14 [00:00<00:00, 35.48it/s]
epoch=2 train_loss=0.1051 val_loss=0.0918 val_mae=0.1756 val_rmse=0.2368 val_pearson=-0.2005 val_spearman=-0.0438 val_majority_sentiment_accuracy=0.9577 val_majority_sentiment_macro_f1=0.3261 val_majority_sentiment_weighted_f1=0.9371

epoch 3/5:   0%|          | 0/14 [00:00<?, ?it/s]
epoch 3/5:  29%|██▊       | 4/14 [00:00<00:00, 39.75it/s]
epoch 3/5:  57%|█████▋    | 8/14 [00:00<00:00, 34.24it/s]
epoch 3/5:  86%|████████▌ | 12/14 [00:00<00:00, 35.02it/s]
epoch 3/5: 100%|██████████| 14/14 [00:00<00:00, 35.58it/s]
epoch=3 train_loss=0.0899 val_loss=0.0919 val_mae=0.1625 val_rmse=0.2326 val_pearson=-0.1119 val_spearman=0.1213 val_majority_sentiment_accuracy=0.9577 val_majority_sentiment_macro_f1=0.3261 val_majority_sentiment_weighted_f1=0.9371

epoch 4/5:   0%|          | 0/14 [00:00<?, ?it/s]
epoch 4/5:  29%|██▊       | 4/14 [00:00<00:00, 37.21it/s]
epoch 4/5:  57%|█████▋    | 8/14 [00:00<00:00, 37.41it/s]
epoch 4/5:  86%|████████▌ | 12/14 [00:00<00:00, 36.04it/s]
epoch 4/5: 100%|██████████| 14/14 [00:00<00:00, 35.92it/s]
epoch=4 train_loss=0.0784 val_loss=0.0960 val_mae=0.1545 val_rmse=0.2223 val_pearson=-0.0862 val_spearman=0.0800 val_majority_sentiment_accuracy=0.9577 val_majority_sentiment_macro_f1=0.3261 val_majority_sentiment_weighted_f1=0.9371

epoch 5/5:   0%|          | 0/14 [00:00<?, ?it/s]
epoch 5/5:  29%|██▊       | 4/14 [00:00<00:00, 35.35it/s]
epoch 5/5:  57%|█████▋    | 8/14 [00:00<00:00, 35.89it/s]
epoch 5/5:  86%|████████▌ | 12/14 [00:00<00:00, 35.35it/s]
epoch 5/5: 100%|██████████| 14/14 [00:00<00:00, 35.83it/s]
epoch=5 train_loss=0.0651 val_loss=0.0939 val_mae=0.1614 val_rmse=0.2293 val_pearson=-0.1230 val_spearman=0.0122 val_majority_sentiment_accuracy=0.9577 val_majority_sentiment_macro_f1=0.3261 val_majority_sentiment_weighted_f1=0.9371
saved_model=runs/20260323_091605_cross_event_ebola_essien/temporal_baseline/artifacts/temporal_baseline_ebola-essien_train.pt
saved_config=runs/20260323_091605_cross_event_ebola_essien/temporal_baseline/artifacts/temporal_baseline_ebola-essien_train.json
saved_summary=runs/20260323_091605_cross_event_ebola_essien/temporal_baseline/artifacts/temporal_baseline_ebola-essien_train_summary.json
param_count=2709380
==> command_exit command=/home/alexmhliu/auto_install/miniconda3/envs/asf311/bin/python src/train.py --train_path /tmp/pheme_cross_event_8j60zwfh/ebola-essien_train.jsonl --model temporal_baseline --device cuda --epochs 5 --batch_size 16 --seed 42 --capacity_group default --output_dir runs/20260323_091605_cross_event_ebola_essien/temporal_baseline/artifacts --val_path /tmp/pheme_cross_event_8j60zwfh/ebola-essien_val.jsonl returncode=0
==> command_duration_seconds 6.68
==> evaluate model=temporal_baseline

$ /home/alexmhliu/auto_install/miniconda3/envs/asf311/bin/python src/evaluate.py --data_path /tmp/pheme_cross_event_8j60zwfh/ebola-essien_test.jsonl --model temporal_baseline --model_path runs/20260323_091605_cross_event_ebola_essien/temporal_baseline/artifacts/temporal_baseline_ebola-essien_train.pt --config_path runs/20260323_091605_cross_event_ebola_essien/temporal_baseline/artifacts/temporal_baseline_ebola-essien_train.json --device cuda --output_dir runs/20260323_091605_cross_event_ebola_essien/temporal_baseline/eval
/tmp/asf_main_clean/src/evaluate.py:254: FutureWarning: You are using `torch.load` with `weights_only=False` (the current default value), which uses the default pickle module implicitly. It is possible to construct malicious pickle data which will execute arbitrary code during unpickling (See https://github.com/pytorch/pytorch/blob/main/SECURITY.md#untrusted-models for more details). In a future release, the default value for `weights_only` will be flipped to `True`. This limits the functions that could be executed during unpickling. Arbitrary objects will no longer be allowed to be loaded via this mode unless they are explicitly allowlisted by the user via `torch.serialization.add_safe_globals`. We recommend you start setting `weights_only=True` for any use case where you don't have full control of the loaded file. Please open an issue on GitHub for any issues related to this experimental feature.
  state = torch.load(args.model_path, map_location=args.device)
group=overall value=all num_threads=2 mae=0.0597 rmse=0.0698
group=split value=test num_threads=2 mae=0.0597 rmse=0.0698
group=observation_ratio value=0.5 num_threads=2 mae=0.0597 rmse=0.0698
group=event value=ebola-essien num_threads=2 mae=0.0597 rmse=0.0698
saved_predictions=runs/20260323_091605_cross_event_ebola_essien/temporal_baseline/eval/predictions.jsonl
saved_summary=runs/20260323_091605_cross_event_ebola_essien/temporal_baseline/eval/results_summary.csv
saved_event_errors=runs/20260323_091605_cross_event_ebola_essien/temporal_baseline/eval/error_analysis_by_event.csv
==> command_exit command=/home/alexmhliu/auto_install/miniconda3/envs/asf311/bin/python src/evaluate.py --data_path /tmp/pheme_cross_event_8j60zwfh/ebola-essien_test.jsonl --model temporal_baseline --model_path runs/20260323_091605_cross_event_ebola_essien/temporal_baseline/artifacts/temporal_baseline_ebola-essien_train.pt --config_path runs/20260323_091605_cross_event_ebola_essien/temporal_baseline/artifacts/temporal_baseline_ebola-essien_train.json --device cuda --output_dir runs/20260323_091605_cross_event_ebola_essien/temporal_baseline/eval returncode=0
==> command_duration_seconds 3.05
==> train model=structure_baseline

$ /home/alexmhliu/auto_install/miniconda3/envs/asf311/bin/python src/train.py --train_path /tmp/pheme_cross_event_8j60zwfh/ebola-essien_train.jsonl --model structure_baseline --device cuda --epochs 5 --batch_size 16 --seed 42 --capacity_group default --output_dir runs/20260323_091605_cross_event_ebola_essien/structure_baseline/artifacts --val_path /tmp/pheme_cross_event_8j60zwfh/ebola-essien_val.jsonl

epoch 1/5:   0%|          | 0/14 [00:00<?, ?it/s]
epoch 1/5:   7%|▋         | 1/14 [00:00<00:03,  3.81it/s]
epoch 1/5:  43%|████▎     | 6/14 [00:00<00:00, 19.68it/s]
epoch 1/5:  86%|████████▌ | 12/14 [00:00<00:00, 31.31it/s]
epoch 1/5: 100%|██████████| 14/14 [00:00<00:00, 26.54it/s]
epoch=1 train_loss=0.1698 val_loss=0.0934 val_mae=0.1181 val_rmse=0.2195 val_pearson=-0.4072 val_spearman=-0.1053 val_majority_sentiment_accuracy=0.9577 val_majority_sentiment_macro_f1=0.3261 val_majority_sentiment_weighted_f1=0.9371

epoch 2/5:   0%|          | 0/14 [00:00<?, ?it/s]
epoch 2/5:  36%|███▌      | 5/14 [00:00<00:00, 47.79it/s]
epoch 2/5:  79%|███████▊  | 11/14 [00:00<00:00, 52.38it/s]
epoch 2/5: 100%|██████████| 14/14 [00:00<00:00, 51.23it/s]
epoch=2 train_loss=0.1261 val_loss=0.0974 val_mae=0.1644 val_rmse=0.2260 val_pearson=-0.4298 val_spearman=0.0932 val_majority_sentiment_accuracy=0.9577 val_majority_sentiment_macro_f1=0.3261 val_majority_sentiment_weighted_f1=0.9371

epoch 3/5:   0%|          | 0/14 [00:00<?, ?it/s]
epoch 3/5:  43%|████▎     | 6/14 [00:00<00:00, 58.97it/s]
epoch 3/5:  86%|████████▌ | 12/14 [00:00<00:00, 52.40it/s]
epoch 3/5: 100%|██████████| 14/14 [00:00<00:00, 51.71it/s]
epoch=3 train_loss=0.1068 val_loss=0.0942 val_mae=0.1426 val_rmse=0.2101 val_pearson=-0.3321 val_spearman=0.1640 val_majority_sentiment_accuracy=0.9577 val_majority_sentiment_macro_f1=0.3261 val_majority_sentiment_weighted_f1=0.9371

epoch 4/5:   0%|          | 0/14 [00:00<?, ?it/s]
epoch 4/5:  43%|████▎     | 6/14 [00:00<00:00, 54.99it/s]
epoch 4/5:  86%|████████▌ | 12/14 [00:00<00:00, 49.21it/s]
epoch 4/5: 100%|██████████| 14/14 [00:00<00:00, 51.67it/s]
epoch=4 train_loss=0.1012 val_loss=0.0914 val_mae=0.1263 val_rmse=0.2062 val_pearson=-0.3446 val_spearman=0.0492 val_majority_sentiment_accuracy=0.9577 val_majority_sentiment_macro_f1=0.3261 val_majority_sentiment_weighted_f1=0.9371

epoch 5/5:   0%|          | 0/14 [00:00<?, ?it/s]
epoch 5/5:  43%|████▎     | 6/14 [00:00<00:00, 50.74it/s]
epoch 5/5:  86%|████████▌ | 12/14 [00:00<00:00, 50.36it/s]
epoch 5/5: 100%|██████████| 14/14 [00:00<00:00, 51.49it/s]
epoch=5 train_loss=0.1009 val_loss=0.0878 val_mae=0.1160 val_rmse=0.1990 val_pearson=-0.3308 val_spearman=0.0364 val_majority_sentiment_accuracy=0.9577 val_majority_sentiment_macro_f1=0.3261 val_majority_sentiment_weighted_f1=0.9371
saved_model=runs/20260323_091605_cross_event_ebola_essien/structure_baseline/artifacts/structure_baseline_ebola-essien_train.pt
saved_config=runs/20260323_091605_cross_event_ebola_essien/structure_baseline/artifacts/structure_baseline_ebola-essien_train.json
saved_summary=runs/20260323_091605_cross_event_ebola_essien/structure_baseline/artifacts/structure_baseline_ebola-essien_train_summary.json
param_count=2595076
==> command_exit command=/home/alexmhliu/auto_install/miniconda3/envs/asf311/bin/python src/train.py --train_path /tmp/pheme_cross_event_8j60zwfh/ebola-essien_train.jsonl --model structure_baseline --device cuda --epochs 5 --batch_size 16 --seed 42 --capacity_group default --output_dir runs/20260323_091605_cross_event_ebola_essien/structure_baseline/artifacts --val_path /tmp/pheme_cross_event_8j60zwfh/ebola-essien_val.jsonl returncode=0
==> command_duration_seconds 5.98
==> evaluate model=structure_baseline

$ /home/alexmhliu/auto_install/miniconda3/envs/asf311/bin/python src/evaluate.py --data_path /tmp/pheme_cross_event_8j60zwfh/ebola-essien_test.jsonl --model structure_baseline --model_path runs/20260323_091605_cross_event_ebola_essien/structure_baseline/artifacts/structure_baseline_ebola-essien_train.pt --config_path runs/20260323_091605_cross_event_ebola_essien/structure_baseline/artifacts/structure_baseline_ebola-essien_train.json --device cuda --output_dir runs/20260323_091605_cross_event_ebola_essien/structure_baseline/eval
/tmp/asf_main_clean/src/evaluate.py:254: FutureWarning: You are using `torch.load` with `weights_only=False` (the current default value), which uses the default pickle module implicitly. It is possible to construct malicious pickle data which will execute arbitrary code during unpickling (See https://github.com/pytorch/pytorch/blob/main/SECURITY.md#untrusted-models for more details). In a future release, the default value for `weights_only` will be flipped to `True`. This limits the functions that could be executed during unpickling. Arbitrary objects will no longer be allowed to be loaded via this mode unless they are explicitly allowlisted by the user via `torch.serialization.add_safe_globals`. We recommend you start setting `weights_only=True` for any use case where you don't have full control of the loaded file. Please open an issue on GitHub for any issues related to this experimental feature.
  state = torch.load(args.model_path, map_location=args.device)
group=overall value=all num_threads=2 mae=0.0958 rmse=0.1162
group=split value=test num_threads=2 mae=0.0958 rmse=0.1162
group=observation_ratio value=0.5 num_threads=2 mae=0.0958 rmse=0.1162
group=event value=ebola-essien num_threads=2 mae=0.0958 rmse=0.1162
saved_predictions=runs/20260323_091605_cross_event_ebola_essien/structure_baseline/eval/predictions.jsonl
saved_summary=runs/20260323_091605_cross_event_ebola_essien/structure_baseline/eval/results_summary.csv
saved_event_errors=runs/20260323_091605_cross_event_ebola_essien/structure_baseline/eval/error_analysis_by_event.csv
==> command_exit command=/home/alexmhliu/auto_install/miniconda3/envs/asf311/bin/python src/evaluate.py --data_path /tmp/pheme_cross_event_8j60zwfh/ebola-essien_test.jsonl --model structure_baseline --model_path runs/20260323_091605_cross_event_ebola_essien/structure_baseline/artifacts/structure_baseline_ebola-essien_train.pt --config_path runs/20260323_091605_cross_event_ebola_essien/structure_baseline/artifacts/structure_baseline_ebola-essien_train.json --device cuda --output_dir runs/20260323_091605_cross_event_ebola_essien/structure_baseline/eval returncode=0
==> command_duration_seconds 2.92
==> train model=affect_state_forecaster

$ /home/alexmhliu/auto_install/miniconda3/envs/asf311/bin/python src/train.py --train_path /tmp/pheme_cross_event_8j60zwfh/ebola-essien_train.jsonl --model affect_state_forecaster --device cuda --epochs 5 --batch_size 16 --seed 42 --capacity_group default --output_dir runs/20260323_091605_cross_event_ebola_essien/affect_state_forecaster/artifacts --val_path /tmp/pheme_cross_event_8j60zwfh/ebola-essien_val.jsonl

epoch 1/5:   0%|          | 0/14 [00:00<?, ?it/s]
epoch 1/5:   7%|▋         | 1/14 [00:00<00:04,  2.66it/s]
epoch 1/5:  36%|███▌      | 5/14 [00:00<00:00, 12.23it/s]
epoch 1/5:  64%|██████▍   | 9/14 [00:00<00:00, 18.78it/s]
epoch 1/5:  86%|████████▌ | 12/14 [00:00<00:00, 21.56it/s]
epoch 1/5: 100%|██████████| 14/14 [00:00<00:00, 18.19it/s]
epoch=1 train_loss=0.2021 val_loss=0.0960 val_mae=0.1005 val_rmse=0.2057 val_pearson=-0.0987 val_spearman=0.1933 val_majority_sentiment_accuracy=0.9577 val_majority_sentiment_macro_f1=0.3261 val_majority_sentiment_weighted_f1=0.9371

epoch 2/5:   0%|          | 0/14 [00:00<?, ?it/s]
epoch 2/5:  29%|██▊       | 4/14 [00:00<00:00, 32.58it/s]
epoch 2/5:  57%|█████▋    | 8/14 [00:00<00:00, 31.50it/s]
epoch 2/5:  86%|████████▌ | 12/14 [00:00<00:00, 31.83it/s]
epoch 2/5: 100%|██████████| 14/14 [00:00<00:00, 32.12it/s]
epoch=2 train_loss=0.1233 val_loss=0.0839 val_mae=0.1028 val_rmse=0.1926 val_pearson=-0.1587 val_spearman=0.0765 val_majority_sentiment_accuracy=0.9577 val_majority_sentiment_macro_f1=0.3261 val_majority_sentiment_weighted_f1=0.9371

epoch 3/5:   0%|          | 0/14 [00:00<?, ?it/s]
epoch 3/5:  29%|██▊       | 4/14 [00:00<00:00, 30.78it/s]
epoch 3/5:  57%|█████▋    | 8/14 [00:00<00:00, 32.25it/s]
epoch 3/5:  86%|████████▌ | 12/14 [00:00<00:00, 32.99it/s]
epoch 3/5: 100%|██████████| 14/14 [00:00<00:00, 32.23it/s]
epoch=3 train_loss=0.1049 val_loss=0.0872 val_mae=0.1338 val_rmse=0.1922 val_pearson=-0.2072 val_spearman=0.0219 val_majority_sentiment_accuracy=0.9577 val_majority_sentiment_macro_f1=0.3261 val_majority_sentiment_weighted_f1=0.9371

epoch 4/5:   0%|          | 0/14 [00:00<?, ?it/s]
epoch 4/5:  21%|██▏       | 3/14 [00:00<00:00, 28.62it/s]
epoch 4/5:  50%|█████     | 7/14 [00:00<00:00, 32.68it/s]
epoch 4/5:  79%|███████▊  | 11/14 [00:00<00:00, 32.94it/s]
epoch 4/5: 100%|██████████| 14/14 [00:00<00:00, 32.56it/s]
epoch=4 train_loss=0.1089 val_loss=0.0861 val_mae=0.1167 val_rmse=0.1866 val_pearson=-0.2336 val_spearman=-0.0741 val_majority_sentiment_accuracy=0.9577 val_majority_sentiment_macro_f1=0.3261 val_majority_sentiment_weighted_f1=0.9371

epoch 5/5:   0%|          | 0/14 [00:00<?, ?it/s]
epoch 5/5:  29%|██▊       | 4/14 [00:00<00:00, 34.80it/s]
epoch 5/5:  57%|█████▋    | 8/14 [00:00<00:00, 30.51it/s]
epoch 5/5:  86%|████████▌ | 12/14 [00:00<00:00, 31.84it/s]
epoch 5/5: 100%|██████████| 14/14 [00:00<00:00, 32.67it/s]
epoch=5 train_loss=0.1046 val_loss=0.0885 val_mae=0.1513 val_rmse=0.2008 val_pearson=-0.1884 val_spearman=0.1665 val_majority_sentiment_accuracy=0.9577 val_majority_sentiment_macro_f1=0.3261 val_majority_sentiment_weighted_f1=0.9371
saved_model=runs/20260323_091605_cross_event_ebola_essien/affect_state_forecaster/artifacts/affect_state_forecaster_ebola-essien_train.pt
saved_config=runs/20260323_091605_cross_event_ebola_essien/affect_state_forecaster/artifacts/affect_state_forecaster_ebola-essien_train.json
saved_summary=runs/20260323_091605_cross_event_ebola_essien/affect_state_forecaster/artifacts/affect_state_forecaster_ebola-essien_train_summary.json
param_count=5417259
==> command_exit command=/home/alexmhliu/auto_install/miniconda3/envs/asf311/bin/python src/train.py --train_path /tmp/pheme_cross_event_8j60zwfh/ebola-essien_train.jsonl --model affect_state_forecaster --device cuda --epochs 5 --batch_size 16 --seed 42 --capacity_group default --output_dir runs/20260323_091605_cross_event_ebola_essien/affect_state_forecaster/artifacts --val_path /tmp/pheme_cross_event_8j60zwfh/ebola-essien_val.jsonl returncode=0
==> command_duration_seconds 6.98
==> evaluate model=affect_state_forecaster

$ /home/alexmhliu/auto_install/miniconda3/envs/asf311/bin/python src/evaluate.py --data_path /tmp/pheme_cross_event_8j60zwfh/ebola-essien_test.jsonl --model affect_state_forecaster --model_path runs/20260323_091605_cross_event_ebola_essien/affect_state_forecaster/artifacts/affect_state_forecaster_ebola-essien_train.pt --config_path runs/20260323_091605_cross_event_ebola_essien/affect_state_forecaster/artifacts/affect_state_forecaster_ebola-essien_train.json --device cuda --output_dir runs/20260323_091605_cross_event_ebola_essien/affect_state_forecaster/eval
/tmp/asf_main_clean/src/evaluate.py:254: FutureWarning: You are using `torch.load` with `weights_only=False` (the current default value), which uses the default pickle module implicitly. It is possible to construct malicious pickle data which will execute arbitrary code during unpickling (See https://github.com/pytorch/pytorch/blob/main/SECURITY.md#untrusted-models for more details). In a future release, the default value for `weights_only` will be flipped to `True`. This limits the functions that could be executed during unpickling. Arbitrary objects will no longer be allowed to be loaded via this mode unless they are explicitly allowlisted by the user via `torch.serialization.add_safe_globals`. We recommend you start setting `weights_only=True` for any use case where you don't have full control of the loaded file. Please open an issue on GitHub for any issues related to this experimental feature.
  state = torch.load(args.model_path, map_location=args.device)
group=overall value=all num_threads=2 mae=0.1061 rmse=0.1369
group=split value=test num_threads=2 mae=0.1061 rmse=0.1369
group=observation_ratio value=0.5 num_threads=2 mae=0.1061 rmse=0.1369
group=event value=ebola-essien num_threads=2 mae=0.1061 rmse=0.1369
saved_predictions=runs/20260323_091605_cross_event_ebola_essien/affect_state_forecaster/eval/predictions.jsonl
saved_summary=runs/20260323_091605_cross_event_ebola_essien/affect_state_forecaster/eval/results_summary.csv
saved_event_errors=runs/20260323_091605_cross_event_ebola_essien/affect_state_forecaster/eval/error_analysis_by_event.csv
==> command_exit command=/home/alexmhliu/auto_install/miniconda3/envs/asf311/bin/python src/evaluate.py --data_path /tmp/pheme_cross_event_8j60zwfh/ebola-essien_test.jsonl --model affect_state_forecaster --model_path runs/20260323_091605_cross_event_ebola_essien/affect_state_forecaster/artifacts/affect_state_forecaster_ebola-essien_train.pt --config_path runs/20260323_091605_cross_event_ebola_essien/affect_state_forecaster/artifacts/affect_state_forecaster_ebola-essien_train.json --device cuda --output_dir runs/20260323_091605_cross_event_ebola_essien/affect_state_forecaster/eval returncode=0
==> command_duration_seconds 3.08
==> train model=patchtst_baseline

$ /home/alexmhliu/auto_install/miniconda3/envs/asf311/bin/python src/train.py --train_path /tmp/pheme_cross_event_8j60zwfh/ebola-essien_train.jsonl --model patchtst_baseline --device cuda --epochs 5 --batch_size 16 --seed 42 --capacity_group default --output_dir runs/20260323_091605_cross_event_ebola_essien/patchtst_baseline/artifacts --val_path /tmp/pheme_cross_event_8j60zwfh/ebola-essien_val.jsonl

epoch 1/5:   0%|          | 0/14 [00:00<?, ?it/s]
epoch 1/5:   7%|▋         | 1/14 [00:00<00:03,  4.12it/s]
epoch 1/5:  43%|████▎     | 6/14 [00:00<00:00, 20.43it/s]
epoch 1/5:  86%|████████▌ | 12/14 [00:00<00:00, 31.73it/s]
epoch 1/5: 100%|██████████| 14/14 [00:00<00:00, 27.59it/s]
epoch=1 train_loss=0.1711 val_loss=0.0897 val_mae=0.0977 val_rmse=0.2047 val_pearson=-0.1106 val_spearman=0.3153 val_majority_sentiment_accuracy=0.9577 val_majority_sentiment_macro_f1=0.3261 val_majority_sentiment_weighted_f1=0.9371

epoch 2/5:   0%|          | 0/14 [00:00<?, ?it/s]
epoch 2/5:  36%|███▌      | 5/14 [00:00<00:00, 47.84it/s]
epoch 2/5:  79%|███████▊  | 11/14 [00:00<00:00, 49.38it/s]
epoch 2/5: 100%|██████████| 14/14 [00:00<00:00, 50.04it/s]
epoch=2 train_loss=0.1115 val_loss=0.0863 val_mae=0.1015 val_rmse=0.1921 val_pearson=-0.1230 val_spearman=0.3040 val_majority_sentiment_accuracy=0.9577 val_majority_sentiment_macro_f1=0.3261 val_majority_sentiment_weighted_f1=0.9371

epoch 3/5:   0%|          | 0/14 [00:00<?, ?it/s]
epoch 3/5:  36%|███▌      | 5/14 [00:00<00:00, 47.69it/s]
epoch 3/5:  79%|███████▊  | 11/14 [00:00<00:00, 50.83it/s]
epoch 3/5: 100%|██████████| 14/14 [00:00<00:00, 50.09it/s]
epoch=3 train_loss=0.1083 val_loss=0.0857 val_mae=0.1166 val_rmse=0.1865 val_pearson=-0.1305 val_spearman=0.2901 val_majority_sentiment_accuracy=0.9577 val_majority_sentiment_macro_f1=0.3261 val_majority_sentiment_weighted_f1=0.9371

epoch 4/5:   0%|          | 0/14 [00:00<?, ?it/s]
epoch 4/5:  36%|███▌      | 5/14 [00:00<00:00, 49.52it/s]
epoch 4/5:  71%|███████▏  | 10/14 [00:00<00:00, 49.64it/s]
epoch 4/5: 100%|██████████| 14/14 [00:00<00:00, 50.02it/s]
epoch=4 train_loss=0.1050 val_loss=0.0901 val_mae=0.1513 val_rmse=0.2007 val_pearson=-0.1323 val_spearman=0.2946 val_majority_sentiment_accuracy=0.9577 val_majority_sentiment_macro_f1=0.3261 val_majority_sentiment_weighted_f1=0.9371

epoch 5/5:   0%|          | 0/14 [00:00<?, ?it/s]
epoch 5/5:  43%|████▎     | 6/14 [00:00<00:00, 56.63it/s]
epoch 5/5:  86%|████████▌ | 12/14 [00:00<00:00, 49.15it/s]
epoch 5/5: 100%|██████████| 14/14 [00:00<00:00, 50.17it/s]
epoch=5 train_loss=0.0988 val_loss=0.0864 val_mae=0.1268 val_rmse=0.1942 val_pearson=-0.1327 val_spearman=0.2923 val_majority_sentiment_accuracy=0.9577 val_majority_sentiment_macro_f1=0.3261 val_majority_sentiment_weighted_f1=0.9371
saved_model=runs/20260323_091605_cross_event_ebola_essien/patchtst_baseline/artifacts/patchtst_baseline_ebola-essien_train.pt
saved_config=runs/20260323_091605_cross_event_ebola_essien/patchtst_baseline/artifacts/patchtst_baseline_ebola-essien_train.json
saved_summary=runs/20260323_091605_cross_event_ebola_essien/patchtst_baseline/artifacts/patchtst_baseline_ebola-essien_train_summary.json
param_count=1205508
==> command_exit command=/home/alexmhliu/auto_install/miniconda3/envs/asf311/bin/python src/train.py --train_path /tmp/pheme_cross_event_8j60zwfh/ebola-essien_train.jsonl --model patchtst_baseline --device cuda --epochs 5 --batch_size 16 --seed 42 --capacity_group default --output_dir runs/20260323_091605_cross_event_ebola_essien/patchtst_baseline/artifacts --val_path /tmp/pheme_cross_event_8j60zwfh/ebola-essien_val.jsonl returncode=0
==> command_duration_seconds 5.84
==> evaluate model=patchtst_baseline

$ /home/alexmhliu/auto_install/miniconda3/envs/asf311/bin/python src/evaluate.py --data_path /tmp/pheme_cross_event_8j60zwfh/ebola-essien_test.jsonl --model patchtst_baseline --model_path runs/20260323_091605_cross_event_ebola_essien/patchtst_baseline/artifacts/patchtst_baseline_ebola-essien_train.pt --config_path runs/20260323_091605_cross_event_ebola_essien/patchtst_baseline/artifacts/patchtst_baseline_ebola-essien_train.json --device cuda --output_dir runs/20260323_091605_cross_event_ebola_essien/patchtst_baseline/eval
/tmp/asf_main_clean/src/evaluate.py:254: FutureWarning: You are using `torch.load` with `weights_only=False` (the current default value), which uses the default pickle module implicitly. It is possible to construct malicious pickle data which will execute arbitrary code during unpickling (See https://github.com/pytorch/pytorch/blob/main/SECURITY.md#untrusted-models for more details). In a future release, the default value for `weights_only` will be flipped to `True`. This limits the functions that could be executed during unpickling. Arbitrary objects will no longer be allowed to be loaded via this mode unless they are explicitly allowlisted by the user via `torch.serialization.add_safe_globals`. We recommend you start setting `weights_only=True` for any use case where you don't have full control of the loaded file. Please open an issue on GitHub for any issues related to this experimental feature.
  state = torch.load(args.model_path, map_location=args.device)
group=overall value=all num_threads=2 mae=0.0921 rmse=0.1060
group=split value=test num_threads=2 mae=0.0921 rmse=0.1060
group=observation_ratio value=0.5 num_threads=2 mae=0.0921 rmse=0.1060
group=event value=ebola-essien num_threads=2 mae=0.0921 rmse=0.1060
saved_predictions=runs/20260323_091605_cross_event_ebola_essien/patchtst_baseline/eval/predictions.jsonl
saved_summary=runs/20260323_091605_cross_event_ebola_essien/patchtst_baseline/eval/results_summary.csv
saved_event_errors=runs/20260323_091605_cross_event_ebola_essien/patchtst_baseline/eval/error_analysis_by_event.csv
==> command_exit command=/home/alexmhliu/auto_install/miniconda3/envs/asf311/bin/python src/evaluate.py --data_path /tmp/pheme_cross_event_8j60zwfh/ebola-essien_test.jsonl --model patchtst_baseline --model_path runs/20260323_091605_cross_event_ebola_essien/patchtst_baseline/artifacts/patchtst_baseline_ebola-essien_train.pt --config_path runs/20260323_091605_cross_event_ebola_essien/patchtst_baseline/artifacts/patchtst_baseline_ebola-essien_train.json --device cuda --output_dir runs/20260323_091605_cross_event_ebola_essien/patchtst_baseline/eval returncode=0
==> command_duration_seconds 2.97
==> train model=thread_transformer_baseline

$ /home/alexmhliu/auto_install/miniconda3/envs/asf311/bin/python src/train.py --train_path /tmp/pheme_cross_event_8j60zwfh/ebola-essien_train.jsonl --model thread_transformer_baseline --device cuda --epochs 5 --batch_size 16 --seed 42 --capacity_group default --output_dir runs/20260323_091605_cross_event_ebola_essien/thread_transformer_baseline/artifacts --val_path /tmp/pheme_cross_event_8j60zwfh/ebola-essien_val.jsonl

epoch 1/5:   0%|          | 0/14 [00:00<?, ?it/s]
epoch 1/5:   7%|▋         | 1/14 [00:00<00:04,  2.73it/s]
epoch 1/5:  29%|██▊       | 4/14 [00:00<00:00, 10.24it/s]
epoch 1/5:  50%|█████     | 7/14 [00:00<00:00, 14.96it/s]
epoch 1/5:  71%|███████▏  | 10/14 [00:00<00:00, 18.26it/s]
epoch 1/5:  93%|█████████▎| 13/14 [00:00<00:00, 20.97it/s]
epoch 1/5: 100%|██████████| 14/14 [00:00<00:00, 16.46it/s]
/home/alexmhliu/auto_install/miniconda3/envs/asf311/lib/python3.11/site-packages/torch/nn/modules/transformer.py:502: UserWarning: The PyTorch API of nested tensors is in prototype stage and will change in the near future. (Triggered internally at ../aten/src/ATen/NestedTensorImpl.cpp:178.)
  output = torch._nested_tensor_from_mask(
epoch=1 train_loss=0.2047 val_loss=0.0900 val_mae=0.1522 val_rmse=0.2036 val_pearson=-0.2002 val_spearman=0.2358 val_majority_sentiment_accuracy=0.9577 val_majority_sentiment_macro_f1=0.3261 val_majority_sentiment_weighted_f1=0.9371

epoch 2/5:   0%|          | 0/14 [00:00<?, ?it/s]
epoch 2/5:  21%|██▏       | 3/14 [00:00<00:00, 27.78it/s]
epoch 2/5:  43%|████▎     | 6/14 [00:00<00:00, 28.22it/s]
epoch 2/5:  64%|██████▍   | 9/14 [00:00<00:00, 27.18it/s]
epoch 2/5:  86%|████████▌ | 12/14 [00:00<00:00, 26.26it/s]
epoch 2/5: 100%|██████████| 14/14 [00:00<00:00, 26.90it/s]
epoch=2 train_loss=0.1091 val_loss=0.0905 val_mae=0.1562 val_rmse=0.2099 val_pearson=-0.2227 val_spearman=0.2414 val_majority_sentiment_accuracy=0.9577 val_majority_sentiment_macro_f1=0.3261 val_majority_sentiment_weighted_f1=0.9371

epoch 3/5:   0%|          | 0/14 [00:00<?, ?it/s]
epoch 3/5:  21%|██▏       | 3/14 [00:00<00:00, 27.76it/s]
epoch 3/5:  43%|████▎     | 6/14 [00:00<00:00, 25.84it/s]
epoch 3/5:  64%|██████▍   | 9/14 [00:00<00:00, 27.14it/s]
epoch 3/5:  93%|█████████▎| 13/14 [00:00<00:00, 27.29it/s]
epoch 3/5: 100%|██████████| 14/14 [00:00<00:00, 27.36it/s]
epoch=3 train_loss=0.1032 val_loss=0.0876 val_mae=0.1090 val_rmse=0.1908 val_pearson=-0.2199 val_spearman=0.2324 val_majority_sentiment_accuracy=0.9577 val_majority_sentiment_macro_f1=0.3261 val_majority_sentiment_weighted_f1=0.9371

epoch 4/5:   0%|          | 0/14 [00:00<?, ?it/s]
epoch 4/5:  21%|██▏       | 3/14 [00:00<00:00, 23.30it/s]
epoch 4/5:  43%|████▎     | 6/14 [00:00<00:00, 24.47it/s]
epoch 4/5:  71%|███████▏  | 10/14 [00:00<00:00, 27.28it/s]
epoch 4/5:  93%|█████████▎| 13/14 [00:00<00:00, 26.79it/s]
epoch 4/5: 100%|██████████| 14/14 [00:00<00:00, 26.44it/s]
epoch=4 train_loss=0.1025 val_loss=0.0882 val_mae=0.1341 val_rmse=0.1983 val_pearson=-0.2111 val_spearman=0.2439 val_majority_sentiment_accuracy=0.9577 val_majority_sentiment_macro_f1=0.3261 val_majority_sentiment_weighted_f1=0.9371

epoch 5/5:   0%|          | 0/14 [00:00<?, ?it/s]
epoch 5/5:  21%|██▏       | 3/14 [00:00<00:00, 26.43it/s]
epoch 5/5:  43%|████▎     | 6/14 [00:00<00:00, 27.01it/s]
epoch 5/5:  64%|██████▍   | 9/14 [00:00<00:00, 27.13it/s]
epoch 5/5:  86%|████████▌ | 12/14 [00:00<00:00, 25.46it/s]
epoch 5/5: 100%|██████████| 14/14 [00:00<00:00, 27.21it/s]
epoch=5 train_loss=0.1020 val_loss=0.0904 val_mae=0.1471 val_rmse=0.2062 val_pearson=-0.2006 val_spearman=0.2499 val_majority_sentiment_accuracy=0.9577 val_majority_sentiment_macro_f1=0.3261 val_majority_sentiment_weighted_f1=0.9371
saved_model=runs/20260323_091605_cross_event_ebola_essien/thread_transformer_baseline/artifacts/thread_transformer_baseline_ebola-essien_train.pt
saved_config=runs/20260323_091605_cross_event_ebola_essien/thread_transformer_baseline/artifacts/thread_transformer_baseline_ebola-essien_train.json
saved_summary=runs/20260323_091605_cross_event_ebola_essien/thread_transformer_baseline/artifacts/thread_transformer_baseline_ebola-essien_train_summary.json
param_count=6332420
==> command_exit command=/home/alexmhliu/auto_install/miniconda3/envs/asf311/bin/python src/train.py --train_path /tmp/pheme_cross_event_8j60zwfh/ebola-essien_train.jsonl --model thread_transformer_baseline --device cuda --epochs 5 --batch_size 16 --seed 42 --capacity_group default --output_dir runs/20260323_091605_cross_event_ebola_essien/thread_transformer_baseline/artifacts --val_path /tmp/pheme_cross_event_8j60zwfh/ebola-essien_val.jsonl returncode=0
==> command_duration_seconds 7.52
==> evaluate model=thread_transformer_baseline

$ /home/alexmhliu/auto_install/miniconda3/envs/asf311/bin/python src/evaluate.py --data_path /tmp/pheme_cross_event_8j60zwfh/ebola-essien_test.jsonl --model thread_transformer_baseline --model_path runs/20260323_091605_cross_event_ebola_essien/thread_transformer_baseline/artifacts/thread_transformer_baseline_ebola-essien_train.pt --config_path runs/20260323_091605_cross_event_ebola_essien/thread_transformer_baseline/artifacts/thread_transformer_baseline_ebola-essien_train.json --device cuda --output_dir runs/20260323_091605_cross_event_ebola_essien/thread_transformer_baseline/eval
/tmp/asf_main_clean/src/evaluate.py:254: FutureWarning: You are using `torch.load` with `weights_only=False` (the current default value), which uses the default pickle module implicitly. It is possible to construct malicious pickle data which will execute arbitrary code during unpickling (See https://github.com/pytorch/pytorch/blob/main/SECURITY.md#untrusted-models for more details). In a future release, the default value for `weights_only` will be flipped to `True`. This limits the functions that could be executed during unpickling. Arbitrary objects will no longer be allowed to be loaded via this mode unless they are explicitly allowlisted by the user via `torch.serialization.add_safe_globals`. We recommend you start setting `weights_only=True` for any use case where you don't have full control of the loaded file. Please open an issue on GitHub for any issues related to this experimental feature.
  state = torch.load(args.model_path, map_location=args.device)
/home/alexmhliu/auto_install/miniconda3/envs/asf311/lib/python3.11/site-packages/torch/nn/modules/transformer.py:502: UserWarning: The PyTorch API of nested tensors is in prototype stage and will change in the near future. (Triggered internally at ../aten/src/ATen/NestedTensorImpl.cpp:178.)
  output = torch._nested_tensor_from_mask(
group=overall value=all num_threads=2 mae=0.0938 rmse=0.1166
group=split value=test num_threads=2 mae=0.0938 rmse=0.1166
group=observation_ratio value=0.5 num_threads=2 mae=0.0938 rmse=0.1166
group=event value=ebola-essien num_threads=2 mae=0.0938 rmse=0.1166
saved_predictions=runs/20260323_091605_cross_event_ebola_essien/thread_transformer_baseline/eval/predictions.jsonl
saved_summary=runs/20260323_091605_cross_event_ebola_essien/thread_transformer_baseline/eval/results_summary.csv
saved_event_errors=runs/20260323_091605_cross_event_ebola_essien/thread_transformer_baseline/eval/error_analysis_by_event.csv
==> command_exit command=/home/alexmhliu/auto_install/miniconda3/envs/asf311/bin/python src/evaluate.py --data_path /tmp/pheme_cross_event_8j60zwfh/ebola-essien_test.jsonl --model thread_transformer_baseline --model_path runs/20260323_091605_cross_event_ebola_essien/thread_transformer_baseline/artifacts/thread_transformer_baseline_ebola-essien_train.pt --config_path runs/20260323_091605_cross_event_ebola_essien/thread_transformer_baseline/artifacts/thread_transformer_baseline_ebola-essien_train.json --device cuda --output_dir runs/20260323_091605_cross_event_ebola_essien/thread_transformer_baseline/eval returncode=0
==> command_duration_seconds 3.2
==> summarize completed
==> anomaly Affect-State Forecaster 的 MAE 明显差于 structure_baseline。
==> summarize end_time=1774228622.6598754
