==> plan start_time=1774228355.4233053
==> plan run_id=20260323_091235_ratio_sweep_ratio_30
==> plan experiment_type=主实验
==> plan target_hypotheses=H1,H2,H3
==> plan question=验证四个模型在 observation ratio 30 下对 future_neg_ratio 的预测表现。
==> plan success_criteria=affect_state_forecaster 在主要回归指标上稳定优于文本基线，并最好保持最优。
==> plan failure_criteria=如果 affect_state_forecaster 不能稳定领先，则转入诊断与消融实验。
==> plan dataset=/home/alexmhliu/affect-state-forecaster/data/processed/pheme_forecast_ratio_30_train.jsonl
==> plan ratio_labels=ratio_30_train
==> plan models=text_baseline,temporal_baseline,structure_baseline,affect_state_forecaster,patchtst_baseline,thread_transformer_baseline
==> plan python=asf311:/home/alexmhliu/auto_install/miniconda3/envs/asf311/bin/python
==> plan device=cuda
==> train model=text_baseline

$ /home/alexmhliu/auto_install/miniconda3/envs/asf311/bin/python src/train.py --train_path /home/alexmhliu/affect-state-forecaster/data/processed/pheme_forecast_ratio_30_train.jsonl --model text_baseline --device cuda --epochs 5 --batch_size 16 --seed 42 --capacity_group default --output_dir runs/20260323_091235_ratio_sweep_ratio_30/text_baseline/artifacts --val_path /home/alexmhliu/affect-state-forecaster/data/processed/pheme_forecast_ratio_30_val.jsonl

epoch 1/5:   0%|          | 0/10 [00:00<?, ?it/s]
epoch 1/5:  10%|█         | 1/10 [00:00<00:02,  3.90it/s]
epoch 1/5:  90%|█████████ | 9/10 [00:00<00:00, 29.68it/s]
epoch 1/5: 100%|██████████| 10/10 [00:00<00:00, 26.65it/s]
epoch=1 train_loss=0.2411 val_loss=0.1668 val_mae=0.1835 val_rmse=0.2337 val_pearson=-0.1138 val_spearman=0.0034 val_majority_sentiment_accuracy=0.9310 val_majority_sentiment_macro_f1=0.3214 val_majority_sentiment_weighted_f1=0.8978

epoch 2/5:   0%|          | 0/10 [00:00<?, ?it/s]
epoch 2/5:  70%|███████   | 7/10 [00:00<00:00, 69.84it/s]
epoch 2/5: 100%|██████████| 10/10 [00:00<00:00, 77.02it/s]
epoch=2 train_loss=0.1192 val_loss=0.1311 val_mae=0.2053 val_rmse=0.2515 val_pearson=-0.1326 val_spearman=0.0067 val_majority_sentiment_accuracy=0.9310 val_majority_sentiment_macro_f1=0.3214 val_majority_sentiment_weighted_f1=0.8978

epoch 3/5:   0%|          | 0/10 [00:00<?, ?it/s]
epoch 3/5:  70%|███████   | 7/10 [00:00<00:00, 67.52it/s]
epoch 3/5: 100%|██████████| 10/10 [00:00<00:00, 76.26it/s]
epoch=3 train_loss=0.0848 val_loss=0.1074 val_mae=0.1750 val_rmse=0.2286 val_pearson=-0.1225 val_spearman=0.0175 val_majority_sentiment_accuracy=0.9310 val_majority_sentiment_macro_f1=0.3214 val_majority_sentiment_weighted_f1=0.8978

epoch 4/5:   0%|          | 0/10 [00:00<?, ?it/s]
epoch 4/5:  80%|████████  | 8/10 [00:00<00:00, 71.28it/s]
epoch 4/5: 100%|██████████| 10/10 [00:00<00:00, 76.37it/s]
epoch=4 train_loss=0.0766 val_loss=0.1239 val_mae=0.2132 val_rmse=0.2629 val_pearson=-0.1186 val_spearman=0.0450 val_majority_sentiment_accuracy=0.9310 val_majority_sentiment_macro_f1=0.3214 val_majority_sentiment_weighted_f1=0.8978

epoch 5/5:   0%|          | 0/10 [00:00<?, ?it/s]
epoch 5/5:  80%|████████  | 8/10 [00:00<00:00, 68.96it/s]
epoch 5/5: 100%|██████████| 10/10 [00:00<00:00, 76.99it/s]
epoch=5 train_loss=0.0678 val_loss=0.1218 val_mae=0.2083 val_rmse=0.2587 val_pearson=-0.1399 val_spearman=0.0417 val_majority_sentiment_accuracy=0.9310 val_majority_sentiment_macro_f1=0.3214 val_majority_sentiment_weighted_f1=0.8978
saved_model=runs/20260323_091235_ratio_sweep_ratio_30/text_baseline/artifacts/text_baseline_pheme_forecast_ratio_30_train.pt
saved_config=runs/20260323_091235_ratio_sweep_ratio_30/text_baseline/artifacts/text_baseline_pheme_forecast_ratio_30_train.json
saved_summary=runs/20260323_091235_ratio_sweep_ratio_30/text_baseline/artifacts/text_baseline_pheme_forecast_ratio_30_train_summary.json
param_count=2577284
==> command_exit command=/home/alexmhliu/auto_install/miniconda3/envs/asf311/bin/python src/train.py --train_path /home/alexmhliu/affect-state-forecaster/data/processed/pheme_forecast_ratio_30_train.jsonl --model text_baseline --device cuda --epochs 5 --batch_size 16 --seed 42 --capacity_group default --output_dir runs/20260323_091235_ratio_sweep_ratio_30/text_baseline/artifacts --val_path /home/alexmhliu/affect-state-forecaster/data/processed/pheme_forecast_ratio_30_val.jsonl returncode=0
==> command_duration_seconds 4.99
==> evaluate model=text_baseline

$ /home/alexmhliu/auto_install/miniconda3/envs/asf311/bin/python src/evaluate.py --data_path /home/alexmhliu/affect-state-forecaster/data/processed/pheme_forecast_ratio_30_test.jsonl --model text_baseline --model_path runs/20260323_091235_ratio_sweep_ratio_30/text_baseline/artifacts/text_baseline_pheme_forecast_ratio_30_train.pt --config_path runs/20260323_091235_ratio_sweep_ratio_30/text_baseline/artifacts/text_baseline_pheme_forecast_ratio_30_train.json --device cuda --output_dir runs/20260323_091235_ratio_sweep_ratio_30/text_baseline/eval
/tmp/asf_main_clean/src/evaluate.py:254: FutureWarning: You are using `torch.load` with `weights_only=False` (the current default value), which uses the default pickle module implicitly. It is possible to construct malicious pickle data which will execute arbitrary code during unpickling (See https://github.com/pytorch/pytorch/blob/main/SECURITY.md#untrusted-models for more details). In a future release, the default value for `weights_only` will be flipped to `True`. This limits the functions that could be executed during unpickling. Arbitrary objects will no longer be allowed to be loaded via this mode unless they are explicitly allowlisted by the user via `torch.serialization.add_safe_globals`. We recommend you start setting `weights_only=True` for any use case where you don't have full control of the loaded file. Please open an issue on GitHub for any issues related to this experimental feature.
  state = torch.load(args.model_path, map_location=args.device)
group=overall value=all num_threads=92 mae=0.1315 rmse=0.2144
group=split value=test num_threads=92 mae=0.1315 rmse=0.2144
group=observation_ratio value=0.3 num_threads=92 mae=0.1315 rmse=0.2144
group=event value=prince-toronto num_threads=12 mae=0.1421 rmse=0.1699
group=event value=putinmissing num_threads=9 mae=0.1124 rmse=0.1423
group=event value=sydneysiege num_threads=71 mae=0.1322 rmse=0.2283
saved_predictions=runs/20260323_091235_ratio_sweep_ratio_30/text_baseline/eval/predictions.jsonl
saved_summary=runs/20260323_091235_ratio_sweep_ratio_30/text_baseline/eval/results_summary.csv
saved_event_errors=runs/20260323_091235_ratio_sweep_ratio_30/text_baseline/eval/error_analysis_by_event.csv
==> command_exit command=/home/alexmhliu/auto_install/miniconda3/envs/asf311/bin/python src/evaluate.py --data_path /home/alexmhliu/affect-state-forecaster/data/processed/pheme_forecast_ratio_30_test.jsonl --model text_baseline --model_path runs/20260323_091235_ratio_sweep_ratio_30/text_baseline/artifacts/text_baseline_pheme_forecast_ratio_30_train.pt --config_path runs/20260323_091235_ratio_sweep_ratio_30/text_baseline/artifacts/text_baseline_pheme_forecast_ratio_30_train.json --device cuda --output_dir runs/20260323_091235_ratio_sweep_ratio_30/text_baseline/eval returncode=0
==> command_duration_seconds 3.01
==> train model=temporal_baseline

$ /home/alexmhliu/auto_install/miniconda3/envs/asf311/bin/python src/train.py --train_path /home/alexmhliu/affect-state-forecaster/data/processed/pheme_forecast_ratio_30_train.jsonl --model temporal_baseline --device cuda --epochs 5 --batch_size 16 --seed 42 --capacity_group default --output_dir runs/20260323_091235_ratio_sweep_ratio_30/temporal_baseline/artifacts --val_path /home/alexmhliu/affect-state-forecaster/data/processed/pheme_forecast_ratio_30_val.jsonl

epoch 1/5:   0%|          | 0/10 [00:00<?, ?it/s]
epoch 1/5:  10%|█         | 1/10 [00:00<00:03,  2.93it/s]
epoch 1/5:  70%|███████   | 7/10 [00:00<00:00, 18.52it/s]
epoch 1/5: 100%|██████████| 10/10 [00:00<00:00, 19.46it/s]
epoch=1 train_loss=0.2559 val_loss=0.1577 val_mae=0.1701 val_rmse=0.2106 val_pearson=0.0005 val_spearman=-0.1736 val_majority_sentiment_accuracy=0.9310 val_majority_sentiment_macro_f1=0.3214 val_majority_sentiment_weighted_f1=0.8978

epoch 2/5:   0%|          | 0/10 [00:00<?, ?it/s]
epoch 2/5:  50%|█████     | 5/10 [00:00<00:00, 45.90it/s]
epoch 2/5: 100%|██████████| 10/10 [00:00<00:00, 52.09it/s]
epoch=2 train_loss=0.1247 val_loss=0.1230 val_mae=0.1994 val_rmse=0.2335 val_pearson=0.0985 val_spearman=0.0417 val_majority_sentiment_accuracy=0.9310 val_majority_sentiment_macro_f1=0.3214 val_majority_sentiment_weighted_f1=0.8978

epoch 3/5:   0%|          | 0/10 [00:00<?, ?it/s]
epoch 3/5:  50%|█████     | 5/10 [00:00<00:00, 47.57it/s]
epoch 3/5: 100%|██████████| 10/10 [00:00<00:00, 51.64it/s]
epoch=3 train_loss=0.0899 val_loss=0.0919 val_mae=0.1370 val_rmse=0.1835 val_pearson=-0.0485 val_spearman=-0.1737 val_majority_sentiment_accuracy=0.9310 val_majority_sentiment_macro_f1=0.3214 val_majority_sentiment_weighted_f1=0.8978

epoch 4/5:   0%|          | 0/10 [00:00<?, ?it/s]
epoch 4/5:  50%|█████     | 5/10 [00:00<00:00, 48.85it/s]
epoch 4/5: 100%|██████████| 10/10 [00:00<00:00, 52.14it/s]
epoch=4 train_loss=0.0702 val_loss=0.0976 val_mae=0.1581 val_rmse=0.1976 val_pearson=-0.0252 val_spearman=-0.0648 val_majority_sentiment_accuracy=0.9310 val_majority_sentiment_macro_f1=0.3214 val_majority_sentiment_weighted_f1=0.8978

epoch 5/5:   0%|          | 0/10 [00:00<?, ?it/s]
epoch 5/5:  50%|█████     | 5/10 [00:00<00:00, 47.37it/s]
epoch 5/5: 100%|██████████| 10/10 [00:00<00:00, 52.41it/s]
epoch=5 train_loss=0.0649 val_loss=0.1000 val_mae=0.1643 val_rmse=0.2011 val_pearson=0.0420 val_spearman=0.0150 val_majority_sentiment_accuracy=0.9310 val_majority_sentiment_macro_f1=0.3214 val_majority_sentiment_weighted_f1=0.8978
saved_model=runs/20260323_091235_ratio_sweep_ratio_30/temporal_baseline/artifacts/temporal_baseline_pheme_forecast_ratio_30_train.pt
saved_config=runs/20260323_091235_ratio_sweep_ratio_30/temporal_baseline/artifacts/temporal_baseline_pheme_forecast_ratio_30_train.json
saved_summary=runs/20260323_091235_ratio_sweep_ratio_30/temporal_baseline/artifacts/temporal_baseline_pheme_forecast_ratio_30_train_summary.json
param_count=2709380
==> command_exit command=/home/alexmhliu/auto_install/miniconda3/envs/asf311/bin/python src/train.py --train_path /home/alexmhliu/affect-state-forecaster/data/processed/pheme_forecast_ratio_30_train.jsonl --model temporal_baseline --device cuda --epochs 5 --batch_size 16 --seed 42 --capacity_group default --output_dir runs/20260323_091235_ratio_sweep_ratio_30/temporal_baseline/artifacts --val_path /home/alexmhliu/affect-state-forecaster/data/processed/pheme_forecast_ratio_30_val.jsonl returncode=0
==> command_duration_seconds 5.39
==> evaluate model=temporal_baseline

$ /home/alexmhliu/auto_install/miniconda3/envs/asf311/bin/python src/evaluate.py --data_path /home/alexmhliu/affect-state-forecaster/data/processed/pheme_forecast_ratio_30_test.jsonl --model temporal_baseline --model_path runs/20260323_091235_ratio_sweep_ratio_30/temporal_baseline/artifacts/temporal_baseline_pheme_forecast_ratio_30_train.pt --config_path runs/20260323_091235_ratio_sweep_ratio_30/temporal_baseline/artifacts/temporal_baseline_pheme_forecast_ratio_30_train.json --device cuda --output_dir runs/20260323_091235_ratio_sweep_ratio_30/temporal_baseline/eval
/tmp/asf_main_clean/src/evaluate.py:254: FutureWarning: You are using `torch.load` with `weights_only=False` (the current default value), which uses the default pickle module implicitly. It is possible to construct malicious pickle data which will execute arbitrary code during unpickling (See https://github.com/pytorch/pytorch/blob/main/SECURITY.md#untrusted-models for more details). In a future release, the default value for `weights_only` will be flipped to `True`. This limits the functions that could be executed during unpickling. Arbitrary objects will no longer be allowed to be loaded via this mode unless they are explicitly allowlisted by the user via `torch.serialization.add_safe_globals`. We recommend you start setting `weights_only=True` for any use case where you don't have full control of the loaded file. Please open an issue on GitHub for any issues related to this experimental feature.
  state = torch.load(args.model_path, map_location=args.device)
group=overall value=all num_threads=92 mae=0.1376 rmse=0.2122
group=split value=test num_threads=92 mae=0.1376 rmse=0.2122
group=observation_ratio value=0.3 num_threads=92 mae=0.1376 rmse=0.2122
group=event value=prince-toronto num_threads=12 mae=0.0820 rmse=0.1066
group=event value=putinmissing num_threads=9 mae=0.0722 rmse=0.0893
group=event value=sydneysiege num_threads=71 mae=0.1552 rmse=0.2354
saved_predictions=runs/20260323_091235_ratio_sweep_ratio_30/temporal_baseline/eval/predictions.jsonl
saved_summary=runs/20260323_091235_ratio_sweep_ratio_30/temporal_baseline/eval/results_summary.csv
saved_event_errors=runs/20260323_091235_ratio_sweep_ratio_30/temporal_baseline/eval/error_analysis_by_event.csv
==> command_exit command=/home/alexmhliu/auto_install/miniconda3/envs/asf311/bin/python src/evaluate.py --data_path /home/alexmhliu/affect-state-forecaster/data/processed/pheme_forecast_ratio_30_test.jsonl --model temporal_baseline --model_path runs/20260323_091235_ratio_sweep_ratio_30/temporal_baseline/artifacts/temporal_baseline_pheme_forecast_ratio_30_train.pt --config_path runs/20260323_091235_ratio_sweep_ratio_30/temporal_baseline/artifacts/temporal_baseline_pheme_forecast_ratio_30_train.json --device cuda --output_dir runs/20260323_091235_ratio_sweep_ratio_30/temporal_baseline/eval returncode=0
==> command_duration_seconds 3.11
==> train model=structure_baseline

$ /home/alexmhliu/auto_install/miniconda3/envs/asf311/bin/python src/train.py --train_path /home/alexmhliu/affect-state-forecaster/data/processed/pheme_forecast_ratio_30_train.jsonl --model structure_baseline --device cuda --epochs 5 --batch_size 16 --seed 42 --capacity_group default --output_dir runs/20260323_091235_ratio_sweep_ratio_30/structure_baseline/artifacts --val_path /home/alexmhliu/affect-state-forecaster/data/processed/pheme_forecast_ratio_30_val.jsonl

epoch 1/5:   0%|          | 0/10 [00:00<?, ?it/s]
epoch 1/5:  10%|█         | 1/10 [00:00<00:02,  3.84it/s]
epoch 1/5:  80%|████████  | 8/10 [00:00<00:00, 26.66it/s]
epoch 1/5: 100%|██████████| 10/10 [00:00<00:00, 26.01it/s]
epoch=1 train_loss=0.2075 val_loss=0.1060 val_mae=0.1859 val_rmse=0.2106 val_pearson=0.0705 val_spearman=0.1846 val_majority_sentiment_accuracy=0.9310 val_majority_sentiment_macro_f1=0.3214 val_majority_sentiment_weighted_f1=0.8978

epoch 2/5:   0%|          | 0/10 [00:00<?, ?it/s]
epoch 2/5:  70%|███████   | 7/10 [00:00<00:00, 66.40it/s]
epoch 2/5: 100%|██████████| 10/10 [00:00<00:00, 72.56it/s]
epoch=2 train_loss=0.1199 val_loss=0.0851 val_mae=0.1486 val_rmse=0.1782 val_pearson=0.0210 val_spearman=-0.0769 val_majority_sentiment_accuracy=0.9310 val_majority_sentiment_macro_f1=0.3214 val_majority_sentiment_weighted_f1=0.8978

epoch 3/5:   0%|          | 0/10 [00:00<?, ?it/s]
epoch 3/5:  70%|███████   | 7/10 [00:00<00:00, 64.43it/s]
epoch 3/5: 100%|██████████| 10/10 [00:00<00:00, 72.38it/s]
epoch=3 train_loss=0.0979 val_loss=0.0816 val_mae=0.1344 val_rmse=0.1684 val_pearson=0.0978 val_spearman=0.1669 val_majority_sentiment_accuracy=0.9310 val_majority_sentiment_macro_f1=0.3214 val_majority_sentiment_weighted_f1=0.8978

epoch 4/5:   0%|          | 0/10 [00:00<?, ?it/s]
epoch 4/5:  70%|███████   | 7/10 [00:00<00:00, 69.48it/s]
epoch 4/5: 100%|██████████| 10/10 [00:00<00:00, 71.95it/s]
epoch=4 train_loss=0.0911 val_loss=0.0789 val_mae=0.1284 val_rmse=0.1635 val_pearson=0.1079 val_spearman=0.2494 val_majority_sentiment_accuracy=0.9310 val_majority_sentiment_macro_f1=0.3214 val_majority_sentiment_weighted_f1=0.8978

epoch 5/5:   0%|          | 0/10 [00:00<?, ?it/s]
epoch 5/5:  70%|███████   | 7/10 [00:00<00:00, 64.27it/s]
epoch 5/5: 100%|██████████| 10/10 [00:00<00:00, 70.79it/s]
epoch=5 train_loss=0.0859 val_loss=0.0937 val_mae=0.1746 val_rmse=0.2011 val_pearson=0.0439 val_spearman=0.0407 val_majority_sentiment_accuracy=0.9310 val_majority_sentiment_macro_f1=0.3214 val_majority_sentiment_weighted_f1=0.8978
saved_model=runs/20260323_091235_ratio_sweep_ratio_30/structure_baseline/artifacts/structure_baseline_pheme_forecast_ratio_30_train.pt
saved_config=runs/20260323_091235_ratio_sweep_ratio_30/structure_baseline/artifacts/structure_baseline_pheme_forecast_ratio_30_train.json
saved_summary=runs/20260323_091235_ratio_sweep_ratio_30/structure_baseline/artifacts/structure_baseline_pheme_forecast_ratio_30_train_summary.json
param_count=2595076
==> command_exit command=/home/alexmhliu/auto_install/miniconda3/envs/asf311/bin/python src/train.py --train_path /home/alexmhliu/affect-state-forecaster/data/processed/pheme_forecast_ratio_30_train.jsonl --model structure_baseline --device cuda --epochs 5 --batch_size 16 --seed 42 --capacity_group default --output_dir runs/20260323_091235_ratio_sweep_ratio_30/structure_baseline/artifacts --val_path /home/alexmhliu/affect-state-forecaster/data/processed/pheme_forecast_ratio_30_val.jsonl returncode=0
==> command_duration_seconds 5.09
==> evaluate model=structure_baseline

$ /home/alexmhliu/auto_install/miniconda3/envs/asf311/bin/python src/evaluate.py --data_path /home/alexmhliu/affect-state-forecaster/data/processed/pheme_forecast_ratio_30_test.jsonl --model structure_baseline --model_path runs/20260323_091235_ratio_sweep_ratio_30/structure_baseline/artifacts/structure_baseline_pheme_forecast_ratio_30_train.pt --config_path runs/20260323_091235_ratio_sweep_ratio_30/structure_baseline/artifacts/structure_baseline_pheme_forecast_ratio_30_train.json --device cuda --output_dir runs/20260323_091235_ratio_sweep_ratio_30/structure_baseline/eval
/tmp/asf_main_clean/src/evaluate.py:254: FutureWarning: You are using `torch.load` with `weights_only=False` (the current default value), which uses the default pickle module implicitly. It is possible to construct malicious pickle data which will execute arbitrary code during unpickling (See https://github.com/pytorch/pytorch/blob/main/SECURITY.md#untrusted-models for more details). In a future release, the default value for `weights_only` will be flipped to `True`. This limits the functions that could be executed during unpickling. Arbitrary objects will no longer be allowed to be loaded via this mode unless they are explicitly allowlisted by the user via `torch.serialization.add_safe_globals`. We recommend you start setting `weights_only=True` for any use case where you don't have full control of the loaded file. Please open an issue on GitHub for any issues related to this experimental feature.
  state = torch.load(args.model_path, map_location=args.device)
group=overall value=all num_threads=92 mae=0.1227 rmse=0.1830
group=split value=test num_threads=92 mae=0.1227 rmse=0.1830
group=observation_ratio value=0.3 num_threads=92 mae=0.1227 rmse=0.1830
group=event value=prince-toronto num_threads=12 mae=0.1259 rmse=0.1400
group=event value=putinmissing num_threads=9 mae=0.0914 rmse=0.1187
group=event value=sydneysiege num_threads=71 mae=0.1261 rmse=0.1957
saved_predictions=runs/20260323_091235_ratio_sweep_ratio_30/structure_baseline/eval/predictions.jsonl
saved_summary=runs/20260323_091235_ratio_sweep_ratio_30/structure_baseline/eval/results_summary.csv
saved_event_errors=runs/20260323_091235_ratio_sweep_ratio_30/structure_baseline/eval/error_analysis_by_event.csv
==> command_exit command=/home/alexmhliu/auto_install/miniconda3/envs/asf311/bin/python src/evaluate.py --data_path /home/alexmhliu/affect-state-forecaster/data/processed/pheme_forecast_ratio_30_test.jsonl --model structure_baseline --model_path runs/20260323_091235_ratio_sweep_ratio_30/structure_baseline/artifacts/structure_baseline_pheme_forecast_ratio_30_train.pt --config_path runs/20260323_091235_ratio_sweep_ratio_30/structure_baseline/artifacts/structure_baseline_pheme_forecast_ratio_30_train.json --device cuda --output_dir runs/20260323_091235_ratio_sweep_ratio_30/structure_baseline/eval returncode=0
==> command_duration_seconds 3.05
==> train model=affect_state_forecaster

$ /home/alexmhliu/auto_install/miniconda3/envs/asf311/bin/python src/train.py --train_path /home/alexmhliu/affect-state-forecaster/data/processed/pheme_forecast_ratio_30_train.jsonl --model affect_state_forecaster --device cuda --epochs 5 --batch_size 16 --seed 42 --capacity_group default --output_dir runs/20260323_091235_ratio_sweep_ratio_30/affect_state_forecaster/artifacts --val_path /home/alexmhliu/affect-state-forecaster/data/processed/pheme_forecast_ratio_30_val.jsonl

epoch 1/5:   0%|          | 0/10 [00:00<?, ?it/s]
epoch 1/5:  10%|█         | 1/10 [00:00<00:03,  2.84it/s]
epoch 1/5:  50%|█████     | 5/10 [00:00<00:00, 13.57it/s]
epoch 1/5: 100%|██████████| 10/10 [00:00<00:00, 23.92it/s]
epoch 1/5: 100%|██████████| 10/10 [00:00<00:00, 17.98it/s]
epoch=1 train_loss=0.2168 val_loss=0.1227 val_mae=0.1908 val_rmse=0.2110 val_pearson=-0.0407 val_spearman=-0.1496 val_majority_sentiment_accuracy=0.9310 val_majority_sentiment_macro_f1=0.3214 val_majority_sentiment_weighted_f1=0.8978

epoch 2/5:   0%|          | 0/10 [00:00<?, ?it/s]
epoch 2/5:  50%|█████     | 5/10 [00:00<00:00, 43.28it/s]
epoch 2/5: 100%|██████████| 10/10 [00:00<00:00, 44.62it/s]
epoch 2/5: 100%|██████████| 10/10 [00:00<00:00, 44.36it/s]
epoch=2 train_loss=0.1327 val_loss=0.1139 val_mae=0.2217 val_rmse=0.2394 val_pearson=-0.1467 val_spearman=-0.3320 val_majority_sentiment_accuracy=0.9310 val_majority_sentiment_macro_f1=0.3214 val_majority_sentiment_weighted_f1=0.8978

epoch 3/5:   0%|          | 0/10 [00:00<?, ?it/s]
epoch 3/5:  50%|█████     | 5/10 [00:00<00:00, 42.78it/s]
epoch 3/5: 100%|██████████| 10/10 [00:00<00:00, 45.01it/s]
epoch 3/5: 100%|██████████| 10/10 [00:00<00:00, 44.62it/s]
epoch=3 train_loss=0.1048 val_loss=0.0760 val_mae=0.0964 val_rmse=0.1535 val_pearson=-0.0641 val_spearman=-0.3563 val_majority_sentiment_accuracy=0.9310 val_majority_sentiment_macro_f1=0.3214 val_majority_sentiment_weighted_f1=0.8978

epoch 4/5:   0%|          | 0/10 [00:00<?, ?it/s]
epoch 4/5:  40%|████      | 4/10 [00:00<00:00, 39.32it/s]
epoch 4/5:  90%|█████████ | 9/10 [00:00<00:00, 41.71it/s]
epoch 4/5: 100%|██████████| 10/10 [00:00<00:00, 44.28it/s]
epoch=4 train_loss=0.1075 val_loss=0.1103 val_mae=0.2218 val_rmse=0.2380 val_pearson=-0.1138 val_spearman=0.0532 val_majority_sentiment_accuracy=0.9310 val_majority_sentiment_macro_f1=0.3214 val_majority_sentiment_weighted_f1=0.8978

epoch 5/5:   0%|          | 0/10 [00:00<?, ?it/s]
epoch 5/5:  40%|████      | 4/10 [00:00<00:00, 38.25it/s]
epoch 5/5:  90%|█████████ | 9/10 [00:00<00:00, 43.07it/s]
epoch 5/5: 100%|██████████| 10/10 [00:00<00:00, 45.24it/s]
epoch=5 train_loss=0.1242 val_loss=0.0748 val_mae=0.1009 val_rmse=0.1488 val_pearson=0.0244 val_spearman=0.4053 val_majority_sentiment_accuracy=0.9310 val_majority_sentiment_macro_f1=0.3214 val_majority_sentiment_weighted_f1=0.8978
saved_model=runs/20260323_091235_ratio_sweep_ratio_30/affect_state_forecaster/artifacts/affect_state_forecaster_pheme_forecast_ratio_30_train.pt
saved_config=runs/20260323_091235_ratio_sweep_ratio_30/affect_state_forecaster/artifacts/affect_state_forecaster_pheme_forecast_ratio_30_train.json
saved_summary=runs/20260323_091235_ratio_sweep_ratio_30/affect_state_forecaster/artifacts/affect_state_forecaster_pheme_forecast_ratio_30_train_summary.json
param_count=5417259
==> command_exit command=/home/alexmhliu/auto_install/miniconda3/envs/asf311/bin/python src/train.py --train_path /home/alexmhliu/affect-state-forecaster/data/processed/pheme_forecast_ratio_30_train.jsonl --model affect_state_forecaster --device cuda --epochs 5 --batch_size 16 --seed 42 --capacity_group default --output_dir runs/20260323_091235_ratio_sweep_ratio_30/affect_state_forecaster/artifacts --val_path /home/alexmhliu/affect-state-forecaster/data/processed/pheme_forecast_ratio_30_val.jsonl returncode=0
==> command_duration_seconds 5.87
==> evaluate model=affect_state_forecaster

$ /home/alexmhliu/auto_install/miniconda3/envs/asf311/bin/python src/evaluate.py --data_path /home/alexmhliu/affect-state-forecaster/data/processed/pheme_forecast_ratio_30_test.jsonl --model affect_state_forecaster --model_path runs/20260323_091235_ratio_sweep_ratio_30/affect_state_forecaster/artifacts/affect_state_forecaster_pheme_forecast_ratio_30_train.pt --config_path runs/20260323_091235_ratio_sweep_ratio_30/affect_state_forecaster/artifacts/affect_state_forecaster_pheme_forecast_ratio_30_train.json --device cuda --output_dir runs/20260323_091235_ratio_sweep_ratio_30/affect_state_forecaster/eval
/tmp/asf_main_clean/src/evaluate.py:254: FutureWarning: You are using `torch.load` with `weights_only=False` (the current default value), which uses the default pickle module implicitly. It is possible to construct malicious pickle data which will execute arbitrary code during unpickling (See https://github.com/pytorch/pytorch/blob/main/SECURITY.md#untrusted-models for more details). In a future release, the default value for `weights_only` will be flipped to `True`. This limits the functions that could be executed during unpickling. Arbitrary objects will no longer be allowed to be loaded via this mode unless they are explicitly allowlisted by the user via `torch.serialization.add_safe_globals`. We recommend you start setting `weights_only=True` for any use case where you don't have full control of the loaded file. Please open an issue on GitHub for any issues related to this experimental feature.
  state = torch.load(args.model_path, map_location=args.device)
group=overall value=all num_threads=92 mae=0.0943 rmse=0.1650
group=split value=test num_threads=92 mae=0.0943 rmse=0.1650
group=observation_ratio value=0.3 num_threads=92 mae=0.0943 rmse=0.1650
group=event value=prince-toronto num_threads=12 mae=0.0772 rmse=0.0783
group=event value=putinmissing num_threads=9 mae=0.0831 rmse=0.0945
group=event value=sydneysiege num_threads=71 mae=0.0986 rmse=0.1820
saved_predictions=runs/20260323_091235_ratio_sweep_ratio_30/affect_state_forecaster/eval/predictions.jsonl
saved_summary=runs/20260323_091235_ratio_sweep_ratio_30/affect_state_forecaster/eval/results_summary.csv
saved_event_errors=runs/20260323_091235_ratio_sweep_ratio_30/affect_state_forecaster/eval/error_analysis_by_event.csv
==> command_exit command=/home/alexmhliu/auto_install/miniconda3/envs/asf311/bin/python src/evaluate.py --data_path /home/alexmhliu/affect-state-forecaster/data/processed/pheme_forecast_ratio_30_test.jsonl --model affect_state_forecaster --model_path runs/20260323_091235_ratio_sweep_ratio_30/affect_state_forecaster/artifacts/affect_state_forecaster_pheme_forecast_ratio_30_train.pt --config_path runs/20260323_091235_ratio_sweep_ratio_30/affect_state_forecaster/artifacts/affect_state_forecaster_pheme_forecast_ratio_30_train.json --device cuda --output_dir runs/20260323_091235_ratio_sweep_ratio_30/affect_state_forecaster/eval returncode=0
==> command_duration_seconds 3.18
==> train model=patchtst_baseline

$ /home/alexmhliu/auto_install/miniconda3/envs/asf311/bin/python src/train.py --train_path /home/alexmhliu/affect-state-forecaster/data/processed/pheme_forecast_ratio_30_train.jsonl --model patchtst_baseline --device cuda --epochs 5 --batch_size 16 --seed 42 --capacity_group default --output_dir runs/20260323_091235_ratio_sweep_ratio_30/patchtst_baseline/artifacts --val_path /home/alexmhliu/affect-state-forecaster/data/processed/pheme_forecast_ratio_30_val.jsonl

epoch 1/5:   0%|          | 0/10 [00:00<?, ?it/s]
epoch 1/5:  10%|█         | 1/10 [00:00<00:02,  4.08it/s]
epoch 1/5:  80%|████████  | 8/10 [00:00<00:00, 27.16it/s]
epoch 1/5: 100%|██████████| 10/10 [00:00<00:00, 26.24it/s]
epoch=1 train_loss=0.1710 val_loss=0.0797 val_mae=0.1157 val_rmse=0.1508 val_pearson=0.0454 val_spearman=-0.0722 val_majority_sentiment_accuracy=0.9310 val_majority_sentiment_macro_f1=0.3214 val_majority_sentiment_weighted_f1=0.8978

epoch 2/5:   0%|          | 0/10 [00:00<?, ?it/s]
epoch 2/5:  70%|███████   | 7/10 [00:00<00:00, 65.72it/s]
epoch 2/5: 100%|██████████| 10/10 [00:00<00:00, 66.45it/s]
epoch=2 train_loss=0.1123 val_loss=0.0753 val_mae=0.0935 val_rmse=0.1508 val_pearson=0.0888 val_spearman=0.4583 val_majority_sentiment_accuracy=0.9310 val_majority_sentiment_macro_f1=0.3214 val_majority_sentiment_weighted_f1=0.8978

epoch 3/5:   0%|          | 0/10 [00:00<?, ?it/s]
epoch 3/5:  70%|███████   | 7/10 [00:00<00:00, 62.51it/s]
epoch 3/5: 100%|██████████| 10/10 [00:00<00:00, 65.85it/s]
epoch=3 train_loss=0.0939 val_loss=0.0765 val_mae=0.1224 val_rmse=0.1541 val_pearson=0.0831 val_spearman=0.4449 val_majority_sentiment_accuracy=0.9310 val_majority_sentiment_macro_f1=0.3214 val_majority_sentiment_weighted_f1=0.8978

epoch 4/5:   0%|          | 0/10 [00:00<?, ?it/s]
epoch 4/5:  70%|███████   | 7/10 [00:00<00:00, 63.11it/s]
epoch 4/5: 100%|██████████| 10/10 [00:00<00:00, 66.72it/s]
epoch=4 train_loss=0.0915 val_loss=0.0873 val_mae=0.1614 val_rmse=0.1836 val_pearson=0.0850 val_spearman=0.4685 val_majority_sentiment_accuracy=0.9310 val_majority_sentiment_macro_f1=0.3214 val_majority_sentiment_weighted_f1=0.8978

epoch 5/5:   0%|          | 0/10 [00:00<?, ?it/s]
epoch 5/5:  70%|███████   | 7/10 [00:00<00:00, 62.33it/s]
epoch 5/5: 100%|██████████| 10/10 [00:00<00:00, 66.64it/s]
epoch=5 train_loss=0.1012 val_loss=0.0789 val_mae=0.1258 val_rmse=0.1561 val_pearson=0.0837 val_spearman=0.4741 val_majority_sentiment_accuracy=0.9310 val_majority_sentiment_macro_f1=0.3214 val_majority_sentiment_weighted_f1=0.8978
saved_model=runs/20260323_091235_ratio_sweep_ratio_30/patchtst_baseline/artifacts/patchtst_baseline_pheme_forecast_ratio_30_train.pt
saved_config=runs/20260323_091235_ratio_sweep_ratio_30/patchtst_baseline/artifacts/patchtst_baseline_pheme_forecast_ratio_30_train.json
saved_summary=runs/20260323_091235_ratio_sweep_ratio_30/patchtst_baseline/artifacts/patchtst_baseline_pheme_forecast_ratio_30_train_summary.json
param_count=1205508
==> command_exit command=/home/alexmhliu/auto_install/miniconda3/envs/asf311/bin/python src/train.py --train_path /home/alexmhliu/affect-state-forecaster/data/processed/pheme_forecast_ratio_30_train.jsonl --model patchtst_baseline --device cuda --epochs 5 --batch_size 16 --seed 42 --capacity_group default --output_dir runs/20260323_091235_ratio_sweep_ratio_30/patchtst_baseline/artifacts --val_path /home/alexmhliu/affect-state-forecaster/data/processed/pheme_forecast_ratio_30_val.jsonl returncode=0
==> command_duration_seconds 5.01
==> evaluate model=patchtst_baseline

$ /home/alexmhliu/auto_install/miniconda3/envs/asf311/bin/python src/evaluate.py --data_path /home/alexmhliu/affect-state-forecaster/data/processed/pheme_forecast_ratio_30_test.jsonl --model patchtst_baseline --model_path runs/20260323_091235_ratio_sweep_ratio_30/patchtst_baseline/artifacts/patchtst_baseline_pheme_forecast_ratio_30_train.pt --config_path runs/20260323_091235_ratio_sweep_ratio_30/patchtst_baseline/artifacts/patchtst_baseline_pheme_forecast_ratio_30_train.json --device cuda --output_dir runs/20260323_091235_ratio_sweep_ratio_30/patchtst_baseline/eval
/tmp/asf_main_clean/src/evaluate.py:254: FutureWarning: You are using `torch.load` with `weights_only=False` (the current default value), which uses the default pickle module implicitly. It is possible to construct malicious pickle data which will execute arbitrary code during unpickling (See https://github.com/pytorch/pytorch/blob/main/SECURITY.md#untrusted-models for more details). In a future release, the default value for `weights_only` will be flipped to `True`. This limits the functions that could be executed during unpickling. Arbitrary objects will no longer be allowed to be loaded via this mode unless they are explicitly allowlisted by the user via `torch.serialization.add_safe_globals`. We recommend you start setting `weights_only=True` for any use case where you don't have full control of the loaded file. Please open an issue on GitHub for any issues related to this experimental feature.
  state = torch.load(args.model_path, map_location=args.device)
group=overall value=all num_threads=92 mae=0.0884 rmse=0.1645
group=split value=test num_threads=92 mae=0.0884 rmse=0.1645
group=observation_ratio value=0.3 num_threads=92 mae=0.0884 rmse=0.1645
group=event value=prince-toronto num_threads=12 mae=0.0610 rmse=0.0628
group=event value=putinmissing num_threads=9 mae=0.0700 rmse=0.0830
group=event value=sydneysiege num_threads=71 mae=0.0953 rmse=0.1831
saved_predictions=runs/20260323_091235_ratio_sweep_ratio_30/patchtst_baseline/eval/predictions.jsonl
saved_summary=runs/20260323_091235_ratio_sweep_ratio_30/patchtst_baseline/eval/results_summary.csv
saved_event_errors=runs/20260323_091235_ratio_sweep_ratio_30/patchtst_baseline/eval/error_analysis_by_event.csv
==> command_exit command=/home/alexmhliu/auto_install/miniconda3/envs/asf311/bin/python src/evaluate.py --data_path /home/alexmhliu/affect-state-forecaster/data/processed/pheme_forecast_ratio_30_test.jsonl --model patchtst_baseline --model_path runs/20260323_091235_ratio_sweep_ratio_30/patchtst_baseline/artifacts/patchtst_baseline_pheme_forecast_ratio_30_train.pt --config_path runs/20260323_091235_ratio_sweep_ratio_30/patchtst_baseline/artifacts/patchtst_baseline_pheme_forecast_ratio_30_train.json --device cuda --output_dir runs/20260323_091235_ratio_sweep_ratio_30/patchtst_baseline/eval returncode=0
==> command_duration_seconds 3.04
==> train model=thread_transformer_baseline

$ /home/alexmhliu/auto_install/miniconda3/envs/asf311/bin/python src/train.py --train_path /home/alexmhliu/affect-state-forecaster/data/processed/pheme_forecast_ratio_30_train.jsonl --model thread_transformer_baseline --device cuda --epochs 5 --batch_size 16 --seed 42 --capacity_group default --output_dir runs/20260323_091235_ratio_sweep_ratio_30/thread_transformer_baseline/artifacts --val_path /home/alexmhliu/affect-state-forecaster/data/processed/pheme_forecast_ratio_30_val.jsonl

epoch 1/5:   0%|          | 0/10 [00:00<?, ?it/s]
epoch 1/5:  10%|█         | 1/10 [00:00<00:03,  2.73it/s]
epoch 1/5:  50%|█████     | 5/10 [00:00<00:00, 12.70it/s]
epoch 1/5:  90%|█████████ | 9/10 [00:00<00:00, 19.49it/s]
epoch 1/5: 100%|██████████| 10/10 [00:00<00:00, 16.32it/s]
/home/alexmhliu/auto_install/miniconda3/envs/asf311/lib/python3.11/site-packages/torch/nn/modules/transformer.py:502: UserWarning: The PyTorch API of nested tensors is in prototype stage and will change in the near future. (Triggered internally at ../aten/src/ATen/NestedTensorImpl.cpp:178.)
  output = torch._nested_tensor_from_mask(
epoch=1 train_loss=0.2304 val_loss=0.0812 val_mae=0.0797 val_rmse=0.1518 val_pearson=0.1681 val_spearman=0.4872 val_majority_sentiment_accuracy=0.9310 val_majority_sentiment_macro_f1=0.3214 val_majority_sentiment_weighted_f1=0.8978

epoch 2/5:   0%|          | 0/10 [00:00<?, ?it/s]
epoch 2/5:  40%|████      | 4/10 [00:00<00:00, 36.32it/s]
epoch 2/5:  80%|████████  | 8/10 [00:00<00:00, 34.13it/s]
epoch 2/5: 100%|██████████| 10/10 [00:00<00:00, 37.49it/s]
epoch=2 train_loss=0.1383 val_loss=0.1442 val_mae=0.2883 val_rmse=0.2999 val_pearson=0.1138 val_spearman=0.3256 val_majority_sentiment_accuracy=0.9310 val_majority_sentiment_macro_f1=0.3214 val_majority_sentiment_weighted_f1=0.8978

epoch 3/5:   0%|          | 0/10 [00:00<?, ?it/s]
epoch 3/5:  40%|████      | 4/10 [00:00<00:00, 38.17it/s]
epoch 3/5:  80%|████████  | 8/10 [00:00<00:00, 36.79it/s]
epoch 3/5: 100%|██████████| 10/10 [00:00<00:00, 37.86it/s]
epoch=3 train_loss=0.1108 val_loss=0.0854 val_mae=0.0863 val_rmse=0.1674 val_pearson=0.1662 val_spearman=0.4914 val_majority_sentiment_accuracy=0.9310 val_majority_sentiment_macro_f1=0.3214 val_majority_sentiment_weighted_f1=0.8978

epoch 4/5:   0%|          | 0/10 [00:00<?, ?it/s]
epoch 4/5:  40%|████      | 4/10 [00:00<00:00, 39.47it/s]
epoch 4/5:  80%|████████  | 8/10 [00:00<00:00, 36.64it/s]
epoch 4/5: 100%|██████████| 10/10 [00:00<00:00, 37.72it/s]
epoch=4 train_loss=0.1001 val_loss=0.0825 val_mae=0.1417 val_rmse=0.1668 val_pearson=0.1718 val_spearman=0.4780 val_majority_sentiment_accuracy=0.9310 val_majority_sentiment_macro_f1=0.3214 val_majority_sentiment_weighted_f1=0.8978

epoch 5/5:   0%|          | 0/10 [00:00<?, ?it/s]
epoch 5/5:  40%|████      | 4/10 [00:00<00:00, 36.55it/s]
epoch 5/5:  80%|████████  | 8/10 [00:00<00:00, 35.12it/s]
epoch 5/5: 100%|██████████| 10/10 [00:00<00:00, 37.75it/s]
epoch=5 train_loss=0.0961 val_loss=0.0843 val_mae=0.1544 val_rmse=0.1775 val_pearson=0.1772 val_spearman=0.4904 val_majority_sentiment_accuracy=0.9310 val_majority_sentiment_macro_f1=0.3214 val_majority_sentiment_weighted_f1=0.8978
saved_model=runs/20260323_091235_ratio_sweep_ratio_30/thread_transformer_baseline/artifacts/thread_transformer_baseline_pheme_forecast_ratio_30_train.pt
saved_config=runs/20260323_091235_ratio_sweep_ratio_30/thread_transformer_baseline/artifacts/thread_transformer_baseline_pheme_forecast_ratio_30_train.json
saved_summary=runs/20260323_091235_ratio_sweep_ratio_30/thread_transformer_baseline/artifacts/thread_transformer_baseline_pheme_forecast_ratio_30_train_summary.json
param_count=6332420
==> command_exit command=/home/alexmhliu/auto_install/miniconda3/envs/asf311/bin/python src/train.py --train_path /home/alexmhliu/affect-state-forecaster/data/processed/pheme_forecast_ratio_30_train.jsonl --model thread_transformer_baseline --device cuda --epochs 5 --batch_size 16 --seed 42 --capacity_group default --output_dir runs/20260323_091235_ratio_sweep_ratio_30/thread_transformer_baseline/artifacts --val_path /home/alexmhliu/affect-state-forecaster/data/processed/pheme_forecast_ratio_30_val.jsonl returncode=0
==> command_duration_seconds 5.95
==> evaluate model=thread_transformer_baseline

$ /home/alexmhliu/auto_install/miniconda3/envs/asf311/bin/python src/evaluate.py --data_path /home/alexmhliu/affect-state-forecaster/data/processed/pheme_forecast_ratio_30_test.jsonl --model thread_transformer_baseline --model_path runs/20260323_091235_ratio_sweep_ratio_30/thread_transformer_baseline/artifacts/thread_transformer_baseline_pheme_forecast_ratio_30_train.pt --config_path runs/20260323_091235_ratio_sweep_ratio_30/thread_transformer_baseline/artifacts/thread_transformer_baseline_pheme_forecast_ratio_30_train.json --device cuda --output_dir runs/20260323_091235_ratio_sweep_ratio_30/thread_transformer_baseline/eval
/tmp/asf_main_clean/src/evaluate.py:254: FutureWarning: You are using `torch.load` with `weights_only=False` (the current default value), which uses the default pickle module implicitly. It is possible to construct malicious pickle data which will execute arbitrary code during unpickling (See https://github.com/pytorch/pytorch/blob/main/SECURITY.md#untrusted-models for more details). In a future release, the default value for `weights_only` will be flipped to `True`. This limits the functions that could be executed during unpickling. Arbitrary objects will no longer be allowed to be loaded via this mode unless they are explicitly allowlisted by the user via `torch.serialization.add_safe_globals`. We recommend you start setting `weights_only=True` for any use case where you don't have full control of the loaded file. Please open an issue on GitHub for any issues related to this experimental feature.
  state = torch.load(args.model_path, map_location=args.device)
/home/alexmhliu/auto_install/miniconda3/envs/asf311/lib/python3.11/site-packages/torch/nn/modules/transformer.py:502: UserWarning: The PyTorch API of nested tensors is in prototype stage and will change in the near future. (Triggered internally at ../aten/src/ATen/NestedTensorImpl.cpp:178.)
  output = torch._nested_tensor_from_mask(
group=overall value=all num_threads=92 mae=0.0815 rmse=0.1706
group=split value=test num_threads=92 mae=0.0815 rmse=0.1706
group=observation_ratio value=0.3 num_threads=92 mae=0.0815 rmse=0.1706
group=event value=prince-toronto num_threads=12 mae=0.0428 rmse=0.0570
group=event value=putinmissing num_threads=9 mae=0.0490 rmse=0.0851
group=event value=sydneysiege num_threads=71 mae=0.0921 rmse=0.1904
saved_predictions=runs/20260323_091235_ratio_sweep_ratio_30/thread_transformer_baseline/eval/predictions.jsonl
saved_summary=runs/20260323_091235_ratio_sweep_ratio_30/thread_transformer_baseline/eval/results_summary.csv
saved_event_errors=runs/20260323_091235_ratio_sweep_ratio_30/thread_transformer_baseline/eval/error_analysis_by_event.csv
==> command_exit command=/home/alexmhliu/auto_install/miniconda3/envs/asf311/bin/python src/evaluate.py --data_path /home/alexmhliu/affect-state-forecaster/data/processed/pheme_forecast_ratio_30_test.jsonl --model thread_transformer_baseline --model_path runs/20260323_091235_ratio_sweep_ratio_30/thread_transformer_baseline/artifacts/thread_transformer_baseline_pheme_forecast_ratio_30_train.pt --config_path runs/20260323_091235_ratio_sweep_ratio_30/thread_transformer_baseline/artifacts/thread_transformer_baseline_pheme_forecast_ratio_30_train.json --device cuda --output_dir runs/20260323_091235_ratio_sweep_ratio_30/thread_transformer_baseline/eval returncode=0
==> command_duration_seconds 3.26
==> summarize completed
==> anomaly temporal_baseline 未优于 text_baseline。
==> anomaly affect_state_forecaster 的 Accuracy 远高于 Macro-F1。
==> anomaly patchtst_baseline 的 Accuracy 远高于 Macro-F1。
==> anomaly structure_baseline 的 Accuracy 远高于 Macro-F1。
==> anomaly temporal_baseline 的 Accuracy 远高于 Macro-F1。
==> anomaly temporal_baseline 在不同事件上的 MAE 波动较大。
==> anomaly text_baseline 的 Accuracy 远高于 Macro-F1。
==> anomaly thread_transformer_baseline 的 Accuracy 远高于 Macro-F1。
==> summarize end_time=1774228406.3881843
