==> plan start_time=1774228909.3696513
==> plan run_id=20260323_092149_cross_event_sydneysiege
==> plan experiment_type=主实验
==> plan target_hypotheses=H1,H2,H3
==> plan question=验证 held-out event=sydneysiege 时各模型的 cross-event 泛化能力。
==> plan success_criteria=affect_state_forecaster 在 held-out event 上保持与主实验一致的领先趋势。
==> plan failure_criteria=若 held-out event 掉点显著，则后续优先做泛化与正则化。
==> plan dataset=/tmp/pheme_cross_event_8j60zwfh/sydneysiege_train.jsonl
==> plan ratio_labels=sydneysiege_train
==> plan models=text_baseline,temporal_baseline,structure_baseline,affect_state_forecaster,patchtst_baseline,thread_transformer_baseline
==> plan python=asf311:/home/alexmhliu/auto_install/miniconda3/envs/asf311/bin/python
==> plan device=cuda
==> train model=text_baseline

$ /home/alexmhliu/auto_install/miniconda3/envs/asf311/bin/python src/train.py --train_path /tmp/pheme_cross_event_8j60zwfh/sydneysiege_train.jsonl --model text_baseline --device cuda --epochs 5 --batch_size 16 --seed 42 --capacity_group default --output_dir runs/20260323_092149_cross_event_sydneysiege/text_baseline/artifacts --val_path /tmp/pheme_cross_event_8j60zwfh/sydneysiege_val.jsonl

epoch 1/5:   0%|          | 0/14 [00:00<?, ?it/s]
epoch 1/5:   7%|▋         | 1/14 [00:00<00:03,  3.95it/s]
epoch 1/5:  50%|█████     | 7/14 [00:00<00:00, 23.01it/s]
epoch 1/5:  93%|█████████▎| 13/14 [00:00<00:00, 34.29it/s]
epoch 1/5: 100%|██████████| 14/14 [00:00<00:00, 28.55it/s]
epoch=1 train_loss=0.2098 val_loss=0.0776 val_mae=0.1324 val_rmse=0.1548 val_pearson=0.0586 val_spearman=-0.0228 val_majority_sentiment_accuracy=1.0000 val_majority_sentiment_macro_f1=1.0000 val_majority_sentiment_weighted_f1=1.0000

epoch 2/5:   0%|          | 0/14 [00:00<?, ?it/s]
epoch 2/5:  36%|███▌      | 5/14 [00:00<00:00, 49.34it/s]
epoch 2/5:  79%|███████▊  | 11/14 [00:00<00:00, 53.48it/s]
epoch 2/5: 100%|██████████| 14/14 [00:00<00:00, 55.24it/s]
epoch=2 train_loss=0.1112 val_loss=0.0376 val_mae=0.1211 val_rmse=0.1400 val_pearson=0.1612 val_spearman=0.0685 val_majority_sentiment_accuracy=1.0000 val_majority_sentiment_macro_f1=1.0000 val_majority_sentiment_weighted_f1=1.0000

epoch 3/5:   0%|          | 0/14 [00:00<?, ?it/s]
epoch 3/5:  43%|████▎     | 6/14 [00:00<00:00, 54.70it/s]
epoch 3/5:  86%|████████▌ | 12/14 [00:00<00:00, 51.41it/s]
epoch 3/5: 100%|██████████| 14/14 [00:00<00:00, 54.99it/s]
epoch=3 train_loss=0.0996 val_loss=0.0310 val_mae=0.0965 val_rmse=0.1291 val_pearson=0.2885 val_spearman=0.2967 val_majority_sentiment_accuracy=1.0000 val_majority_sentiment_macro_f1=1.0000 val_majority_sentiment_weighted_f1=1.0000

epoch 4/5:   0%|          | 0/14 [00:00<?, ?it/s]
epoch 4/5:  36%|███▌      | 5/14 [00:00<00:00, 48.05it/s]
epoch 4/5:  79%|███████▊  | 11/14 [00:00<00:00, 52.11it/s]
epoch 4/5: 100%|██████████| 14/14 [00:00<00:00, 54.87it/s]
epoch=4 train_loss=0.0853 val_loss=0.0340 val_mae=0.0980 val_rmse=0.1285 val_pearson=0.3741 val_spearman=0.3195 val_majority_sentiment_accuracy=1.0000 val_majority_sentiment_macro_f1=1.0000 val_majority_sentiment_weighted_f1=1.0000

epoch 5/5:   0%|          | 0/14 [00:00<?, ?it/s]
epoch 5/5:  43%|████▎     | 6/14 [00:00<00:00, 50.92it/s]
epoch 5/5:  86%|████████▌ | 12/14 [00:00<00:00, 53.57it/s]
epoch 5/5: 100%|██████████| 14/14 [00:00<00:00, 55.51it/s]
epoch=5 train_loss=0.0758 val_loss=0.0327 val_mae=0.0823 val_rmse=0.1081 val_pearson=0.4086 val_spearman=0.3195 val_majority_sentiment_accuracy=1.0000 val_majority_sentiment_macro_f1=1.0000 val_majority_sentiment_weighted_f1=1.0000
saved_model=runs/20260323_092149_cross_event_sydneysiege/text_baseline/artifacts/text_baseline_sydneysiege_train.pt
saved_config=runs/20260323_092149_cross_event_sydneysiege/text_baseline/artifacts/text_baseline_sydneysiege_train.json
saved_summary=runs/20260323_092149_cross_event_sydneysiege/text_baseline/artifacts/text_baseline_sydneysiege_train_summary.json
param_count=2577284
==> command_exit command=/home/alexmhliu/auto_install/miniconda3/envs/asf311/bin/python src/train.py --train_path /tmp/pheme_cross_event_8j60zwfh/sydneysiege_train.jsonl --model text_baseline --device cuda --epochs 5 --batch_size 16 --seed 42 --capacity_group default --output_dir runs/20260323_092149_cross_event_sydneysiege/text_baseline/artifacts --val_path /tmp/pheme_cross_event_8j60zwfh/sydneysiege_val.jsonl returncode=0
==> command_duration_seconds 5.42
==> evaluate model=text_baseline

$ /home/alexmhliu/auto_install/miniconda3/envs/asf311/bin/python src/evaluate.py --data_path /tmp/pheme_cross_event_8j60zwfh/sydneysiege_test.jsonl --model text_baseline --model_path runs/20260323_092149_cross_event_sydneysiege/text_baseline/artifacts/text_baseline_sydneysiege_train.pt --config_path runs/20260323_092149_cross_event_sydneysiege/text_baseline/artifacts/text_baseline_sydneysiege_train.json --device cuda --output_dir runs/20260323_092149_cross_event_sydneysiege/text_baseline/eval
/tmp/asf_main_clean/src/evaluate.py:254: FutureWarning: You are using `torch.load` with `weights_only=False` (the current default value), which uses the default pickle module implicitly. It is possible to construct malicious pickle data which will execute arbitrary code during unpickling (See https://github.com/pytorch/pytorch/blob/main/SECURITY.md#untrusted-models for more details). In a future release, the default value for `weights_only` will be flipped to `True`. This limits the functions that could be executed during unpickling. Arbitrary objects will no longer be allowed to be loaded via this mode unless they are explicitly allowlisted by the user via `torch.serialization.add_safe_globals`. We recommend you start setting `weights_only=True` for any use case where you don't have full control of the loaded file. Please open an issue on GitHub for any issues related to this experimental feature.
  state = torch.load(args.model_path, map_location=args.device)
group=overall value=all num_threads=71 mae=0.1754 rmse=0.2425
group=split value=test num_threads=71 mae=0.1754 rmse=0.2425
group=observation_ratio value=0.5 num_threads=71 mae=0.1754 rmse=0.2425
group=event value=sydneysiege num_threads=71 mae=0.1754 rmse=0.2425
saved_predictions=runs/20260323_092149_cross_event_sydneysiege/text_baseline/eval/predictions.jsonl
saved_summary=runs/20260323_092149_cross_event_sydneysiege/text_baseline/eval/results_summary.csv
saved_event_errors=runs/20260323_092149_cross_event_sydneysiege/text_baseline/eval/error_analysis_by_event.csv
==> command_exit command=/home/alexmhliu/auto_install/miniconda3/envs/asf311/bin/python src/evaluate.py --data_path /tmp/pheme_cross_event_8j60zwfh/sydneysiege_test.jsonl --model text_baseline --model_path runs/20260323_092149_cross_event_sydneysiege/text_baseline/artifacts/text_baseline_sydneysiege_train.pt --config_path runs/20260323_092149_cross_event_sydneysiege/text_baseline/artifacts/text_baseline_sydneysiege_train.json --device cuda --output_dir runs/20260323_092149_cross_event_sydneysiege/text_baseline/eval returncode=0
==> command_duration_seconds 3.02
==> train model=temporal_baseline

$ /home/alexmhliu/auto_install/miniconda3/envs/asf311/bin/python src/train.py --train_path /tmp/pheme_cross_event_8j60zwfh/sydneysiege_train.jsonl --model temporal_baseline --device cuda --epochs 5 --batch_size 16 --seed 42 --capacity_group default --output_dir runs/20260323_092149_cross_event_sydneysiege/temporal_baseline/artifacts --val_path /tmp/pheme_cross_event_8j60zwfh/sydneysiege_val.jsonl

epoch 1/5:   0%|          | 0/14 [00:00<?, ?it/s]
epoch 1/5:   7%|▋         | 1/14 [00:00<00:04,  2.72it/s]
epoch 1/5:  29%|██▊       | 4/14 [00:00<00:00, 10.08it/s]
epoch 1/5:  57%|█████▋    | 8/14 [00:00<00:00, 18.20it/s]
epoch 1/5:  86%|████████▌ | 12/14 [00:00<00:00, 23.71it/s]
epoch 1/5: 100%|██████████| 14/14 [00:00<00:00, 19.18it/s]
epoch=1 train_loss=0.2226 val_loss=0.0770 val_mae=0.1328 val_rmse=0.1512 val_pearson=-0.0054 val_spearman=-0.2282 val_majority_sentiment_accuracy=1.0000 val_majority_sentiment_macro_f1=1.0000 val_majority_sentiment_weighted_f1=1.0000

epoch 2/5:   0%|          | 0/14 [00:00<?, ?it/s]
epoch 2/5:  29%|██▊       | 4/14 [00:00<00:00, 36.01it/s]
epoch 2/5:  57%|█████▋    | 8/14 [00:00<00:00, 37.07it/s]
epoch 2/5:  86%|████████▌ | 12/14 [00:00<00:00, 34.08it/s]
epoch 2/5: 100%|██████████| 14/14 [00:00<00:00, 35.85it/s]
epoch=2 train_loss=0.1153 val_loss=0.0350 val_mae=0.1010 val_rmse=0.1295 val_pearson=-0.0922 val_spearman=-0.1369 val_majority_sentiment_accuracy=1.0000 val_majority_sentiment_macro_f1=1.0000 val_majority_sentiment_weighted_f1=1.0000

epoch 3/5:   0%|          | 0/14 [00:00<?, ?it/s]
epoch 3/5:  29%|██▊       | 4/14 [00:00<00:00, 31.35it/s]
epoch 3/5:  57%|█████▋    | 8/14 [00:00<00:00, 33.81it/s]
epoch 3/5:  86%|████████▌ | 12/14 [00:00<00:00, 34.64it/s]
epoch 3/5: 100%|██████████| 14/14 [00:00<00:00, 35.80it/s]
epoch=3 train_loss=0.0949 val_loss=0.0443 val_mae=0.1159 val_rmse=0.1440 val_pearson=-0.3106 val_spearman=-0.1598 val_majority_sentiment_accuracy=1.0000 val_majority_sentiment_macro_f1=1.0000 val_majority_sentiment_weighted_f1=1.0000

epoch 4/5:   0%|          | 0/14 [00:00<?, ?it/s]
epoch 4/5:  29%|██▊       | 4/14 [00:00<00:00, 36.36it/s]
epoch 4/5:  64%|██████▍   | 9/14 [00:00<00:00, 38.71it/s]
epoch 4/5:  93%|█████████▎| 13/14 [00:00<00:00, 34.96it/s]
epoch 4/5: 100%|██████████| 14/14 [00:00<00:00, 36.13it/s]
epoch=4 train_loss=0.0776 val_loss=0.0491 val_mae=0.1261 val_rmse=0.1523 val_pearson=-0.2787 val_spearman=-0.1598 val_majority_sentiment_accuracy=1.0000 val_majority_sentiment_macro_f1=1.0000 val_majority_sentiment_weighted_f1=1.0000

epoch 5/5:   0%|          | 0/14 [00:00<?, ?it/s]
epoch 5/5:  29%|██▊       | 4/14 [00:00<00:00, 36.91it/s]
epoch 5/5:  57%|█████▋    | 8/14 [00:00<00:00, 35.88it/s]
epoch 5/5:  86%|████████▌ | 12/14 [00:00<00:00, 34.01it/s]
epoch 5/5: 100%|██████████| 14/14 [00:00<00:00, 36.28it/s]
epoch=5 train_loss=0.0663 val_loss=0.0499 val_mae=0.1594 val_rmse=0.1743 val_pearson=-0.2848 val_spearman=-0.1598 val_majority_sentiment_accuracy=1.0000 val_majority_sentiment_macro_f1=1.0000 val_majority_sentiment_weighted_f1=1.0000
saved_model=runs/20260323_092149_cross_event_sydneysiege/temporal_baseline/artifacts/temporal_baseline_sydneysiege_train.pt
saved_config=runs/20260323_092149_cross_event_sydneysiege/temporal_baseline/artifacts/temporal_baseline_sydneysiege_train.json
saved_summary=runs/20260323_092149_cross_event_sydneysiege/temporal_baseline/artifacts/temporal_baseline_sydneysiege_train_summary.json
param_count=2709380
==> command_exit command=/home/alexmhliu/auto_install/miniconda3/envs/asf311/bin/python src/train.py --train_path /tmp/pheme_cross_event_8j60zwfh/sydneysiege_train.jsonl --model temporal_baseline --device cuda --epochs 5 --batch_size 16 --seed 42 --capacity_group default --output_dir runs/20260323_092149_cross_event_sydneysiege/temporal_baseline/artifacts --val_path /tmp/pheme_cross_event_8j60zwfh/sydneysiege_val.jsonl returncode=0
==> command_duration_seconds 6.23
==> evaluate model=temporal_baseline

$ /home/alexmhliu/auto_install/miniconda3/envs/asf311/bin/python src/evaluate.py --data_path /tmp/pheme_cross_event_8j60zwfh/sydneysiege_test.jsonl --model temporal_baseline --model_path runs/20260323_092149_cross_event_sydneysiege/temporal_baseline/artifacts/temporal_baseline_sydneysiege_train.pt --config_path runs/20260323_092149_cross_event_sydneysiege/temporal_baseline/artifacts/temporal_baseline_sydneysiege_train.json --device cuda --output_dir runs/20260323_092149_cross_event_sydneysiege/temporal_baseline/eval
/tmp/asf_main_clean/src/evaluate.py:254: FutureWarning: You are using `torch.load` with `weights_only=False` (the current default value), which uses the default pickle module implicitly. It is possible to construct malicious pickle data which will execute arbitrary code during unpickling (See https://github.com/pytorch/pytorch/blob/main/SECURITY.md#untrusted-models for more details). In a future release, the default value for `weights_only` will be flipped to `True`. This limits the functions that could be executed during unpickling. Arbitrary objects will no longer be allowed to be loaded via this mode unless they are explicitly allowlisted by the user via `torch.serialization.add_safe_globals`. We recommend you start setting `weights_only=True` for any use case where you don't have full control of the loaded file. Please open an issue on GitHub for any issues related to this experimental feature.
  state = torch.load(args.model_path, map_location=args.device)
group=overall value=all num_threads=71 mae=0.1368 rmse=0.2204
group=split value=test num_threads=71 mae=0.1368 rmse=0.2204
group=observation_ratio value=0.5 num_threads=71 mae=0.1368 rmse=0.2204
group=event value=sydneysiege num_threads=71 mae=0.1368 rmse=0.2204
saved_predictions=runs/20260323_092149_cross_event_sydneysiege/temporal_baseline/eval/predictions.jsonl
saved_summary=runs/20260323_092149_cross_event_sydneysiege/temporal_baseline/eval/results_summary.csv
saved_event_errors=runs/20260323_092149_cross_event_sydneysiege/temporal_baseline/eval/error_analysis_by_event.csv
==> command_exit command=/home/alexmhliu/auto_install/miniconda3/envs/asf311/bin/python src/evaluate.py --data_path /tmp/pheme_cross_event_8j60zwfh/sydneysiege_test.jsonl --model temporal_baseline --model_path runs/20260323_092149_cross_event_sydneysiege/temporal_baseline/artifacts/temporal_baseline_sydneysiege_train.pt --config_path runs/20260323_092149_cross_event_sydneysiege/temporal_baseline/artifacts/temporal_baseline_sydneysiege_train.json --device cuda --output_dir runs/20260323_092149_cross_event_sydneysiege/temporal_baseline/eval returncode=0
==> command_duration_seconds 3.17
==> train model=structure_baseline

$ /home/alexmhliu/auto_install/miniconda3/envs/asf311/bin/python src/train.py --train_path /tmp/pheme_cross_event_8j60zwfh/sydneysiege_train.jsonl --model structure_baseline --device cuda --epochs 5 --batch_size 16 --seed 42 --capacity_group default --output_dir runs/20260323_092149_cross_event_sydneysiege/structure_baseline/artifacts --val_path /tmp/pheme_cross_event_8j60zwfh/sydneysiege_val.jsonl

epoch 1/5:   0%|          | 0/14 [00:00<?, ?it/s]
epoch 1/5:   7%|▋         | 1/14 [00:00<00:03,  3.86it/s]
epoch 1/5:  50%|█████     | 7/14 [00:00<00:00, 22.69it/s]
epoch 1/5:  93%|█████████▎| 13/14 [00:00<00:00, 32.12it/s]
epoch 1/5: 100%|██████████| 14/14 [00:00<00:00, 27.46it/s]
epoch=1 train_loss=0.1587 val_loss=0.0415 val_mae=0.1369 val_rmse=0.1709 val_pearson=-0.7902 val_spearman=-0.7303 val_majority_sentiment_accuracy=1.0000 val_majority_sentiment_macro_f1=1.0000 val_majority_sentiment_weighted_f1=1.0000

epoch 2/5:   0%|          | 0/14 [00:00<?, ?it/s]
epoch 2/5:  43%|████▎     | 6/14 [00:00<00:00, 53.32it/s]
epoch 2/5:  86%|████████▌ | 12/14 [00:00<00:00, 50.72it/s]
epoch 2/5: 100%|██████████| 14/14 [00:00<00:00, 52.87it/s]
epoch=2 train_loss=0.1171 val_loss=0.0391 val_mae=0.1220 val_rmse=0.1665 val_pearson=-0.4914 val_spearman=-0.5477 val_majority_sentiment_accuracy=1.0000 val_majority_sentiment_macro_f1=1.0000 val_majority_sentiment_weighted_f1=1.0000

epoch 3/5:   0%|          | 0/14 [00:00<?, ?it/s]
epoch 3/5:  36%|███▌      | 5/14 [00:00<00:00, 49.02it/s]
epoch 3/5:  79%|███████▊  | 11/14 [00:00<00:00, 52.42it/s]
epoch 3/5: 100%|██████████| 14/14 [00:00<00:00, 52.71it/s]
epoch=3 train_loss=0.1099 val_loss=0.0377 val_mae=0.1248 val_rmse=0.1376 val_pearson=0.0104 val_spearman=0.0913 val_majority_sentiment_accuracy=1.0000 val_majority_sentiment_macro_f1=1.0000 val_majority_sentiment_weighted_f1=1.0000

epoch 4/5:   0%|          | 0/14 [00:00<?, ?it/s]
epoch 4/5:  36%|███▌      | 5/14 [00:00<00:00, 44.81it/s]
epoch 4/5:  79%|███████▊  | 11/14 [00:00<00:00, 51.87it/s]
epoch 4/5: 100%|██████████| 14/14 [00:00<00:00, 52.75it/s]
epoch=4 train_loss=0.1070 val_loss=0.0334 val_mae=0.1053 val_rmse=0.1265 val_pearson=-0.4120 val_spearman=-0.5021 val_majority_sentiment_accuracy=1.0000 val_majority_sentiment_macro_f1=1.0000 val_majority_sentiment_weighted_f1=1.0000

epoch 5/5:   0%|          | 0/14 [00:00<?, ?it/s]
epoch 5/5:  43%|████▎     | 6/14 [00:00<00:00, 54.34it/s]
epoch 5/5:  86%|████████▌ | 12/14 [00:00<00:00, 49.85it/s]
epoch 5/5: 100%|██████████| 14/14 [00:00<00:00, 52.68it/s]
epoch=5 train_loss=0.1023 val_loss=0.0434 val_mae=0.1405 val_rmse=0.1547 val_pearson=-0.4562 val_spearman=-0.4336 val_majority_sentiment_accuracy=1.0000 val_majority_sentiment_macro_f1=1.0000 val_majority_sentiment_weighted_f1=1.0000
saved_model=runs/20260323_092149_cross_event_sydneysiege/structure_baseline/artifacts/structure_baseline_sydneysiege_train.pt
saved_config=runs/20260323_092149_cross_event_sydneysiege/structure_baseline/artifacts/structure_baseline_sydneysiege_train.json
saved_summary=runs/20260323_092149_cross_event_sydneysiege/structure_baseline/artifacts/structure_baseline_sydneysiege_train_summary.json
param_count=2595076
==> command_exit command=/home/alexmhliu/auto_install/miniconda3/envs/asf311/bin/python src/train.py --train_path /tmp/pheme_cross_event_8j60zwfh/sydneysiege_train.jsonl --model structure_baseline --device cuda --epochs 5 --batch_size 16 --seed 42 --capacity_group default --output_dir runs/20260323_092149_cross_event_sydneysiege/structure_baseline/artifacts --val_path /tmp/pheme_cross_event_8j60zwfh/sydneysiege_val.jsonl returncode=0
==> command_duration_seconds 5.5
==> evaluate model=structure_baseline

$ /home/alexmhliu/auto_install/miniconda3/envs/asf311/bin/python src/evaluate.py --data_path /tmp/pheme_cross_event_8j60zwfh/sydneysiege_test.jsonl --model structure_baseline --model_path runs/20260323_092149_cross_event_sydneysiege/structure_baseline/artifacts/structure_baseline_sydneysiege_train.pt --config_path runs/20260323_092149_cross_event_sydneysiege/structure_baseline/artifacts/structure_baseline_sydneysiege_train.json --device cuda --output_dir runs/20260323_092149_cross_event_sydneysiege/structure_baseline/eval
/tmp/asf_main_clean/src/evaluate.py:254: FutureWarning: You are using `torch.load` with `weights_only=False` (the current default value), which uses the default pickle module implicitly. It is possible to construct malicious pickle data which will execute arbitrary code during unpickling (See https://github.com/pytorch/pytorch/blob/main/SECURITY.md#untrusted-models for more details). In a future release, the default value for `weights_only` will be flipped to `True`. This limits the functions that could be executed during unpickling. Arbitrary objects will no longer be allowed to be loaded via this mode unless they are explicitly allowlisted by the user via `torch.serialization.add_safe_globals`. We recommend you start setting `weights_only=True` for any use case where you don't have full control of the loaded file. Please open an issue on GitHub for any issues related to this experimental feature.
  state = torch.load(args.model_path, map_location=args.device)
group=overall value=all num_threads=71 mae=0.1201 rmse=0.2002
group=split value=test num_threads=71 mae=0.1201 rmse=0.2002
group=observation_ratio value=0.5 num_threads=71 mae=0.1201 rmse=0.2002
group=event value=sydneysiege num_threads=71 mae=0.1201 rmse=0.2002
saved_predictions=runs/20260323_092149_cross_event_sydneysiege/structure_baseline/eval/predictions.jsonl
saved_summary=runs/20260323_092149_cross_event_sydneysiege/structure_baseline/eval/results_summary.csv
saved_event_errors=runs/20260323_092149_cross_event_sydneysiege/structure_baseline/eval/error_analysis_by_event.csv
==> command_exit command=/home/alexmhliu/auto_install/miniconda3/envs/asf311/bin/python src/evaluate.py --data_path /tmp/pheme_cross_event_8j60zwfh/sydneysiege_test.jsonl --model structure_baseline --model_path runs/20260323_092149_cross_event_sydneysiege/structure_baseline/artifacts/structure_baseline_sydneysiege_train.pt --config_path runs/20260323_092149_cross_event_sydneysiege/structure_baseline/artifacts/structure_baseline_sydneysiege_train.json --device cuda --output_dir runs/20260323_092149_cross_event_sydneysiege/structure_baseline/eval returncode=0
==> command_duration_seconds 3.03
==> train model=affect_state_forecaster

$ /home/alexmhliu/auto_install/miniconda3/envs/asf311/bin/python src/train.py --train_path /tmp/pheme_cross_event_8j60zwfh/sydneysiege_train.jsonl --model affect_state_forecaster --device cuda --epochs 5 --batch_size 16 --seed 42 --capacity_group default --output_dir runs/20260323_092149_cross_event_sydneysiege/affect_state_forecaster/artifacts --val_path /tmp/pheme_cross_event_8j60zwfh/sydneysiege_val.jsonl

epoch 1/5:   0%|          | 0/14 [00:00<?, ?it/s]
epoch 1/5:   7%|▋         | 1/14 [00:00<00:04,  2.84it/s]
epoch 1/5:  36%|███▌      | 5/14 [00:00<00:00, 12.97it/s]
epoch 1/5:  64%|██████▍   | 9/14 [00:00<00:00, 19.68it/s]
epoch 1/5:  86%|████████▌ | 12/14 [00:00<00:00, 21.94it/s]
epoch 1/5: 100%|██████████| 14/14 [00:00<00:00, 18.46it/s]
epoch=1 train_loss=0.1937 val_loss=0.0529 val_mae=0.1559 val_rmse=0.1626 val_pearson=0.1018 val_spearman=-0.1141 val_majority_sentiment_accuracy=1.0000 val_majority_sentiment_macro_f1=1.0000 val_majority_sentiment_weighted_f1=1.0000

epoch 2/5:   0%|          | 0/14 [00:00<?, ?it/s]
epoch 2/5:  29%|██▊       | 4/14 [00:00<00:00, 30.39it/s]
epoch 2/5:  57%|█████▋    | 8/14 [00:00<00:00, 31.83it/s]
epoch 2/5:  86%|████████▌ | 12/14 [00:00<00:00, 32.93it/s]
epoch 2/5: 100%|██████████| 14/14 [00:00<00:00, 32.77it/s]
epoch=2 train_loss=0.1190 val_loss=0.0327 val_mae=0.0786 val_rmse=0.1119 val_pearson=-0.5294 val_spearman=-0.0913 val_majority_sentiment_accuracy=1.0000 val_majority_sentiment_macro_f1=1.0000 val_majority_sentiment_weighted_f1=1.0000

epoch 3/5:   0%|          | 0/14 [00:00<?, ?it/s]
epoch 3/5:  29%|██▊       | 4/14 [00:00<00:00, 31.84it/s]
epoch 3/5:  57%|█████▋    | 8/14 [00:00<00:00, 31.96it/s]
epoch 3/5:  86%|████████▌ | 12/14 [00:00<00:00, 31.61it/s]
epoch 3/5: 100%|██████████| 14/14 [00:00<00:00, 32.58it/s]
epoch=3 train_loss=0.1118 val_loss=0.0316 val_mae=0.1171 val_rmse=0.1276 val_pearson=-0.2779 val_spearman=-0.3423 val_majority_sentiment_accuracy=1.0000 val_majority_sentiment_macro_f1=1.0000 val_majority_sentiment_weighted_f1=1.0000

epoch 4/5:   0%|          | 0/14 [00:00<?, ?it/s]
epoch 4/5:  29%|██▊       | 4/14 [00:00<00:00, 29.56it/s]
epoch 4/5:  57%|█████▋    | 8/14 [00:00<00:00, 32.22it/s]
epoch 4/5:  86%|████████▌ | 12/14 [00:00<00:00, 31.78it/s]
epoch 4/5: 100%|██████████| 14/14 [00:00<00:00, 32.65it/s]
epoch=4 train_loss=0.1131 val_loss=0.0376 val_mae=0.1357 val_rmse=0.1457 val_pearson=-0.3658 val_spearman=-0.3195 val_majority_sentiment_accuracy=1.0000 val_majority_sentiment_macro_f1=1.0000 val_majority_sentiment_weighted_f1=1.0000

epoch 5/5:   0%|          | 0/14 [00:00<?, ?it/s]
epoch 5/5:  21%|██▏       | 3/14 [00:00<00:00, 29.59it/s]
epoch 5/5:  50%|█████     | 7/14 [00:00<00:00, 31.94it/s]
epoch 5/5:  79%|███████▊  | 11/14 [00:00<00:00, 32.01it/s]
epoch 5/5: 100%|██████████| 14/14 [00:00<00:00, 32.98it/s]
epoch=5 train_loss=0.1090 val_loss=0.0417 val_mae=0.1118 val_rmse=0.1237 val_pearson=-0.2772 val_spearman=-0.3195 val_majority_sentiment_accuracy=1.0000 val_majority_sentiment_macro_f1=1.0000 val_majority_sentiment_weighted_f1=1.0000
saved_model=runs/20260323_092149_cross_event_sydneysiege/affect_state_forecaster/artifacts/affect_state_forecaster_sydneysiege_train.pt
saved_config=runs/20260323_092149_cross_event_sydneysiege/affect_state_forecaster/artifacts/affect_state_forecaster_sydneysiege_train.json
saved_summary=runs/20260323_092149_cross_event_sydneysiege/affect_state_forecaster/artifacts/affect_state_forecaster_sydneysiege_train_summary.json
param_count=5417259
==> command_exit command=/home/alexmhliu/auto_install/miniconda3/envs/asf311/bin/python src/train.py --train_path /tmp/pheme_cross_event_8j60zwfh/sydneysiege_train.jsonl --model affect_state_forecaster --device cuda --epochs 5 --batch_size 16 --seed 42 --capacity_group default --output_dir runs/20260323_092149_cross_event_sydneysiege/affect_state_forecaster/artifacts --val_path /tmp/pheme_cross_event_8j60zwfh/sydneysiege_val.jsonl returncode=0
==> command_duration_seconds 6.57
==> evaluate model=affect_state_forecaster

$ /home/alexmhliu/auto_install/miniconda3/envs/asf311/bin/python src/evaluate.py --data_path /tmp/pheme_cross_event_8j60zwfh/sydneysiege_test.jsonl --model affect_state_forecaster --model_path runs/20260323_092149_cross_event_sydneysiege/affect_state_forecaster/artifacts/affect_state_forecaster_sydneysiege_train.pt --config_path runs/20260323_092149_cross_event_sydneysiege/affect_state_forecaster/artifacts/affect_state_forecaster_sydneysiege_train.json --device cuda --output_dir runs/20260323_092149_cross_event_sydneysiege/affect_state_forecaster/eval
/tmp/asf_main_clean/src/evaluate.py:254: FutureWarning: You are using `torch.load` with `weights_only=False` (the current default value), which uses the default pickle module implicitly. It is possible to construct malicious pickle data which will execute arbitrary code during unpickling (See https://github.com/pytorch/pytorch/blob/main/SECURITY.md#untrusted-models for more details). In a future release, the default value for `weights_only` will be flipped to `True`. This limits the functions that could be executed during unpickling. Arbitrary objects will no longer be allowed to be loaded via this mode unless they are explicitly allowlisted by the user via `torch.serialization.add_safe_globals`. We recommend you start setting `weights_only=True` for any use case where you don't have full control of the loaded file. Please open an issue on GitHub for any issues related to this experimental feature.
  state = torch.load(args.model_path, map_location=args.device)
group=overall value=all num_threads=71 mae=0.1237 rmse=0.1883
group=split value=test num_threads=71 mae=0.1237 rmse=0.1883
group=observation_ratio value=0.5 num_threads=71 mae=0.1237 rmse=0.1883
group=event value=sydneysiege num_threads=71 mae=0.1237 rmse=0.1883
saved_predictions=runs/20260323_092149_cross_event_sydneysiege/affect_state_forecaster/eval/predictions.jsonl
saved_summary=runs/20260323_092149_cross_event_sydneysiege/affect_state_forecaster/eval/results_summary.csv
saved_event_errors=runs/20260323_092149_cross_event_sydneysiege/affect_state_forecaster/eval/error_analysis_by_event.csv
==> command_exit command=/home/alexmhliu/auto_install/miniconda3/envs/asf311/bin/python src/evaluate.py --data_path /tmp/pheme_cross_event_8j60zwfh/sydneysiege_test.jsonl --model affect_state_forecaster --model_path runs/20260323_092149_cross_event_sydneysiege/affect_state_forecaster/artifacts/affect_state_forecaster_sydneysiege_train.pt --config_path runs/20260323_092149_cross_event_sydneysiege/affect_state_forecaster/artifacts/affect_state_forecaster_sydneysiege_train.json --device cuda --output_dir runs/20260323_092149_cross_event_sydneysiege/affect_state_forecaster/eval returncode=0
==> command_duration_seconds 3.19
==> train model=patchtst_baseline

$ /home/alexmhliu/auto_install/miniconda3/envs/asf311/bin/python src/train.py --train_path /tmp/pheme_cross_event_8j60zwfh/sydneysiege_train.jsonl --model patchtst_baseline --device cuda --epochs 5 --batch_size 16 --seed 42 --capacity_group default --output_dir runs/20260323_092149_cross_event_sydneysiege/patchtst_baseline/artifacts --val_path /tmp/pheme_cross_event_8j60zwfh/sydneysiege_val.jsonl

epoch 1/5:   0%|          | 0/14 [00:00<?, ?it/s]
epoch 1/5:   7%|▋         | 1/14 [00:00<00:03,  4.11it/s]
epoch 1/5:  43%|████▎     | 6/14 [00:00<00:00, 20.59it/s]
epoch 1/5:  86%|████████▌ | 12/14 [00:00<00:00, 32.19it/s]
epoch 1/5: 100%|██████████| 14/14 [00:00<00:00, 27.97it/s]
epoch=1 train_loss=0.2146 val_loss=0.0335 val_mae=0.0610 val_rmse=0.1193 val_pearson=0.1785 val_spearman=0.3667 val_majority_sentiment_accuracy=1.0000 val_majority_sentiment_macro_f1=1.0000 val_majority_sentiment_weighted_f1=1.0000

epoch 2/5:   0%|          | 0/14 [00:00<?, ?it/s]
epoch 2/5:  36%|███▌      | 5/14 [00:00<00:00, 49.88it/s]
epoch 2/5:  79%|███████▊  | 11/14 [00:00<00:00, 51.03it/s]
epoch 2/5: 100%|██████████| 14/14 [00:00<00:00, 51.31it/s]
epoch=2 train_loss=0.1134 val_loss=0.0269 val_mae=0.0681 val_rmse=0.1096 val_pearson=0.1000 val_spearman=0.2521 val_majority_sentiment_accuracy=1.0000 val_majority_sentiment_macro_f1=1.0000 val_majority_sentiment_weighted_f1=1.0000

epoch 3/5:   0%|          | 0/14 [00:00<?, ?it/s]
epoch 3/5:  43%|████▎     | 6/14 [00:00<00:00, 52.37it/s]
epoch 3/5:  86%|████████▌ | 12/14 [00:00<00:00, 51.39it/s]
epoch 3/5: 100%|██████████| 14/14 [00:00<00:00, 51.60it/s]
epoch=3 train_loss=0.1045 val_loss=0.0337 val_mae=0.0835 val_rmse=0.1103 val_pearson=0.0701 val_spearman=0.2521 val_majority_sentiment_accuracy=1.0000 val_majority_sentiment_macro_f1=1.0000 val_majority_sentiment_weighted_f1=1.0000

epoch 4/5:   0%|          | 0/14 [00:00<?, ?it/s]
epoch 4/5:  36%|███▌      | 5/14 [00:00<00:00, 46.40it/s]
epoch 4/5:  79%|███████▊  | 11/14 [00:00<00:00, 49.33it/s]
epoch 4/5: 100%|██████████| 14/14 [00:00<00:00, 51.67it/s]
epoch=4 train_loss=0.1026 val_loss=0.0325 val_mae=0.0901 val_rmse=0.1151 val_pearson=0.0590 val_spearman=0.1375 val_majority_sentiment_accuracy=1.0000 val_majority_sentiment_macro_f1=1.0000 val_majority_sentiment_weighted_f1=1.0000

epoch 5/5:   0%|          | 0/14 [00:00<?, ?it/s]
epoch 5/5:  36%|███▌      | 5/14 [00:00<00:00, 49.76it/s]
epoch 5/5:  79%|███████▊  | 11/14 [00:00<00:00, 50.48it/s]
epoch 5/5: 100%|██████████| 14/14 [00:00<00:00, 51.57it/s]
epoch=5 train_loss=0.1052 val_loss=0.0313 val_mae=0.0996 val_rmse=0.1204 val_pearson=0.0349 val_spearman=0.1375 val_majority_sentiment_accuracy=1.0000 val_majority_sentiment_macro_f1=1.0000 val_majority_sentiment_weighted_f1=1.0000
saved_model=runs/20260323_092149_cross_event_sydneysiege/patchtst_baseline/artifacts/patchtst_baseline_sydneysiege_train.pt
saved_config=runs/20260323_092149_cross_event_sydneysiege/patchtst_baseline/artifacts/patchtst_baseline_sydneysiege_train.json
saved_summary=runs/20260323_092149_cross_event_sydneysiege/patchtst_baseline/artifacts/patchtst_baseline_sydneysiege_train_summary.json
param_count=1205508
==> command_exit command=/home/alexmhliu/auto_install/miniconda3/envs/asf311/bin/python src/train.py --train_path /tmp/pheme_cross_event_8j60zwfh/sydneysiege_train.jsonl --model patchtst_baseline --device cuda --epochs 5 --batch_size 16 --seed 42 --capacity_group default --output_dir runs/20260323_092149_cross_event_sydneysiege/patchtst_baseline/artifacts --val_path /tmp/pheme_cross_event_8j60zwfh/sydneysiege_val.jsonl returncode=0
==> command_duration_seconds 5.48
==> evaluate model=patchtst_baseline

$ /home/alexmhliu/auto_install/miniconda3/envs/asf311/bin/python src/evaluate.py --data_path /tmp/pheme_cross_event_8j60zwfh/sydneysiege_test.jsonl --model patchtst_baseline --model_path runs/20260323_092149_cross_event_sydneysiege/patchtst_baseline/artifacts/patchtst_baseline_sydneysiege_train.pt --config_path runs/20260323_092149_cross_event_sydneysiege/patchtst_baseline/artifacts/patchtst_baseline_sydneysiege_train.json --device cuda --output_dir runs/20260323_092149_cross_event_sydneysiege/patchtst_baseline/eval
/tmp/asf_main_clean/src/evaluate.py:254: FutureWarning: You are using `torch.load` with `weights_only=False` (the current default value), which uses the default pickle module implicitly. It is possible to construct malicious pickle data which will execute arbitrary code during unpickling (See https://github.com/pytorch/pytorch/blob/main/SECURITY.md#untrusted-models for more details). In a future release, the default value for `weights_only` will be flipped to `True`. This limits the functions that could be executed during unpickling. Arbitrary objects will no longer be allowed to be loaded via this mode unless they are explicitly allowlisted by the user via `torch.serialization.add_safe_globals`. We recommend you start setting `weights_only=True` for any use case where you don't have full control of the loaded file. Please open an issue on GitHub for any issues related to this experimental feature.
  state = torch.load(args.model_path, map_location=args.device)
group=overall value=all num_threads=71 mae=0.0994 rmse=0.1931
group=split value=test num_threads=71 mae=0.0994 rmse=0.1931
group=observation_ratio value=0.5 num_threads=71 mae=0.0994 rmse=0.1931
group=event value=sydneysiege num_threads=71 mae=0.0994 rmse=0.1931
saved_predictions=runs/20260323_092149_cross_event_sydneysiege/patchtst_baseline/eval/predictions.jsonl
saved_summary=runs/20260323_092149_cross_event_sydneysiege/patchtst_baseline/eval/results_summary.csv
saved_event_errors=runs/20260323_092149_cross_event_sydneysiege/patchtst_baseline/eval/error_analysis_by_event.csv
==> command_exit command=/home/alexmhliu/auto_install/miniconda3/envs/asf311/bin/python src/evaluate.py --data_path /tmp/pheme_cross_event_8j60zwfh/sydneysiege_test.jsonl --model patchtst_baseline --model_path runs/20260323_092149_cross_event_sydneysiege/patchtst_baseline/artifacts/patchtst_baseline_sydneysiege_train.pt --config_path runs/20260323_092149_cross_event_sydneysiege/patchtst_baseline/artifacts/patchtst_baseline_sydneysiege_train.json --device cuda --output_dir runs/20260323_092149_cross_event_sydneysiege/patchtst_baseline/eval returncode=0
==> command_duration_seconds 3.08
==> train model=thread_transformer_baseline

$ /home/alexmhliu/auto_install/miniconda3/envs/asf311/bin/python src/train.py --train_path /tmp/pheme_cross_event_8j60zwfh/sydneysiege_train.jsonl --model thread_transformer_baseline --device cuda --epochs 5 --batch_size 16 --seed 42 --capacity_group default --output_dir runs/20260323_092149_cross_event_sydneysiege/thread_transformer_baseline/artifacts --val_path /tmp/pheme_cross_event_8j60zwfh/sydneysiege_val.jsonl

epoch 1/5:   0%|          | 0/14 [00:00<?, ?it/s]
epoch 1/5:   7%|▋         | 1/14 [00:00<00:05,  2.57it/s]
epoch 1/5:  29%|██▊       | 4/14 [00:00<00:01,  9.68it/s]
epoch 1/5:  50%|█████     | 7/14 [00:00<00:00, 14.43it/s]
epoch 1/5:  71%|███████▏  | 10/14 [00:00<00:00, 17.71it/s]
epoch 1/5:  93%|█████████▎| 13/14 [00:00<00:00, 20.62it/s]
epoch 1/5: 100%|██████████| 14/14 [00:00<00:00, 16.13it/s]
/home/alexmhliu/auto_install/miniconda3/envs/asf311/lib/python3.11/site-packages/torch/nn/modules/transformer.py:502: UserWarning: The PyTorch API of nested tensors is in prototype stage and will change in the near future. (Triggered internally at ../aten/src/ATen/NestedTensorImpl.cpp:178.)
  output = torch._nested_tensor_from_mask(
epoch=1 train_loss=0.2176 val_loss=0.0501 val_mae=0.1585 val_rmse=0.1619 val_pearson=0.3771 val_spearman=0.5934 val_majority_sentiment_accuracy=1.0000 val_majority_sentiment_macro_f1=1.0000 val_majority_sentiment_weighted_f1=1.0000

epoch 2/5:   0%|          | 0/14 [00:00<?, ?it/s]
epoch 2/5:  21%|██▏       | 3/14 [00:00<00:00, 28.19it/s]
epoch 2/5:  43%|████▎     | 6/14 [00:00<00:00, 26.98it/s]
epoch 2/5:  64%|██████▍   | 9/14 [00:00<00:00, 27.90it/s]
epoch 2/5:  86%|████████▌ | 12/14 [00:00<00:00, 26.51it/s]
epoch 2/5: 100%|██████████| 14/14 [00:00<00:00, 27.15it/s]
epoch=2 train_loss=0.1086 val_loss=0.0330 val_mae=0.0770 val_rmse=0.1054 val_pearson=0.2568 val_spearman=0.4793 val_majority_sentiment_accuracy=1.0000 val_majority_sentiment_macro_f1=1.0000 val_majority_sentiment_weighted_f1=1.0000

epoch 3/5:   0%|          | 0/14 [00:00<?, ?it/s]
epoch 3/5:  21%|██▏       | 3/14 [00:00<00:00, 25.57it/s]
epoch 3/5:  50%|█████     | 7/14 [00:00<00:00, 26.26it/s]
epoch 3/5:  71%|███████▏  | 10/14 [00:00<00:00, 25.71it/s]
epoch 3/5:  93%|█████████▎| 13/14 [00:00<00:00, 26.98it/s]
epoch 3/5: 100%|██████████| 14/14 [00:00<00:00, 27.12it/s]
epoch=3 train_loss=0.1044 val_loss=0.0292 val_mae=0.0661 val_rmse=0.1080 val_pearson=0.1995 val_spearman=0.1598 val_majority_sentiment_accuracy=1.0000 val_majority_sentiment_macro_f1=1.0000 val_majority_sentiment_weighted_f1=1.0000

epoch 4/5:   0%|          | 0/14 [00:00<?, ?it/s]
epoch 4/5:  21%|██▏       | 3/14 [00:00<00:00, 24.86it/s]
epoch 4/5:  43%|████▎     | 6/14 [00:00<00:00, 26.45it/s]
epoch 4/5:  64%|██████▍   | 9/14 [00:00<00:00, 24.90it/s]
epoch 4/5:  86%|████████▌ | 12/14 [00:00<00:00, 25.67it/s]
epoch 4/5: 100%|██████████| 14/14 [00:00<00:00, 26.85it/s]
epoch=4 train_loss=0.1108 val_loss=0.0381 val_mae=0.0603 val_rmse=0.1121 val_pearson=0.1905 val_spearman=0.1598 val_majority_sentiment_accuracy=1.0000 val_majority_sentiment_macro_f1=1.0000 val_majority_sentiment_weighted_f1=1.0000

epoch 5/5:   0%|          | 0/14 [00:00<?, ?it/s]
epoch 5/5:  21%|██▏       | 3/14 [00:00<00:00, 24.30it/s]
epoch 5/5:  43%|████▎     | 6/14 [00:00<00:00, 26.13it/s]
epoch 5/5:  64%|██████▍   | 9/14 [00:00<00:00, 26.11it/s]
epoch 5/5:  86%|████████▌ | 12/14 [00:00<00:00, 26.77it/s]
epoch 5/5: 100%|██████████| 14/14 [00:00<00:00, 27.26it/s]
epoch=5 train_loss=0.1081 val_loss=0.0365 val_mae=0.0801 val_rmse=0.1073 val_pearson=0.1679 val_spearman=0.1598 val_majority_sentiment_accuracy=1.0000 val_majority_sentiment_macro_f1=1.0000 val_majority_sentiment_weighted_f1=1.0000
saved_model=runs/20260323_092149_cross_event_sydneysiege/thread_transformer_baseline/artifacts/thread_transformer_baseline_sydneysiege_train.pt
saved_config=runs/20260323_092149_cross_event_sydneysiege/thread_transformer_baseline/artifacts/thread_transformer_baseline_sydneysiege_train.json
saved_summary=runs/20260323_092149_cross_event_sydneysiege/thread_transformer_baseline/artifacts/thread_transformer_baseline_sydneysiege_train_summary.json
param_count=6332420
==> command_exit command=/home/alexmhliu/auto_install/miniconda3/envs/asf311/bin/python src/train.py --train_path /tmp/pheme_cross_event_8j60zwfh/sydneysiege_train.jsonl --model thread_transformer_baseline --device cuda --epochs 5 --batch_size 16 --seed 42 --capacity_group default --output_dir runs/20260323_092149_cross_event_sydneysiege/thread_transformer_baseline/artifacts --val_path /tmp/pheme_cross_event_8j60zwfh/sydneysiege_val.jsonl returncode=0
==> command_duration_seconds 7.13
==> evaluate model=thread_transformer_baseline

$ /home/alexmhliu/auto_install/miniconda3/envs/asf311/bin/python src/evaluate.py --data_path /tmp/pheme_cross_event_8j60zwfh/sydneysiege_test.jsonl --model thread_transformer_baseline --model_path runs/20260323_092149_cross_event_sydneysiege/thread_transformer_baseline/artifacts/thread_transformer_baseline_sydneysiege_train.pt --config_path runs/20260323_092149_cross_event_sydneysiege/thread_transformer_baseline/artifacts/thread_transformer_baseline_sydneysiege_train.json --device cuda --output_dir runs/20260323_092149_cross_event_sydneysiege/thread_transformer_baseline/eval
/tmp/asf_main_clean/src/evaluate.py:254: FutureWarning: You are using `torch.load` with `weights_only=False` (the current default value), which uses the default pickle module implicitly. It is possible to construct malicious pickle data which will execute arbitrary code during unpickling (See https://github.com/pytorch/pytorch/blob/main/SECURITY.md#untrusted-models for more details). In a future release, the default value for `weights_only` will be flipped to `True`. This limits the functions that could be executed during unpickling. Arbitrary objects will no longer be allowed to be loaded via this mode unless they are explicitly allowlisted by the user via `torch.serialization.add_safe_globals`. We recommend you start setting `weights_only=True` for any use case where you don't have full control of the loaded file. Please open an issue on GitHub for any issues related to this experimental feature.
  state = torch.load(args.model_path, map_location=args.device)
/home/alexmhliu/auto_install/miniconda3/envs/asf311/lib/python3.11/site-packages/torch/nn/modules/transformer.py:502: UserWarning: The PyTorch API of nested tensors is in prototype stage and will change in the near future. (Triggered internally at ../aten/src/ATen/NestedTensorImpl.cpp:178.)
  output = torch._nested_tensor_from_mask(
group=overall value=all num_threads=71 mae=0.1000 rmse=0.1941
group=split value=test num_threads=71 mae=0.1000 rmse=0.1941
group=observation_ratio value=0.5 num_threads=71 mae=0.1000 rmse=0.1941
group=event value=sydneysiege num_threads=71 mae=0.1000 rmse=0.1941
saved_predictions=runs/20260323_092149_cross_event_sydneysiege/thread_transformer_baseline/eval/predictions.jsonl
saved_summary=runs/20260323_092149_cross_event_sydneysiege/thread_transformer_baseline/eval/results_summary.csv
saved_event_errors=runs/20260323_092149_cross_event_sydneysiege/thread_transformer_baseline/eval/error_analysis_by_event.csv
==> command_exit command=/home/alexmhliu/auto_install/miniconda3/envs/asf311/bin/python src/evaluate.py --data_path /tmp/pheme_cross_event_8j60zwfh/sydneysiege_test.jsonl --model thread_transformer_baseline --model_path runs/20260323_092149_cross_event_sydneysiege/thread_transformer_baseline/artifacts/thread_transformer_baseline_sydneysiege_train.pt --config_path runs/20260323_092149_cross_event_sydneysiege/thread_transformer_baseline/artifacts/thread_transformer_baseline_sydneysiege_train.json --device cuda --output_dir runs/20260323_092149_cross_event_sydneysiege/thread_transformer_baseline/eval returncode=0
==> command_duration_seconds 3.29
==> summarize completed
==> anomaly affect_state_forecaster 的 Accuracy 远高于 Macro-F1。
==> anomaly patchtst_baseline 的 Accuracy 远高于 Macro-F1。
==> anomaly structure_baseline 的 Accuracy 远高于 Macro-F1。
==> anomaly temporal_baseline 的 Accuracy 远高于 Macro-F1。
==> anomaly text_baseline 的 Accuracy 远高于 Macro-F1。
==> anomaly thread_transformer_baseline 的 Accuracy 远高于 Macro-F1。
==> summarize end_time=1774228964.4718475
