==> plan start_time=1773912534.118944
==> plan run_id=20260319_172854_cross_event_ferguson
==> plan experiment_type=主实验
==> plan target_hypotheses=H1,H2,H3
==> plan question=验证 held-out event=ferguson 时各模型的 cross-event 泛化能力。
==> plan success_criteria=affect_state_forecaster 在 held-out event 上保持与主实验一致的领先趋势。
==> plan failure_criteria=若 held-out event 掉点显著，则后续优先做泛化与正则化。
==> plan dataset=/tmp/pheme_cross_event_nzz5m343/ferguson_train.jsonl
==> plan ratio_labels=ferguson_train
==> plan models=text_baseline,temporal_baseline,structure_baseline,affect_state_forecaster
==> plan python=base:/home/alexmhliu/affect-state-forecaster/.venv/bin/python
==> plan device=cuda
==> train model=text_baseline

$ /home/alexmhliu/affect-state-forecaster/.venv/bin/python src/train.py --train_path /tmp/pheme_cross_event_nzz5m343/ferguson_train.jsonl --model text_baseline --device cuda --epochs 5 --batch_size 16 --seed 42 --output_dir runs/20260319_172854_cross_event_ferguson/text_baseline/artifacts --val_path /tmp/pheme_cross_event_nzz5m343/ferguson_val.jsonl

epoch 1/5:   0%|          | 0/12 [00:00<?, ?it/s]
epoch 1/5:   8%|▊         | 1/12 [00:00<00:02,  3.89it/s]
epoch 1/5: 100%|██████████| 12/12 [00:00<00:00, 39.58it/s]
epoch=1 train_loss=0.2307 val_loss=0.1574 val_mae=0.1808 val_rmse=0.2699 val_pearson=-0.2835 val_spearman=-0.2406 val_majority_sentiment_accuracy=0.9577 val_majority_sentiment_macro_f1=0.3261 val_majority_sentiment_weighted_f1=0.9371

epoch 2/5:   0%|          | 0/12 [00:00<?, ?it/s]
epoch 2/5: 100%|██████████| 12/12 [00:00<00:00, 246.34it/s]
epoch=2 train_loss=0.1268 val_loss=0.1243 val_mae=0.2230 val_rmse=0.2776 val_pearson=-0.2969 val_spearman=-0.1799 val_majority_sentiment_accuracy=0.9577 val_majority_sentiment_macro_f1=0.3261 val_majority_sentiment_weighted_f1=0.9371

epoch 3/5:   0%|          | 0/12 [00:00<?, ?it/s]
epoch 3/5: 100%|██████████| 12/12 [00:00<00:00, 243.37it/s]
epoch=3 train_loss=0.1160 val_loss=0.0959 val_mae=0.1484 val_rmse=0.2295 val_pearson=-0.1148 val_spearman=-0.1188 val_majority_sentiment_accuracy=0.9577 val_majority_sentiment_macro_f1=0.3261 val_majority_sentiment_weighted_f1=0.9371

epoch 4/5:   0%|          | 0/12 [00:00<?, ?it/s]
epoch 4/5: 100%|██████████| 12/12 [00:00<00:00, 244.07it/s]
epoch=4 train_loss=0.0955 val_loss=0.1029 val_mae=0.1801 val_rmse=0.2422 val_pearson=-0.1710 val_spearman=-0.1033 val_majority_sentiment_accuracy=0.9577 val_majority_sentiment_macro_f1=0.3261 val_majority_sentiment_weighted_f1=0.9371

epoch 5/5:   0%|          | 0/12 [00:00<?, ?it/s]
epoch 5/5: 100%|██████████| 12/12 [00:00<00:00, 249.08it/s]
epoch=5 train_loss=0.0848 val_loss=0.1009 val_mae=0.1670 val_rmse=0.2327 val_pearson=-0.1483 val_spearman=-0.0637 val_majority_sentiment_accuracy=0.9577 val_majority_sentiment_macro_f1=0.3261 val_majority_sentiment_weighted_f1=0.9371
saved_model=runs/20260319_172854_cross_event_ferguson/text_baseline/artifacts/text_baseline_ferguson_train.pt
saved_config=runs/20260319_172854_cross_event_ferguson/text_baseline/artifacts/text_baseline_ferguson_train.json
saved_summary=runs/20260319_172854_cross_event_ferguson/text_baseline/artifacts/text_baseline_ferguson_train_summary.json
==> command_exit command=/home/alexmhliu/affect-state-forecaster/.venv/bin/python src/train.py --train_path /tmp/pheme_cross_event_nzz5m343/ferguson_train.jsonl --model text_baseline --device cuda --epochs 5 --batch_size 16 --seed 42 --output_dir runs/20260319_172854_cross_event_ferguson/text_baseline/artifacts --val_path /tmp/pheme_cross_event_nzz5m343/ferguson_val.jsonl returncode=0
==> command_duration_seconds 4.61
==> evaluate model=text_baseline

$ /home/alexmhliu/affect-state-forecaster/.venv/bin/python src/evaluate.py --data_path /tmp/pheme_cross_event_nzz5m343/ferguson_test.jsonl --model text_baseline --model_path runs/20260319_172854_cross_event_ferguson/text_baseline/artifacts/text_baseline_ferguson_train.pt --config_path runs/20260319_172854_cross_event_ferguson/text_baseline/artifacts/text_baseline_ferguson_train.json --device cuda --output_dir runs/20260319_172854_cross_event_ferguson/text_baseline/eval
group=overall value=all num_threads=46 mae=0.1419 rmse=0.1757
group=split value=test num_threads=46 mae=0.1419 rmse=0.1757
group=observation_ratio value=0.5 num_threads=46 mae=0.1419 rmse=0.1757
group=event value=ferguson num_threads=46 mae=0.1419 rmse=0.1757
saved_predictions=runs/20260319_172854_cross_event_ferguson/text_baseline/eval/predictions.jsonl
saved_summary=runs/20260319_172854_cross_event_ferguson/text_baseline/eval/results_summary.csv
saved_event_errors=runs/20260319_172854_cross_event_ferguson/text_baseline/eval/error_analysis_by_event.csv
==> command_exit command=/home/alexmhliu/affect-state-forecaster/.venv/bin/python src/evaluate.py --data_path /tmp/pheme_cross_event_nzz5m343/ferguson_test.jsonl --model text_baseline --model_path runs/20260319_172854_cross_event_ferguson/text_baseline/artifacts/text_baseline_ferguson_train.pt --config_path runs/20260319_172854_cross_event_ferguson/text_baseline/artifacts/text_baseline_ferguson_train.json --device cuda --output_dir runs/20260319_172854_cross_event_ferguson/text_baseline/eval returncode=0
==> command_duration_seconds 3.0
==> train model=temporal_baseline

$ /home/alexmhliu/affect-state-forecaster/.venv/bin/python src/train.py --train_path /tmp/pheme_cross_event_nzz5m343/ferguson_train.jsonl --model temporal_baseline --device cuda --epochs 5 --batch_size 16 --seed 42 --output_dir runs/20260319_172854_cross_event_ferguson/temporal_baseline/artifacts --val_path /tmp/pheme_cross_event_nzz5m343/ferguson_val.jsonl

epoch 1/5:   0%|          | 0/12 [00:00<?, ?it/s]
epoch 1/5:   8%|▊         | 1/12 [00:00<00:03,  2.81it/s]
epoch 1/5:  83%|████████▎ | 10/12 [00:00<00:00, 26.93it/s]
epoch 1/5: 100%|██████████| 12/12 [00:00<00:00, 24.73it/s]
epoch=1 train_loss=0.2506 val_loss=0.1266 val_mae=0.1639 val_rmse=0.2341 val_pearson=0.0120 val_spearman=0.0323 val_majority_sentiment_accuracy=0.9577 val_majority_sentiment_macro_f1=0.3261 val_majority_sentiment_weighted_f1=0.9371

epoch 2/5:   0%|          | 0/12 [00:00<?, ?it/s]
epoch 2/5:  75%|███████▌  | 9/12 [00:00<00:00, 85.61it/s]
epoch 2/5: 100%|██████████| 12/12 [00:00<00:00, 85.35it/s]
epoch=2 train_loss=0.1220 val_loss=0.0896 val_mae=0.1371 val_rmse=0.2191 val_pearson=-0.0741 val_spearman=0.0035 val_majority_sentiment_accuracy=0.9577 val_majority_sentiment_macro_f1=0.3261 val_majority_sentiment_weighted_f1=0.9371

epoch 3/5:   0%|          | 0/12 [00:00<?, ?it/s]
epoch 3/5:  67%|██████▋   | 8/12 [00:00<00:00, 78.60it/s]
epoch 3/5: 100%|██████████| 12/12 [00:00<00:00, 84.17it/s]
epoch=3 train_loss=0.1004 val_loss=0.0936 val_mae=0.1725 val_rmse=0.2335 val_pearson=-0.1083 val_spearman=0.0284 val_majority_sentiment_accuracy=0.9577 val_majority_sentiment_macro_f1=0.3261 val_majority_sentiment_weighted_f1=0.9371

epoch 4/5:   0%|          | 0/12 [00:00<?, ?it/s]
epoch 4/5:  75%|███████▌  | 9/12 [00:00<00:00, 83.76it/s]
epoch 4/5: 100%|██████████| 12/12 [00:00<00:00, 85.70it/s]
epoch=4 train_loss=0.0872 val_loss=0.0957 val_mae=0.1481 val_rmse=0.2259 val_pearson=-0.1206 val_spearman=-0.0109 val_majority_sentiment_accuracy=0.9577 val_majority_sentiment_macro_f1=0.3261 val_majority_sentiment_weighted_f1=0.9371

epoch 5/5:   0%|          | 0/12 [00:00<?, ?it/s]
epoch 5/5:  75%|███████▌  | 9/12 [00:00<00:00, 86.10it/s]
epoch 5/5: 100%|██████████| 12/12 [00:00<00:00, 86.82it/s]
epoch=5 train_loss=0.0769 val_loss=0.0960 val_mae=0.1504 val_rmse=0.2272 val_pearson=-0.1353 val_spearman=-0.0176 val_majority_sentiment_accuracy=0.9577 val_majority_sentiment_macro_f1=0.3261 val_majority_sentiment_weighted_f1=0.9371
saved_model=runs/20260319_172854_cross_event_ferguson/temporal_baseline/artifacts/temporal_baseline_ferguson_train.pt
saved_config=runs/20260319_172854_cross_event_ferguson/temporal_baseline/artifacts/temporal_baseline_ferguson_train.json
saved_summary=runs/20260319_172854_cross_event_ferguson/temporal_baseline/artifacts/temporal_baseline_ferguson_train_summary.json
==> command_exit command=/home/alexmhliu/affect-state-forecaster/.venv/bin/python src/train.py --train_path /tmp/pheme_cross_event_nzz5m343/ferguson_train.jsonl --model temporal_baseline --device cuda --epochs 5 --batch_size 16 --seed 42 --output_dir runs/20260319_172854_cross_event_ferguson/temporal_baseline/artifacts --val_path /tmp/pheme_cross_event_nzz5m343/ferguson_val.jsonl returncode=0
==> command_duration_seconds 5.18
==> evaluate model=temporal_baseline

$ /home/alexmhliu/affect-state-forecaster/.venv/bin/python src/evaluate.py --data_path /tmp/pheme_cross_event_nzz5m343/ferguson_test.jsonl --model temporal_baseline --model_path runs/20260319_172854_cross_event_ferguson/temporal_baseline/artifacts/temporal_baseline_ferguson_train.pt --config_path runs/20260319_172854_cross_event_ferguson/temporal_baseline/artifacts/temporal_baseline_ferguson_train.json --device cuda --output_dir runs/20260319_172854_cross_event_ferguson/temporal_baseline/eval
group=overall value=all num_threads=46 mae=0.1105 rmse=0.1418
group=split value=test num_threads=46 mae=0.1105 rmse=0.1418
group=observation_ratio value=0.5 num_threads=46 mae=0.1105 rmse=0.1418
group=event value=ferguson num_threads=46 mae=0.1105 rmse=0.1418
saved_predictions=runs/20260319_172854_cross_event_ferguson/temporal_baseline/eval/predictions.jsonl
saved_summary=runs/20260319_172854_cross_event_ferguson/temporal_baseline/eval/results_summary.csv
saved_event_errors=runs/20260319_172854_cross_event_ferguson/temporal_baseline/eval/error_analysis_by_event.csv
==> command_exit command=/home/alexmhliu/affect-state-forecaster/.venv/bin/python src/evaluate.py --data_path /tmp/pheme_cross_event_nzz5m343/ferguson_test.jsonl --model temporal_baseline --model_path runs/20260319_172854_cross_event_ferguson/temporal_baseline/artifacts/temporal_baseline_ferguson_train.pt --config_path runs/20260319_172854_cross_event_ferguson/temporal_baseline/artifacts/temporal_baseline_ferguson_train.json --device cuda --output_dir runs/20260319_172854_cross_event_ferguson/temporal_baseline/eval returncode=0
==> command_duration_seconds 3.1
==> train model=structure_baseline

$ /home/alexmhliu/affect-state-forecaster/.venv/bin/python src/train.py --train_path /tmp/pheme_cross_event_nzz5m343/ferguson_train.jsonl --model structure_baseline --device cuda --epochs 5 --batch_size 16 --seed 42 --output_dir runs/20260319_172854_cross_event_ferguson/structure_baseline/artifacts --val_path /tmp/pheme_cross_event_nzz5m343/ferguson_val.jsonl

epoch 1/5:   0%|          | 0/12 [00:00<?, ?it/s]
epoch 1/5:   8%|▊         | 1/12 [00:00<00:02,  3.78it/s]
epoch 1/5: 100%|██████████| 12/12 [00:00<00:00, 37.48it/s]
epoch=1 train_loss=0.2108 val_loss=0.1181 val_mae=0.2227 val_rmse=0.2586 val_pearson=-0.3818 val_spearman=0.0844 val_majority_sentiment_accuracy=0.9577 val_majority_sentiment_macro_f1=0.3261 val_majority_sentiment_weighted_f1=0.9371

epoch 2/5:   0%|          | 0/12 [00:00<?, ?it/s]
epoch 2/5: 100%|██████████| 12/12 [00:00<00:00, 205.88it/s]
epoch=2 train_loss=0.1286 val_loss=0.1150 val_mae=0.2254 val_rmse=0.2615 val_pearson=-0.2700 val_spearman=0.2014 val_majority_sentiment_accuracy=0.9577 val_majority_sentiment_macro_f1=0.3261 val_majority_sentiment_weighted_f1=0.9371

epoch 3/5:   0%|          | 0/12 [00:00<?, ?it/s]
epoch 3/5: 100%|██████████| 12/12 [00:00<00:00, 204.49it/s]
epoch=3 train_loss=0.1104 val_loss=0.0952 val_mae=0.1608 val_rmse=0.2119 val_pearson=-0.2864 val_spearman=-0.0663 val_majority_sentiment_accuracy=0.9577 val_majority_sentiment_macro_f1=0.3261 val_majority_sentiment_weighted_f1=0.9371

epoch 4/5:   0%|          | 0/12 [00:00<?, ?it/s]
epoch 4/5: 100%|██████████| 12/12 [00:00<00:00, 203.61it/s]
epoch=4 train_loss=0.1127 val_loss=0.1081 val_mae=0.1992 val_rmse=0.2414 val_pearson=-0.3217 val_spearman=-0.0427 val_majority_sentiment_accuracy=0.9577 val_majority_sentiment_macro_f1=0.3261 val_majority_sentiment_weighted_f1=0.9371

epoch 5/5:   0%|          | 0/12 [00:00<?, ?it/s]
epoch 5/5: 100%|██████████| 12/12 [00:00<00:00, 209.22it/s]
epoch=5 train_loss=0.1444 val_loss=0.1141 val_mae=0.2099 val_rmse=0.2528 val_pearson=-0.3331 val_spearman=-0.0020 val_majority_sentiment_accuracy=0.9577 val_majority_sentiment_macro_f1=0.3261 val_majority_sentiment_weighted_f1=0.9371
saved_model=runs/20260319_172854_cross_event_ferguson/structure_baseline/artifacts/structure_baseline_ferguson_train.pt
saved_config=runs/20260319_172854_cross_event_ferguson/structure_baseline/artifacts/structure_baseline_ferguson_train.json
saved_summary=runs/20260319_172854_cross_event_ferguson/structure_baseline/artifacts/structure_baseline_ferguson_train_summary.json
==> command_exit command=/home/alexmhliu/affect-state-forecaster/.venv/bin/python src/train.py --train_path /tmp/pheme_cross_event_nzz5m343/ferguson_train.jsonl --model structure_baseline --device cuda --epochs 5 --batch_size 16 --seed 42 --output_dir runs/20260319_172854_cross_event_ferguson/structure_baseline/artifacts --val_path /tmp/pheme_cross_event_nzz5m343/ferguson_val.jsonl returncode=0
==> command_duration_seconds 4.62
==> evaluate model=structure_baseline

$ /home/alexmhliu/affect-state-forecaster/.venv/bin/python src/evaluate.py --data_path /tmp/pheme_cross_event_nzz5m343/ferguson_test.jsonl --model structure_baseline --model_path runs/20260319_172854_cross_event_ferguson/structure_baseline/artifacts/structure_baseline_ferguson_train.pt --config_path runs/20260319_172854_cross_event_ferguson/structure_baseline/artifacts/structure_baseline_ferguson_train.json --device cuda --output_dir runs/20260319_172854_cross_event_ferguson/structure_baseline/eval
group=overall value=all num_threads=46 mae=0.1162 rmse=0.1375
group=split value=test num_threads=46 mae=0.1162 rmse=0.1375
group=observation_ratio value=0.5 num_threads=46 mae=0.1162 rmse=0.1375
group=event value=ferguson num_threads=46 mae=0.1162 rmse=0.1375
saved_predictions=runs/20260319_172854_cross_event_ferguson/structure_baseline/eval/predictions.jsonl
saved_summary=runs/20260319_172854_cross_event_ferguson/structure_baseline/eval/results_summary.csv
saved_event_errors=runs/20260319_172854_cross_event_ferguson/structure_baseline/eval/error_analysis_by_event.csv
==> command_exit command=/home/alexmhliu/affect-state-forecaster/.venv/bin/python src/evaluate.py --data_path /tmp/pheme_cross_event_nzz5m343/ferguson_test.jsonl --model structure_baseline --model_path runs/20260319_172854_cross_event_ferguson/structure_baseline/artifacts/structure_baseline_ferguson_train.pt --config_path runs/20260319_172854_cross_event_ferguson/structure_baseline/artifacts/structure_baseline_ferguson_train.json --device cuda --output_dir runs/20260319_172854_cross_event_ferguson/structure_baseline/eval returncode=0
==> command_duration_seconds 3.0
==> train model=affect_state_forecaster

$ /home/alexmhliu/affect-state-forecaster/.venv/bin/python src/train.py --train_path /tmp/pheme_cross_event_nzz5m343/ferguson_train.jsonl --model affect_state_forecaster --device cuda --epochs 5 --batch_size 16 --seed 42 --output_dir runs/20260319_172854_cross_event_ferguson/affect_state_forecaster/artifacts --val_path /tmp/pheme_cross_event_nzz5m343/ferguson_val.jsonl

epoch 1/5:   0%|          | 0/12 [00:00<?, ?it/s]
epoch 1/5:   8%|▊         | 1/12 [00:00<00:04,  2.72it/s]
epoch 1/5:  67%|██████▋   | 8/12 [00:00<00:00, 20.92it/s]
epoch 1/5: 100%|██████████| 12/12 [00:00<00:00, 22.78it/s]
epoch=1 train_loss=0.2524 val_loss=0.0983 val_mae=0.1282 val_rmse=0.1877 val_pearson=-0.0224 val_spearman=-0.0360 val_majority_sentiment_accuracy=0.9577 val_majority_sentiment_macro_f1=0.3261 val_majority_sentiment_weighted_f1=0.9371

epoch 2/5:   0%|          | 0/12 [00:00<?, ?it/s]
epoch 2/5:  58%|█████▊    | 7/12 [00:00<00:00, 66.13it/s]
epoch 2/5: 100%|██████████| 12/12 [00:00<00:00, 70.11it/s]
epoch=2 train_loss=0.1092 val_loss=0.0833 val_mae=0.1085 val_rmse=0.1884 val_pearson=-0.1321 val_spearman=-0.0670 val_majority_sentiment_accuracy=0.9577 val_majority_sentiment_macro_f1=0.3261 val_majority_sentiment_weighted_f1=0.9371

epoch 3/5:   0%|          | 0/12 [00:00<?, ?it/s]
epoch 3/5:  58%|█████▊    | 7/12 [00:00<00:00, 68.47it/s]
epoch 3/5: 100%|██████████| 12/12 [00:00<00:00, 70.03it/s]
epoch=3 train_loss=0.1125 val_loss=0.0845 val_mae=0.1273 val_rmse=0.1898 val_pearson=-0.2185 val_spearman=-0.0261 val_majority_sentiment_accuracy=0.9577 val_majority_sentiment_macro_f1=0.3261 val_majority_sentiment_weighted_f1=0.9371

epoch 4/5:   0%|          | 0/12 [00:00<?, ?it/s]
epoch 4/5:  67%|██████▋   | 8/12 [00:00<00:00, 68.72it/s]
epoch 4/5: 100%|██████████| 12/12 [00:00<00:00, 70.78it/s]
epoch=4 train_loss=0.1104 val_loss=0.0861 val_mae=0.1151 val_rmse=0.1892 val_pearson=-0.2424 val_spearman=0.0062 val_majority_sentiment_accuracy=0.9577 val_majority_sentiment_macro_f1=0.3261 val_majority_sentiment_weighted_f1=0.9371

epoch 5/5:   0%|          | 0/12 [00:00<?, ?it/s]
epoch 5/5:  67%|██████▋   | 8/12 [00:00<00:00, 69.85it/s]
epoch 5/5: 100%|██████████| 12/12 [00:00<00:00, 71.50it/s]
epoch=5 train_loss=0.1353 val_loss=0.0878 val_mae=0.1295 val_rmse=0.1936 val_pearson=-0.2725 val_spearman=0.0107 val_majority_sentiment_accuracy=0.9577 val_majority_sentiment_macro_f1=0.3261 val_majority_sentiment_weighted_f1=0.9371
saved_model=runs/20260319_172854_cross_event_ferguson/affect_state_forecaster/artifacts/affect_state_forecaster_ferguson_train.pt
saved_config=runs/20260319_172854_cross_event_ferguson/affect_state_forecaster/artifacts/affect_state_forecaster_ferguson_train.json
saved_summary=runs/20260319_172854_cross_event_ferguson/affect_state_forecaster/artifacts/affect_state_forecaster_ferguson_train_summary.json
==> command_exit command=/home/alexmhliu/affect-state-forecaster/.venv/bin/python src/train.py --train_path /tmp/pheme_cross_event_nzz5m343/ferguson_train.jsonl --model affect_state_forecaster --device cuda --epochs 5 --batch_size 16 --seed 42 --output_dir runs/20260319_172854_cross_event_ferguson/affect_state_forecaster/artifacts --val_path /tmp/pheme_cross_event_nzz5m343/ferguson_val.jsonl returncode=0
==> command_duration_seconds 5.48
==> evaluate model=affect_state_forecaster

$ /home/alexmhliu/affect-state-forecaster/.venv/bin/python src/evaluate.py --data_path /tmp/pheme_cross_event_nzz5m343/ferguson_test.jsonl --model affect_state_forecaster --model_path runs/20260319_172854_cross_event_ferguson/affect_state_forecaster/artifacts/affect_state_forecaster_ferguson_train.pt --config_path runs/20260319_172854_cross_event_ferguson/affect_state_forecaster/artifacts/affect_state_forecaster_ferguson_train.json --device cuda --output_dir runs/20260319_172854_cross_event_ferguson/affect_state_forecaster/eval
group=overall value=all num_threads=46 mae=0.1137 rmse=0.1428
group=split value=test num_threads=46 mae=0.1137 rmse=0.1428
group=observation_ratio value=0.5 num_threads=46 mae=0.1137 rmse=0.1428
group=event value=ferguson num_threads=46 mae=0.1137 rmse=0.1428
saved_predictions=runs/20260319_172854_cross_event_ferguson/affect_state_forecaster/eval/predictions.jsonl
saved_summary=runs/20260319_172854_cross_event_ferguson/affect_state_forecaster/eval/results_summary.csv
saved_event_errors=runs/20260319_172854_cross_event_ferguson/affect_state_forecaster/eval/error_analysis_by_event.csv
==> command_exit command=/home/alexmhliu/affect-state-forecaster/.venv/bin/python src/evaluate.py --data_path /tmp/pheme_cross_event_nzz5m343/ferguson_test.jsonl --model affect_state_forecaster --model_path runs/20260319_172854_cross_event_ferguson/affect_state_forecaster/artifacts/affect_state_forecaster_ferguson_train.pt --config_path runs/20260319_172854_cross_event_ferguson/affect_state_forecaster/artifacts/affect_state_forecaster_ferguson_train.json --device cuda --output_dir runs/20260319_172854_cross_event_ferguson/affect_state_forecaster/eval returncode=0
==> command_duration_seconds 3.21
==> summarize completed
==> anomaly affect_state_forecaster 的 Accuracy 远高于 Macro-F1。
==> anomaly structure_baseline 的 Pearson/Spearman 接近 0。
==> anomaly structure_baseline 的 Accuracy 远高于 Macro-F1。
==> anomaly temporal_baseline 的 Accuracy 远高于 Macro-F1。
==> anomaly text_baseline 的 Accuracy 远高于 Macro-F1。
==> summarize end_time=1773912566.3271754
