==> plan start_time=1774229190.8244603
==> plan run_id=20260323_092630_seed_sweep_seed_77
==> plan experiment_type=主实验
==> plan target_hypotheses=H1,H2,H3
==> plan question=验证固定数据设置下 seed=77 时主实验结果是否稳定。
==> plan success_criteria=affect_state_forecaster 的领先关系在不同随机种子下保持一致。
==> plan failure_criteria=若不同 seed 下排序波动明显，则先做稳健性分析。
==> plan dataset=/home/alexmhliu/affect-state-forecaster/data/processed/pheme_forecast_ratio_50_train.jsonl
==> plan ratio_labels=ratio_50_train
==> plan models=text_baseline,temporal_baseline,structure_baseline,affect_state_forecaster,patchtst_baseline,thread_transformer_baseline
==> plan python=asf311:/home/alexmhliu/auto_install/miniconda3/envs/asf311/bin/python
==> plan device=cuda
==> train model=text_baseline

$ /home/alexmhliu/auto_install/miniconda3/envs/asf311/bin/python src/train.py --train_path /home/alexmhliu/affect-state-forecaster/data/processed/pheme_forecast_ratio_50_train.jsonl --model text_baseline --device cuda --epochs 5 --batch_size 16 --seed 77 --capacity_group default --output_dir runs/20260323_092630_seed_sweep_seed_77/text_baseline/artifacts --val_path /home/alexmhliu/affect-state-forecaster/data/processed/pheme_forecast_ratio_50_val.jsonl

epoch 1/5:   0%|          | 0/10 [00:00<?, ?it/s]
epoch 1/5:  10%|█         | 1/10 [00:00<00:02,  3.80it/s]
epoch 1/5:  60%|██████    | 6/10 [00:00<00:00, 19.54it/s]
epoch 1/5: 100%|██████████| 10/10 [00:00<00:00, 23.09it/s]
epoch=1 train_loss=0.2857 val_loss=0.2036 val_mae=0.1968 val_rmse=0.2403 val_pearson=0.0104 val_spearman=0.1420 val_majority_sentiment_accuracy=0.8966 val_majority_sentiment_macro_f1=0.3152 val_majority_sentiment_weighted_f1=0.8476

epoch 2/5:   0%|          | 0/10 [00:00<?, ?it/s]
epoch 2/5:  50%|█████     | 5/10 [00:00<00:00, 46.41it/s]
epoch 2/5: 100%|██████████| 10/10 [00:00<00:00, 52.34it/s]
epoch=2 train_loss=0.1545 val_loss=0.1385 val_mae=0.1478 val_rmse=0.2050 val_pearson=-0.0529 val_spearman=-0.0621 val_majority_sentiment_accuracy=0.8966 val_majority_sentiment_macro_f1=0.3152 val_majority_sentiment_weighted_f1=0.8476

epoch 3/5:   0%|          | 0/10 [00:00<?, ?it/s]
epoch 3/5:  50%|█████     | 5/10 [00:00<00:00, 48.11it/s]
epoch 3/5: 100%|██████████| 10/10 [00:00<00:00, 51.49it/s]
epoch=3 train_loss=0.1084 val_loss=0.1318 val_mae=0.1879 val_rmse=0.2347 val_pearson=-0.0788 val_spearman=-0.0763 val_majority_sentiment_accuracy=0.8966 val_majority_sentiment_macro_f1=0.3152 val_majority_sentiment_weighted_f1=0.8476

epoch 4/5:   0%|          | 0/10 [00:00<?, ?it/s]
epoch 4/5:  50%|█████     | 5/10 [00:00<00:00, 47.54it/s]
epoch 4/5: 100%|██████████| 10/10 [00:00<00:00, 51.38it/s]
epoch=4 train_loss=0.0901 val_loss=0.1173 val_mae=0.1598 val_rmse=0.2137 val_pearson=-0.1039 val_spearman=-0.1165 val_majority_sentiment_accuracy=0.8966 val_majority_sentiment_macro_f1=0.3152 val_majority_sentiment_weighted_f1=0.8476

epoch 5/5:   0%|          | 0/10 [00:00<?, ?it/s]
epoch 5/5:  60%|██████    | 6/10 [00:00<00:00, 45.85it/s]
epoch 5/5: 100%|██████████| 10/10 [00:00<00:00, 51.62it/s]
epoch=5 train_loss=0.1062 val_loss=0.1204 val_mae=0.1712 val_rmse=0.2221 val_pearson=-0.1038 val_spearman=-0.0853 val_majority_sentiment_accuracy=0.8966 val_majority_sentiment_macro_f1=0.3152 val_majority_sentiment_weighted_f1=0.8476
saved_model=runs/20260323_092630_seed_sweep_seed_77/text_baseline/artifacts/text_baseline_pheme_forecast_ratio_50_train.pt
saved_config=runs/20260323_092630_seed_sweep_seed_77/text_baseline/artifacts/text_baseline_pheme_forecast_ratio_50_train.json
saved_summary=runs/20260323_092630_seed_sweep_seed_77/text_baseline/artifacts/text_baseline_pheme_forecast_ratio_50_train_summary.json
param_count=2577284
==> command_exit command=/home/alexmhliu/auto_install/miniconda3/envs/asf311/bin/python src/train.py --train_path /home/alexmhliu/affect-state-forecaster/data/processed/pheme_forecast_ratio_50_train.jsonl --model text_baseline --device cuda --epochs 5 --batch_size 16 --seed 77 --capacity_group default --output_dir runs/20260323_092630_seed_sweep_seed_77/text_baseline/artifacts --val_path /home/alexmhliu/affect-state-forecaster/data/processed/pheme_forecast_ratio_50_val.jsonl returncode=0
==> command_duration_seconds 5.37
==> evaluate model=text_baseline

$ /home/alexmhliu/auto_install/miniconda3/envs/asf311/bin/python src/evaluate.py --data_path /home/alexmhliu/affect-state-forecaster/data/processed/pheme_forecast_ratio_50_test.jsonl --model text_baseline --model_path runs/20260323_092630_seed_sweep_seed_77/text_baseline/artifacts/text_baseline_pheme_forecast_ratio_50_train.pt --config_path runs/20260323_092630_seed_sweep_seed_77/text_baseline/artifacts/text_baseline_pheme_forecast_ratio_50_train.json --device cuda --output_dir runs/20260323_092630_seed_sweep_seed_77/text_baseline/eval
/tmp/asf_main_clean/src/evaluate.py:254: FutureWarning: You are using `torch.load` with `weights_only=False` (the current default value), which uses the default pickle module implicitly. It is possible to construct malicious pickle data which will execute arbitrary code during unpickling (See https://github.com/pytorch/pytorch/blob/main/SECURITY.md#untrusted-models for more details). In a future release, the default value for `weights_only` will be flipped to `True`. This limits the functions that could be executed during unpickling. Arbitrary objects will no longer be allowed to be loaded via this mode unless they are explicitly allowlisted by the user via `torch.serialization.add_safe_globals`. We recommend you start setting `weights_only=True` for any use case where you don't have full control of the loaded file. Please open an issue on GitHub for any issues related to this experimental feature.
  state = torch.load(args.model_path, map_location=args.device)
group=overall value=all num_threads=92 mae=0.1447 rmse=0.2134
group=split value=test num_threads=92 mae=0.1447 rmse=0.2134
group=observation_ratio value=0.5 num_threads=92 mae=0.1447 rmse=0.2134
group=event value=prince-toronto num_threads=12 mae=0.1099 rmse=0.1447
group=event value=putinmissing num_threads=9 mae=0.1388 rmse=0.1734
group=event value=sydneysiege num_threads=71 mae=0.1513 rmse=0.2273
saved_predictions=runs/20260323_092630_seed_sweep_seed_77/text_baseline/eval/predictions.jsonl
saved_summary=runs/20260323_092630_seed_sweep_seed_77/text_baseline/eval/results_summary.csv
saved_event_errors=runs/20260323_092630_seed_sweep_seed_77/text_baseline/eval/error_analysis_by_event.csv
==> command_exit command=/home/alexmhliu/auto_install/miniconda3/envs/asf311/bin/python src/evaluate.py --data_path /home/alexmhliu/affect-state-forecaster/data/processed/pheme_forecast_ratio_50_test.jsonl --model text_baseline --model_path runs/20260323_092630_seed_sweep_seed_77/text_baseline/artifacts/text_baseline_pheme_forecast_ratio_50_train.pt --config_path runs/20260323_092630_seed_sweep_seed_77/text_baseline/artifacts/text_baseline_pheme_forecast_ratio_50_train.json --device cuda --output_dir runs/20260323_092630_seed_sweep_seed_77/text_baseline/eval returncode=0
==> command_duration_seconds 3.02
==> train model=temporal_baseline

$ /home/alexmhliu/auto_install/miniconda3/envs/asf311/bin/python src/train.py --train_path /home/alexmhliu/affect-state-forecaster/data/processed/pheme_forecast_ratio_50_train.jsonl --model temporal_baseline --device cuda --epochs 5 --batch_size 16 --seed 77 --capacity_group default --output_dir runs/20260323_092630_seed_sweep_seed_77/temporal_baseline/artifacts --val_path /home/alexmhliu/affect-state-forecaster/data/processed/pheme_forecast_ratio_50_val.jsonl

epoch 1/5:   0%|          | 0/10 [00:00<?, ?it/s]
epoch 1/5:  10%|█         | 1/10 [00:00<00:03,  2.86it/s]
epoch 1/5:  40%|████      | 4/10 [00:00<00:00, 10.60it/s]
epoch 1/5:  80%|████████  | 8/10 [00:00<00:00, 18.05it/s]
epoch 1/5: 100%|██████████| 10/10 [00:00<00:00, 16.26it/s]
epoch=1 train_loss=0.1937 val_loss=0.1346 val_mae=0.1674 val_rmse=0.2176 val_pearson=-0.0670 val_spearman=-0.0730 val_majority_sentiment_accuracy=0.8966 val_majority_sentiment_macro_f1=0.3152 val_majority_sentiment_weighted_f1=0.8476

epoch 2/5:   0%|          | 0/10 [00:00<?, ?it/s]
epoch 2/5:  40%|████      | 4/10 [00:00<00:00, 31.51it/s]
epoch 2/5:  80%|████████  | 8/10 [00:00<00:00, 31.20it/s]
epoch 2/5: 100%|██████████| 10/10 [00:00<00:00, 34.70it/s]
epoch=2 train_loss=0.1036 val_loss=0.1228 val_mae=0.1534 val_rmse=0.2108 val_pearson=-0.1451 val_spearman=-0.1905 val_majority_sentiment_accuracy=0.8966 val_majority_sentiment_macro_f1=0.3152 val_majority_sentiment_weighted_f1=0.8476

epoch 3/5:   0%|          | 0/10 [00:00<?, ?it/s]
epoch 3/5:  30%|███       | 3/10 [00:00<00:00, 28.48it/s]
epoch 3/5:  70%|███████   | 7/10 [00:00<00:00, 32.79it/s]
epoch 3/5: 100%|██████████| 10/10 [00:00<00:00, 34.75it/s]
epoch=3 train_loss=0.0914 val_loss=0.1303 val_mae=0.1715 val_rmse=0.2263 val_pearson=-0.0844 val_spearman=-0.0853 val_majority_sentiment_accuracy=0.8966 val_majority_sentiment_macro_f1=0.3152 val_majority_sentiment_weighted_f1=0.8476

epoch 4/5:   0%|          | 0/10 [00:00<?, ?it/s]
epoch 4/5:  40%|████      | 4/10 [00:00<00:00, 34.23it/s]
epoch 4/5:  80%|████████  | 8/10 [00:00<00:00, 32.69it/s]
epoch 4/5: 100%|██████████| 10/10 [00:00<00:00, 34.77it/s]
epoch=4 train_loss=0.0866 val_loss=0.1369 val_mae=0.2002 val_rmse=0.2413 val_pearson=-0.0238 val_spearman=-0.0474 val_majority_sentiment_accuracy=0.8966 val_majority_sentiment_macro_f1=0.3152 val_majority_sentiment_weighted_f1=0.8476

epoch 5/5:   0%|          | 0/10 [00:00<?, ?it/s]
epoch 5/5:  40%|████      | 4/10 [00:00<00:00, 32.27it/s]
epoch 5/5:  80%|████████  | 8/10 [00:00<00:00, 31.55it/s]
epoch 5/5: 100%|██████████| 10/10 [00:00<00:00, 34.97it/s]
epoch=5 train_loss=0.0730 val_loss=0.1205 val_mae=0.1394 val_rmse=0.2013 val_pearson=-0.0845 val_spearman=-0.1365 val_majority_sentiment_accuracy=0.8966 val_majority_sentiment_macro_f1=0.3152 val_majority_sentiment_weighted_f1=0.8476
saved_model=runs/20260323_092630_seed_sweep_seed_77/temporal_baseline/artifacts/temporal_baseline_pheme_forecast_ratio_50_train.pt
saved_config=runs/20260323_092630_seed_sweep_seed_77/temporal_baseline/artifacts/temporal_baseline_pheme_forecast_ratio_50_train.json
saved_summary=runs/20260323_092630_seed_sweep_seed_77/temporal_baseline/artifacts/temporal_baseline_pheme_forecast_ratio_50_train_summary.json
param_count=2709380
==> command_exit command=/home/alexmhliu/auto_install/miniconda3/envs/asf311/bin/python src/train.py --train_path /home/alexmhliu/affect-state-forecaster/data/processed/pheme_forecast_ratio_50_train.jsonl --model temporal_baseline --device cuda --epochs 5 --batch_size 16 --seed 77 --capacity_group default --output_dir runs/20260323_092630_seed_sweep_seed_77/temporal_baseline/artifacts --val_path /home/alexmhliu/affect-state-forecaster/data/processed/pheme_forecast_ratio_50_val.jsonl returncode=0
==> command_duration_seconds 5.96
==> evaluate model=temporal_baseline

$ /home/alexmhliu/auto_install/miniconda3/envs/asf311/bin/python src/evaluate.py --data_path /home/alexmhliu/affect-state-forecaster/data/processed/pheme_forecast_ratio_50_test.jsonl --model temporal_baseline --model_path runs/20260323_092630_seed_sweep_seed_77/temporal_baseline/artifacts/temporal_baseline_pheme_forecast_ratio_50_train.pt --config_path runs/20260323_092630_seed_sweep_seed_77/temporal_baseline/artifacts/temporal_baseline_pheme_forecast_ratio_50_train.json --device cuda --output_dir runs/20260323_092630_seed_sweep_seed_77/temporal_baseline/eval
/tmp/asf_main_clean/src/evaluate.py:254: FutureWarning: You are using `torch.load` with `weights_only=False` (the current default value), which uses the default pickle module implicitly. It is possible to construct malicious pickle data which will execute arbitrary code during unpickling (See https://github.com/pytorch/pytorch/blob/main/SECURITY.md#untrusted-models for more details). In a future release, the default value for `weights_only` will be flipped to `True`. This limits the functions that could be executed during unpickling. Arbitrary objects will no longer be allowed to be loaded via this mode unless they are explicitly allowlisted by the user via `torch.serialization.add_safe_globals`. We recommend you start setting `weights_only=True` for any use case where you don't have full control of the loaded file. Please open an issue on GitHub for any issues related to this experimental feature.
  state = torch.load(args.model_path, map_location=args.device)
group=overall value=all num_threads=92 mae=0.1275 rmse=0.2044
group=split value=test num_threads=92 mae=0.1275 rmse=0.2044
group=observation_ratio value=0.5 num_threads=92 mae=0.1275 rmse=0.2044
group=event value=prince-toronto num_threads=12 mae=0.1214 rmse=0.1458
group=event value=putinmissing num_threads=9 mae=0.0944 rmse=0.1268
group=event value=sydneysiege num_threads=71 mae=0.1327 rmse=0.2202
saved_predictions=runs/20260323_092630_seed_sweep_seed_77/temporal_baseline/eval/predictions.jsonl
saved_summary=runs/20260323_092630_seed_sweep_seed_77/temporal_baseline/eval/results_summary.csv
saved_event_errors=runs/20260323_092630_seed_sweep_seed_77/temporal_baseline/eval/error_analysis_by_event.csv
==> command_exit command=/home/alexmhliu/auto_install/miniconda3/envs/asf311/bin/python src/evaluate.py --data_path /home/alexmhliu/affect-state-forecaster/data/processed/pheme_forecast_ratio_50_test.jsonl --model temporal_baseline --model_path runs/20260323_092630_seed_sweep_seed_77/temporal_baseline/artifacts/temporal_baseline_pheme_forecast_ratio_50_train.pt --config_path runs/20260323_092630_seed_sweep_seed_77/temporal_baseline/artifacts/temporal_baseline_pheme_forecast_ratio_50_train.json --device cuda --output_dir runs/20260323_092630_seed_sweep_seed_77/temporal_baseline/eval returncode=0
==> command_duration_seconds 3.14
==> train model=structure_baseline

$ /home/alexmhliu/auto_install/miniconda3/envs/asf311/bin/python src/train.py --train_path /home/alexmhliu/affect-state-forecaster/data/processed/pheme_forecast_ratio_50_train.jsonl --model structure_baseline --device cuda --epochs 5 --batch_size 16 --seed 77 --capacity_group default --output_dir runs/20260323_092630_seed_sweep_seed_77/structure_baseline/artifacts --val_path /home/alexmhliu/affect-state-forecaster/data/processed/pheme_forecast_ratio_50_val.jsonl

epoch 1/5:   0%|          | 0/10 [00:00<?, ?it/s]
epoch 1/5:  10%|█         | 1/10 [00:00<00:02,  3.81it/s]
epoch 1/5:  60%|██████    | 6/10 [00:00<00:00, 19.46it/s]
epoch 1/5: 100%|██████████| 10/10 [00:00<00:00, 22.61it/s]
epoch=1 train_loss=0.2431 val_loss=0.1271 val_mae=0.1137 val_rmse=0.1986 val_pearson=-0.2180 val_spearman=-0.2278 val_majority_sentiment_accuracy=0.8966 val_majority_sentiment_macro_f1=0.3152 val_majority_sentiment_weighted_f1=0.8476

epoch 2/5:   0%|          | 0/10 [00:00<?, ?it/s]
epoch 2/5:  50%|█████     | 5/10 [00:00<00:00, 47.53it/s]
epoch 2/5: 100%|██████████| 10/10 [00:00<00:00, 50.32it/s]
epoch=2 train_loss=0.1526 val_loss=0.1126 val_mae=0.1544 val_rmse=0.1885 val_pearson=-0.0746 val_spearman=-0.0452 val_majority_sentiment_accuracy=0.8966 val_majority_sentiment_macro_f1=0.3152 val_majority_sentiment_weighted_f1=0.8476

epoch 3/5:   0%|          | 0/10 [00:00<?, ?it/s]
epoch 3/5:  50%|█████     | 5/10 [00:00<00:00, 46.69it/s]
epoch 3/5: 100%|██████████| 10/10 [00:00<00:00, 50.45it/s]
epoch=3 train_loss=0.1076 val_loss=0.1075 val_mae=0.1109 val_rmse=0.1721 val_pearson=-0.1531 val_spearman=-0.0867 val_majority_sentiment_accuracy=0.8966 val_majority_sentiment_macro_f1=0.3152 val_majority_sentiment_weighted_f1=0.8476

epoch 4/5:   0%|          | 0/10 [00:00<?, ?it/s]
epoch 4/5:  50%|█████     | 5/10 [00:00<00:00, 45.32it/s]
epoch 4/5: 100%|██████████| 10/10 [00:00<00:00, 50.01it/s]
epoch=4 train_loss=0.1339 val_loss=0.1079 val_mae=0.1220 val_rmse=0.1722 val_pearson=-0.1671 val_spearman=-0.1560 val_majority_sentiment_accuracy=0.8966 val_majority_sentiment_macro_f1=0.3152 val_majority_sentiment_weighted_f1=0.8476

epoch 5/5:   0%|          | 0/10 [00:00<?, ?it/s]
epoch 5/5:  50%|█████     | 5/10 [00:00<00:00, 48.56it/s]
epoch 5/5: 100%|██████████| 10/10 [00:00<00:00, 50.91it/s]
epoch=5 train_loss=0.1020 val_loss=0.1106 val_mae=0.1279 val_rmse=0.1762 val_pearson=-0.0300 val_spearman=0.2310 val_majority_sentiment_accuracy=0.8966 val_majority_sentiment_macro_f1=0.3152 val_majority_sentiment_weighted_f1=0.8476
saved_model=runs/20260323_092630_seed_sweep_seed_77/structure_baseline/artifacts/structure_baseline_pheme_forecast_ratio_50_train.pt
saved_config=runs/20260323_092630_seed_sweep_seed_77/structure_baseline/artifacts/structure_baseline_pheme_forecast_ratio_50_train.json
saved_summary=runs/20260323_092630_seed_sweep_seed_77/structure_baseline/artifacts/structure_baseline_pheme_forecast_ratio_50_train_summary.json
param_count=2595076
==> command_exit command=/home/alexmhliu/auto_install/miniconda3/envs/asf311/bin/python src/train.py --train_path /home/alexmhliu/affect-state-forecaster/data/processed/pheme_forecast_ratio_50_train.jsonl --model structure_baseline --device cuda --epochs 5 --batch_size 16 --seed 77 --capacity_group default --output_dir runs/20260323_092630_seed_sweep_seed_77/structure_baseline/artifacts --val_path /home/alexmhliu/affect-state-forecaster/data/processed/pheme_forecast_ratio_50_val.jsonl returncode=0
==> command_duration_seconds 5.39
==> evaluate model=structure_baseline

$ /home/alexmhliu/auto_install/miniconda3/envs/asf311/bin/python src/evaluate.py --data_path /home/alexmhliu/affect-state-forecaster/data/processed/pheme_forecast_ratio_50_test.jsonl --model structure_baseline --model_path runs/20260323_092630_seed_sweep_seed_77/structure_baseline/artifacts/structure_baseline_pheme_forecast_ratio_50_train.pt --config_path runs/20260323_092630_seed_sweep_seed_77/structure_baseline/artifacts/structure_baseline_pheme_forecast_ratio_50_train.json --device cuda --output_dir runs/20260323_092630_seed_sweep_seed_77/structure_baseline/eval
/tmp/asf_main_clean/src/evaluate.py:254: FutureWarning: You are using `torch.load` with `weights_only=False` (the current default value), which uses the default pickle module implicitly. It is possible to construct malicious pickle data which will execute arbitrary code during unpickling (See https://github.com/pytorch/pytorch/blob/main/SECURITY.md#untrusted-models for more details). In a future release, the default value for `weights_only` will be flipped to `True`. This limits the functions that could be executed during unpickling. Arbitrary objects will no longer be allowed to be loaded via this mode unless they are explicitly allowlisted by the user via `torch.serialization.add_safe_globals`. We recommend you start setting `weights_only=True` for any use case where you don't have full control of the loaded file. Please open an issue on GitHub for any issues related to this experimental feature.
  state = torch.load(args.model_path, map_location=args.device)
group=overall value=all num_threads=92 mae=0.1118 rmse=0.1831
group=split value=test num_threads=92 mae=0.1118 rmse=0.1831
group=observation_ratio value=0.5 num_threads=92 mae=0.1118 rmse=0.1831
group=event value=prince-toronto num_threads=12 mae=0.0888 rmse=0.1041
group=event value=putinmissing num_threads=9 mae=0.0934 rmse=0.1004
group=event value=sydneysiege num_threads=71 mae=0.1180 rmse=0.2008
saved_predictions=runs/20260323_092630_seed_sweep_seed_77/structure_baseline/eval/predictions.jsonl
saved_summary=runs/20260323_092630_seed_sweep_seed_77/structure_baseline/eval/results_summary.csv
saved_event_errors=runs/20260323_092630_seed_sweep_seed_77/structure_baseline/eval/error_analysis_by_event.csv
==> command_exit command=/home/alexmhliu/auto_install/miniconda3/envs/asf311/bin/python src/evaluate.py --data_path /home/alexmhliu/affect-state-forecaster/data/processed/pheme_forecast_ratio_50_test.jsonl --model structure_baseline --model_path runs/20260323_092630_seed_sweep_seed_77/structure_baseline/artifacts/structure_baseline_pheme_forecast_ratio_50_train.pt --config_path runs/20260323_092630_seed_sweep_seed_77/structure_baseline/artifacts/structure_baseline_pheme_forecast_ratio_50_train.json --device cuda --output_dir runs/20260323_092630_seed_sweep_seed_77/structure_baseline/eval returncode=0
==> command_duration_seconds 3.03
==> train model=affect_state_forecaster

$ /home/alexmhliu/auto_install/miniconda3/envs/asf311/bin/python src/train.py --train_path /home/alexmhliu/affect-state-forecaster/data/processed/pheme_forecast_ratio_50_train.jsonl --model affect_state_forecaster --device cuda --epochs 5 --batch_size 16 --seed 77 --capacity_group default --output_dir runs/20260323_092630_seed_sweep_seed_77/affect_state_forecaster/artifacts --val_path /home/alexmhliu/affect-state-forecaster/data/processed/pheme_forecast_ratio_50_val.jsonl

epoch 1/5:   0%|          | 0/10 [00:00<?, ?it/s]
epoch 1/5:  10%|█         | 1/10 [00:00<00:03,  2.73it/s]
epoch 1/5:  50%|█████     | 5/10 [00:00<00:00, 12.24it/s]
epoch 1/5:  80%|████████  | 8/10 [00:00<00:00, 16.33it/s]
epoch 1/5: 100%|██████████| 10/10 [00:00<00:00, 15.38it/s]
epoch=1 train_loss=0.2180 val_loss=0.1219 val_mae=0.1568 val_rmse=0.1846 val_pearson=0.2700 val_spearman=0.4367 val_majority_sentiment_accuracy=0.8966 val_majority_sentiment_macro_f1=0.3152 val_majority_sentiment_weighted_f1=0.8476

epoch 2/5:   0%|          | 0/10 [00:00<?, ?it/s]
epoch 2/5:  30%|███       | 3/10 [00:00<00:00, 29.81it/s]
epoch 2/5:  70%|███████   | 7/10 [00:00<00:00, 30.58it/s]
epoch 2/5: 100%|██████████| 10/10 [00:00<00:00, 31.59it/s]
epoch=2 train_loss=0.1446 val_loss=0.1286 val_mae=0.2084 val_rmse=0.2284 val_pearson=0.1059 val_spearman=0.4031 val_majority_sentiment_accuracy=0.8966 val_majority_sentiment_macro_f1=0.3152 val_majority_sentiment_weighted_f1=0.8476

epoch 3/5:   0%|          | 0/10 [00:00<?, ?it/s]
epoch 3/5:  30%|███       | 3/10 [00:00<00:00, 28.71it/s]
epoch 3/5:  70%|███████   | 7/10 [00:00<00:00, 29.40it/s]
epoch 3/5: 100%|██████████| 10/10 [00:00<00:00, 31.62it/s]
epoch=3 train_loss=0.1083 val_loss=0.1039 val_mae=0.1026 val_rmse=0.1630 val_pearson=0.1245 val_spearman=0.4216 val_majority_sentiment_accuracy=0.8966 val_majority_sentiment_macro_f1=0.3152 val_majority_sentiment_weighted_f1=0.8476

epoch 4/5:   0%|          | 0/10 [00:00<?, ?it/s]
epoch 4/5:  40%|████      | 4/10 [00:00<00:00, 31.48it/s]
epoch 4/5:  80%|████████  | 8/10 [00:00<00:00, 28.97it/s]
epoch 4/5: 100%|██████████| 10/10 [00:00<00:00, 31.44it/s]
epoch=4 train_loss=0.1037 val_loss=0.1268 val_mae=0.1930 val_rmse=0.2149 val_pearson=0.0504 val_spearman=0.2014 val_majority_sentiment_accuracy=0.8966 val_majority_sentiment_macro_f1=0.3152 val_majority_sentiment_weighted_f1=0.8476

epoch 5/5:   0%|          | 0/10 [00:00<?, ?it/s]
epoch 5/5:  30%|███       | 3/10 [00:00<00:00, 29.57it/s]
epoch 5/5:  70%|███████   | 7/10 [00:00<00:00, 31.32it/s]
epoch 5/5: 100%|██████████| 10/10 [00:00<00:00, 31.81it/s]
epoch=5 train_loss=0.1004 val_loss=0.1069 val_mae=0.1146 val_rmse=0.1622 val_pearson=0.1040 val_spearman=0.1830 val_majority_sentiment_accuracy=0.8966 val_majority_sentiment_macro_f1=0.3152 val_majority_sentiment_weighted_f1=0.8476
saved_model=runs/20260323_092630_seed_sweep_seed_77/affect_state_forecaster/artifacts/affect_state_forecaster_pheme_forecast_ratio_50_train.pt
saved_config=runs/20260323_092630_seed_sweep_seed_77/affect_state_forecaster/artifacts/affect_state_forecaster_pheme_forecast_ratio_50_train.json
saved_summary=runs/20260323_092630_seed_sweep_seed_77/affect_state_forecaster/artifacts/affect_state_forecaster_pheme_forecast_ratio_50_train_summary.json
param_count=5417259
==> command_exit command=/home/alexmhliu/auto_install/miniconda3/envs/asf311/bin/python src/train.py --train_path /home/alexmhliu/affect-state-forecaster/data/processed/pheme_forecast_ratio_50_train.jsonl --model affect_state_forecaster --device cuda --epochs 5 --batch_size 16 --seed 77 --capacity_group default --output_dir runs/20260323_092630_seed_sweep_seed_77/affect_state_forecaster/artifacts --val_path /home/alexmhliu/affect-state-forecaster/data/processed/pheme_forecast_ratio_50_val.jsonl returncode=0
==> command_duration_seconds 6.25
==> evaluate model=affect_state_forecaster

$ /home/alexmhliu/auto_install/miniconda3/envs/asf311/bin/python src/evaluate.py --data_path /home/alexmhliu/affect-state-forecaster/data/processed/pheme_forecast_ratio_50_test.jsonl --model affect_state_forecaster --model_path runs/20260323_092630_seed_sweep_seed_77/affect_state_forecaster/artifacts/affect_state_forecaster_pheme_forecast_ratio_50_train.pt --config_path runs/20260323_092630_seed_sweep_seed_77/affect_state_forecaster/artifacts/affect_state_forecaster_pheme_forecast_ratio_50_train.json --device cuda --output_dir runs/20260323_092630_seed_sweep_seed_77/affect_state_forecaster/eval
/tmp/asf_main_clean/src/evaluate.py:254: FutureWarning: You are using `torch.load` with `weights_only=False` (the current default value), which uses the default pickle module implicitly. It is possible to construct malicious pickle data which will execute arbitrary code during unpickling (See https://github.com/pytorch/pytorch/blob/main/SECURITY.md#untrusted-models for more details). In a future release, the default value for `weights_only` will be flipped to `True`. This limits the functions that could be executed during unpickling. Arbitrary objects will no longer be allowed to be loaded via this mode unless they are explicitly allowlisted by the user via `torch.serialization.add_safe_globals`. We recommend you start setting `weights_only=True` for any use case where you don't have full control of the loaded file. Please open an issue on GitHub for any issues related to this experimental feature.
  state = torch.load(args.model_path, map_location=args.device)
group=overall value=all num_threads=92 mae=0.1005 rmse=0.1720
group=split value=test num_threads=92 mae=0.1005 rmse=0.1720
group=observation_ratio value=0.5 num_threads=92 mae=0.1005 rmse=0.1720
group=event value=prince-toronto num_threads=12 mae=0.0713 rmse=0.0795
group=event value=putinmissing num_threads=9 mae=0.0886 rmse=0.1117
group=event value=sydneysiege num_threads=71 mae=0.1069 rmse=0.1889
saved_predictions=runs/20260323_092630_seed_sweep_seed_77/affect_state_forecaster/eval/predictions.jsonl
saved_summary=runs/20260323_092630_seed_sweep_seed_77/affect_state_forecaster/eval/results_summary.csv
saved_event_errors=runs/20260323_092630_seed_sweep_seed_77/affect_state_forecaster/eval/error_analysis_by_event.csv
==> command_exit command=/home/alexmhliu/auto_install/miniconda3/envs/asf311/bin/python src/evaluate.py --data_path /home/alexmhliu/affect-state-forecaster/data/processed/pheme_forecast_ratio_50_test.jsonl --model affect_state_forecaster --model_path runs/20260323_092630_seed_sweep_seed_77/affect_state_forecaster/artifacts/affect_state_forecaster_pheme_forecast_ratio_50_train.pt --config_path runs/20260323_092630_seed_sweep_seed_77/affect_state_forecaster/artifacts/affect_state_forecaster_pheme_forecast_ratio_50_train.json --device cuda --output_dir runs/20260323_092630_seed_sweep_seed_77/affect_state_forecaster/eval returncode=0
==> command_duration_seconds 3.22
==> train model=patchtst_baseline

$ /home/alexmhliu/auto_install/miniconda3/envs/asf311/bin/python src/train.py --train_path /home/alexmhliu/affect-state-forecaster/data/processed/pheme_forecast_ratio_50_train.jsonl --model patchtst_baseline --device cuda --epochs 5 --batch_size 16 --seed 77 --capacity_group default --output_dir runs/20260323_092630_seed_sweep_seed_77/patchtst_baseline/artifacts --val_path /home/alexmhliu/affect-state-forecaster/data/processed/pheme_forecast_ratio_50_val.jsonl

epoch 1/5:   0%|          | 0/10 [00:00<?, ?it/s]
epoch 1/5:  10%|█         | 1/10 [00:00<00:02,  4.05it/s]
epoch 1/5:  60%|██████    | 6/10 [00:00<00:00, 20.22it/s]
epoch 1/5: 100%|██████████| 10/10 [00:00<00:00, 23.26it/s]
epoch=1 train_loss=0.3800 val_loss=0.1382 val_mae=0.1988 val_rmse=0.2214 val_pearson=-0.0424 val_spearman=-0.2174 val_majority_sentiment_accuracy=0.8966 val_majority_sentiment_macro_f1=0.3152 val_majority_sentiment_weighted_f1=0.8476

epoch 2/5:   0%|          | 0/10 [00:00<?, ?it/s]
epoch 2/5:  50%|█████     | 5/10 [00:00<00:00, 48.38it/s]
epoch 2/5: 100%|██████████| 10/10 [00:00<00:00, 49.62it/s]
epoch=2 train_loss=0.1137 val_loss=0.1062 val_mae=0.1449 val_rmse=0.1770 val_pearson=0.1855 val_spearman=0.4748 val_majority_sentiment_accuracy=0.8966 val_majority_sentiment_macro_f1=0.3152 val_majority_sentiment_weighted_f1=0.8476

epoch 3/5:   0%|          | 0/10 [00:00<?, ?it/s]
epoch 3/5:  50%|█████     | 5/10 [00:00<00:00, 47.04it/s]
epoch 3/5: 100%|██████████| 10/10 [00:00<00:00, 49.32it/s]
epoch=3 train_loss=0.1228 val_loss=0.1056 val_mae=0.1346 val_rmse=0.1718 val_pearson=0.1902 val_spearman=0.4691 val_majority_sentiment_accuracy=0.8966 val_majority_sentiment_macro_f1=0.3152 val_majority_sentiment_weighted_f1=0.8476

epoch 4/5:   0%|          | 0/10 [00:00<?, ?it/s]
epoch 4/5:  50%|█████     | 5/10 [00:00<00:00, 44.80it/s]
epoch 4/5: 100%|██████████| 10/10 [00:00<00:00, 49.25it/s]
epoch=4 train_loss=0.1074 val_loss=0.1050 val_mae=0.1220 val_rmse=0.1659 val_pearson=0.1914 val_spearman=0.4646 val_majority_sentiment_accuracy=0.8966 val_majority_sentiment_macro_f1=0.3152 val_majority_sentiment_weighted_f1=0.8476

epoch 5/5:   0%|          | 0/10 [00:00<?, ?it/s]
epoch 5/5:  50%|█████     | 5/10 [00:00<00:00, 47.90it/s]
epoch 5/5: 100%|██████████| 10/10 [00:00<00:00, 49.62it/s]
epoch=5 train_loss=0.1039 val_loss=0.1091 val_mae=0.0964 val_rmse=0.1752 val_pearson=0.1912 val_spearman=0.4602 val_majority_sentiment_accuracy=0.8966 val_majority_sentiment_macro_f1=0.3152 val_majority_sentiment_weighted_f1=0.8476
saved_model=runs/20260323_092630_seed_sweep_seed_77/patchtst_baseline/artifacts/patchtst_baseline_pheme_forecast_ratio_50_train.pt
saved_config=runs/20260323_092630_seed_sweep_seed_77/patchtst_baseline/artifacts/patchtst_baseline_pheme_forecast_ratio_50_train.json
saved_summary=runs/20260323_092630_seed_sweep_seed_77/patchtst_baseline/artifacts/patchtst_baseline_pheme_forecast_ratio_50_train_summary.json
param_count=1205508
==> command_exit command=/home/alexmhliu/auto_install/miniconda3/envs/asf311/bin/python src/train.py --train_path /home/alexmhliu/affect-state-forecaster/data/processed/pheme_forecast_ratio_50_train.jsonl --model patchtst_baseline --device cuda --epochs 5 --batch_size 16 --seed 77 --capacity_group default --output_dir runs/20260323_092630_seed_sweep_seed_77/patchtst_baseline/artifacts --val_path /home/alexmhliu/affect-state-forecaster/data/processed/pheme_forecast_ratio_50_val.jsonl returncode=0
==> command_duration_seconds 5.37
==> evaluate model=patchtst_baseline

$ /home/alexmhliu/auto_install/miniconda3/envs/asf311/bin/python src/evaluate.py --data_path /home/alexmhliu/affect-state-forecaster/data/processed/pheme_forecast_ratio_50_test.jsonl --model patchtst_baseline --model_path runs/20260323_092630_seed_sweep_seed_77/patchtst_baseline/artifacts/patchtst_baseline_pheme_forecast_ratio_50_train.pt --config_path runs/20260323_092630_seed_sweep_seed_77/patchtst_baseline/artifacts/patchtst_baseline_pheme_forecast_ratio_50_train.json --device cuda --output_dir runs/20260323_092630_seed_sweep_seed_77/patchtst_baseline/eval
/tmp/asf_main_clean/src/evaluate.py:254: FutureWarning: You are using `torch.load` with `weights_only=False` (the current default value), which uses the default pickle module implicitly. It is possible to construct malicious pickle data which will execute arbitrary code during unpickling (See https://github.com/pytorch/pytorch/blob/main/SECURITY.md#untrusted-models for more details). In a future release, the default value for `weights_only` will be flipped to `True`. This limits the functions that could be executed during unpickling. Arbitrary objects will no longer be allowed to be loaded via this mode unless they are explicitly allowlisted by the user via `torch.serialization.add_safe_globals`. We recommend you start setting `weights_only=True` for any use case where you don't have full control of the loaded file. Please open an issue on GitHub for any issues related to this experimental feature.
  state = torch.load(args.model_path, map_location=args.device)
group=overall value=all num_threads=92 mae=0.1292 rmse=0.1869
group=split value=test num_threads=92 mae=0.1292 rmse=0.1869
group=observation_ratio value=0.5 num_threads=92 mae=0.1292 rmse=0.1869
group=event value=prince-toronto num_threads=12 mae=0.1139 rmse=0.1214
group=event value=putinmissing num_threads=9 mae=0.1009 rmse=0.1207
group=event value=sydneysiege num_threads=71 mae=0.1354 rmse=0.2023
saved_predictions=runs/20260323_092630_seed_sweep_seed_77/patchtst_baseline/eval/predictions.jsonl
saved_summary=runs/20260323_092630_seed_sweep_seed_77/patchtst_baseline/eval/results_summary.csv
saved_event_errors=runs/20260323_092630_seed_sweep_seed_77/patchtst_baseline/eval/error_analysis_by_event.csv
==> command_exit command=/home/alexmhliu/auto_install/miniconda3/envs/asf311/bin/python src/evaluate.py --data_path /home/alexmhliu/affect-state-forecaster/data/processed/pheme_forecast_ratio_50_test.jsonl --model patchtst_baseline --model_path runs/20260323_092630_seed_sweep_seed_77/patchtst_baseline/artifacts/patchtst_baseline_pheme_forecast_ratio_50_train.pt --config_path runs/20260323_092630_seed_sweep_seed_77/patchtst_baseline/artifacts/patchtst_baseline_pheme_forecast_ratio_50_train.json --device cuda --output_dir runs/20260323_092630_seed_sweep_seed_77/patchtst_baseline/eval returncode=0
==> command_duration_seconds 3.05
==> train model=thread_transformer_baseline

$ /home/alexmhliu/auto_install/miniconda3/envs/asf311/bin/python src/train.py --train_path /home/alexmhliu/affect-state-forecaster/data/processed/pheme_forecast_ratio_50_train.jsonl --model thread_transformer_baseline --device cuda --epochs 5 --batch_size 16 --seed 77 --capacity_group default --output_dir runs/20260323_092630_seed_sweep_seed_77/thread_transformer_baseline/artifacts --val_path /home/alexmhliu/affect-state-forecaster/data/processed/pheme_forecast_ratio_50_val.jsonl

epoch 1/5:   0%|          | 0/10 [00:00<?, ?it/s]
epoch 1/5:  10%|█         | 1/10 [00:00<00:03,  2.66it/s]
epoch 1/5:  40%|████      | 4/10 [00:00<00:00,  9.77it/s]
epoch 1/5:  70%|███████   | 7/10 [00:00<00:00, 14.34it/s]
epoch 1/5: 100%|██████████| 10/10 [00:00<00:00, 18.47it/s]
epoch 1/5: 100%|██████████| 10/10 [00:00<00:00, 13.93it/s]
/home/alexmhliu/auto_install/miniconda3/envs/asf311/lib/python3.11/site-packages/torch/nn/modules/transformer.py:502: UserWarning: The PyTorch API of nested tensors is in prototype stage and will change in the near future. (Triggered internally at ../aten/src/ATen/NestedTensorImpl.cpp:178.)
  output = torch._nested_tensor_from_mask(
epoch=1 train_loss=0.2433 val_loss=0.1691 val_mae=0.2745 val_rmse=0.2889 val_pearson=0.0529 val_spearman=0.0468 val_majority_sentiment_accuracy=0.8966 val_majority_sentiment_macro_f1=0.3152 val_majority_sentiment_weighted_f1=0.8476

epoch 2/5:   0%|          | 0/10 [00:00<?, ?it/s]
epoch 2/5:  30%|███       | 3/10 [00:00<00:00, 23.50it/s]
epoch 2/5:  60%|██████    | 6/10 [00:00<00:00, 24.70it/s]
epoch 2/5:  90%|█████████ | 9/10 [00:00<00:00, 24.75it/s]
epoch 2/5: 100%|██████████| 10/10 [00:00<00:00, 26.40it/s]
epoch=2 train_loss=0.1152 val_loss=0.1041 val_mae=0.1329 val_rmse=0.1720 val_pearson=0.1176 val_spearman=0.3712 val_majority_sentiment_accuracy=0.8966 val_majority_sentiment_macro_f1=0.3152 val_majority_sentiment_weighted_f1=0.8476

epoch 3/5:   0%|          | 0/10 [00:00<?, ?it/s]
epoch 3/5:  30%|███       | 3/10 [00:00<00:00, 25.19it/s]
epoch 3/5:  60%|██████    | 6/10 [00:00<00:00, 25.50it/s]
epoch 3/5:  90%|█████████ | 9/10 [00:00<00:00, 23.92it/s]
epoch 3/5: 100%|██████████| 10/10 [00:00<00:00, 26.26it/s]
epoch=3 train_loss=0.1135 val_loss=0.1179 val_mae=0.1786 val_rmse=0.2037 val_pearson=0.1154 val_spearman=0.3558 val_majority_sentiment_accuracy=0.8966 val_majority_sentiment_macro_f1=0.3152 val_majority_sentiment_weighted_f1=0.8476

epoch 4/5:   0%|          | 0/10 [00:00<?, ?it/s]
epoch 4/5:  30%|███       | 3/10 [00:00<00:00, 26.15it/s]
epoch 4/5:  60%|██████    | 6/10 [00:00<00:00, 24.88it/s]
epoch 4/5:  90%|█████████ | 9/10 [00:00<00:00, 24.87it/s]
epoch 4/5: 100%|██████████| 10/10 [00:00<00:00, 26.61it/s]
epoch=4 train_loss=0.1006 val_loss=0.1043 val_mae=0.1222 val_rmse=0.1650 val_pearson=0.1060 val_spearman=0.2872 val_majority_sentiment_accuracy=0.8966 val_majority_sentiment_macro_f1=0.3152 val_majority_sentiment_weighted_f1=0.8476

epoch 5/5:   0%|          | 0/10 [00:00<?, ?it/s]
epoch 5/5:  30%|███       | 3/10 [00:00<00:00, 22.71it/s]
epoch 5/5:  60%|██████    | 6/10 [00:00<00:00, 22.82it/s]
epoch 5/5:  90%|█████████ | 9/10 [00:00<00:00, 25.20it/s]
epoch 5/5: 100%|██████████| 10/10 [00:00<00:00, 26.47it/s]
epoch=5 train_loss=0.1478 val_loss=0.1056 val_mae=0.1245 val_rmse=0.1659 val_pearson=0.1122 val_spearman=0.2958 val_majority_sentiment_accuracy=0.8966 val_majority_sentiment_macro_f1=0.3152 val_majority_sentiment_weighted_f1=0.8476
saved_model=runs/20260323_092630_seed_sweep_seed_77/thread_transformer_baseline/artifacts/thread_transformer_baseline_pheme_forecast_ratio_50_train.pt
saved_config=runs/20260323_092630_seed_sweep_seed_77/thread_transformer_baseline/artifacts/thread_transformer_baseline_pheme_forecast_ratio_50_train.json
saved_summary=runs/20260323_092630_seed_sweep_seed_77/thread_transformer_baseline/artifacts/thread_transformer_baseline_pheme_forecast_ratio_50_train_summary.json
param_count=6332420
==> command_exit command=/home/alexmhliu/auto_install/miniconda3/envs/asf311/bin/python src/train.py --train_path /home/alexmhliu/affect-state-forecaster/data/processed/pheme_forecast_ratio_50_train.jsonl --model thread_transformer_baseline --device cuda --epochs 5 --batch_size 16 --seed 77 --capacity_group default --output_dir runs/20260323_092630_seed_sweep_seed_77/thread_transformer_baseline/artifacts --val_path /home/alexmhliu/affect-state-forecaster/data/processed/pheme_forecast_ratio_50_val.jsonl returncode=0
==> command_duration_seconds 6.66
==> evaluate model=thread_transformer_baseline

$ /home/alexmhliu/auto_install/miniconda3/envs/asf311/bin/python src/evaluate.py --data_path /home/alexmhliu/affect-state-forecaster/data/processed/pheme_forecast_ratio_50_test.jsonl --model thread_transformer_baseline --model_path runs/20260323_092630_seed_sweep_seed_77/thread_transformer_baseline/artifacts/thread_transformer_baseline_pheme_forecast_ratio_50_train.pt --config_path runs/20260323_092630_seed_sweep_seed_77/thread_transformer_baseline/artifacts/thread_transformer_baseline_pheme_forecast_ratio_50_train.json --device cuda --output_dir runs/20260323_092630_seed_sweep_seed_77/thread_transformer_baseline/eval
/tmp/asf_main_clean/src/evaluate.py:254: FutureWarning: You are using `torch.load` with `weights_only=False` (the current default value), which uses the default pickle module implicitly. It is possible to construct malicious pickle data which will execute arbitrary code during unpickling (See https://github.com/pytorch/pytorch/blob/main/SECURITY.md#untrusted-models for more details). In a future release, the default value for `weights_only` will be flipped to `True`. This limits the functions that could be executed during unpickling. Arbitrary objects will no longer be allowed to be loaded via this mode unless they are explicitly allowlisted by the user via `torch.serialization.add_safe_globals`. We recommend you start setting `weights_only=True` for any use case where you don't have full control of the loaded file. Please open an issue on GitHub for any issues related to this experimental feature.
  state = torch.load(args.model_path, map_location=args.device)
/home/alexmhliu/auto_install/miniconda3/envs/asf311/lib/python3.11/site-packages/torch/nn/modules/transformer.py:502: UserWarning: The PyTorch API of nested tensors is in prototype stage and will change in the near future. (Triggered internally at ../aten/src/ATen/NestedTensorImpl.cpp:178.)
  output = torch._nested_tensor_from_mask(
group=overall value=all num_threads=92 mae=0.1360 rmse=0.1875
group=split value=test num_threads=92 mae=0.1360 rmse=0.1875
group=observation_ratio value=0.5 num_threads=92 mae=0.1360 rmse=0.1875
group=event value=prince-toronto num_threads=12 mae=0.1255 rmse=0.1297
group=event value=putinmissing num_threads=9 mae=0.1114 rmse=0.1253
group=event value=sydneysiege num_threads=71 mae=0.1409 rmse=0.2018
saved_predictions=runs/20260323_092630_seed_sweep_seed_77/thread_transformer_baseline/eval/predictions.jsonl
saved_summary=runs/20260323_092630_seed_sweep_seed_77/thread_transformer_baseline/eval/results_summary.csv
saved_event_errors=runs/20260323_092630_seed_sweep_seed_77/thread_transformer_baseline/eval/error_analysis_by_event.csv
==> command_exit command=/home/alexmhliu/auto_install/miniconda3/envs/asf311/bin/python src/evaluate.py --data_path /home/alexmhliu/affect-state-forecaster/data/processed/pheme_forecast_ratio_50_test.jsonl --model thread_transformer_baseline --model_path runs/20260323_092630_seed_sweep_seed_77/thread_transformer_baseline/artifacts/thread_transformer_baseline_pheme_forecast_ratio_50_train.pt --config_path runs/20260323_092630_seed_sweep_seed_77/thread_transformer_baseline/artifacts/thread_transformer_baseline_pheme_forecast_ratio_50_train.json --device cuda --output_dir runs/20260323_092630_seed_sweep_seed_77/thread_transformer_baseline/eval returncode=0
==> command_duration_seconds 3.33
==> summarize completed
==> anomaly affect_state_forecaster 的 Accuracy 远高于 Macro-F1。
==> anomaly patchtst_baseline 的 Accuracy 远高于 Macro-F1。
==> anomaly structure_baseline 的 Accuracy 远高于 Macro-F1。
==> anomaly temporal_baseline 的 Accuracy 远高于 Macro-F1。
==> anomaly text_baseline 的 Accuracy 远高于 Macro-F1。
==> anomaly thread_transformer_baseline 的 Accuracy 远高于 Macro-F1。
==> summarize end_time=1774229244.6045806
