==> plan start_time=1774228623.765532
==> plan run_id=20260323_091703_cross_event_ferguson
==> plan experiment_type=主实验
==> plan target_hypotheses=H1,H2,H3
==> plan question=验证 held-out event=ferguson 时各模型的 cross-event 泛化能力。
==> plan success_criteria=affect_state_forecaster 在 held-out event 上保持与主实验一致的领先趋势。
==> plan failure_criteria=若 held-out event 掉点显著，则后续优先做泛化与正则化。
==> plan dataset=/tmp/pheme_cross_event_8j60zwfh/ferguson_train.jsonl
==> plan ratio_labels=ferguson_train
==> plan models=text_baseline,temporal_baseline,structure_baseline,affect_state_forecaster,patchtst_baseline,thread_transformer_baseline
==> plan python=asf311:/home/alexmhliu/auto_install/miniconda3/envs/asf311/bin/python
==> plan device=cuda
==> train model=text_baseline

$ /home/alexmhliu/auto_install/miniconda3/envs/asf311/bin/python src/train.py --train_path /tmp/pheme_cross_event_8j60zwfh/ferguson_train.jsonl --model text_baseline --device cuda --epochs 5 --batch_size 16 --seed 42 --capacity_group default --output_dir runs/20260323_091703_cross_event_ferguson/text_baseline/artifacts --val_path /tmp/pheme_cross_event_8j60zwfh/ferguson_val.jsonl

epoch 1/5:   0%|          | 0/12 [00:00<?, ?it/s]
epoch 1/5:   8%|▊         | 1/12 [00:00<00:02,  3.93it/s]
epoch 1/5:  58%|█████▊    | 7/12 [00:00<00:00, 23.51it/s]
epoch 1/5: 100%|██████████| 12/12 [00:00<00:00, 28.26it/s]
epoch=1 train_loss=0.2307 val_loss=0.1574 val_mae=0.1808 val_rmse=0.2699 val_pearson=-0.2835 val_spearman=-0.2406 val_majority_sentiment_accuracy=0.9577 val_majority_sentiment_macro_f1=0.3261 val_majority_sentiment_weighted_f1=0.9371

epoch 2/5:   0%|          | 0/12 [00:00<?, ?it/s]
epoch 2/5:  58%|█████▊    | 7/12 [00:00<00:00, 61.25it/s]
epoch 2/5: 100%|██████████| 12/12 [00:00<00:00, 64.68it/s]
epoch=2 train_loss=0.1268 val_loss=0.1243 val_mae=0.2230 val_rmse=0.2776 val_pearson=-0.2969 val_spearman=-0.1799 val_majority_sentiment_accuracy=0.9577 val_majority_sentiment_macro_f1=0.3261 val_majority_sentiment_weighted_f1=0.9371

epoch 3/5:   0%|          | 0/12 [00:00<?, ?it/s]
epoch 3/5:  58%|█████▊    | 7/12 [00:00<00:00, 59.78it/s]
epoch 3/5: 100%|██████████| 12/12 [00:00<00:00, 64.33it/s]
epoch=3 train_loss=0.1160 val_loss=0.0959 val_mae=0.1484 val_rmse=0.2295 val_pearson=-0.1148 val_spearman=-0.1188 val_majority_sentiment_accuracy=0.9577 val_majority_sentiment_macro_f1=0.3261 val_majority_sentiment_weighted_f1=0.9371

epoch 4/5:   0%|          | 0/12 [00:00<?, ?it/s]
epoch 4/5:  50%|█████     | 6/12 [00:00<00:00, 57.37it/s]
epoch 4/5: 100%|██████████| 12/12 [00:00<00:00, 64.62it/s]
epoch=4 train_loss=0.0955 val_loss=0.1029 val_mae=0.1801 val_rmse=0.2422 val_pearson=-0.1710 val_spearman=-0.1033 val_majority_sentiment_accuracy=0.9577 val_majority_sentiment_macro_f1=0.3261 val_majority_sentiment_weighted_f1=0.9371

epoch 5/5:   0%|          | 0/12 [00:00<?, ?it/s]
epoch 5/5:  58%|█████▊    | 7/12 [00:00<00:00, 61.98it/s]
epoch 5/5: 100%|██████████| 12/12 [00:00<00:00, 65.35it/s]
epoch=5 train_loss=0.0848 val_loss=0.1009 val_mae=0.1670 val_rmse=0.2327 val_pearson=-0.1483 val_spearman=-0.0637 val_majority_sentiment_accuracy=0.9577 val_majority_sentiment_macro_f1=0.3261 val_majority_sentiment_weighted_f1=0.9371
saved_model=runs/20260323_091703_cross_event_ferguson/text_baseline/artifacts/text_baseline_ferguson_train.pt
saved_config=runs/20260323_091703_cross_event_ferguson/text_baseline/artifacts/text_baseline_ferguson_train.json
saved_summary=runs/20260323_091703_cross_event_ferguson/text_baseline/artifacts/text_baseline_ferguson_train_summary.json
param_count=2577284
==> command_exit command=/home/alexmhliu/auto_install/miniconda3/envs/asf311/bin/python src/train.py --train_path /tmp/pheme_cross_event_8j60zwfh/ferguson_train.jsonl --model text_baseline --device cuda --epochs 5 --batch_size 16 --seed 42 --capacity_group default --output_dir runs/20260323_091703_cross_event_ferguson/text_baseline/artifacts --val_path /tmp/pheme_cross_event_8j60zwfh/ferguson_val.jsonl returncode=0
==> command_duration_seconds 5.47
==> evaluate model=text_baseline

$ /home/alexmhliu/auto_install/miniconda3/envs/asf311/bin/python src/evaluate.py --data_path /tmp/pheme_cross_event_8j60zwfh/ferguson_test.jsonl --model text_baseline --model_path runs/20260323_091703_cross_event_ferguson/text_baseline/artifacts/text_baseline_ferguson_train.pt --config_path runs/20260323_091703_cross_event_ferguson/text_baseline/artifacts/text_baseline_ferguson_train.json --device cuda --output_dir runs/20260323_091703_cross_event_ferguson/text_baseline/eval
/tmp/asf_main_clean/src/evaluate.py:254: FutureWarning: You are using `torch.load` with `weights_only=False` (the current default value), which uses the default pickle module implicitly. It is possible to construct malicious pickle data which will execute arbitrary code during unpickling (See https://github.com/pytorch/pytorch/blob/main/SECURITY.md#untrusted-models for more details). In a future release, the default value for `weights_only` will be flipped to `True`. This limits the functions that could be executed during unpickling. Arbitrary objects will no longer be allowed to be loaded via this mode unless they are explicitly allowlisted by the user via `torch.serialization.add_safe_globals`. We recommend you start setting `weights_only=True` for any use case where you don't have full control of the loaded file. Please open an issue on GitHub for any issues related to this experimental feature.
  state = torch.load(args.model_path, map_location=args.device)
group=overall value=all num_threads=46 mae=0.1419 rmse=0.1757
group=split value=test num_threads=46 mae=0.1419 rmse=0.1757
group=observation_ratio value=0.5 num_threads=46 mae=0.1419 rmse=0.1757
group=event value=ferguson num_threads=46 mae=0.1419 rmse=0.1757
saved_predictions=runs/20260323_091703_cross_event_ferguson/text_baseline/eval/predictions.jsonl
saved_summary=runs/20260323_091703_cross_event_ferguson/text_baseline/eval/results_summary.csv
saved_event_errors=runs/20260323_091703_cross_event_ferguson/text_baseline/eval/error_analysis_by_event.csv
==> command_exit command=/home/alexmhliu/auto_install/miniconda3/envs/asf311/bin/python src/evaluate.py --data_path /tmp/pheme_cross_event_8j60zwfh/ferguson_test.jsonl --model text_baseline --model_path runs/20260323_091703_cross_event_ferguson/text_baseline/artifacts/text_baseline_ferguson_train.pt --config_path runs/20260323_091703_cross_event_ferguson/text_baseline/artifacts/text_baseline_ferguson_train.json --device cuda --output_dir runs/20260323_091703_cross_event_ferguson/text_baseline/eval returncode=0
==> command_duration_seconds 3.03
==> train model=temporal_baseline

$ /home/alexmhliu/auto_install/miniconda3/envs/asf311/bin/python src/train.py --train_path /tmp/pheme_cross_event_8j60zwfh/ferguson_train.jsonl --model temporal_baseline --device cuda --epochs 5 --batch_size 16 --seed 42 --capacity_group default --output_dir runs/20260323_091703_cross_event_ferguson/temporal_baseline/artifacts --val_path /tmp/pheme_cross_event_8j60zwfh/ferguson_val.jsonl

epoch 1/5:   0%|          | 0/12 [00:00<?, ?it/s]
epoch 1/5:   8%|▊         | 1/12 [00:00<00:03,  2.78it/s]
epoch 1/5:  42%|████▏     | 5/12 [00:00<00:00, 13.33it/s]
epoch 1/5:  83%|████████▎ | 10/12 [00:00<00:00, 22.54it/s]
epoch 1/5: 100%|██████████| 12/12 [00:00<00:00, 19.51it/s]
epoch=1 train_loss=0.2506 val_loss=0.1266 val_mae=0.1639 val_rmse=0.2341 val_pearson=0.0120 val_spearman=0.0323 val_majority_sentiment_accuracy=0.9577 val_majority_sentiment_macro_f1=0.3261 val_majority_sentiment_weighted_f1=0.9371

epoch 2/5:   0%|          | 0/12 [00:00<?, ?it/s]
epoch 2/5:  42%|████▏     | 5/12 [00:00<00:00, 43.75it/s]
epoch 2/5:  83%|████████▎ | 10/12 [00:00<00:00, 41.52it/s]
epoch 2/5: 100%|██████████| 12/12 [00:00<00:00, 42.67it/s]
epoch=2 train_loss=0.1220 val_loss=0.0896 val_mae=0.1371 val_rmse=0.2191 val_pearson=-0.0741 val_spearman=0.0035 val_majority_sentiment_accuracy=0.9577 val_majority_sentiment_macro_f1=0.3261 val_majority_sentiment_weighted_f1=0.9371

epoch 3/5:   0%|          | 0/12 [00:00<?, ?it/s]
epoch 3/5:  33%|███▎      | 4/12 [00:00<00:00, 39.49it/s]
epoch 3/5:  67%|██████▋   | 8/12 [00:00<00:00, 39.78it/s]
epoch 3/5: 100%|██████████| 12/12 [00:00<00:00, 42.75it/s]
epoch=3 train_loss=0.1004 val_loss=0.0936 val_mae=0.1725 val_rmse=0.2335 val_pearson=-0.1083 val_spearman=0.0284 val_majority_sentiment_accuracy=0.9577 val_majority_sentiment_macro_f1=0.3261 val_majority_sentiment_weighted_f1=0.9371

epoch 4/5:   0%|          | 0/12 [00:00<?, ?it/s]
epoch 4/5:  42%|████▏     | 5/12 [00:00<00:00, 42.51it/s]
epoch 4/5:  83%|████████▎ | 10/12 [00:00<00:00, 40.93it/s]
epoch 4/5: 100%|██████████| 12/12 [00:00<00:00, 42.82it/s]
epoch=4 train_loss=0.0872 val_loss=0.0957 val_mae=0.1481 val_rmse=0.2259 val_pearson=-0.1206 val_spearman=-0.0109 val_majority_sentiment_accuracy=0.9577 val_majority_sentiment_macro_f1=0.3261 val_majority_sentiment_weighted_f1=0.9371

epoch 5/5:   0%|          | 0/12 [00:00<?, ?it/s]
epoch 5/5:  42%|████▏     | 5/12 [00:00<00:00, 44.82it/s]
epoch 5/5:  83%|████████▎ | 10/12 [00:00<00:00, 39.87it/s]
epoch 5/5: 100%|██████████| 12/12 [00:00<00:00, 43.13it/s]
epoch=5 train_loss=0.0769 val_loss=0.0960 val_mae=0.1504 val_rmse=0.2272 val_pearson=-0.1353 val_spearman=-0.0176 val_majority_sentiment_accuracy=0.9577 val_majority_sentiment_macro_f1=0.3261 val_majority_sentiment_weighted_f1=0.9371
saved_model=runs/20260323_091703_cross_event_ferguson/temporal_baseline/artifacts/temporal_baseline_ferguson_train.pt
saved_config=runs/20260323_091703_cross_event_ferguson/temporal_baseline/artifacts/temporal_baseline_ferguson_train.json
saved_summary=runs/20260323_091703_cross_event_ferguson/temporal_baseline/artifacts/temporal_baseline_ferguson_train_summary.json
param_count=2709380
==> command_exit command=/home/alexmhliu/auto_install/miniconda3/envs/asf311/bin/python src/train.py --train_path /tmp/pheme_cross_event_8j60zwfh/ferguson_train.jsonl --model temporal_baseline --device cuda --epochs 5 --batch_size 16 --seed 42 --capacity_group default --output_dir runs/20260323_091703_cross_event_ferguson/temporal_baseline/artifacts --val_path /tmp/pheme_cross_event_8j60zwfh/ferguson_val.jsonl returncode=0
==> command_duration_seconds 6.15
==> evaluate model=temporal_baseline

$ /home/alexmhliu/auto_install/miniconda3/envs/asf311/bin/python src/evaluate.py --data_path /tmp/pheme_cross_event_8j60zwfh/ferguson_test.jsonl --model temporal_baseline --model_path runs/20260323_091703_cross_event_ferguson/temporal_baseline/artifacts/temporal_baseline_ferguson_train.pt --config_path runs/20260323_091703_cross_event_ferguson/temporal_baseline/artifacts/temporal_baseline_ferguson_train.json --device cuda --output_dir runs/20260323_091703_cross_event_ferguson/temporal_baseline/eval
/tmp/asf_main_clean/src/evaluate.py:254: FutureWarning: You are using `torch.load` with `weights_only=False` (the current default value), which uses the default pickle module implicitly. It is possible to construct malicious pickle data which will execute arbitrary code during unpickling (See https://github.com/pytorch/pytorch/blob/main/SECURITY.md#untrusted-models for more details). In a future release, the default value for `weights_only` will be flipped to `True`. This limits the functions that could be executed during unpickling. Arbitrary objects will no longer be allowed to be loaded via this mode unless they are explicitly allowlisted by the user via `torch.serialization.add_safe_globals`. We recommend you start setting `weights_only=True` for any use case where you don't have full control of the loaded file. Please open an issue on GitHub for any issues related to this experimental feature.
  state = torch.load(args.model_path, map_location=args.device)
group=overall value=all num_threads=46 mae=0.1105 rmse=0.1418
group=split value=test num_threads=46 mae=0.1105 rmse=0.1418
group=observation_ratio value=0.5 num_threads=46 mae=0.1105 rmse=0.1418
group=event value=ferguson num_threads=46 mae=0.1105 rmse=0.1418
saved_predictions=runs/20260323_091703_cross_event_ferguson/temporal_baseline/eval/predictions.jsonl
saved_summary=runs/20260323_091703_cross_event_ferguson/temporal_baseline/eval/results_summary.csv
saved_event_errors=runs/20260323_091703_cross_event_ferguson/temporal_baseline/eval/error_analysis_by_event.csv
==> command_exit command=/home/alexmhliu/auto_install/miniconda3/envs/asf311/bin/python src/evaluate.py --data_path /tmp/pheme_cross_event_8j60zwfh/ferguson_test.jsonl --model temporal_baseline --model_path runs/20260323_091703_cross_event_ferguson/temporal_baseline/artifacts/temporal_baseline_ferguson_train.pt --config_path runs/20260323_091703_cross_event_ferguson/temporal_baseline/artifacts/temporal_baseline_ferguson_train.json --device cuda --output_dir runs/20260323_091703_cross_event_ferguson/temporal_baseline/eval returncode=0
==> command_duration_seconds 3.13
==> train model=structure_baseline

$ /home/alexmhliu/auto_install/miniconda3/envs/asf311/bin/python src/train.py --train_path /tmp/pheme_cross_event_8j60zwfh/ferguson_train.jsonl --model structure_baseline --device cuda --epochs 5 --batch_size 16 --seed 42 --capacity_group default --output_dir runs/20260323_091703_cross_event_ferguson/structure_baseline/artifacts --val_path /tmp/pheme_cross_event_8j60zwfh/ferguson_val.jsonl

epoch 1/5:   0%|          | 0/12 [00:00<?, ?it/s]
epoch 1/5:   8%|▊         | 1/12 [00:00<00:02,  3.79it/s]
epoch 1/5:  58%|█████▊    | 7/12 [00:00<00:00, 23.16it/s]
epoch 1/5: 100%|██████████| 12/12 [00:00<00:00, 26.94it/s]
epoch=1 train_loss=0.2108 val_loss=0.1181 val_mae=0.2227 val_rmse=0.2586 val_pearson=-0.3818 val_spearman=0.0844 val_majority_sentiment_accuracy=0.9577 val_majority_sentiment_macro_f1=0.3261 val_majority_sentiment_weighted_f1=0.9371

epoch 2/5:   0%|          | 0/12 [00:00<?, ?it/s]
epoch 2/5:  58%|█████▊    | 7/12 [00:00<00:00, 57.75it/s]
epoch 2/5: 100%|██████████| 12/12 [00:00<00:00, 61.19it/s]
epoch=2 train_loss=0.1286 val_loss=0.1150 val_mae=0.2254 val_rmse=0.2615 val_pearson=-0.2700 val_spearman=0.2014 val_majority_sentiment_accuracy=0.9577 val_majority_sentiment_macro_f1=0.3261 val_majority_sentiment_weighted_f1=0.9371

epoch 3/5:   0%|          | 0/12 [00:00<?, ?it/s]
epoch 3/5:  50%|█████     | 6/12 [00:00<00:00, 58.76it/s]
epoch 3/5: 100%|██████████| 12/12 [00:00<00:00, 60.94it/s]
epoch=3 train_loss=0.1104 val_loss=0.0952 val_mae=0.1608 val_rmse=0.2119 val_pearson=-0.2864 val_spearman=-0.0663 val_majority_sentiment_accuracy=0.9577 val_majority_sentiment_macro_f1=0.3261 val_majority_sentiment_weighted_f1=0.9371

epoch 4/5:   0%|          | 0/12 [00:00<?, ?it/s]
epoch 4/5:  50%|█████     | 6/12 [00:00<00:00, 57.22it/s]
epoch 4/5: 100%|██████████| 12/12 [00:00<00:00, 60.65it/s]
epoch=4 train_loss=0.1127 val_loss=0.1081 val_mae=0.1992 val_rmse=0.2414 val_pearson=-0.3217 val_spearman=-0.0427 val_majority_sentiment_accuracy=0.9577 val_majority_sentiment_macro_f1=0.3261 val_majority_sentiment_weighted_f1=0.9371

epoch 5/5:   0%|          | 0/12 [00:00<?, ?it/s]
epoch 5/5:  50%|█████     | 6/12 [00:00<00:00, 57.75it/s]
epoch 5/5: 100%|██████████| 12/12 [00:00<00:00, 60.68it/s]
epoch=5 train_loss=0.1444 val_loss=0.1141 val_mae=0.2099 val_rmse=0.2528 val_pearson=-0.3331 val_spearman=-0.0020 val_majority_sentiment_accuracy=0.9577 val_majority_sentiment_macro_f1=0.3261 val_majority_sentiment_weighted_f1=0.9371
saved_model=runs/20260323_091703_cross_event_ferguson/structure_baseline/artifacts/structure_baseline_ferguson_train.pt
saved_config=runs/20260323_091703_cross_event_ferguson/structure_baseline/artifacts/structure_baseline_ferguson_train.json
saved_summary=runs/20260323_091703_cross_event_ferguson/structure_baseline/artifacts/structure_baseline_ferguson_train_summary.json
param_count=2595076
==> command_exit command=/home/alexmhliu/auto_install/miniconda3/envs/asf311/bin/python src/train.py --train_path /tmp/pheme_cross_event_8j60zwfh/ferguson_train.jsonl --model structure_baseline --device cuda --epochs 5 --batch_size 16 --seed 42 --capacity_group default --output_dir runs/20260323_091703_cross_event_ferguson/structure_baseline/artifacts --val_path /tmp/pheme_cross_event_8j60zwfh/ferguson_val.jsonl returncode=0
==> command_duration_seconds 5.63
==> evaluate model=structure_baseline

$ /home/alexmhliu/auto_install/miniconda3/envs/asf311/bin/python src/evaluate.py --data_path /tmp/pheme_cross_event_8j60zwfh/ferguson_test.jsonl --model structure_baseline --model_path runs/20260323_091703_cross_event_ferguson/structure_baseline/artifacts/structure_baseline_ferguson_train.pt --config_path runs/20260323_091703_cross_event_ferguson/structure_baseline/artifacts/structure_baseline_ferguson_train.json --device cuda --output_dir runs/20260323_091703_cross_event_ferguson/structure_baseline/eval
/tmp/asf_main_clean/src/evaluate.py:254: FutureWarning: You are using `torch.load` with `weights_only=False` (the current default value), which uses the default pickle module implicitly. It is possible to construct malicious pickle data which will execute arbitrary code during unpickling (See https://github.com/pytorch/pytorch/blob/main/SECURITY.md#untrusted-models for more details). In a future release, the default value for `weights_only` will be flipped to `True`. This limits the functions that could be executed during unpickling. Arbitrary objects will no longer be allowed to be loaded via this mode unless they are explicitly allowlisted by the user via `torch.serialization.add_safe_globals`. We recommend you start setting `weights_only=True` for any use case where you don't have full control of the loaded file. Please open an issue on GitHub for any issues related to this experimental feature.
  state = torch.load(args.model_path, map_location=args.device)
group=overall value=all num_threads=46 mae=0.1162 rmse=0.1375
group=split value=test num_threads=46 mae=0.1162 rmse=0.1375
group=observation_ratio value=0.5 num_threads=46 mae=0.1162 rmse=0.1375
group=event value=ferguson num_threads=46 mae=0.1162 rmse=0.1375
saved_predictions=runs/20260323_091703_cross_event_ferguson/structure_baseline/eval/predictions.jsonl
saved_summary=runs/20260323_091703_cross_event_ferguson/structure_baseline/eval/results_summary.csv
saved_event_errors=runs/20260323_091703_cross_event_ferguson/structure_baseline/eval/error_analysis_by_event.csv
==> command_exit command=/home/alexmhliu/auto_install/miniconda3/envs/asf311/bin/python src/evaluate.py --data_path /tmp/pheme_cross_event_8j60zwfh/ferguson_test.jsonl --model structure_baseline --model_path runs/20260323_091703_cross_event_ferguson/structure_baseline/artifacts/structure_baseline_ferguson_train.pt --config_path runs/20260323_091703_cross_event_ferguson/structure_baseline/artifacts/structure_baseline_ferguson_train.json --device cuda --output_dir runs/20260323_091703_cross_event_ferguson/structure_baseline/eval returncode=0
==> command_duration_seconds 3.02
==> train model=affect_state_forecaster

$ /home/alexmhliu/auto_install/miniconda3/envs/asf311/bin/python src/train.py --train_path /tmp/pheme_cross_event_8j60zwfh/ferguson_train.jsonl --model affect_state_forecaster --device cuda --epochs 5 --batch_size 16 --seed 42 --capacity_group default --output_dir runs/20260323_091703_cross_event_ferguson/affect_state_forecaster/artifacts --val_path /tmp/pheme_cross_event_8j60zwfh/ferguson_val.jsonl

epoch 1/5:   0%|          | 0/12 [00:00<?, ?it/s]
epoch 1/5:   8%|▊         | 1/12 [00:00<00:04,  2.71it/s]
epoch 1/5:  42%|████▏     | 5/12 [00:00<00:00, 12.81it/s]
epoch 1/5:  75%|███████▌  | 9/12 [00:00<00:00, 20.03it/s]
epoch 1/5: 100%|██████████| 12/12 [00:00<00:00, 18.40it/s]
epoch=1 train_loss=0.2180 val_loss=0.0958 val_mae=0.1341 val_rmse=0.1907 val_pearson=-0.0722 val_spearman=0.2645 val_majority_sentiment_accuracy=0.9577 val_majority_sentiment_macro_f1=0.3261 val_majority_sentiment_weighted_f1=0.9371

epoch 2/5:   0%|          | 0/12 [00:00<?, ?it/s]
epoch 2/5:  33%|███▎      | 4/12 [00:00<00:00, 39.81it/s]
epoch 2/5:  67%|██████▋   | 8/12 [00:00<00:00, 35.75it/s]
epoch 2/5: 100%|██████████| 12/12 [00:00<00:00, 38.23it/s]
epoch=2 train_loss=0.1273 val_loss=0.0844 val_mae=0.1436 val_rmse=0.1947 val_pearson=-0.1065 val_spearman=0.3094 val_majority_sentiment_accuracy=0.9577 val_majority_sentiment_macro_f1=0.3261 val_majority_sentiment_weighted_f1=0.9371

epoch 3/5:   0%|          | 0/12 [00:00<?, ?it/s]
epoch 3/5:  33%|███▎      | 4/12 [00:00<00:00, 39.97it/s]
epoch 3/5:  67%|██████▋   | 8/12 [00:00<00:00, 36.74it/s]
epoch 3/5: 100%|██████████| 12/12 [00:00<00:00, 38.44it/s]
epoch=3 train_loss=0.1276 val_loss=0.1025 val_mae=0.2004 val_rmse=0.2357 val_pearson=-0.2116 val_spearman=0.0265 val_majority_sentiment_accuracy=0.9577 val_majority_sentiment_macro_f1=0.3261 val_majority_sentiment_weighted_f1=0.9371

epoch 4/5:   0%|          | 0/12 [00:00<?, ?it/s]
epoch 4/5:  33%|███▎      | 4/12 [00:00<00:00, 37.75it/s]
epoch 4/5:  67%|██████▋   | 8/12 [00:00<00:00, 37.30it/s]
epoch 4/5: 100%|██████████| 12/12 [00:00<00:00, 38.72it/s]
epoch=4 train_loss=0.1232 val_loss=0.1008 val_mae=0.1163 val_rmse=0.2205 val_pearson=-0.2353 val_spearman=0.0107 val_majority_sentiment_accuracy=0.9577 val_majority_sentiment_macro_f1=0.3261 val_majority_sentiment_weighted_f1=0.9371

epoch 5/5:   0%|          | 0/12 [00:00<?, ?it/s]
epoch 5/5:  42%|████▏     | 5/12 [00:00<00:00, 41.42it/s]
epoch 5/5:  83%|████████▎ | 10/12 [00:00<00:00, 36.47it/s]
epoch 5/5: 100%|██████████| 12/12 [00:00<00:00, 38.72it/s]
epoch=5 train_loss=0.1117 val_loss=0.0891 val_mae=0.1471 val_rmse=0.1978 val_pearson=-0.2444 val_spearman=-0.0165 val_majority_sentiment_accuracy=0.9577 val_majority_sentiment_macro_f1=0.3261 val_majority_sentiment_weighted_f1=0.9371
saved_model=runs/20260323_091703_cross_event_ferguson/affect_state_forecaster/artifacts/affect_state_forecaster_ferguson_train.pt
saved_config=runs/20260323_091703_cross_event_ferguson/affect_state_forecaster/artifacts/affect_state_forecaster_ferguson_train.json
saved_summary=runs/20260323_091703_cross_event_ferguson/affect_state_forecaster/artifacts/affect_state_forecaster_ferguson_train_summary.json
param_count=5417259
==> command_exit command=/home/alexmhliu/auto_install/miniconda3/envs/asf311/bin/python src/train.py --train_path /tmp/pheme_cross_event_8j60zwfh/ferguson_train.jsonl --model affect_state_forecaster --device cuda --epochs 5 --batch_size 16 --seed 42 --capacity_group default --output_dir runs/20260323_091703_cross_event_ferguson/affect_state_forecaster/artifacts --val_path /tmp/pheme_cross_event_8j60zwfh/ferguson_val.jsonl returncode=0
==> command_duration_seconds 6.35
==> evaluate model=affect_state_forecaster

$ /home/alexmhliu/auto_install/miniconda3/envs/asf311/bin/python src/evaluate.py --data_path /tmp/pheme_cross_event_8j60zwfh/ferguson_test.jsonl --model affect_state_forecaster --model_path runs/20260323_091703_cross_event_ferguson/affect_state_forecaster/artifacts/affect_state_forecaster_ferguson_train.pt --config_path runs/20260323_091703_cross_event_ferguson/affect_state_forecaster/artifacts/affect_state_forecaster_ferguson_train.json --device cuda --output_dir runs/20260323_091703_cross_event_ferguson/affect_state_forecaster/eval
/tmp/asf_main_clean/src/evaluate.py:254: FutureWarning: You are using `torch.load` with `weights_only=False` (the current default value), which uses the default pickle module implicitly. It is possible to construct malicious pickle data which will execute arbitrary code during unpickling (See https://github.com/pytorch/pytorch/blob/main/SECURITY.md#untrusted-models for more details). In a future release, the default value for `weights_only` will be flipped to `True`. This limits the functions that could be executed during unpickling. Arbitrary objects will no longer be allowed to be loaded via this mode unless they are explicitly allowlisted by the user via `torch.serialization.add_safe_globals`. We recommend you start setting `weights_only=True` for any use case where you don't have full control of the loaded file. Please open an issue on GitHub for any issues related to this experimental feature.
  state = torch.load(args.model_path, map_location=args.device)
group=overall value=all num_threads=46 mae=0.1093 rmse=0.1278
group=split value=test num_threads=46 mae=0.1093 rmse=0.1278
group=observation_ratio value=0.5 num_threads=46 mae=0.1093 rmse=0.1278
group=event value=ferguson num_threads=46 mae=0.1093 rmse=0.1278
saved_predictions=runs/20260323_091703_cross_event_ferguson/affect_state_forecaster/eval/predictions.jsonl
saved_summary=runs/20260323_091703_cross_event_ferguson/affect_state_forecaster/eval/results_summary.csv
saved_event_errors=runs/20260323_091703_cross_event_ferguson/affect_state_forecaster/eval/error_analysis_by_event.csv
==> command_exit command=/home/alexmhliu/auto_install/miniconda3/envs/asf311/bin/python src/evaluate.py --data_path /tmp/pheme_cross_event_8j60zwfh/ferguson_test.jsonl --model affect_state_forecaster --model_path runs/20260323_091703_cross_event_ferguson/affect_state_forecaster/artifacts/affect_state_forecaster_ferguson_train.pt --config_path runs/20260323_091703_cross_event_ferguson/affect_state_forecaster/artifacts/affect_state_forecaster_ferguson_train.json --device cuda --output_dir runs/20260323_091703_cross_event_ferguson/affect_state_forecaster/eval returncode=0
==> command_duration_seconds 3.19
==> train model=patchtst_baseline

$ /home/alexmhliu/auto_install/miniconda3/envs/asf311/bin/python src/train.py --train_path /tmp/pheme_cross_event_8j60zwfh/ferguson_train.jsonl --model patchtst_baseline --device cuda --epochs 5 --batch_size 16 --seed 42 --capacity_group default --output_dir runs/20260323_091703_cross_event_ferguson/patchtst_baseline/artifacts --val_path /tmp/pheme_cross_event_8j60zwfh/ferguson_val.jsonl

epoch 1/5:   0%|          | 0/12 [00:00<?, ?it/s]
epoch 1/5:   8%|▊         | 1/12 [00:00<00:02,  4.16it/s]
epoch 1/5:  58%|█████▊    | 7/12 [00:00<00:00, 23.50it/s]
epoch 1/5: 100%|██████████| 12/12 [00:00<00:00, 27.24it/s]
epoch=1 train_loss=0.1934 val_loss=0.0864 val_mae=0.1163 val_rmse=0.1851 val_pearson=-0.1958 val_spearman=0.0374 val_majority_sentiment_accuracy=0.9577 val_majority_sentiment_macro_f1=0.3261 val_majority_sentiment_weighted_f1=0.9371

epoch 2/5:   0%|          | 0/12 [00:00<?, ?it/s]
epoch 2/5:  50%|█████     | 6/12 [00:00<00:00, 56.64it/s]
epoch 2/5: 100%|██████████| 12/12 [00:00<00:00, 56.75it/s]
epoch 2/5: 100%|██████████| 12/12 [00:00<00:00, 56.68it/s]
epoch=2 train_loss=0.1063 val_loss=0.0852 val_mae=0.1409 val_rmse=0.1944 val_pearson=-0.1415 val_spearman=0.2744 val_majority_sentiment_accuracy=0.9577 val_majority_sentiment_macro_f1=0.3261 val_majority_sentiment_weighted_f1=0.9371

epoch 3/5:   0%|          | 0/12 [00:00<?, ?it/s]
epoch 3/5:  50%|█████     | 6/12 [00:00<00:00, 54.46it/s]
epoch 3/5: 100%|██████████| 12/12 [00:00<00:00, 56.53it/s]
epoch 3/5: 100%|██████████| 12/12 [00:00<00:00, 56.16it/s]
epoch=3 train_loss=0.1071 val_loss=0.0872 val_mae=0.1385 val_rmse=0.1937 val_pearson=-0.1412 val_spearman=0.2812 val_majority_sentiment_accuracy=0.9577 val_majority_sentiment_macro_f1=0.3261 val_majority_sentiment_weighted_f1=0.9371

epoch 4/5:   0%|          | 0/12 [00:00<?, ?it/s]
epoch 4/5:  50%|█████     | 6/12 [00:00<00:00, 57.81it/s]
epoch 4/5: 100%|██████████| 12/12 [00:00<00:00, 56.06it/s]
epoch 4/5: 100%|██████████| 12/12 [00:00<00:00, 56.26it/s]
epoch=4 train_loss=0.1117 val_loss=0.0888 val_mae=0.1053 val_rmse=0.1895 val_pearson=-0.1379 val_spearman=0.2838 val_majority_sentiment_accuracy=0.9577 val_majority_sentiment_macro_f1=0.3261 val_majority_sentiment_weighted_f1=0.9371

epoch 5/5:   0%|          | 0/12 [00:00<?, ?it/s]
epoch 5/5:  50%|█████     | 6/12 [00:00<00:00, 51.33it/s]
epoch 5/5: 100%|██████████| 12/12 [00:00<00:00, 56.87it/s]
epoch=5 train_loss=0.1161 val_loss=0.0863 val_mae=0.0986 val_rmse=0.1950 val_pearson=-0.1402 val_spearman=0.2818 val_majority_sentiment_accuracy=0.9577 val_majority_sentiment_macro_f1=0.3261 val_majority_sentiment_weighted_f1=0.9371
saved_model=runs/20260323_091703_cross_event_ferguson/patchtst_baseline/artifacts/patchtst_baseline_ferguson_train.pt
saved_config=runs/20260323_091703_cross_event_ferguson/patchtst_baseline/artifacts/patchtst_baseline_ferguson_train.json
saved_summary=runs/20260323_091703_cross_event_ferguson/patchtst_baseline/artifacts/patchtst_baseline_ferguson_train_summary.json
param_count=1205508
==> command_exit command=/home/alexmhliu/auto_install/miniconda3/envs/asf311/bin/python src/train.py --train_path /tmp/pheme_cross_event_8j60zwfh/ferguson_train.jsonl --model patchtst_baseline --device cuda --epochs 5 --batch_size 16 --seed 42 --capacity_group default --output_dir runs/20260323_091703_cross_event_ferguson/patchtst_baseline/artifacts --val_path /tmp/pheme_cross_event_8j60zwfh/ferguson_val.jsonl returncode=0
==> command_duration_seconds 5.5
==> evaluate model=patchtst_baseline

$ /home/alexmhliu/auto_install/miniconda3/envs/asf311/bin/python src/evaluate.py --data_path /tmp/pheme_cross_event_8j60zwfh/ferguson_test.jsonl --model patchtst_baseline --model_path runs/20260323_091703_cross_event_ferguson/patchtst_baseline/artifacts/patchtst_baseline_ferguson_train.pt --config_path runs/20260323_091703_cross_event_ferguson/patchtst_baseline/artifacts/patchtst_baseline_ferguson_train.json --device cuda --output_dir runs/20260323_091703_cross_event_ferguson/patchtst_baseline/eval
/tmp/asf_main_clean/src/evaluate.py:254: FutureWarning: You are using `torch.load` with `weights_only=False` (the current default value), which uses the default pickle module implicitly. It is possible to construct malicious pickle data which will execute arbitrary code during unpickling (See https://github.com/pytorch/pytorch/blob/main/SECURITY.md#untrusted-models for more details). In a future release, the default value for `weights_only` will be flipped to `True`. This limits the functions that could be executed during unpickling. Arbitrary objects will no longer be allowed to be loaded via this mode unless they are explicitly allowlisted by the user via `torch.serialization.add_safe_globals`. We recommend you start setting `weights_only=True` for any use case where you don't have full control of the loaded file. Please open an issue on GitHub for any issues related to this experimental feature.
  state = torch.load(args.model_path, map_location=args.device)
group=overall value=all num_threads=46 mae=0.1076 rmse=0.1259
group=split value=test num_threads=46 mae=0.1076 rmse=0.1259
group=observation_ratio value=0.5 num_threads=46 mae=0.1076 rmse=0.1259
group=event value=ferguson num_threads=46 mae=0.1076 rmse=0.1259
saved_predictions=runs/20260323_091703_cross_event_ferguson/patchtst_baseline/eval/predictions.jsonl
saved_summary=runs/20260323_091703_cross_event_ferguson/patchtst_baseline/eval/results_summary.csv
saved_event_errors=runs/20260323_091703_cross_event_ferguson/patchtst_baseline/eval/error_analysis_by_event.csv
==> command_exit command=/home/alexmhliu/auto_install/miniconda3/envs/asf311/bin/python src/evaluate.py --data_path /tmp/pheme_cross_event_8j60zwfh/ferguson_test.jsonl --model patchtst_baseline --model_path runs/20260323_091703_cross_event_ferguson/patchtst_baseline/artifacts/patchtst_baseline_ferguson_train.pt --config_path runs/20260323_091703_cross_event_ferguson/patchtst_baseline/artifacts/patchtst_baseline_ferguson_train.json --device cuda --output_dir runs/20260323_091703_cross_event_ferguson/patchtst_baseline/eval returncode=0
==> command_duration_seconds 3.04
==> train model=thread_transformer_baseline

$ /home/alexmhliu/auto_install/miniconda3/envs/asf311/bin/python src/train.py --train_path /tmp/pheme_cross_event_8j60zwfh/ferguson_train.jsonl --model thread_transformer_baseline --device cuda --epochs 5 --batch_size 16 --seed 42 --capacity_group default --output_dir runs/20260323_091703_cross_event_ferguson/thread_transformer_baseline/artifacts --val_path /tmp/pheme_cross_event_8j60zwfh/ferguson_val.jsonl

epoch 1/5:   0%|          | 0/12 [00:00<?, ?it/s]
epoch 1/5:   8%|▊         | 1/12 [00:00<00:04,  2.69it/s]
epoch 1/5:  33%|███▎      | 4/12 [00:00<00:00, 10.07it/s]
epoch 1/5:  67%|██████▋   | 8/12 [00:00<00:00, 17.79it/s]
epoch 1/5:  92%|█████████▏| 11/12 [00:00<00:00, 20.45it/s]
epoch 1/5: 100%|██████████| 12/12 [00:00<00:00, 16.68it/s]
/home/alexmhliu/auto_install/miniconda3/envs/asf311/lib/python3.11/site-packages/torch/nn/modules/transformer.py:502: UserWarning: The PyTorch API of nested tensors is in prototype stage and will change in the near future. (Triggered internally at ../aten/src/ATen/NestedTensorImpl.cpp:178.)
  output = torch._nested_tensor_from_mask(
epoch=1 train_loss=0.2634 val_loss=0.1028 val_mae=0.1394 val_rmse=0.2343 val_pearson=-0.1771 val_spearman=0.0529 val_majority_sentiment_accuracy=0.9577 val_majority_sentiment_macro_f1=0.3261 val_majority_sentiment_weighted_f1=0.9371

epoch 2/5:   0%|          | 0/12 [00:00<?, ?it/s]
epoch 2/5:  25%|██▌       | 3/12 [00:00<00:00, 27.53it/s]
epoch 2/5:  50%|█████     | 6/12 [00:00<00:00, 28.80it/s]
epoch 2/5:  83%|████████▎ | 10/12 [00:00<00:00, 30.74it/s]
epoch 2/5: 100%|██████████| 12/12 [00:00<00:00, 31.92it/s]
epoch=2 train_loss=0.1190 val_loss=0.0844 val_mae=0.1024 val_rmse=0.1955 val_pearson=-0.1903 val_spearman=0.2382 val_majority_sentiment_accuracy=0.9577 val_majority_sentiment_macro_f1=0.3261 val_majority_sentiment_weighted_f1=0.9371

epoch 3/5:   0%|          | 0/12 [00:00<?, ?it/s]
epoch 3/5:  33%|███▎      | 4/12 [00:00<00:00, 30.95it/s]
epoch 3/5:  67%|██████▋   | 8/12 [00:00<00:00, 31.50it/s]
epoch 3/5: 100%|██████████| 12/12 [00:00<00:00, 31.91it/s]
epoch 3/5: 100%|██████████| 12/12 [00:00<00:00, 31.72it/s]
epoch=3 train_loss=0.1368 val_loss=0.0932 val_mae=0.1503 val_rmse=0.2037 val_pearson=-0.1998 val_spearman=0.1623 val_majority_sentiment_accuracy=0.9577 val_majority_sentiment_macro_f1=0.3261 val_majority_sentiment_weighted_f1=0.9371

epoch 4/5:   0%|          | 0/12 [00:00<?, ?it/s]
epoch 4/5:  25%|██▌       | 3/12 [00:00<00:00, 29.92it/s]
epoch 4/5:  58%|█████▊    | 7/12 [00:00<00:00, 31.27it/s]
epoch 4/5:  92%|█████████▏| 11/12 [00:00<00:00, 30.41it/s]
epoch 4/5: 100%|██████████| 12/12 [00:00<00:00, 32.06it/s]
epoch=4 train_loss=0.1137 val_loss=0.0946 val_mae=0.1251 val_rmse=0.1927 val_pearson=-0.1689 val_spearman=0.1435 val_majority_sentiment_accuracy=0.9577 val_majority_sentiment_macro_f1=0.3261 val_majority_sentiment_weighted_f1=0.9371

epoch 5/5:   0%|          | 0/12 [00:00<?, ?it/s]
epoch 5/5:  33%|███▎      | 4/12 [00:00<00:00, 34.68it/s]
epoch 5/5:  67%|██████▋   | 8/12 [00:00<00:00, 29.10it/s]
epoch 5/5: 100%|██████████| 12/12 [00:00<00:00, 32.17it/s]
epoch 5/5: 100%|██████████| 12/12 [00:00<00:00, 31.82it/s]
epoch=5 train_loss=0.1096 val_loss=0.0878 val_mae=0.1101 val_rmse=0.1964 val_pearson=-0.1573 val_spearman=0.1379 val_majority_sentiment_accuracy=0.9577 val_majority_sentiment_macro_f1=0.3261 val_majority_sentiment_weighted_f1=0.9371
saved_model=runs/20260323_091703_cross_event_ferguson/thread_transformer_baseline/artifacts/thread_transformer_baseline_ferguson_train.pt
saved_config=runs/20260323_091703_cross_event_ferguson/thread_transformer_baseline/artifacts/thread_transformer_baseline_ferguson_train.json
saved_summary=runs/20260323_091703_cross_event_ferguson/thread_transformer_baseline/artifacts/thread_transformer_baseline_ferguson_train_summary.json
param_count=6332420
==> command_exit command=/home/alexmhliu/auto_install/miniconda3/envs/asf311/bin/python src/train.py --train_path /tmp/pheme_cross_event_8j60zwfh/ferguson_train.jsonl --model thread_transformer_baseline --device cuda --epochs 5 --batch_size 16 --seed 42 --capacity_group default --output_dir runs/20260323_091703_cross_event_ferguson/thread_transformer_baseline/artifacts --val_path /tmp/pheme_cross_event_8j60zwfh/ferguson_val.jsonl returncode=0
==> command_duration_seconds 6.8
==> evaluate model=thread_transformer_baseline

$ /home/alexmhliu/auto_install/miniconda3/envs/asf311/bin/python src/evaluate.py --data_path /tmp/pheme_cross_event_8j60zwfh/ferguson_test.jsonl --model thread_transformer_baseline --model_path runs/20260323_091703_cross_event_ferguson/thread_transformer_baseline/artifacts/thread_transformer_baseline_ferguson_train.pt --config_path runs/20260323_091703_cross_event_ferguson/thread_transformer_baseline/artifacts/thread_transformer_baseline_ferguson_train.json --device cuda --output_dir runs/20260323_091703_cross_event_ferguson/thread_transformer_baseline/eval
/tmp/asf_main_clean/src/evaluate.py:254: FutureWarning: You are using `torch.load` with `weights_only=False` (the current default value), which uses the default pickle module implicitly. It is possible to construct malicious pickle data which will execute arbitrary code during unpickling (See https://github.com/pytorch/pytorch/blob/main/SECURITY.md#untrusted-models for more details). In a future release, the default value for `weights_only` will be flipped to `True`. This limits the functions that could be executed during unpickling. Arbitrary objects will no longer be allowed to be loaded via this mode unless they are explicitly allowlisted by the user via `torch.serialization.add_safe_globals`. We recommend you start setting `weights_only=True` for any use case where you don't have full control of the loaded file. Please open an issue on GitHub for any issues related to this experimental feature.
  state = torch.load(args.model_path, map_location=args.device)
/home/alexmhliu/auto_install/miniconda3/envs/asf311/lib/python3.11/site-packages/torch/nn/modules/transformer.py:502: UserWarning: The PyTorch API of nested tensors is in prototype stage and will change in the near future. (Triggered internally at ../aten/src/ATen/NestedTensorImpl.cpp:178.)
  output = torch._nested_tensor_from_mask(
group=overall value=all num_threads=46 mae=0.1072 rmse=0.1363
group=split value=test num_threads=46 mae=0.1072 rmse=0.1363
group=observation_ratio value=0.5 num_threads=46 mae=0.1072 rmse=0.1363
group=event value=ferguson num_threads=46 mae=0.1072 rmse=0.1363
saved_predictions=runs/20260323_091703_cross_event_ferguson/thread_transformer_baseline/eval/predictions.jsonl
saved_summary=runs/20260323_091703_cross_event_ferguson/thread_transformer_baseline/eval/results_summary.csv
saved_event_errors=runs/20260323_091703_cross_event_ferguson/thread_transformer_baseline/eval/error_analysis_by_event.csv
==> command_exit command=/home/alexmhliu/auto_install/miniconda3/envs/asf311/bin/python src/evaluate.py --data_path /tmp/pheme_cross_event_8j60zwfh/ferguson_test.jsonl --model thread_transformer_baseline --model_path runs/20260323_091703_cross_event_ferguson/thread_transformer_baseline/artifacts/thread_transformer_baseline_ferguson_train.pt --config_path runs/20260323_091703_cross_event_ferguson/thread_transformer_baseline/artifacts/thread_transformer_baseline_ferguson_train.json --device cuda --output_dir runs/20260323_091703_cross_event_ferguson/thread_transformer_baseline/eval returncode=0
==> command_duration_seconds 3.32
==> summarize completed
==> anomaly affect_state_forecaster 的 Accuracy 远高于 Macro-F1。
==> anomaly patchtst_baseline 的 Accuracy 远高于 Macro-F1。
==> anomaly structure_baseline 的 Pearson/Spearman 接近 0。
==> anomaly structure_baseline 的 Accuracy 远高于 Macro-F1。
==> anomaly temporal_baseline 的 Accuracy 远高于 Macro-F1。
==> anomaly text_baseline 的 Accuracy 远高于 Macro-F1。
==> anomaly thread_transformer_baseline 的 Accuracy 远高于 Macro-F1。
==> summarize end_time=1774228678.39968
