==> plan start_time=1773912316.4403653
==> plan run_id=20260319_172516_ratio_sweep_ratio_30
==> plan experiment_type=主实验
==> plan target_hypotheses=H1,H2,H3
==> plan question=验证四个模型在 observation ratio 30 下对 future_neg_ratio 的预测表现。
==> plan success_criteria=affect_state_forecaster 在主要回归指标上稳定优于文本基线，并最好保持最优。
==> plan failure_criteria=如果 affect_state_forecaster 不能稳定领先，则转入诊断与消融实验。
==> plan dataset=data/processed/pheme_forecast_ratio_30_train.jsonl
==> plan ratio_labels=ratio_30_train
==> plan models=text_baseline,temporal_baseline,structure_baseline,affect_state_forecaster
==> plan python=base:/home/alexmhliu/affect-state-forecaster/.venv/bin/python
==> plan device=cuda
==> train model=text_baseline

$ /home/alexmhliu/affect-state-forecaster/.venv/bin/python src/train.py --train_path data/processed/pheme_forecast_ratio_30_train.jsonl --model text_baseline --device cuda --epochs 5 --batch_size 16 --seed 42 --output_dir runs/20260319_172516_ratio_sweep_ratio_30/text_baseline/artifacts --val_path data/processed/pheme_forecast_ratio_30_val.jsonl

epoch 1/5:   0%|          | 0/10 [00:00<?, ?it/s]
epoch 1/5:  10%|█         | 1/10 [00:00<00:02,  3.34it/s]
epoch 1/5: 100%|██████████| 10/10 [00:00<00:00, 29.79it/s]
epoch=1 train_loss=0.2411 val_loss=0.1668 val_mae=0.1835 val_rmse=0.2337 val_pearson=-0.1138 val_spearman=0.0034 val_majority_sentiment_accuracy=0.9310 val_majority_sentiment_macro_f1=0.3214 val_majority_sentiment_weighted_f1=0.8978

epoch 2/5:   0%|          | 0/10 [00:00<?, ?it/s]
epoch 2/5: 100%|██████████| 10/10 [00:00<00:00, 260.97it/s]
epoch=2 train_loss=0.1192 val_loss=0.1311 val_mae=0.2053 val_rmse=0.2515 val_pearson=-0.1326 val_spearman=0.0067 val_majority_sentiment_accuracy=0.9310 val_majority_sentiment_macro_f1=0.3214 val_majority_sentiment_weighted_f1=0.8978

epoch 3/5:   0%|          | 0/10 [00:00<?, ?it/s]
epoch 3/5: 100%|██████████| 10/10 [00:00<00:00, 253.85it/s]
epoch=3 train_loss=0.0848 val_loss=0.1074 val_mae=0.1750 val_rmse=0.2286 val_pearson=-0.1225 val_spearman=0.0175 val_majority_sentiment_accuracy=0.9310 val_majority_sentiment_macro_f1=0.3214 val_majority_sentiment_weighted_f1=0.8978

epoch 4/5:   0%|          | 0/10 [00:00<?, ?it/s]
epoch 4/5: 100%|██████████| 10/10 [00:00<00:00, 258.05it/s]
epoch=4 train_loss=0.0766 val_loss=0.1239 val_mae=0.2132 val_rmse=0.2629 val_pearson=-0.1186 val_spearman=0.0450 val_majority_sentiment_accuracy=0.9310 val_majority_sentiment_macro_f1=0.3214 val_majority_sentiment_weighted_f1=0.8978

epoch 5/5:   0%|          | 0/10 [00:00<?, ?it/s]
epoch 5/5: 100%|██████████| 10/10 [00:00<00:00, 266.65it/s]
epoch=5 train_loss=0.0678 val_loss=0.1218 val_mae=0.2083 val_rmse=0.2587 val_pearson=-0.1399 val_spearman=0.0417 val_majority_sentiment_accuracy=0.9310 val_majority_sentiment_macro_f1=0.3214 val_majority_sentiment_weighted_f1=0.8978
saved_model=runs/20260319_172516_ratio_sweep_ratio_30/text_baseline/artifacts/text_baseline_pheme_forecast_ratio_30_train.pt
saved_config=runs/20260319_172516_ratio_sweep_ratio_30/text_baseline/artifacts/text_baseline_pheme_forecast_ratio_30_train.json
saved_summary=runs/20260319_172516_ratio_sweep_ratio_30/text_baseline/artifacts/text_baseline_pheme_forecast_ratio_30_train_summary.json
==> command_exit command=/home/alexmhliu/affect-state-forecaster/.venv/bin/python src/train.py --train_path data/processed/pheme_forecast_ratio_30_train.jsonl --model text_baseline --device cuda --epochs 5 --batch_size 16 --seed 42 --output_dir runs/20260319_172516_ratio_sweep_ratio_30/text_baseline/artifacts --val_path data/processed/pheme_forecast_ratio_30_val.jsonl returncode=0
==> command_duration_seconds 4.67
==> evaluate model=text_baseline

$ /home/alexmhliu/affect-state-forecaster/.venv/bin/python src/evaluate.py --data_path data/processed/pheme_forecast_ratio_30_test.jsonl --model text_baseline --model_path runs/20260319_172516_ratio_sweep_ratio_30/text_baseline/artifacts/text_baseline_pheme_forecast_ratio_30_train.pt --config_path runs/20260319_172516_ratio_sweep_ratio_30/text_baseline/artifacts/text_baseline_pheme_forecast_ratio_30_train.json --device cuda --output_dir runs/20260319_172516_ratio_sweep_ratio_30/text_baseline/eval
group=overall value=all num_threads=92 mae=0.1315 rmse=0.2144
group=split value=test num_threads=92 mae=0.1315 rmse=0.2144
group=observation_ratio value=0.3 num_threads=92 mae=0.1315 rmse=0.2144
group=event value=prince-toronto num_threads=12 mae=0.1421 rmse=0.1699
group=event value=putinmissing num_threads=9 mae=0.1124 rmse=0.1423
group=event value=sydneysiege num_threads=71 mae=0.1322 rmse=0.2283
saved_predictions=runs/20260319_172516_ratio_sweep_ratio_30/text_baseline/eval/predictions.jsonl
saved_summary=runs/20260319_172516_ratio_sweep_ratio_30/text_baseline/eval/results_summary.csv
saved_event_errors=runs/20260319_172516_ratio_sweep_ratio_30/text_baseline/eval/error_analysis_by_event.csv
==> command_exit command=/home/alexmhliu/affect-state-forecaster/.venv/bin/python src/evaluate.py --data_path data/processed/pheme_forecast_ratio_30_test.jsonl --model text_baseline --model_path runs/20260319_172516_ratio_sweep_ratio_30/text_baseline/artifacts/text_baseline_pheme_forecast_ratio_30_train.pt --config_path runs/20260319_172516_ratio_sweep_ratio_30/text_baseline/artifacts/text_baseline_pheme_forecast_ratio_30_train.json --device cuda --output_dir runs/20260319_172516_ratio_sweep_ratio_30/text_baseline/eval returncode=0
==> command_duration_seconds 2.99
==> train model=temporal_baseline

$ /home/alexmhliu/affect-state-forecaster/.venv/bin/python src/train.py --train_path data/processed/pheme_forecast_ratio_30_train.jsonl --model temporal_baseline --device cuda --epochs 5 --batch_size 16 --seed 42 --output_dir runs/20260319_172516_ratio_sweep_ratio_30/temporal_baseline/artifacts --val_path data/processed/pheme_forecast_ratio_30_val.jsonl

epoch 1/5:   0%|          | 0/10 [00:00<?, ?it/s]
epoch 1/5:  10%|█         | 1/10 [00:00<00:03,  2.60it/s]
epoch 1/5: 100%|██████████| 10/10 [00:00<00:00, 21.01it/s]
epoch=1 train_loss=0.2559 val_loss=0.1577 val_mae=0.1701 val_rmse=0.2106 val_pearson=0.0005 val_spearman=-0.1736 val_majority_sentiment_accuracy=0.9310 val_majority_sentiment_macro_f1=0.3214 val_majority_sentiment_weighted_f1=0.8978

epoch 2/5:   0%|          | 0/10 [00:00<?, ?it/s]
epoch 2/5: 100%|██████████| 10/10 [00:00<00:00, 100.24it/s]
epoch=2 train_loss=0.1247 val_loss=0.1230 val_mae=0.1994 val_rmse=0.2335 val_pearson=0.0985 val_spearman=0.0417 val_majority_sentiment_accuracy=0.9310 val_majority_sentiment_macro_f1=0.3214 val_majority_sentiment_weighted_f1=0.8978

epoch 3/5:   0%|          | 0/10 [00:00<?, ?it/s]
epoch 3/5: 100%|██████████| 10/10 [00:00<00:00, 98.84it/s]
epoch 3/5: 100%|██████████| 10/10 [00:00<00:00, 98.65it/s]
epoch=3 train_loss=0.0899 val_loss=0.0919 val_mae=0.1370 val_rmse=0.1835 val_pearson=-0.0485 val_spearman=-0.1737 val_majority_sentiment_accuracy=0.9310 val_majority_sentiment_macro_f1=0.3214 val_majority_sentiment_weighted_f1=0.8978

epoch 4/5:   0%|          | 0/10 [00:00<?, ?it/s]
epoch 4/5: 100%|██████████| 10/10 [00:00<00:00, 99.78it/s]
epoch 4/5: 100%|██████████| 10/10 [00:00<00:00, 99.59it/s]
epoch=4 train_loss=0.0702 val_loss=0.0976 val_mae=0.1581 val_rmse=0.1976 val_pearson=-0.0252 val_spearman=-0.0648 val_majority_sentiment_accuracy=0.9310 val_majority_sentiment_macro_f1=0.3214 val_majority_sentiment_weighted_f1=0.8978

epoch 5/5:   0%|          | 0/10 [00:00<?, ?it/s]
epoch 5/5: 100%|██████████| 10/10 [00:00<00:00, 101.77it/s]
epoch=5 train_loss=0.0649 val_loss=0.1000 val_mae=0.1643 val_rmse=0.2011 val_pearson=0.0420 val_spearman=0.0150 val_majority_sentiment_accuracy=0.9310 val_majority_sentiment_macro_f1=0.3214 val_majority_sentiment_weighted_f1=0.8978
saved_model=runs/20260319_172516_ratio_sweep_ratio_30/temporal_baseline/artifacts/temporal_baseline_pheme_forecast_ratio_30_train.pt
saved_config=runs/20260319_172516_ratio_sweep_ratio_30/temporal_baseline/artifacts/temporal_baseline_pheme_forecast_ratio_30_train.json
saved_summary=runs/20260319_172516_ratio_sweep_ratio_30/temporal_baseline/artifacts/temporal_baseline_pheme_forecast_ratio_30_train_summary.json
==> command_exit command=/home/alexmhliu/affect-state-forecaster/.venv/bin/python src/train.py --train_path data/processed/pheme_forecast_ratio_30_train.jsonl --model temporal_baseline --device cuda --epochs 5 --batch_size 16 --seed 42 --output_dir runs/20260319_172516_ratio_sweep_ratio_30/temporal_baseline/artifacts --val_path data/processed/pheme_forecast_ratio_30_val.jsonl returncode=0
==> command_duration_seconds 4.99
==> evaluate model=temporal_baseline

$ /home/alexmhliu/affect-state-forecaster/.venv/bin/python src/evaluate.py --data_path data/processed/pheme_forecast_ratio_30_test.jsonl --model temporal_baseline --model_path runs/20260319_172516_ratio_sweep_ratio_30/temporal_baseline/artifacts/temporal_baseline_pheme_forecast_ratio_30_train.pt --config_path runs/20260319_172516_ratio_sweep_ratio_30/temporal_baseline/artifacts/temporal_baseline_pheme_forecast_ratio_30_train.json --device cuda --output_dir runs/20260319_172516_ratio_sweep_ratio_30/temporal_baseline/eval
group=overall value=all num_threads=92 mae=0.1376 rmse=0.2122
group=split value=test num_threads=92 mae=0.1376 rmse=0.2122
group=observation_ratio value=0.3 num_threads=92 mae=0.1376 rmse=0.2122
group=event value=prince-toronto num_threads=12 mae=0.0820 rmse=0.1066
group=event value=putinmissing num_threads=9 mae=0.0722 rmse=0.0893
group=event value=sydneysiege num_threads=71 mae=0.1552 rmse=0.2354
saved_predictions=runs/20260319_172516_ratio_sweep_ratio_30/temporal_baseline/eval/predictions.jsonl
saved_summary=runs/20260319_172516_ratio_sweep_ratio_30/temporal_baseline/eval/results_summary.csv
saved_event_errors=runs/20260319_172516_ratio_sweep_ratio_30/temporal_baseline/eval/error_analysis_by_event.csv
==> command_exit command=/home/alexmhliu/affect-state-forecaster/.venv/bin/python src/evaluate.py --data_path data/processed/pheme_forecast_ratio_30_test.jsonl --model temporal_baseline --model_path runs/20260319_172516_ratio_sweep_ratio_30/temporal_baseline/artifacts/temporal_baseline_pheme_forecast_ratio_30_train.pt --config_path runs/20260319_172516_ratio_sweep_ratio_30/temporal_baseline/artifacts/temporal_baseline_pheme_forecast_ratio_30_train.json --device cuda --output_dir runs/20260319_172516_ratio_sweep_ratio_30/temporal_baseline/eval returncode=0
==> command_duration_seconds 3.07
==> train model=structure_baseline

$ /home/alexmhliu/affect-state-forecaster/.venv/bin/python src/train.py --train_path data/processed/pheme_forecast_ratio_30_train.jsonl --model structure_baseline --device cuda --epochs 5 --batch_size 16 --seed 42 --output_dir runs/20260319_172516_ratio_sweep_ratio_30/structure_baseline/artifacts --val_path data/processed/pheme_forecast_ratio_30_val.jsonl

epoch 1/5:   0%|          | 0/10 [00:00<?, ?it/s]
epoch 1/5:  10%|█         | 1/10 [00:00<00:02,  3.73it/s]
epoch 1/5: 100%|██████████| 10/10 [00:00<00:00, 32.19it/s]
epoch=1 train_loss=0.2075 val_loss=0.1060 val_mae=0.1859 val_rmse=0.2106 val_pearson=0.0705 val_spearman=0.1846 val_majority_sentiment_accuracy=0.9310 val_majority_sentiment_macro_f1=0.3214 val_majority_sentiment_weighted_f1=0.8978

epoch 2/5:   0%|          | 0/10 [00:00<?, ?it/s]
epoch 2/5: 100%|██████████| 10/10 [00:00<00:00, 218.41it/s]
epoch=2 train_loss=0.1199 val_loss=0.0851 val_mae=0.1486 val_rmse=0.1782 val_pearson=0.0210 val_spearman=-0.0769 val_majority_sentiment_accuracy=0.9310 val_majority_sentiment_macro_f1=0.3214 val_majority_sentiment_weighted_f1=0.8978

epoch 3/5:   0%|          | 0/10 [00:00<?, ?it/s]
epoch 3/5: 100%|██████████| 10/10 [00:00<00:00, 216.42it/s]
epoch=3 train_loss=0.0979 val_loss=0.0816 val_mae=0.1344 val_rmse=0.1684 val_pearson=0.0978 val_spearman=0.1669 val_majority_sentiment_accuracy=0.9310 val_majority_sentiment_macro_f1=0.3214 val_majority_sentiment_weighted_f1=0.8978

epoch 4/5:   0%|          | 0/10 [00:00<?, ?it/s]
epoch 4/5: 100%|██████████| 10/10 [00:00<00:00, 217.26it/s]
epoch=4 train_loss=0.0911 val_loss=0.0789 val_mae=0.1284 val_rmse=0.1635 val_pearson=0.1079 val_spearman=0.2494 val_majority_sentiment_accuracy=0.9310 val_majority_sentiment_macro_f1=0.3214 val_majority_sentiment_weighted_f1=0.8978

epoch 5/5:   0%|          | 0/10 [00:00<?, ?it/s]
epoch 5/5: 100%|██████████| 10/10 [00:00<00:00, 204.92it/s]
epoch=5 train_loss=0.0859 val_loss=0.0937 val_mae=0.1746 val_rmse=0.2011 val_pearson=0.0439 val_spearman=0.0407 val_majority_sentiment_accuracy=0.9310 val_majority_sentiment_macro_f1=0.3214 val_majority_sentiment_weighted_f1=0.8978
saved_model=runs/20260319_172516_ratio_sweep_ratio_30/structure_baseline/artifacts/structure_baseline_pheme_forecast_ratio_30_train.pt
saved_config=runs/20260319_172516_ratio_sweep_ratio_30/structure_baseline/artifacts/structure_baseline_pheme_forecast_ratio_30_train.json
saved_summary=runs/20260319_172516_ratio_sweep_ratio_30/structure_baseline/artifacts/structure_baseline_pheme_forecast_ratio_30_train_summary.json
==> command_exit command=/home/alexmhliu/affect-state-forecaster/.venv/bin/python src/train.py --train_path data/processed/pheme_forecast_ratio_30_train.jsonl --model structure_baseline --device cuda --epochs 5 --batch_size 16 --seed 42 --output_dir runs/20260319_172516_ratio_sweep_ratio_30/structure_baseline/artifacts --val_path data/processed/pheme_forecast_ratio_30_val.jsonl returncode=0
==> command_duration_seconds 4.59
==> evaluate model=structure_baseline

$ /home/alexmhliu/affect-state-forecaster/.venv/bin/python src/evaluate.py --data_path data/processed/pheme_forecast_ratio_30_test.jsonl --model structure_baseline --model_path runs/20260319_172516_ratio_sweep_ratio_30/structure_baseline/artifacts/structure_baseline_pheme_forecast_ratio_30_train.pt --config_path runs/20260319_172516_ratio_sweep_ratio_30/structure_baseline/artifacts/structure_baseline_pheme_forecast_ratio_30_train.json --device cuda --output_dir runs/20260319_172516_ratio_sweep_ratio_30/structure_baseline/eval
group=overall value=all num_threads=92 mae=0.1227 rmse=0.1830
group=split value=test num_threads=92 mae=0.1227 rmse=0.1830
group=observation_ratio value=0.3 num_threads=92 mae=0.1227 rmse=0.1830
group=event value=prince-toronto num_threads=12 mae=0.1259 rmse=0.1400
group=event value=putinmissing num_threads=9 mae=0.0914 rmse=0.1187
group=event value=sydneysiege num_threads=71 mae=0.1261 rmse=0.1957
saved_predictions=runs/20260319_172516_ratio_sweep_ratio_30/structure_baseline/eval/predictions.jsonl
saved_summary=runs/20260319_172516_ratio_sweep_ratio_30/structure_baseline/eval/results_summary.csv
saved_event_errors=runs/20260319_172516_ratio_sweep_ratio_30/structure_baseline/eval/error_analysis_by_event.csv
==> command_exit command=/home/alexmhliu/affect-state-forecaster/.venv/bin/python src/evaluate.py --data_path data/processed/pheme_forecast_ratio_30_test.jsonl --model structure_baseline --model_path runs/20260319_172516_ratio_sweep_ratio_30/structure_baseline/artifacts/structure_baseline_pheme_forecast_ratio_30_train.pt --config_path runs/20260319_172516_ratio_sweep_ratio_30/structure_baseline/artifacts/structure_baseline_pheme_forecast_ratio_30_train.json --device cuda --output_dir runs/20260319_172516_ratio_sweep_ratio_30/structure_baseline/eval returncode=0
==> command_duration_seconds 3.01
==> train model=affect_state_forecaster

$ /home/alexmhliu/affect-state-forecaster/.venv/bin/python src/train.py --train_path data/processed/pheme_forecast_ratio_30_train.jsonl --model affect_state_forecaster --device cuda --epochs 5 --batch_size 16 --seed 42 --output_dir runs/20260319_172516_ratio_sweep_ratio_30/affect_state_forecaster/artifacts --val_path data/processed/pheme_forecast_ratio_30_val.jsonl

epoch 1/5:   0%|          | 0/10 [00:00<?, ?it/s]
epoch 1/5:  10%|█         | 1/10 [00:00<00:03,  2.65it/s]
epoch 1/5:  90%|█████████ | 9/10 [00:00<00:00, 23.19it/s]
epoch 1/5: 100%|██████████| 10/10 [00:00<00:00, 20.20it/s]
epoch=1 train_loss=0.2403 val_loss=0.0941 val_mae=0.0953 val_rmse=0.1453 val_pearson=0.2676 val_spearman=0.4526 val_majority_sentiment_accuracy=0.9310 val_majority_sentiment_macro_f1=0.3214 val_majority_sentiment_weighted_f1=0.8978

epoch 2/5:   0%|          | 0/10 [00:00<?, ?it/s]
epoch 2/5:  80%|████████  | 8/10 [00:00<00:00, 74.41it/s]
epoch 2/5: 100%|██████████| 10/10 [00:00<00:00, 77.54it/s]
epoch=2 train_loss=0.1299 val_loss=0.0864 val_mae=0.1587 val_rmse=0.1807 val_pearson=0.3165 val_spearman=0.5145 val_majority_sentiment_accuracy=0.9310 val_majority_sentiment_macro_f1=0.3214 val_majority_sentiment_weighted_f1=0.8978

epoch 3/5:   0%|          | 0/10 [00:00<?, ?it/s]
epoch 3/5:  80%|████████  | 8/10 [00:00<00:00, 72.42it/s]
epoch 3/5: 100%|██████████| 10/10 [00:00<00:00, 77.09it/s]
epoch=3 train_loss=0.0895 val_loss=0.0770 val_mae=0.1248 val_rmse=0.1547 val_pearson=0.2681 val_spearman=0.5486 val_majority_sentiment_accuracy=0.9310 val_majority_sentiment_macro_f1=0.3214 val_majority_sentiment_weighted_f1=0.8978

epoch 4/5:   0%|          | 0/10 [00:00<?, ?it/s]
epoch 4/5:  80%|████████  | 8/10 [00:00<00:00, 73.12it/s]
epoch 4/5: 100%|██████████| 10/10 [00:00<00:00, 77.75it/s]
epoch=4 train_loss=0.0904 val_loss=0.0861 val_mae=0.1583 val_rmse=0.1804 val_pearson=0.2632 val_spearman=0.5602 val_majority_sentiment_accuracy=0.9310 val_majority_sentiment_macro_f1=0.3214 val_majority_sentiment_weighted_f1=0.8978

epoch 5/5:   0%|          | 0/10 [00:00<?, ?it/s]
epoch 5/5:  80%|████████  | 8/10 [00:00<00:00, 73.50it/s]
epoch 5/5: 100%|██████████| 10/10 [00:00<00:00, 79.20it/s]
epoch=5 train_loss=0.1067 val_loss=0.0804 val_mae=0.1371 val_rmse=0.1628 val_pearson=0.1886 val_spearman=0.4831 val_majority_sentiment_accuracy=0.9310 val_majority_sentiment_macro_f1=0.3214 val_majority_sentiment_weighted_f1=0.8978
saved_model=runs/20260319_172516_ratio_sweep_ratio_30/affect_state_forecaster/artifacts/affect_state_forecaster_pheme_forecast_ratio_30_train.pt
saved_config=runs/20260319_172516_ratio_sweep_ratio_30/affect_state_forecaster/artifacts/affect_state_forecaster_pheme_forecast_ratio_30_train.json
saved_summary=runs/20260319_172516_ratio_sweep_ratio_30/affect_state_forecaster/artifacts/affect_state_forecaster_pheme_forecast_ratio_30_train_summary.json
==> command_exit command=/home/alexmhliu/affect-state-forecaster/.venv/bin/python src/train.py --train_path data/processed/pheme_forecast_ratio_30_train.jsonl --model affect_state_forecaster --device cuda --epochs 5 --batch_size 16 --seed 42 --output_dir runs/20260319_172516_ratio_sweep_ratio_30/affect_state_forecaster/artifacts --val_path data/processed/pheme_forecast_ratio_30_val.jsonl returncode=0
==> command_duration_seconds 5.23
==> evaluate model=affect_state_forecaster

$ /home/alexmhliu/affect-state-forecaster/.venv/bin/python src/evaluate.py --data_path data/processed/pheme_forecast_ratio_30_test.jsonl --model affect_state_forecaster --model_path runs/20260319_172516_ratio_sweep_ratio_30/affect_state_forecaster/artifacts/affect_state_forecaster_pheme_forecast_ratio_30_train.pt --config_path runs/20260319_172516_ratio_sweep_ratio_30/affect_state_forecaster/artifacts/affect_state_forecaster_pheme_forecast_ratio_30_train.json --device cuda --output_dir runs/20260319_172516_ratio_sweep_ratio_30/affect_state_forecaster/eval
group=overall value=all num_threads=92 mae=0.1175 rmse=0.1698
group=split value=test num_threads=92 mae=0.1175 rmse=0.1698
group=observation_ratio value=0.3 num_threads=92 mae=0.1175 rmse=0.1698
group=event value=prince-toronto num_threads=12 mae=0.1241 rmse=0.1284
group=event value=putinmissing num_threads=9 mae=0.1182 rmse=0.1226
group=event value=sydneysiege num_threads=71 mae=0.1163 rmse=0.1807
saved_predictions=runs/20260319_172516_ratio_sweep_ratio_30/affect_state_forecaster/eval/predictions.jsonl
saved_summary=runs/20260319_172516_ratio_sweep_ratio_30/affect_state_forecaster/eval/results_summary.csv
saved_event_errors=runs/20260319_172516_ratio_sweep_ratio_30/affect_state_forecaster/eval/error_analysis_by_event.csv
==> command_exit command=/home/alexmhliu/affect-state-forecaster/.venv/bin/python src/evaluate.py --data_path data/processed/pheme_forecast_ratio_30_test.jsonl --model affect_state_forecaster --model_path runs/20260319_172516_ratio_sweep_ratio_30/affect_state_forecaster/artifacts/affect_state_forecaster_pheme_forecast_ratio_30_train.pt --config_path runs/20260319_172516_ratio_sweep_ratio_30/affect_state_forecaster/artifacts/affect_state_forecaster_pheme_forecast_ratio_30_train.json --device cuda --output_dir runs/20260319_172516_ratio_sweep_ratio_30/affect_state_forecaster/eval returncode=0
==> command_duration_seconds 3.11
==> summarize completed
==> anomaly temporal_baseline 未优于 text_baseline。
==> anomaly affect_state_forecaster 的 Accuracy 远高于 Macro-F1。
==> anomaly structure_baseline 的 Accuracy 远高于 Macro-F1。
==> anomaly temporal_baseline 的 Accuracy 远高于 Macro-F1。
==> anomaly temporal_baseline 在不同事件上的 MAE 波动较大。
==> anomaly text_baseline 的 Accuracy 远高于 Macro-F1。
==> summarize end_time=1773912348.1016822
